#
# There is insufficient memory for the Java Runtime Environment to continue.
# Native memory allocation (malloc) failed to allocate 32744 bytes for ChunkPool::allocate
# Possible reasons:
#   The system is out of physical RAM or swap space
#   In 32 bit mode, the process size limit was hit
# Possible solutions:
#   Reduce memory load on the system
#   Increase physical memory or swap space
#   Check if swap backing store is full
#   Use 64 bit Java on a 64 bit OS
#   Decrease Java heap size (-Xmx/-Xms)
#   Decrease number of Java threads
#   Decrease Java thread stack sizes (-Xss)
#   Set larger code cache with -XX:ReservedCodeCacheSize=
# This output file may be truncated or incomplete.
#
#  Out of Memory Error (allocation.cpp:273), pid=25348, tid=0x0000000000008c78
#
# JRE version: Java(TM) SE Runtime Environment (8.0_111-b14) (build 1.8.0_111-b14)
# Java VM: Java HotSpot(TM) 64-Bit Server VM (25.111-b14 mixed mode windows-amd64 compressed oops)
# Failed to write core dump. Minidumps are not enabled by default on client versions of Windows
#

---------------  T H R E A D  ---------------

Current thread (0x000000002c249800):  JavaThread "C2 CompilerThread0" daemon [_thread_in_native, id=35960, stack(0x000000002ca10000,0x000000002cb10000)]

Stack: [0x000000002ca10000,0x000000002cb10000]
[error occurred during error reporting (printing stack bounds), id 0xc0000005]

Native frames: (J=compiled Java code, j=interpreted, Vv=VM code, C=native code)


Current CompileTask:
C2:  38047 2444       4       sun.misc.FloatingDecimal$BinaryToASCIIBuffer::dtoa (1509 bytes)


---------------  P R O C E S S  ---------------

Java Threads: ( => current thread )
  0x000000002c5c6800 JavaThread "Thread-20" [_thread_blocked, id=23564, stack(0x0000000032470000,0x0000000032570000)]
  0x000000002c45d000 JavaThread "TimerQueue" daemon [_thread_blocked, id=35232, stack(0x000000002f760000,0x000000002f860000)]
  0x000000000264d800 JavaThread "DestroyJavaVM" [_thread_blocked, id=38628, stack(0x0000000002650000,0x0000000002750000)]
  0x000000002d2ce800 JavaThread "AWT-EventQueue-0" [_thread_blocked, id=20316, stack(0x000000002e320000,0x000000002e420000)]
  0x000000002c5ed800 JavaThread "AWT-Windows" daemon [_thread_in_native, id=33772, stack(0x000000002db50000,0x000000002dc50000)]
  0x000000002c5e9800 JavaThread "AWT-Shutdown" [_thread_blocked, id=36844, stack(0x000000002da50000,0x000000002db50000)]
  0x000000002c5e9000 JavaThread "Java2D Disposer" daemon [_thread_blocked, id=32904, stack(0x000000002d950000,0x000000002da50000)]
  0x000000002c29e800 JavaThread "Service Thread" daemon [_thread_blocked, id=23884, stack(0x000000002ce10000,0x000000002cf10000)]
  0x000000002c259800 JavaThread "C1 CompilerThread3" daemon [_thread_blocked, id=34844, stack(0x000000002cd10000,0x000000002ce10000)]
  0x000000002c250000 JavaThread "C2 CompilerThread2" daemon [_thread_blocked, id=5784, stack(0x000000002cc10000,0x000000002cd10000)]
  0x000000002c24e800 JavaThread "C2 CompilerThread1" daemon [_thread_in_native, id=28524, stack(0x000000002cb10000,0x000000002cc10000)]
=>0x000000002c249800 JavaThread "C2 CompilerThread0" daemon [_thread_in_native, id=35960, stack(0x000000002ca10000,0x000000002cb10000)]
  0x000000002c248800 JavaThread "Attach Listener" daemon [_thread_blocked, id=37144, stack(0x000000002c910000,0x000000002ca10000)]
  0x000000002a35e800 JavaThread "Signal Dispatcher" daemon [_thread_blocked, id=6696, stack(0x000000002c810000,0x000000002c910000)]
  0x0000000002849800 JavaThread "Finalizer" daemon [_thread_blocked, id=38668, stack(0x000000002c620000,0x000000002c720000)]
  0x0000000002848000 JavaThread "Reference Handler" daemon [_thread_blocked, id=7368, stack(0x000000002c120000,0x000000002c220000)]

Other Threads:
  0x000000002a349800 VMThread [stack: 0x000000002c020000,0x000000002c120000] [id=25244]
  0x000000002c2ff000 WatcherThread [stack: 0x000000002cf10000,0x000000002d010000] [id=31888]

VM state:at safepoint (normal execution)

VM Mutex/Monitor currently owned by a thread:  ([mutex/lock_event])
[0x000000000264cf20] Threads_lock - owner thread: 0x000000002a349800
[0x000000000264ca20] Heap_lock - owner thread: 0x000000002c5c6800

Heap:
 PSYoungGen      total 3219456K, used 2865K [0x00000006eb380000, 0x00000007b2b00000, 0x00000007c0000000)
  eden space 3200512K, 0% used [0x00000006eb380000,0x00000006eb380000,0x00000007ae900000)
  from space 18944K, 15% used [0x00000007af500000,0x00000007af7cc780,0x00000007b0780000)
  to   space 12288K, 0% used [0x00000007ae900000,0x00000007ae900000,0x00000007af500000)
 ParOldGen       total 437248K, used 40032K [0x0000000541a00000, 0x000000055c500000, 0x00000006eb380000)
  object space 437248K, 9% used [0x0000000541a00000,0x0000000544118008,0x000000055c500000)
 Metaspace       used 14715K, capacity 14927K, committed 15232K, reserved 1062912K
  class space    used 1761K, capacity 1840K, committed 1920K, reserved 1048576K

Card table byte_map: [0x0000000011c10000,0x0000000013010000] byte_map_base: 0x000000000f203000

Marking Bits: (ParMarkBitMap*) 0x000000005259a6c0
 Begin Bits: [0x0000000014560000, 0x000000001e4f8000)
 End Bits:   [0x000000001e4f8000, 0x0000000028490000)

Polling page: 0x0000000000a40000

CodeCache: size=245760Kb used=7630Kb max_used=7797Kb free=238129Kb
 bounds [0x0000000002850000, 0x0000000003000000, 0x0000000011850000]
 total_blobs=2648 nmethods=2137 adapters=422
 compilation: enabled

Compilation events (10 events):
Event: 37.929 Thread 0x000000002c250000 2443       4       java.awt.Rectangle::translate (197 bytes)
Event: 37.930 Thread 0x000000002c249800 2444       4       sun.misc.FloatingDecimal$BinaryToASCIIBuffer::dtoa (1509 bytes)
Event: 37.931 Thread 0x000000002c250000 nmethod 2443 0x0000000002d06350 code [0x0000000002d064a0, 0x0000000002d06598]
Event: 37.942 Thread 0x000000002c250000 2445       4       javax.swing.JComponent::firePropertyChange (8 bytes)
Event: 37.943 Thread 0x000000002c250000 nmethod 2445 0x0000000002b9f5d0 code [0x0000000002b9f700, 0x0000000002b9f7b8]
Event: 38.005 Thread 0x000000002c250000 2446       4       javax.swing.SwingUtilities::findDisplayedMnemonicIndex (69 bytes)
Event: 38.005 Thread 0x000000002c250000 nmethod 2446 0x0000000002cd7f90 code [0x0000000002cd80c0, 0x0000000002cd8138]
Event: 38.006 Thread 0x000000002c250000 2447       4       org.apache.commons.math3.distribution.GammaDistribution::<init> (226 bytes)
Event: 38.015 Thread 0x000000002c250000 nmethod 2447 0x0000000002ddfd90 code [0x0000000002de00a0, 0x0000000002de0800]
Event: 38.036 Thread 0x000000002c250000 2448       4       javax.swing.JLabel::setText (107 bytes)

GC Heap History (10 events):
Event: 37.993 GC heap after
Heap after GC invocations=406 (full 42):
 PSYoungGen      total 3219456K, used 2897K [0x00000006eb380000, 0x00000007b2b00000, 0x00000007c0000000)
  eden space 3200512K, 0% used [0x00000006eb380000,0x00000006eb380000,0x00000007ae900000)
  from space 18944K, 15% used [0x00000007af500000,0x00000007af7d4780,0x00000007b0780000)
  to   space 12288K, 0% used [0x00000007ae900000,0x00000007ae900000,0x00000007af500000)
 ParOldGen       total 437248K, used 40000K [0x0000000541a00000, 0x000000055c500000, 0x00000006eb380000)
  object space 437248K, 9% used [0x0000000541a00000,0x0000000544110008,0x000000055c500000)
 Metaspace       used 14715K, capacity 14927K, committed 15232K, reserved 1062912K
  class space    used 1761K, capacity 1840K, committed 1920K, reserved 1048576K
}
Event: 38.003 GC heap before
{Heap before GC invocations=407 (full 42):
 PSYoungGen      total 3219456K, used 67869K [0x00000006eb380000, 0x00000007b2b00000, 0x00000007c0000000)
  eden space 3200512K, 2% used [0x00000006eb380000,0x00000006ef2f2e88,0x00000007ae900000)
  from space 18944K, 15% used [0x00000007af500000,0x00000007af7d4780,0x00000007b0780000)
  to   space 12288K, 0% used [0x00000007ae900000,0x00000007ae900000,0x00000007af500000)
 ParOldGen       total 437248K, used 40000K [0x0000000541a00000, 0x000000055c500000, 0x00000006eb380000)
  object space 437248K, 9% used [0x0000000541a00000,0x0000000544110008,0x000000055c500000)
 Metaspace       used 14715K, capacity 14927K, committed 15232K, reserved 1062912K
  class space    used 1761K, capacity 1840K, committed 1920K, reserved 1048576K
Event: 38.004 GC heap after
Heap after GC invocations=407 (full 42):
 PSYoungGen      total 3212800K, used 2897K [0x00000006eb380000, 0x00000007b2b00000, 0x00000007c0000000)
  eden space 3200512K, 0% used [0x00000006eb380000,0x00000006eb380000,0x00000007ae900000)
  from space 12288K, 23% used [0x00000007ae900000,0x00000007aebd4780,0x00000007af500000)
  to   space 18944K, 0% used [0x00000007af500000,0x00000007af500000,0x00000007b0780000)
 ParOldGen       total 437248K, used 40008K [0x0000000541a00000, 0x000000055c500000, 0x00000006eb380000)
  object space 437248K, 9% used [0x0000000541a00000,0x0000000544112008,0x000000055c500000)
 Metaspace       used 14715K, capacity 14927K, committed 15232K, reserved 1062912K
  class space    used 1761K, capacity 1840K, committed 1920K, reserved 1048576K
}
Event: 38.016 GC heap before
{Heap before GC invocations=408 (full 42):
 PSYoungGen      total 3212800K, used 67869K [0x00000006eb380000, 0x00000007b2b00000, 0x00000007c0000000)
  eden space 3200512K, 2% used [0x00000006eb380000,0x00000006ef2f2e88,0x00000007ae900000)
  from space 12288K, 23% used [0x00000007ae900000,0x00000007aebd4780,0x00000007af500000)
  to   space 18944K, 0% used [0x00000007af500000,0x00000007af500000,0x00000007b0780000)
 ParOldGen       total 437248K, used 40008K [0x0000000541a00000, 0x000000055c500000, 0x00000006eb380000)
  object space 437248K, 9% used [0x0000000541a00000,0x0000000544112008,0x000000055c500000)
 Metaspace       used 14715K, capacity 14927K, committed 15232K, reserved 1062912K
  class space    used 1761K, capacity 1840K, committed 1920K, reserved 1048576K
Event: 38.017 GC heap after
Heap after GC invocations=408 (full 42):
 PSYoungGen      total 3219456K, used 2897K [0x00000006eb380000, 0x00000007b2b00000, 0x00000007c0000000)
  eden space 3200512K, 0% used [0x00000006eb380000,0x00000006eb380000,0x00000007ae900000)
  from space 18944K, 15% used [0x00000007af500000,0x00000007af7d4780,0x00000007b0780000)
  to   space 12288K, 0% used [0x00000007ae900000,0x00000007ae900000,0x00000007af500000)
 ParOldGen       total 437248K, used 40016K [0x0000000541a00000, 0x000000055c500000, 0x00000006eb380000)
  object space 437248K, 9% used [0x0000000541a00000,0x0000000544114008,0x000000055c500000)
 Metaspace       used 14715K, capacity 14927K, committed 15232K, reserved 1062912K
  class space    used 1761K, capacity 1840K, committed 1920K, reserved 1048576K
}
Event: 38.028 GC heap before
{Heap before GC invocations=409 (full 42):
 PSYoungGen      total 3219456K, used 67869K [0x00000006eb380000, 0x00000007b2b00000, 0x00000007c0000000)
  eden space 3200512K, 2% used [0x00000006eb380000,0x00000006ef2f2e88,0x00000007ae900000)
  from space 18944K, 15% used [0x00000007af500000,0x00000007af7d4780,0x00000007b0780000)
  to   space 12288K, 0% used [0x00000007ae900000,0x00000007ae900000,0x00000007af500000)
 ParOldGen       total 437248K, used 40016K [0x0000000541a00000, 0x000000055c500000, 0x00000006eb380000)
  object space 437248K, 9% used [0x0000000541a00000,0x0000000544114008,0x000000055c500000)
 Metaspace       used 14715K, capacity 14927K, committed 15232K, reserved 1062912K
  class space    used 1761K, capacity 1840K, committed 1920K, reserved 1048576K
Event: 38.029 GC heap after
Heap after GC invocations=409 (full 42):
 PSYoungGen      total 3212800K, used 2897K [0x00000006eb380000, 0x00000007b2b00000, 0x00000007c0000000)
  eden space 3200512K, 0% used [0x00000006eb380000,0x00000006eb380000,0x00000007ae900000)
  from space 12288K, 23% used [0x00000007ae900000,0x00000007aebd4780,0x00000007af500000)
  to   space 18944K, 0% used [0x00000007af500000,0x00000007af500000,0x00000007b0780000)
 ParOldGen       total 437248K, used 40024K [0x0000000541a00000, 0x000000055c500000, 0x00000006eb380000)
  object space 437248K, 9% used [0x0000000541a00000,0x0000000544116008,0x000000055c500000)
 Metaspace       used 14715K, capacity 14927K, committed 15232K, reserved 1062912K
  class space    used 1761K, capacity 1840K, committed 1920K, reserved 1048576K
}
Event: 38.041 GC heap before
{Heap before GC invocations=410 (full 42):
 PSYoungGen      total 3212800K, used 67869K [0x00000006eb380000, 0x00000007b2b00000, 0x00000007c0000000)
  eden space 3200512K, 2% used [0x00000006eb380000,0x00000006ef2f2e88,0x00000007ae900000)
  from space 12288K, 23% used [0x00000007ae900000,0x00000007aebd4780,0x00000007af500000)
  to   space 18944K, 0% used [0x00000007af500000,0x00000007af500000,0x00000007b0780000)
 ParOldGen       total 437248K, used 40024K [0x0000000541a00000, 0x000000055c500000, 0x00000006eb380000)
  object space 437248K, 9% used [0x0000000541a00000,0x0000000544116008,0x000000055c500000)
 Metaspace       used 14715K, capacity 14927K, committed 15232K, reserved 1062912K
  class space    used 1761K, capacity 1840K, committed 1920K, reserved 1048576K
Event: 38.042 GC heap after
Heap after GC invocations=410 (full 42):
 PSYoungGen      total 3219456K, used 2865K [0x00000006eb380000, 0x00000007b2b00000, 0x00000007c0000000)
  eden space 3200512K, 0% used [0x00000006eb380000,0x00000006eb380000,0x00000007ae900000)
  from space 18944K, 15% used [0x00000007af500000,0x00000007af7cc780,0x00000007b0780000)
  to   space 12288K, 0% used [0x00000007ae900000,0x00000007ae900000,0x00000007af500000)
 ParOldGen       total 437248K, used 40032K [0x0000000541a00000, 0x000000055c500000, 0x00000006eb380000)
  object space 437248K, 9% used [0x0000000541a00000,0x0000000544118008,0x000000055c500000)
 Metaspace       used 14715K, capacity 14927K, committed 15232K, reserved 1062912K
  class space    used 1761K, capacity 1840K, committed 1920K, reserved 1048576K
}
Event: 38.042 GC heap before
{Heap before GC invocations=411 (full 43):
 PSYoungGen      total 3219456K, used 2865K [0x00000006eb380000, 0x00000007b2b00000, 0x00000007c0000000)
  eden space 3200512K, 0% used [0x00000006eb380000,0x00000006eb380000,0x00000007ae900000)
  from space 18944K, 15% used [0x00000007af500000,0x00000007af7cc780,0x00000007b0780000)
  to   space 12288K, 0% used [0x00000007ae900000,0x00000007ae900000,0x00000007af500000)
 ParOldGen       total 437248K, used 40032K [0x0000000541a00000, 0x000000055c500000, 0x00000006eb380000)
  object space 437248K, 9% used [0x0000000541a00000,0x0000000544118008,0x000000055c500000)
 Metaspace       used 14715K, capacity 14927K, committed 15232K, reserved 1062912K
  class space    used 1761K, capacity 1840K, committed 1920K, reserved 1048576K

Deoptimization events (10 events):
Event: 32.201 Thread 0x000000002c5c6800 Uncommon trap: reason=unstable_if action=reinterpret pc=0x0000000002d970f0 method=simpleactin.Filament.updateSubunits(IID)V @ 545
Event: 32.518 Thread 0x000000002d2ce800 Uncommon trap: reason=unstable_if action=reinterpret pc=0x0000000002c10398 method=java.awt.Container.findComponentAtImpl(IIZ)Ljava/awt/Component; @ 24
Event: 33.624 Thread 0x00000000301b8800 Uncommon trap: reason=unstable_if action=reinterpret pc=0x0000000002d9a330 method=java.util.Random.next(I)I @ 35
Event: 33.624 Thread 0x00000000301b8800 Uncommon trap: reason=unstable_if action=reinterpret pc=0x0000000002d5a9dc method=java.util.Random.next(I)I @ 35
Event: 33.624 Thread 0x00000000301b8800 Uncommon trap: reason=unstable_if action=reinterpret pc=0x0000000002d598dc method=java.util.Random.next(I)I @ 35
Event: 33.624 Thread 0x000000002c5c6800 Uncommon trap: reason=unstable_if action=reinterpret pc=0x0000000002d70ac0 method=java.util.Random.next(I)I @ 35
Event: 33.624 Thread 0x000000002c5c6800 Uncommon trap: reason=unstable_if action=reinterpret pc=0x0000000002f8264c method=java.util.Random.next(I)I @ 35
Event: 34.243 Thread 0x000000002c5c6800 Uncommon trap: reason=unstable_if action=reinterpret pc=0x0000000002dec68c method=simpleactin.MainJFrame.simulate(Lsimpleactin/PolymerizationRate;Lsimpleactin/PolymerizationRate;Lsimpleactin/ReactionRate;Lsimpleactin/ReactionRate;Lsimpleactin/ReactionRate
Event: 36.742 Thread 0x000000002c5c6800 Uncommon trap: reason=unstable_if action=reinterpret pc=0x0000000002e55d84 method=simpleactin.MainJFrame.calChi(Ljava/util/LinkedList;I)D @ 204
Event: 36.761 Thread 0x000000002c5c6800 Uncommon trap: reason=unstable_if action=reinterpret pc=0x0000000002f093e4 method=simpleactin.MainJFrame.calChi(Ljava/util/LinkedList;I)D @ 204

Internal exceptions (10 events):
Event: 0.041 Thread 0x000000000264d800 Exception <a 'java/lang/NoSuchMethodError': Method sun.misc.Unsafe.prefetchRead(Ljava/lang/Object;J)V name or signature does not match> (0x00000006eb387f60) thrown at [C:\re\workspace\8-2-build-windows-amd64-cygwin\jdk8u111\7883\hotspot\src\share\vm\prims
Event: 0.144 Thread 0x000000000264d800 Exception <a 'java/security/PrivilegedActionException'> (0x00000006ebaa4748) thrown at [C:\re\workspace\8-2-build-windows-amd64-cygwin\jdk8u111\7883\hotspot\src\share\vm\prims\jvm.cpp, line 1386]
Event: 0.144 Thread 0x000000000264d800 Exception <a 'java/security/PrivilegedActionException'> (0x00000006ebaa4958) thrown at [C:\re\workspace\8-2-build-windows-amd64-cygwin\jdk8u111\7883\hotspot\src\share\vm\prims\jvm.cpp, line 1386]
Event: 0.145 Thread 0x000000000264d800 Exception <a 'java/security/PrivilegedActionException'> (0x00000006ebaa8840) thrown at [C:\re\workspace\8-2-build-windows-amd64-cygwin\jdk8u111\7883\hotspot\src\share\vm\prims\jvm.cpp, line 1386]
Event: 0.145 Thread 0x000000000264d800 Exception <a 'java/security/PrivilegedActionException'> (0x00000006ebaa8a50) thrown at [C:\re\workspace\8-2-build-windows-amd64-cygwin\jdk8u111\7883\hotspot\src\share\vm\prims\jvm.cpp, line 1386]
Event: 0.150 Thread 0x000000000264d800 Exception <a 'java/io/FileNotFoundException'> (0x00000006ebaaacd8) thrown at [C:\re\workspace\8-2-build-windows-amd64-cygwin\jdk8u111\7883\hotspot\src\share\vm\prims\jni.cpp, line 709]
Event: 0.189 Thread 0x000000000264d800 Exception <a 'java/lang/NoSuchFieldError': method resolution failed> (0x00000006ebb78388) thrown at [C:\re\workspace\8-2-build-windows-amd64-cygwin\jdk8u111\7883\hotspot\src\share\vm\prims\methodHandles.cpp, line 1146]
Event: 0.191 Thread 0x000000000264d800 Exception <a 'java/lang/NoSuchFieldError': method resolution failed> (0x00000006ebb85758) thrown at [C:\re\workspace\8-2-build-windows-amd64-cygwin\jdk8u111\7883\hotspot\src\share\vm\prims\methodHandles.cpp, line 1146]
Event: 0.262 Thread 0x000000000264d800 Exception <a 'java/io/FileNotFoundException'> (0x00000006ebc67c38) thrown at [C:\re\workspace\8-2-build-windows-amd64-cygwin\jdk8u111\7883\hotspot\src\share\vm\prims\jni.cpp, line 709]
Event: 0.318 Thread 0x000000000264d800 Implicit null exception at 0x00000000029d7c66 to 0x00000000029d7e4d

Events (10 events):
Event: 38.015 Thread 0x000000002c250000 flushing nmethod 0x0000000002e1ac50
Event: 38.016 Executing VM operation: ParallelGCSystemGC
Event: 38.016 Executing VM operation: ParallelGCSystemGC done
Event: 38.016 Executing VM operation: ParallelGCSystemGC
Event: 38.017 Executing VM operation: ParallelGCSystemGC done
Event: 38.028 Executing VM operation: ParallelGCSystemGC
Event: 38.028 Executing VM operation: ParallelGCSystemGC done
Event: 38.028 Executing VM operation: ParallelGCSystemGC
Event: 38.029 Executing VM operation: ParallelGCSystemGC done
Event: 38.041 Executing VM operation: ParallelGCSystemGC


Dynamic libraries:
0x00007ff708fb0000 - 0x00007ff708fe7000 	C:\Program Files\Java\jdk1.8.0_111\bin\java.exe
0x00007ffe78320000 - 0x00007ffe78501000 	C:\WINDOWS\SYSTEM32\ntdll.dll
0x00007ffe55460000 - 0x00007ffe55487000 	C:\Program Files\Cylance\Desktop\CyMemDef64.dll
0x00007ffe77a20000 - 0x00007ffe77ad1000 	C:\WINDOWS\System32\KERNEL32.DLL
0x00007ffe75340000 - 0x00007ffe755b3000 	C:\WINDOWS\System32\KERNELBASE.dll
0x00007ffe77970000 - 0x00007ffe77a11000 	C:\WINDOWS\System32\ADVAPI32.dll
0x00007ffe75790000 - 0x00007ffe7582e000 	C:\WINDOWS\System32\msvcrt.dll
0x00007ffe75bb0000 - 0x00007ffe75c0b000 	C:\WINDOWS\System32\sechost.dll
0x00007ffe77820000 - 0x00007ffe77944000 	C:\WINDOWS\System32\RPCRT4.dll
0x00007ffe75830000 - 0x00007ffe759c1000 	C:\WINDOWS\System32\USER32.dll
0x00007ffe752c0000 - 0x00007ffe752e0000 	C:\WINDOWS\System32\win32u.dll
0x00007ffe75ce0000 - 0x00007ffe75d08000 	C:\WINDOWS\System32\GDI32.dll
0x00007ffe75120000 - 0x00007ffe752b3000 	C:\WINDOWS\System32\gdi32full.dll
0x00007ffe75080000 - 0x00007ffe7511f000 	C:\WINDOWS\System32\msvcp_win.dll
0x00007ffe75610000 - 0x00007ffe75708000 	C:\WINDOWS\System32\ucrtbase.dll
0x00007ffe645f0000 - 0x00007ffe64859000 	C:\WINDOWS\WinSxS\amd64_microsoft.windows.common-controls_6595b64144ccf1df_6.0.17134.1845_none_d3ffcfc77c905a82\COMCTL32.dll
0x00007ffe77fb0000 - 0x00007ffe782d1000 	C:\WINDOWS\System32\combase.dll
0x00007ffe75710000 - 0x00007ffe75789000 	C:\WINDOWS\System32\bcryptPrimitives.dll
0x00007ffe759e0000 - 0x00007ffe75a0d000 	C:\WINDOWS\System32\IMM32.DLL
0x0000000051ca0000 - 0x0000000051d72000 	C:\Program Files\Java\jdk1.8.0_111\jre\bin\msvcr100.dll
0x0000000051d80000 - 0x000000005261a000 	C:\Program Files\Java\jdk1.8.0_111\jre\bin\server\jvm.dll
0x00007ffe775f0000 - 0x00007ffe775f8000 	C:\WINDOWS\System32\PSAPI.DLL
0x00007ffe643d0000 - 0x00007ffe643d9000 	C:\WINDOWS\SYSTEM32\WSOCK32.dll
0x00007ffe75c70000 - 0x00007ffe75cdc000 	C:\WINDOWS\System32\WS2_32.dll
0x00007ffe65720000 - 0x00007ffe65743000 	C:\WINDOWS\SYSTEM32\WINMM.dll
0x00007ffe6fe90000 - 0x00007ffe6fe9a000 	C:\WINDOWS\SYSTEM32\VERSION.dll
0x00007ffe654f0000 - 0x00007ffe6551a000 	C:\WINDOWS\SYSTEM32\WINMMBASE.dll
0x00007ffe755c0000 - 0x00007ffe75609000 	C:\WINDOWS\System32\cfgmgr32.dll
0x0000000051c50000 - 0x0000000051c5f000 	C:\Program Files\Java\jdk1.8.0_111\jre\bin\verify.dll
0x0000000051c20000 - 0x0000000051c49000 	C:\Program Files\Java\jdk1.8.0_111\jre\bin\java.dll
0x0000000051c00000 - 0x0000000051c16000 	C:\Program Files\Java\jdk1.8.0_111\jre\bin\zip.dll
0x00007ffe75f60000 - 0x00007ffe773a5000 	C:\WINDOWS\System32\SHELL32.dll
0x00007ffe776a0000 - 0x00007ffe77749000 	C:\WINDOWS\System32\shcore.dll
0x00007ffe748b0000 - 0x00007ffe74fc5000 	C:\WINDOWS\System32\windows.storage.dll
0x00007ffe75c10000 - 0x00007ffe75c61000 	C:\WINDOWS\System32\shlwapi.dll
0x00007ffe74650000 - 0x00007ffe74661000 	C:\WINDOWS\System32\kernel.appcore.dll
0x00007ffe74610000 - 0x00007ffe7462f000 	C:\WINDOWS\System32\profapi.dll
0x00007ffe74670000 - 0x00007ffe746bc000 	C:\WINDOWS\System32\powrprof.dll
0x00007ffe74600000 - 0x00007ffe7460a000 	C:\WINDOWS\System32\FLTLIB.DLL
0x0000000051a20000 - 0x0000000051bb8000 	C:\Program Files\Java\jdk1.8.0_111\jre\bin\awt.dll
0x00007ffe77750000 - 0x00007ffe77812000 	C:\WINDOWS\System32\OLEAUT32.dll
0x00007ffe72730000 - 0x00007ffe727bb000 	C:\WINDOWS\SYSTEM32\apphelp.dll
0x00007ffe728e0000 - 0x00007ffe72978000 	C:\WINDOWS\system32\uxtheme.dll
0x00007ffe77470000 - 0x00007ffe775e4000 	C:\WINDOWS\System32\MSCTF.dll
0x00007ffe72d00000 - 0x00007ffe72d29000 	C:\WINDOWS\system32\dwmapi.dll
0x00007ffe75d10000 - 0x00007ffe75e62000 	C:\WINDOWS\System32\ole32.dll
0x00000000519d0000 - 0x0000000051a17000 	C:\Program Files\Java\jdk1.8.0_111\jre\bin\fontmanager.dll
0x0000000051be0000 - 0x0000000051bfa000 	C:\Program Files\Java\jdk1.8.0_111\jre\bin\net.dll
0x00007ffe73e20000 - 0x00007ffe73e86000 	C:\WINDOWS\system32\mswsock.dll
0x0000000051bc0000 - 0x0000000051bd1000 	C:\Program Files\Java\jdk1.8.0_111\jre\bin\nio.dll
0x0000000051980000 - 0x00000000519c2000 	C:\Program Files\Java\jdk1.8.0_111\jre\bin\t2k.dll
0x00007ffe77600000 - 0x00007ffe776a0000 	C:\WINDOWS\System32\clbcatq.dll
0x00007ffe5ec10000 - 0x00007ffe5edbe000 	C:\WINDOWS\SYSTEM32\WindowsCodecs.dll
0x00007ffe5f980000 - 0x00007ffe5f9d8000 	C:\WINDOWS\system32\dataexchange.dll
0x00007ffe716f0000 - 0x00007ffe719fb000 	C:\WINDOWS\system32\d3d11.dll
0x00007ffe71d10000 - 0x00007ffe71eac000 	C:\WINDOWS\system32\dcomp.dll
0x00007ffe73220000 - 0x00007ffe732db000 	C:\WINDOWS\system32\dxgi.dll
0x00007ffe72b40000 - 0x00007ffe72cff000 	C:\WINDOWS\system32\twinapi.appcore.dll
0x00007ffe72d60000 - 0x00007ffe72d81000 	C:\WINDOWS\system32\RMCLIENT.dll
0x00007ffe5e360000 - 0x00007ffe5e3f6000 	C:\WINDOWS\System32\TextInputFramework.dll
0x00007ffe5e040000 - 0x00007ffe5e35e000 	C:\WINDOWS\System32\CoreUIComponents.dll
0x00007ffe72230000 - 0x00007ffe7230a000 	C:\WINDOWS\System32\CoreMessaging.dll
0x00007ffe732e0000 - 0x00007ffe73311000 	C:\WINDOWS\SYSTEM32\ntmarta.dll
0x00007ffe6ea00000 - 0x00007ffe6eb4d000 	C:\WINDOWS\SYSTEM32\wintypes.dll
0x0000000051940000 - 0x000000005196a000 	C:\Program Files\Java\jdk1.8.0_111\jre\bin\dcpr.dll

VM Arguments:
jvm_args: -Dfile.encoding=UTF-8 
java_command: simpleactin.SimpleActin
java_class_path (initial): C:\Users\sm2983\Documents\NetBeansProjects\Intensity\build\classes;C:\Users\sm2983\Downloads\darcula.jar;C:\Users\sm2983\Downloads\commons-math3-3.6.1.jar;C:\Users\sm2983\Documents\NetBeansProjects\SimpleActin\build\classes
Launcher Type: SUN_STANDARD

Environment Variables:
PATH=C:\Program Files\NVIDIA GPU Computing Toolkit\CUDA\v10.2\bin;C:\Program Files\NVIDIA GPU Computing Toolkit\CUDA\v10.2\libnvvp;;C:\Program Files (x86)\Common Files\Oracle\Java\javapath;C:\ProgramData\Oracle\Java\javapath;C:\ProgramData\Anaconda3;C:\ProgramData\Anaconda3\Library\mingw-w64\bin;C:\ProgramData\Anaconda3\Library\usr\bin;C:\ProgramData\Anaconda3\Library\bin;C:\ProgramData\Anaconda3\Scripts;C:\WINDOWS\system32;C:\WINDOWS;C:\WINDOWS\System32\Wbem;C:\WINDOWS\System32\WindowsPowerShell\v1.0\;C:\oracle\product\11.2.0\client_1\bin;C:\windows\SysWOW64\;C:\windows\SysWOW64\Wbem;C:\windows\SysWOW64\WindowsPowerShell\v1.0;C:\Program Files\Microsoft Application Virtualization\Sequencer;C:\Program Files\MATLAB\R2017b\runtime\win64;C:\Program Files\MATLAB\R2017b\bin;C:\WINDOWS\System32\OpenSSH\;C:\Program Files\NVIDIA Corporation\Nsight Compute 2019.5.0\;C:\Program Files (x86)\NVIDIA Corporation\PhysX\Common;C:\Program Files\dotnet\;C:\Program Files\Microsoft SQL Server\130\Tools\Binn\;C:\Program Files\Microsoft SQL Server\Client SDK\ODBC\170\Tools\Binn\;C:\Python27;C:\Program Files (x86)\IntelSWTools\sw_dev_tools\tools\DAL_1.1942.1019.110\;C:\Users\sm2983\AppData\Local\Microsoft\WindowsApps;C:\Program Files\Java\jdk1.8.0_111\bin;C:\Qt\Tools\mingw730_64\bin;
USERNAME=sm2983
OS=Windows_NT
PROCESSOR_IDENTIFIER=Intel64 Family 6 Model 94 Stepping 3, GenuineIntel



---------------  S Y S T E M  ---------------

OS: Windows 10.0 , 64 bit Build 17134 (10.0.17134.1425)

CPU:total 8 (4 cores per cpu, 2 threads per core) family 6 model 94 stepping 3, cmov, cx8, fxsr, mmx, sse, sse2, sse3, ssse3, sse4.1, sse4.2, popcnt, avx, avx2, aes, clmul, erms, rtm, 3dnowpref, lzcnt, ht, tsc, tscinvbit, bmi1, bmi2, adx

Memory: 4k page, physical 41830244k(24654772k free), swap 55893428k(4112k free)

vm_info: Java HotSpot(TM) 64-Bit Server VM (25.111-b14) for windows-amd64 JRE (1.8.0_111-b14), built on Sep 22 2016 19:24:05 by "java_re" with MS VC++ 10.0 (VS2010)

time: Wed Feb 10 14:31:51 2021
elapsed time: 38 seconds (0d 0h 0m 38s)

