#
# There is insufficient memory for the Java Runtime Environment to continue.
# Native memory allocation (malloc) failed to allocate 1770416 bytes for Chunk::new
# Possible reasons:
#   The system is out of physical RAM or swap space
#   In 32 bit mode, the process size limit was hit
# Possible solutions:
#   Reduce memory load on the system
#   Increase physical memory or swap space
#   Check if swap backing store is full
#   Use 64 bit Java on a 64 bit OS
#   Decrease Java heap size (-Xmx/-Xms)
#   Decrease number of Java threads
#   Decrease Java thread stack sizes (-Xss)
#   Set larger code cache with -XX:ReservedCodeCacheSize=
# This output file may be truncated or incomplete.
#
#  Out of Memory Error (allocation.cpp:390), pid=13212, tid=0x0000000000003760
#
# JRE version: Java(TM) SE Runtime Environment (8.0_111-b14) (build 1.8.0_111-b14)
# Java VM: Java HotSpot(TM) 64-Bit Server VM (25.111-b14 mixed mode windows-amd64 compressed oops)
# Failed to write core dump. Minidumps are not enabled by default on client versions of Windows
#

---------------  T H R E A D  ---------------

Current thread (0x000000002c24f800):  JavaThread "C2 CompilerThread1" daemon [_thread_in_native, id=14176, stack(0x000000002cb10000,0x000000002cc10000)]

Stack: [0x000000002cb10000,0x000000002cc10000]
[error occurred during error reporting (printing stack bounds), id 0xc0000005]

Native frames: (J=compiled Java code, j=interpreted, Vv=VM code, C=native code)


Current CompileTask:
C2: 113752 2835 %     4       simpleactin.MainJFrame::simulate @ 1052 (1525 bytes)


---------------  P R O C E S S  ---------------

Java Threads: ( => current thread )
  0x000000002d8a5000 JavaThread "Thread-2" [_thread_blocked, id=15536, stack(0x0000000030b00000,0x0000000030c00000)]
  0x000000002d81c000 JavaThread "TimerQueue" daemon [_thread_blocked, id=18556, stack(0x0000000030800000,0x0000000030900000)]
  0x000000002d815800 JavaThread "Darcula Animations" daemon [_thread_blocked, id=32272, stack(0x0000000030700000,0x0000000030800000)]
  0x0000000000d2d800 JavaThread "DestroyJavaVM" [_thread_blocked, id=31880, stack(0x0000000002660000,0x0000000002760000)]
  0x000000002d295800 JavaThread "AWT-EventQueue-0" [_thread_blocked, id=10980, stack(0x000000002e320000,0x000000002e420000)]
  0x000000002d1d0800 JavaThread "AWT-Windows" daemon [_thread_in_native, id=24520, stack(0x000000002db50000,0x000000002dc50000)]
  0x000000002d1c9000 JavaThread "AWT-Shutdown" [_thread_blocked, id=40812, stack(0x000000002da50000,0x000000002db50000)]
  0x000000002d1c8800 JavaThread "Java2D Disposer" daemon [_thread_blocked, id=15588, stack(0x000000002d950000,0x000000002da50000)]
  0x000000002c2e8000 JavaThread "Service Thread" daemon [_thread_blocked, id=7536, stack(0x000000002ce10000,0x000000002cf10000)]
  0x000000002c261800 JavaThread "C1 CompilerThread3" daemon [_thread_blocked, id=7908, stack(0x000000002cd10000,0x000000002ce10000)]
  0x000000002c253800 JavaThread "C2 CompilerThread2" daemon [_thread_blocked, id=17720, stack(0x000000002cc10000,0x000000002cd10000)]
=>0x000000002c24f800 JavaThread "C2 CompilerThread1" daemon [_thread_in_native, id=14176, stack(0x000000002cb10000,0x000000002cc10000)]
  0x000000002c24a800 JavaThread "C2 CompilerThread0" daemon [_thread_blocked, id=38112, stack(0x000000002ca10000,0x000000002cb10000)]
  0x000000002c249800 JavaThread "Attach Listener" daemon [_thread_blocked, id=20680, stack(0x000000002c910000,0x000000002ca10000)]
  0x000000002c241000 JavaThread "Signal Dispatcher" daemon [_thread_blocked, id=15148, stack(0x000000002c810000,0x000000002c910000)]
  0x000000000285e000 JavaThread "Finalizer" daemon [_thread_blocked, id=38552, stack(0x000000002c620000,0x000000002c720000)]
  0x0000000002857000 JavaThread "Reference Handler" daemon [_thread_blocked, id=11588, stack(0x000000002c120000,0x000000002c220000)]

Other Threads:
  0x000000002a359000 VMThread [stack: 0x000000002c020000,0x000000002c120000] [id=5040]
  0x000000002c302000 WatcherThread [stack: 0x000000002cf10000,0x000000002d010000] [id=28280]

VM state:at safepoint (normal execution)

VM Mutex/Monitor currently owned by a thread:  ([mutex/lock_event])
[0x0000000000d2c5a0] Threads_lock - owner thread: 0x000000002a359000
[0x0000000000d2cf20] Heap_lock - owner thread: 0x000000002d8a5000

Heap:
 PSYoungGen      total 3482112K, used 976K [0x00000006eb380000, 0x00000007c0000000, 0x00000007c0000000)
  eden space 3478016K, 0% used [0x00000006eb380000,0x00000006eb380000,0x00000007bf800000)
  from space 4096K, 23% used [0x00000007bf800000,0x00000007bf8f4280,0x00000007bfc00000)
  to   space 4096K, 0% used [0x00000007bfc00000,0x00000007bfc00000,0x00000007c0000000)
 ParOldGen       total 437248K, used 40070K [0x0000000541a00000, 0x000000055c500000, 0x00000006eb380000)
  object space 437248K, 9% used [0x0000000541a00000,0x0000000544121948,0x000000055c500000)
 Metaspace       used 15404K, capacity 15637K, committed 16000K, reserved 1062912K
  class space    used 1839K, capacity 1905K, committed 1920K, reserved 1048576K

Card table byte_map: [0x0000000011c20000,0x0000000013020000] byte_map_base: 0x000000000f213000

Marking Bits: (ParMarkBitMap*) 0x000000005259a6c0
 Begin Bits: [0x0000000014570000, 0x000000001e508000)
 End Bits:   [0x000000001e508000, 0x00000000284a0000)

Polling page: 0x0000000000d30000

CodeCache: size=245760Kb used=8917Kb max_used=8991Kb free=236843Kb
 bounds [0x0000000002860000, 0x0000000003190000, 0x0000000011860000]
 total_blobs=2816 nmethods=2295 adapters=431
 compilation: enabled

Compilation events (10 events):
Event: 110.420 Thread 0x000000002c24f800 nmethod 2834 0x0000000002ad13d0 code [0x0000000002ad1560, 0x0000000002ad1de8]
Event: 110.445 Thread 0x000000002c253800 nmethod 2833 0x0000000002bcb510 code [0x0000000002bcb700, 0x0000000002bcc6d0]
Event: 110.844 Thread 0x000000002c24a800 nmethod 2814% 0x0000000003150c90 code [0x0000000003151620, 0x0000000003166c68]
Event: 110.846 Thread 0x000000002c24f800 2835 %     4       simpleactin.MainJFrame::simulate @ 1052 (1525 bytes)
Event: 111.197 Thread 0x000000002c253800 2836       4       javax.swing.UIDefaults::get (21 bytes)
Event: 111.202 Thread 0x000000002c253800 nmethod 2836 0x0000000002c93b10 code [0x0000000002c93c80, 0x0000000002c94318]
Event: 111.256 Thread 0x000000002c261800 2837       3       simpleactin.Protein::update (471 bytes)
Event: 111.259 Thread 0x000000002c261800 nmethod 2837 0x0000000002f1f050 code [0x0000000002f1f660, 0x0000000002f225b8]
Event: 111.263 Thread 0x000000002c24a800 2838       4       simpleactin.Protein::update (471 bytes)
Event: 111.408 Thread 0x000000002c24a800 nmethod 2838 0x0000000002ca7bd0 code [0x0000000002ca7ea0, 0x0000000002ca9488]

GC Heap History (10 events):
Event: 113.645 GC heap after
Heap after GC invocations=3704 (full 1537):
 PSYoungGen      total 3482112K, used 2865K [0x00000006eb380000, 0x00000007c0000000, 0x00000007c0000000)
  eden space 3479040K, 0% used [0x00000006eb380000,0x00000006eb380000,0x00000007bf900000)
  from space 3072K, 93% used [0x00000007bf900000,0x00000007bfbcc780,0x00000007bfc00000)
  to   space 4096K, 0% used [0x00000007bfc00000,0x00000007bfc00000,0x00000007c0000000)
 ParOldGen       total 437248K, used 40070K [0x0000000541a00000, 0x000000055c500000, 0x00000006eb380000)
  object space 437248K, 9% used [0x0000000541a00000,0x00000005441218c0,0x000000055c500000)
 Metaspace       used 15404K, capacity 15637K, committed 16000K, reserved 1062912K
  class space    used 1839K, capacity 1905K, committed 1920K, reserved 1048576K
}
Event: 113.645 GC heap before
{Heap before GC invocations=3705 (full 1538):
 PSYoungGen      total 3482112K, used 2865K [0x00000006eb380000, 0x00000007c0000000, 0x00000007c0000000)
  eden space 3479040K, 0% used [0x00000006eb380000,0x00000006eb380000,0x00000007bf900000)
  from space 3072K, 93% used [0x00000007bf900000,0x00000007bfbcc780,0x00000007bfc00000)
  to   space 4096K, 0% used [0x00000007bfc00000,0x00000007bfc00000,0x00000007c0000000)
 ParOldGen       total 437248K, used 40070K [0x0000000541a00000, 0x000000055c500000, 0x00000006eb380000)
  object space 437248K, 9% used [0x0000000541a00000,0x00000005441218c0,0x000000055c500000)
 Metaspace       used 15404K, capacity 15637K, committed 16000K, reserved 1062912K
  class space    used 1839K, capacity 1905K, committed 1920K, reserved 1048576K
Event: 113.663 GC heap after
Heap after GC invocations=3705 (full 1538):
 PSYoungGen      total 3482112K, used 0K [0x00000006eb380000, 0x00000007c0000000, 0x00000007c0000000)
  eden space 3479040K, 0% used [0x00000006eb380000,0x00000006eb380000,0x00000007bf900000)
  from space 3072K, 0% used [0x00000007bf900000,0x00000007bf900000,0x00000007bfc00000)
  to   space 4096K, 0% used [0x00000007bfc00000,0x00000007bfc00000,0x00000007c0000000)
 ParOldGen       total 437248K, used 40070K [0x0000000541a00000, 0x000000055c500000, 0x00000006eb380000)
  object space 437248K, 9% used [0x0000000541a00000,0x00000005441218c0,0x000000055c500000)
 Metaspace       used 15404K, capacity 15637K, committed 16000K, reserved 1062912K
  class space    used 1839K, capacity 1905K, committed 1920K, reserved 1048576K
}
Event: 113.681 GC heap before
{Heap before GC invocations=3706 (full 1538):
 PSYoungGen      total 3482112K, used 50248K [0x00000006eb380000, 0x00000007c0000000, 0x00000007c0000000)
  eden space 3479040K, 1% used [0x00000006eb380000,0x00000006ee492100,0x00000007bf900000)
  from space 3072K, 0% used [0x00000007bf900000,0x00000007bf900000,0x00000007bfc00000)
  to   space 4096K, 0% used [0x00000007bfc00000,0x00000007bfc00000,0x00000007c0000000)
 ParOldGen       total 437248K, used 40070K [0x0000000541a00000, 0x000000055c500000, 0x00000006eb380000)
  object space 437248K, 9% used [0x0000000541a00000,0x00000005441218c0,0x000000055c500000)
 Metaspace       used 15404K, capacity 15637K, committed 16000K, reserved 1062912K
  class space    used 1839K, capacity 1905K, committed 1920K, reserved 1048576K
Event: 113.682 GC heap after
Heap after GC invocations=3706 (full 1538):
 PSYoungGen      total 3482112K, used 2897K [0x00000006eb380000, 0x00000007c0000000, 0x00000007c0000000)
  eden space 3478016K, 0% used [0x00000006eb380000,0x00000006eb380000,0x00000007bf800000)
  from space 4096K, 70% used [0x00000007bfc00000,0x00000007bfed4780,0x00000007c0000000)
  to   space 4096K, 0% used [0x00000007bf800000,0x00000007bf800000,0x00000007bfc00000)
 ParOldGen       total 437248K, used 40070K [0x0000000541a00000, 0x000000055c500000, 0x00000006eb380000)
  object space 437248K, 9% used [0x0000000541a00000,0x00000005441218c0,0x000000055c500000)
 Metaspace       used 15404K, capacity 15637K, committed 16000K, reserved 1062912K
  class space    used 1839K, capacity 1905K, committed 1920K, reserved 1048576K
}
Event: 113.682 GC heap before
{Heap before GC invocations=3707 (full 1539):
 PSYoungGen      total 3482112K, used 2897K [0x00000006eb380000, 0x00000007c0000000, 0x00000007c0000000)
  eden space 3478016K, 0% used [0x00000006eb380000,0x00000006eb380000,0x00000007bf800000)
  from space 4096K, 70% used [0x00000007bfc00000,0x00000007bfed4780,0x00000007c0000000)
  to   space 4096K, 0% used [0x00000007bf800000,0x00000007bf800000,0x00000007bfc00000)
 ParOldGen       total 437248K, used 40070K [0x0000000541a00000, 0x000000055c500000, 0x00000006eb380000)
  object space 437248K, 9% used [0x0000000541a00000,0x00000005441218c0,0x000000055c500000)
 Metaspace       used 15404K, capacity 15637K, committed 16000K, reserved 1062912K
  class space    used 1839K, capacity 1905K, committed 1920K, reserved 1048576K
Event: 113.707 GC heap after
Heap after GC invocations=3707 (full 1539):
 PSYoungGen      total 3482112K, used 0K [0x00000006eb380000, 0x00000007c0000000, 0x00000007c0000000)
  eden space 3478016K, 0% used [0x00000006eb380000,0x00000006eb380000,0x00000007bf800000)
  from space 4096K, 0% used [0x00000007bfc00000,0x00000007bfc00000,0x00000007c0000000)
  to   space 4096K, 0% used [0x00000007bf800000,0x00000007bf800000,0x00000007bfc00000)
 ParOldGen       total 437248K, used 40070K [0x0000000541a00000, 0x000000055c500000, 0x00000006eb380000)
  object space 437248K, 9% used [0x0000000541a00000,0x0000000544121948,0x000000055c500000)
 Metaspace       used 15404K, capacity 15637K, committed 16000K, reserved 1062912K
  class space    used 1839K, capacity 1905K, committed 1920K, reserved 1048576K
}
Event: 113.721 GC heap before
{Heap before GC invocations=3708 (full 1539):
 PSYoungGen      total 3482112K, used 50233K [0x00000006eb380000, 0x00000007c0000000, 0x00000007c0000000)
  eden space 3478016K, 1% used [0x00000006eb380000,0x00000006ee48e5d8,0x00000007bf800000)
  from space 4096K, 0% used [0x00000007bfc00000,0x00000007bfc00000,0x00000007c0000000)
  to   space 4096K, 0% used [0x00000007bf800000,0x00000007bf800000,0x00000007bfc00000)
 ParOldGen       total 437248K, used 40070K [0x0000000541a00000, 0x000000055c500000, 0x00000006eb380000)
  object space 437248K, 9% used [0x0000000541a00000,0x0000000544121948,0x000000055c500000)
 Metaspace       used 15404K, capacity 15637K, committed 16000K, reserved 1062912K
  class space    used 1839K, capacity 1905K, committed 1920K, reserved 1048576K
Event: 113.724 GC heap after
Heap after GC invocations=3708 (full 1539):
 PSYoungGen      total 3482112K, used 976K [0x00000006eb380000, 0x00000007c0000000, 0x00000007c0000000)
  eden space 3478016K, 0% used [0x00000006eb380000,0x00000006eb380000,0x00000007bf800000)
  from space 4096K, 23% used [0x00000007bf800000,0x00000007bf8f4280,0x00000007bfc00000)
  to   space 4096K, 0% used [0x00000007bfc00000,0x00000007bfc00000,0x00000007c0000000)
 ParOldGen       total 437248K, used 40070K [0x0000000541a00000, 0x000000055c500000, 0x00000006eb380000)
  object space 437248K, 9% used [0x0000000541a00000,0x0000000544121948,0x000000055c500000)
 Metaspace       used 15404K, capacity 15637K, committed 16000K, reserved 1062912K
  class space    used 1839K, capacity 1905K, committed 1920K, reserved 1048576K
}
Event: 113.724 GC heap before
{Heap before GC invocations=3709 (full 1540):
 PSYoungGen      total 3482112K, used 976K [0x00000006eb380000, 0x00000007c0000000, 0x00000007c0000000)
  eden space 3478016K, 0% used [0x00000006eb380000,0x00000006eb380000,0x00000007bf800000)
  from space 4096K, 23% used [0x00000007bf800000,0x00000007bf8f4280,0x00000007bfc00000)
  to   space 4096K, 0% used [0x00000007bfc00000,0x00000007bfc00000,0x00000007c0000000)
 ParOldGen       total 437248K, used 40070K [0x0000000541a00000, 0x000000055c500000, 0x00000006eb380000)
  object space 437248K, 9% used [0x0000000541a00000,0x0000000544121948,0x000000055c500000)
 Metaspace       used 15404K, capacity 15637K, committed 16000K, reserved 1062912K
  class space    used 1839K, capacity 1905K, committed 1920K, reserved 1048576K

Deoptimization events (10 events):
Event: 106.167 Thread 0x000000002d295800 Uncommon trap: reason=range_check action=make_not_entrant pc=0x0000000002f426f8 method=java.awt.image.DirectColorModel.getRedMask()I @ 5
Event: 106.168 Thread 0x000000002d295800 Uncommon trap: reason=class_check action=maybe_recompile pc=0x0000000002fcbc34 method=sun.java2d.pipe.ValidatePipe.drawLine(Lsun/java2d/SunGraphics2D;IIII)V @ 19
Event: 106.168 Thread 0x000000002d295800 Uncommon trap: reason=unstable_if action=reinterpret pc=0x0000000002f92a1c method=sun.java2d.pipe.PixelToParallelogramConverter.drawLine(Lsun/java2d/SunGraphics2D;IIII)V @ 15
Event: 107.066 Thread 0x000000002d8a5000 Uncommon trap: reason=unstable_if action=reinterpret pc=0x00000000030c4c40 method=javax.swing.RepaintManager.addDirtyRegion0(Ljava/awt/Container;IIII)V @ 108
Event: 107.070 Thread 0x000000002d8a5000 Uncommon trap: reason=unstable_if action=reinterpret pc=0x00000000030f319c method=simpleactin.Utils.generateHist(Ljava/util/LinkedList;DDD)[Ljava/lang/Object; @ 86
Event: 107.567 Thread 0x000000002d295800 Uncommon trap: reason=class_check action=maybe_recompile pc=0x00000000030156cc method=java.awt.Container.validateTree()V @ 21
Event: 107.568 Thread 0x000000002d295800 Uncommon trap: reason=unstable_if action=reinterpret pc=0x0000000002bac58c method=javax.swing.RepaintManager.scheduleHeavyWeightPaints()V @ 13
Event: 107.568 Thread 0x000000002d295800 Uncommon trap: reason=class_check action=maybe_recompile pc=0x0000000002b544a0 method=sun.java2d.Disposer.add(Ljava/lang/Object;Lsun/java2d/DisposerRecord;)V @ 1
Event: 107.573 Thread 0x000000002d295800 Uncommon trap: reason=class_check action=maybe_recompile pc=0x0000000002fcbc34 method=sun.java2d.pipe.ValidatePipe.drawLine(Lsun/java2d/SunGraphics2D;IIII)V @ 19
Event: 111.255 Thread 0x000000002d8a5000 Uncommon trap: reason=unstable_if action=reinterpret pc=0x0000000002f87154 method=simpleactin.Protein.update(D)Z @ 462

Internal exceptions (10 events):
Event: 0.184 Thread 0x0000000000d2d800 Exception <a 'java/security/PrivilegedActionException'> (0x00000006ebaa8a50) thrown at [C:\re\workspace\8-2-build-windows-amd64-cygwin\jdk8u111\7883\hotspot\src\share\vm\prims\jvm.cpp, line 1386]
Event: 0.188 Thread 0x0000000000d2d800 Exception <a 'java/io/FileNotFoundException'> (0x00000006ebaaacd8) thrown at [C:\re\workspace\8-2-build-windows-amd64-cygwin\jdk8u111\7883\hotspot\src\share\vm\prims\jni.cpp, line 709]
Event: 0.229 Thread 0x0000000000d2d800 Exception <a 'java/lang/NoSuchFieldError': method resolution failed> (0x00000006ebb780b0) thrown at [C:\re\workspace\8-2-build-windows-amd64-cygwin\jdk8u111\7883\hotspot\src\share\vm\prims\methodHandles.cpp, line 1146]
Event: 0.231 Thread 0x0000000000d2d800 Exception <a 'java/lang/NoSuchFieldError': method resolution failed> (0x00000006ebb85480) thrown at [C:\re\workspace\8-2-build-windows-amd64-cygwin\jdk8u111\7883\hotspot\src\share\vm\prims\methodHandles.cpp, line 1146]
Event: 0.321 Thread 0x0000000000d2d800 Exception <a 'java/io/FileNotFoundException'> (0x00000006ebc67960) thrown at [C:\re\workspace\8-2-build-windows-amd64-cygwin\jdk8u111\7883\hotspot\src\share\vm\prims\jni.cpp, line 709]
Event: 2.205 Thread 0x000000002d295800 Implicit null exception at 0x0000000002b0b370 to 0x0000000002b0b3cc
Event: 51.871 Thread 0x000000002d295800 Implicit null exception at 0x0000000002e76785 to 0x0000000002e76acd
Event: 57.634 Thread 0x000000002d295800 Implicit null exception at 0x0000000002fa0f4c to 0x0000000002fa2eed
Event: 69.345 Thread 0x000000002d8a5000 Implicit null exception at 0x0000000002a74870 to 0x0000000002a74a3d
Event: 75.264 Thread 0x000000002d295800 Implicit null exception at 0x0000000002b5f9a0 to 0x0000000002b60b0d

Events (10 events):
Event: 113.526 Executing VM operation: ParallelGCSystemGC done
Event: 113.544 Executing VM operation: ParallelGCSystemGC
Event: 113.573 Executing VM operation: ParallelGCSystemGC done
Event: 113.591 Executing VM operation: ParallelGCSystemGC
Event: 113.618 Executing VM operation: ParallelGCSystemGC done
Event: 113.643 Executing VM operation: ParallelGCSystemGC
Event: 113.663 Executing VM operation: ParallelGCSystemGC done
Event: 113.681 Executing VM operation: ParallelGCSystemGC
Event: 113.707 Executing VM operation: ParallelGCSystemGC done
Event: 113.721 Executing VM operation: ParallelGCSystemGC


Dynamic libraries:
0x00007ff708fb0000 - 0x00007ff708fe7000 	C:\Program Files\Java\jdk1.8.0_111\bin\java.exe
0x00007ffe78320000 - 0x00007ffe78501000 	C:\WINDOWS\SYSTEM32\ntdll.dll
0x00007ffe55460000 - 0x00007ffe55487000 	C:\Program Files\Cylance\Desktop\CyMemDef64.dll
0x00007ffe77a20000 - 0x00007ffe77ad1000 	C:\WINDOWS\System32\KERNEL32.DLL
0x00007ffe75340000 - 0x00007ffe755b3000 	C:\WINDOWS\System32\KERNELBASE.dll
0x00007ffe77970000 - 0x00007ffe77a11000 	C:\WINDOWS\System32\ADVAPI32.dll
0x00007ffe75790000 - 0x00007ffe7582e000 	C:\WINDOWS\System32\msvcrt.dll
0x00007ffe75bb0000 - 0x00007ffe75c0b000 	C:\WINDOWS\System32\sechost.dll
0x00007ffe77820000 - 0x00007ffe77944000 	C:\WINDOWS\System32\RPCRT4.dll
0x00007ffe75830000 - 0x00007ffe759c1000 	C:\WINDOWS\System32\USER32.dll
0x00007ffe752c0000 - 0x00007ffe752e0000 	C:\WINDOWS\System32\win32u.dll
0x00007ffe75ce0000 - 0x00007ffe75d08000 	C:\WINDOWS\System32\GDI32.dll
0x00007ffe75120000 - 0x00007ffe752b3000 	C:\WINDOWS\System32\gdi32full.dll
0x00007ffe75080000 - 0x00007ffe7511f000 	C:\WINDOWS\System32\msvcp_win.dll
0x00007ffe75610000 - 0x00007ffe75708000 	C:\WINDOWS\System32\ucrtbase.dll
0x00007ffe645f0000 - 0x00007ffe64859000 	C:\WINDOWS\WinSxS\amd64_microsoft.windows.common-controls_6595b64144ccf1df_6.0.17134.1845_none_d3ffcfc77c905a82\COMCTL32.dll
0x00007ffe77fb0000 - 0x00007ffe782d1000 	C:\WINDOWS\System32\combase.dll
0x00007ffe75710000 - 0x00007ffe75789000 	C:\WINDOWS\System32\bcryptPrimitives.dll
0x00007ffe759e0000 - 0x00007ffe75a0d000 	C:\WINDOWS\System32\IMM32.DLL
0x0000000051ca0000 - 0x0000000051d72000 	C:\Program Files\Java\jdk1.8.0_111\jre\bin\msvcr100.dll
0x0000000051d80000 - 0x000000005261a000 	C:\Program Files\Java\jdk1.8.0_111\jre\bin\server\jvm.dll
0x00007ffe775f0000 - 0x00007ffe775f8000 	C:\WINDOWS\System32\PSAPI.DLL
0x00007ffe643d0000 - 0x00007ffe643d9000 	C:\WINDOWS\SYSTEM32\WSOCK32.dll
0x00007ffe75c70000 - 0x00007ffe75cdc000 	C:\WINDOWS\System32\WS2_32.dll
0x00007ffe65720000 - 0x00007ffe65743000 	C:\WINDOWS\SYSTEM32\WINMM.dll
0x00007ffe6fe90000 - 0x00007ffe6fe9a000 	C:\WINDOWS\SYSTEM32\VERSION.dll
0x00007ffe654f0000 - 0x00007ffe6551a000 	C:\WINDOWS\SYSTEM32\WINMMBASE.dll
0x00007ffe755c0000 - 0x00007ffe75609000 	C:\WINDOWS\System32\cfgmgr32.dll
0x0000000051c50000 - 0x0000000051c5f000 	C:\Program Files\Java\jdk1.8.0_111\jre\bin\verify.dll
0x0000000051c20000 - 0x0000000051c49000 	C:\Program Files\Java\jdk1.8.0_111\jre\bin\java.dll
0x0000000051c00000 - 0x0000000051c16000 	C:\Program Files\Java\jdk1.8.0_111\jre\bin\zip.dll
0x00007ffe75f60000 - 0x00007ffe773a5000 	C:\WINDOWS\System32\SHELL32.dll
0x00007ffe776a0000 - 0x00007ffe77749000 	C:\WINDOWS\System32\shcore.dll
0x00007ffe748b0000 - 0x00007ffe74fc5000 	C:\WINDOWS\System32\windows.storage.dll
0x00007ffe75c10000 - 0x00007ffe75c61000 	C:\WINDOWS\System32\shlwapi.dll
0x00007ffe74650000 - 0x00007ffe74661000 	C:\WINDOWS\System32\kernel.appcore.dll
0x00007ffe74610000 - 0x00007ffe7462f000 	C:\WINDOWS\System32\profapi.dll
0x00007ffe74670000 - 0x00007ffe746bc000 	C:\WINDOWS\System32\powrprof.dll
0x00007ffe74600000 - 0x00007ffe7460a000 	C:\WINDOWS\System32\FLTLIB.DLL
0x0000000051a20000 - 0x0000000051bb8000 	C:\Program Files\Java\jdk1.8.0_111\jre\bin\awt.dll
0x00007ffe77750000 - 0x00007ffe77812000 	C:\WINDOWS\System32\OLEAUT32.dll
0x00007ffe72730000 - 0x00007ffe727bb000 	C:\WINDOWS\SYSTEM32\apphelp.dll
0x00007ffe728e0000 - 0x00007ffe72978000 	C:\WINDOWS\system32\uxtheme.dll
0x00007ffe77470000 - 0x00007ffe775e4000 	C:\WINDOWS\System32\MSCTF.dll
0x00007ffe72d00000 - 0x00007ffe72d29000 	C:\WINDOWS\system32\dwmapi.dll
0x00007ffe75d10000 - 0x00007ffe75e62000 	C:\WINDOWS\System32\ole32.dll
0x00000000519d0000 - 0x0000000051a17000 	C:\Program Files\Java\jdk1.8.0_111\jre\bin\fontmanager.dll
0x0000000051be0000 - 0x0000000051bfa000 	C:\Program Files\Java\jdk1.8.0_111\jre\bin\net.dll
0x00007ffe73e20000 - 0x00007ffe73e86000 	C:\WINDOWS\system32\mswsock.dll
0x0000000051bc0000 - 0x0000000051bd1000 	C:\Program Files\Java\jdk1.8.0_111\jre\bin\nio.dll
0x0000000051980000 - 0x00000000519c2000 	C:\Program Files\Java\jdk1.8.0_111\jre\bin\t2k.dll
0x00007ffe77600000 - 0x00007ffe776a0000 	C:\WINDOWS\System32\clbcatq.dll
0x00007ffe5ec10000 - 0x00007ffe5edbe000 	C:\WINDOWS\SYSTEM32\WindowsCodecs.dll
0x00007ffe5f980000 - 0x00007ffe5f9d8000 	C:\WINDOWS\system32\dataexchange.dll
0x00007ffe716f0000 - 0x00007ffe719fb000 	C:\WINDOWS\system32\d3d11.dll
0x00007ffe71d10000 - 0x00007ffe71eac000 	C:\WINDOWS\system32\dcomp.dll
0x00007ffe73220000 - 0x00007ffe732db000 	C:\WINDOWS\system32\dxgi.dll
0x00007ffe72b40000 - 0x00007ffe72cff000 	C:\WINDOWS\system32\twinapi.appcore.dll
0x00007ffe72d60000 - 0x00007ffe72d81000 	C:\WINDOWS\system32\RMCLIENT.dll
0x00007ffe5e360000 - 0x00007ffe5e3f6000 	C:\WINDOWS\System32\TextInputFramework.dll
0x00007ffe5e040000 - 0x00007ffe5e35e000 	C:\WINDOWS\System32\CoreUIComponents.dll
0x00007ffe72230000 - 0x00007ffe7230a000 	C:\WINDOWS\System32\CoreMessaging.dll
0x00007ffe732e0000 - 0x00007ffe73311000 	C:\WINDOWS\SYSTEM32\ntmarta.dll
0x00007ffe6ea00000 - 0x00007ffe6eb4d000 	C:\WINDOWS\SYSTEM32\wintypes.dll
0x0000000051940000 - 0x000000005196a000 	C:\Program Files\Java\jdk1.8.0_111\jre\bin\dcpr.dll

VM Arguments:
jvm_args: -Dfile.encoding=UTF-8 
java_command: simpleactin.SimpleActin
java_class_path (initial): C:\Users\sm2983\Documents\NetBeansProjects\Intensity\build\classes;C:\Users\sm2983\Downloads\darcula.jar;C:\Users\sm2983\Downloads\commons-math3-3.6.1.jar;C:\Users\sm2983\Documents\NetBeansProjects\SimpleActin\build\classes
Launcher Type: SUN_STANDARD

Environment Variables:
PATH=C:\Program Files\NVIDIA GPU Computing Toolkit\CUDA\v10.2\bin;C:\Program Files\NVIDIA GPU Computing Toolkit\CUDA\v10.2\libnvvp;;C:\Program Files (x86)\Common Files\Oracle\Java\javapath;C:\ProgramData\Oracle\Java\javapath;C:\ProgramData\Anaconda3;C:\ProgramData\Anaconda3\Library\mingw-w64\bin;C:\ProgramData\Anaconda3\Library\usr\bin;C:\ProgramData\Anaconda3\Library\bin;C:\ProgramData\Anaconda3\Scripts;C:\WINDOWS\system32;C:\WINDOWS;C:\WINDOWS\System32\Wbem;C:\WINDOWS\System32\WindowsPowerShell\v1.0\;C:\oracle\product\11.2.0\client_1\bin;C:\windows\SysWOW64\;C:\windows\SysWOW64\Wbem;C:\windows\SysWOW64\WindowsPowerShell\v1.0;C:\Program Files\Microsoft Application Virtualization\Sequencer;C:\Program Files\MATLAB\R2017b\runtime\win64;C:\Program Files\MATLAB\R2017b\bin;C:\WINDOWS\System32\OpenSSH\;C:\Program Files\NVIDIA Corporation\Nsight Compute 2019.5.0\;C:\Program Files (x86)\NVIDIA Corporation\PhysX\Common;C:\Program Files\dotnet\;C:\Program Files\Microsoft SQL Server\130\Tools\Binn\;C:\Program Files\Microsoft SQL Server\Client SDK\ODBC\170\Tools\Binn\;C:\Python27;C:\Program Files (x86)\IntelSWTools\sw_dev_tools\tools\DAL_1.1942.1019.110\;C:\Users\sm2983\AppData\Local\Microsoft\WindowsApps;C:\Program Files\Java\jdk1.8.0_111\bin;C:\Qt\Tools\mingw730_64\bin;
USERNAME=sm2983
OS=Windows_NT
PROCESSOR_IDENTIFIER=Intel64 Family 6 Model 94 Stepping 3, GenuineIntel



---------------  S Y S T E M  ---------------

OS: Windows 10.0 , 64 bit Build 17134 (10.0.17134.1425)

CPU:total 8 (4 cores per cpu, 2 threads per core) family 6 model 94 stepping 3, cmov, cx8, fxsr, mmx, sse, sse2, sse3, ssse3, sse4.1, sse4.2, popcnt, avx, avx2, aes, clmul, erms, rtm, 3dnowpref, lzcnt, ht, tsc, tscinvbit, bmi1, bmi2, adx

Memory: 4k page, physical 41830244k(26800824k free), swap 54560696k(5852k free)

vm_info: Java HotSpot(TM) 64-Bit Server VM (25.111-b14) for windows-amd64 JRE (1.8.0_111-b14), built on Sep 22 2016 19:24:05 by "java_re" with MS VC++ 10.0 (VS2010)

time: Sun Jan 31 22:39:58 2021
elapsed time: 113 seconds (0d 0h 1m 53s)

