#
# There is insufficient memory for the Java Runtime Environment to continue.
# Native memory allocation (malloc) failed to allocate 65552 bytes for Chunk::new
# Possible reasons:
#   The system is out of physical RAM or swap space
#   In 32 bit mode, the process size limit was hit
# Possible solutions:
#   Reduce memory load on the system
#   Increase physical memory or swap space
#   Check if swap backing store is full
#   Use 64 bit Java on a 64 bit OS
#   Decrease Java heap size (-Xmx/-Xms)
#   Decrease number of Java threads
#   Decrease Java thread stack sizes (-Xss)
#   Set larger code cache with -XX:ReservedCodeCacheSize=
# This output file may be truncated or incomplete.
#
#  Out of Memory Error (allocation.cpp:390), pid=30632, tid=0x0000000000009e14
#
# JRE version: Java(TM) SE Runtime Environment (8.0_111-b14) (build 1.8.0_111-b14)
# Java VM: Java HotSpot(TM) 64-Bit Server VM (25.111-b14 mixed mode windows-amd64 compressed oops)
# Failed to write core dump. Minidumps are not enabled by default on client versions of Windows
#

---------------  T H R E A D  ---------------

Current thread (0x000000002c600000):  JavaThread "C2 CompilerThread1" daemon [_thread_in_native, id=40468, stack(0x000000002ced0000,0x000000002cfd0000)]

Stack: [0x000000002ced0000,0x000000002cfd0000]
[error occurred during error reporting (printing stack bounds), id 0xc0000005]

Native frames: (J=compiled Java code, j=interpreted, Vv=VM code, C=native code)


Current CompileTask:
C2:   3906 1673       4       simpleactin.Filament::update (1026 bytes)


---------------  P R O C E S S  ---------------

Java Threads: ( => current thread )
  0x00000000009ed800 JavaThread "DestroyJavaVM" [_thread_blocked, id=29252, stack(0x00000000029d0000,0x0000000002ad0000)]
  0x000000002d5eb000 JavaThread "AWT-EventQueue-0" [_thread_in_vm, id=30280, stack(0x000000002e720000,0x000000002e820000)]
  0x000000002c9ca800 JavaThread "AWT-Windows" daemon [_thread_in_native, id=33608, stack(0x000000002df10000,0x000000002e010000)]
  0x000000002c9c6800 JavaThread "AWT-Shutdown" [_thread_blocked, id=28424, stack(0x000000002de10000,0x000000002df10000)]
  0x000000002c9c6000 JavaThread "Java2D Disposer" daemon [_thread_blocked, id=24640, stack(0x000000002dd10000,0x000000002de10000)]
  0x000000002c691000 JavaThread "Service Thread" daemon [_thread_blocked, id=39128, stack(0x000000002d1d0000,0x000000002d2d0000)]
  0x000000002c609000 JavaThread "C1 CompilerThread3" daemon [_thread_in_native, id=24204, stack(0x000000002d0d0000,0x000000002d1d0000)]
  0x000000002c606000 JavaThread "C2 CompilerThread2" daemon [_thread_in_native, id=22300, stack(0x000000002cfd0000,0x000000002d0d0000)]
=>0x000000002c600000 JavaThread "C2 CompilerThread1" daemon [_thread_in_native, id=40468, stack(0x000000002ced0000,0x000000002cfd0000)]
  0x000000002c5f9000 JavaThread "C2 CompilerThread0" daemon [_thread_in_native, id=23532, stack(0x000000002cdd0000,0x000000002ced0000)]
  0x000000002c5f7800 JavaThread "Attach Listener" daemon [_thread_blocked, id=30532, stack(0x000000002ccd0000,0x000000002cdd0000)]
  0x000000002a6ee800 JavaThread "Signal Dispatcher" daemon [_thread_blocked, id=38184, stack(0x000000002cbd0000,0x000000002ccd0000)]
  0x0000000002bde000 JavaThread "Finalizer" daemon [_thread_blocked, id=11324, stack(0x000000002c9d0000,0x000000002cad0000)]
  0x0000000002bd7000 JavaThread "Reference Handler" daemon [_thread_blocked, id=6616, stack(0x000000002c4d0000,0x000000002c5d0000)]

Other Threads:
  0x000000002a6d9000 VMThread [stack: 0x000000002c3d0000,0x000000002c4d0000] [id=26924]
  0x000000002c693000 WatcherThread [stack: 0x000000002d2d0000,0x000000002d3d0000] [id=6116]

VM state:not at safepoint (normal execution)

VM Mutex/Monitor currently owned by a thread: None

Heap:
 PSYoungGen      total 190976K, used 9830K [0x00000006eb380000, 0x00000006f8880000, 0x00000007c0000000)
  eden space 163840K, 6% used [0x00000006eb380000,0x00000006ebd199e0,0x00000006f5380000)
  from space 27136K, 0% used [0x00000006f5380000,0x00000006f5380000,0x00000006f6e00000)
  to   space 27136K, 0% used [0x00000006f6e00000,0x00000006f6e00000,0x00000006f8880000)
 ParOldGen       total 437248K, used 40139K [0x0000000541a00000, 0x000000055c500000, 0x00000006eb380000)
  object space 437248K, 9% used [0x0000000541a00000,0x0000000544132e00,0x000000055c500000)
 Metaspace       used 13994K, capacity 14159K, committed 14336K, reserved 1062912K
  class space    used 1710K, capacity 1776K, committed 1792K, reserved 1048576K

Card table byte_map: [0x0000000011fa0000,0x00000000133a0000] byte_map_base: 0x000000000f593000

Marking Bits: (ParMarkBitMap*) 0x000000005259a6c0
 Begin Bits: [0x00000000148f0000, 0x000000001e888000)
 End Bits:   [0x000000001e888000, 0x0000000028820000)

Polling page: 0x0000000000d50000

CodeCache: size=245760Kb used=6373Kb max_used=6373Kb free=239386Kb
 bounds [0x0000000002be0000, 0x0000000003220000, 0x0000000011be0000]
 total_blobs=2193 nmethods=1683 adapters=422
 compilation: enabled

Compilation events (10 events):
Event: 3.877 Thread 0x000000002c609000 nmethod 1675 0x00000000031f9250 code [0x00000000031f93a0, 0x00000000031f94f0]
Event: 3.877 Thread 0x000000002c609000 1676       3       java.awt.Rectangle::getY (6 bytes)
Event: 3.877 Thread 0x000000002c609000 nmethod 1676 0x00000000031f8f50 code [0x00000000031f90a0, 0x00000000031f91f0]
Event: 3.892 Thread 0x000000002c609000 1678       3       java.util.Formatter$FormatSpecifier::checkBadFlags (39 bytes)
Event: 3.893 Thread 0x000000002c609000 nmethod 1678 0x000000000320a250 code [0x000000000320a400, 0x000000000320a898]
Event: 3.893 Thread 0x000000002c609000 1679       3       java.util.Formatter$FormatSpecifier::leadingSign (82 bytes)
Event: 3.894 Thread 0x000000002c609000 nmethod 1679 0x000000000320ab10 code [0x000000000320ae20, 0x000000000320c7d8]
Event: 3.894 Thread 0x000000002c609000 1681       3       java.awt.Container::getComponents (5 bytes)
Event: 3.895 Thread 0x000000002c609000 nmethod 1681 0x000000000320d950 code [0x000000000320dac0, 0x000000000320dea8]
Event: 3.895 Thread 0x000000002c609000 1680       3       java.util.Formatter$FormatSpecifier::print (946 bytes)

GC Heap History (10 events):
Event: 3.731 GC heap before
{Heap before GC invocations=38 (full 19):
 PSYoungGen      total 190976K, used 2865K [0x00000006eb380000, 0x00000006f8880000, 0x00000007c0000000)
  eden space 163840K, 0% used [0x00000006eb380000,0x00000006eb380000,0x00000006f5380000)
  from space 27136K, 10% used [0x00000006f5380000,0x00000006f564c780,0x00000006f6e00000)
  to   space 27136K, 0% used [0x00000006f6e00000,0x00000006f6e00000,0x00000006f8880000)
 ParOldGen       total 437248K, used 39724K [0x0000000541a00000, 0x000000055c500000, 0x00000006eb380000)
  object space 437248K, 9% used [0x0000000541a00000,0x00000005440cb3d0,0x000000055c500000)
 Metaspace       used 13883K, capacity 14095K, committed 14336K, reserved 1062912K
  class space    used 1703K, capacity 1776K, committed 1792K, reserved 1048576K
Event: 3.755 GC heap after
Heap after GC invocations=38 (full 19):
 PSYoungGen      total 190976K, used 0K [0x00000006eb380000, 0x00000006f8880000, 0x00000007c0000000)
  eden space 163840K, 0% used [0x00000006eb380000,0x00000006eb380000,0x00000006f5380000)
  from space 27136K, 0% used [0x00000006f5380000,0x00000006f5380000,0x00000006f6e00000)
  to   space 27136K, 0% used [0x00000006f6e00000,0x00000006f6e00000,0x00000006f8880000)
 ParOldGen       total 437248K, used 39717K [0x0000000541a00000, 0x000000055c500000, 0x00000006eb380000)
  object space 437248K, 9% used [0x0000000541a00000,0x00000005440c97e8,0x000000055c500000)
 Metaspace       used 13883K, capacity 14095K, committed 14336K, reserved 1062912K
  class space    used 1703K, capacity 1776K, committed 1792K, reserved 1048576K
}
Event: 3.795 GC heap before
{Heap before GC invocations=39 (full 19):
 PSYoungGen      total 190976K, used 10743K [0x00000006eb380000, 0x00000006f8880000, 0x00000007c0000000)
  eden space 163840K, 6% used [0x00000006eb380000,0x00000006ebdfdc60,0x00000006f5380000)
  from space 27136K, 0% used [0x00000006f5380000,0x00000006f5380000,0x00000006f6e00000)
  to   space 27136K, 0% used [0x00000006f6e00000,0x00000006f6e00000,0x00000006f8880000)
 ParOldGen       total 437248K, used 39717K [0x0000000541a00000, 0x000000055c500000, 0x00000006eb380000)
  object space 437248K, 9% used [0x0000000541a00000,0x00000005440c97e8,0x000000055c500000)
 Metaspace       used 13891K, capacity 14095K, committed 14336K, reserved 1062912K
  class space    used 1703K, capacity 1776K, committed 1792K, reserved 1048576K
Event: 3.795 GC heap after
Heap after GC invocations=39 (full 19):
 PSYoungGen      total 190976K, used 1985K [0x00000006eb380000, 0x00000006f8880000, 0x00000007c0000000)
  eden space 163840K, 0% used [0x00000006eb380000,0x00000006eb380000,0x00000006f5380000)
  from space 27136K, 7% used [0x00000006f6e00000,0x00000006f6ff0500,0x00000006f8880000)
  to   space 27136K, 0% used [0x00000006f5380000,0x00000006f5380000,0x00000006f6e00000)
 ParOldGen       total 437248K, used 39725K [0x0000000541a00000, 0x000000055c500000, 0x00000006eb380000)
  object space 437248K, 9% used [0x0000000541a00000,0x00000005440cb7e8,0x000000055c500000)
 Metaspace       used 13891K, capacity 14095K, committed 14336K, reserved 1062912K
  class space    used 1703K, capacity 1776K, committed 1792K, reserved 1048576K
}
Event: 3.795 GC heap before
{Heap before GC invocations=40 (full 20):
 PSYoungGen      total 190976K, used 1985K [0x00000006eb380000, 0x00000006f8880000, 0x00000007c0000000)
  eden space 163840K, 0% used [0x00000006eb380000,0x00000006eb380000,0x00000006f5380000)
  from space 27136K, 7% used [0x00000006f6e00000,0x00000006f6ff0500,0x00000006f8880000)
  to   space 27136K, 0% used [0x00000006f5380000,0x00000006f5380000,0x00000006f6e00000)
 ParOldGen       total 437248K, used 39725K [0x0000000541a00000, 0x000000055c500000, 0x00000006eb380000)
  object space 437248K, 9% used [0x0000000541a00000,0x00000005440cb7e8,0x000000055c500000)
 Metaspace       used 13891K, capacity 14095K, committed 14336K, reserved 1062912K
  class space    used 1703K, capacity 1776K, committed 1792K, reserved 1048576K
Event: 3.808 GC heap after
Heap after GC invocations=40 (full 20):
 PSYoungGen      total 190976K, used 0K [0x00000006eb380000, 0x00000006f8880000, 0x00000007c0000000)
  eden space 163840K, 0% used [0x00000006eb380000,0x00000006eb380000,0x00000006f5380000)
  from space 27136K, 0% used [0x00000006f6e00000,0x00000006f6e00000,0x00000006f8880000)
  to   space 27136K, 0% used [0x00000006f5380000,0x00000006f5380000,0x00000006f6e00000)
 ParOldGen       total 437248K, used 39717K [0x0000000541a00000, 0x000000055c500000, 0x00000006eb380000)
  object space 437248K, 9% used [0x0000000541a00000,0x00000005440c9760,0x000000055c500000)
 Metaspace       used 13891K, capacity 14095K, committed 14336K, reserved 1062912K
  class space    used 1703K, capacity 1776K, committed 1792K, reserved 1048576K
}
Event: 3.845 GC heap before
{Heap before GC invocations=41 (full 20):
 PSYoungGen      total 190976K, used 17460K [0x00000006eb380000, 0x00000006f8880000, 0x00000007c0000000)
  eden space 163840K, 10% used [0x00000006eb380000,0x00000006ec48d338,0x00000006f5380000)
  from space 27136K, 0% used [0x00000006f6e00000,0x00000006f6e00000,0x00000006f8880000)
  to   space 27136K, 0% used [0x00000006f5380000,0x00000006f5380000,0x00000006f6e00000)
 ParOldGen       total 437248K, used 39717K [0x0000000541a00000, 0x000000055c500000, 0x00000006eb380000)
  object space 437248K, 9% used [0x0000000541a00000,0x00000005440c9760,0x000000055c500000)
 Metaspace       used 13912K, capacity 14095K, committed 14336K, reserved 1062912K
  class space    used 1703K, capacity 1776K, committed 1792K, reserved 1048576K
Event: 3.847 GC heap after
Heap after GC invocations=41 (full 20):
 PSYoungGen      total 190976K, used 3309K [0x00000006eb380000, 0x00000006f8880000, 0x00000007c0000000)
  eden space 163840K, 0% used [0x00000006eb380000,0x00000006eb380000,0x00000006f5380000)
  from space 27136K, 12% used [0x00000006f5380000,0x00000006f56bb6f0,0x00000006f6e00000)
  to   space 27136K, 0% used [0x00000006f6e00000,0x00000006f6e00000,0x00000006f8880000)
 ParOldGen       total 437248K, used 39725K [0x0000000541a00000, 0x000000055c500000, 0x00000006eb380000)
  object space 437248K, 9% used [0x0000000541a00000,0x00000005440cb760,0x000000055c500000)
 Metaspace       used 13912K, capacity 14095K, committed 14336K, reserved 1062912K
  class space    used 1703K, capacity 1776K, committed 1792K, reserved 1048576K
}
Event: 3.847 GC heap before
{Heap before GC invocations=42 (full 21):
 PSYoungGen      total 190976K, used 3309K [0x00000006eb380000, 0x00000006f8880000, 0x00000007c0000000)
  eden space 163840K, 0% used [0x00000006eb380000,0x00000006eb380000,0x00000006f5380000)
  from space 27136K, 12% used [0x00000006f5380000,0x00000006f56bb6f0,0x00000006f6e00000)
  to   space 27136K, 0% used [0x00000006f6e00000,0x00000006f6e00000,0x00000006f8880000)
 ParOldGen       total 437248K, used 39725K [0x0000000541a00000, 0x000000055c500000, 0x00000006eb380000)
  object space 437248K, 9% used [0x0000000541a00000,0x00000005440cb760,0x000000055c500000)
 Metaspace       used 13912K, capacity 14095K, committed 14336K, reserved 1062912K
  class space    used 1703K, capacity 1776K, committed 1792K, reserved 1048576K
Event: 3.858 GC heap after
Heap after GC invocations=42 (full 21):
 PSYoungGen      total 190976K, used 0K [0x00000006eb380000, 0x00000006f8880000, 0x00000007c0000000)
  eden space 163840K, 0% used [0x00000006eb380000,0x00000006eb380000,0x00000006f5380000)
  from space 27136K, 0% used [0x00000006f5380000,0x00000006f5380000,0x00000006f6e00000)
  to   space 27136K, 0% used [0x00000006f6e00000,0x00000006f6e00000,0x00000006f8880000)
 ParOldGen       total 437248K, used 40139K [0x0000000541a00000, 0x000000055c500000, 0x00000006eb380000)
  object space 437248K, 9% used [0x0000000541a00000,0x0000000544132e00,0x000000055c500000)
 Metaspace       used 13912K, capacity 14095K, committed 14336K, reserved 1062912K
  class space    used 1703K, capacity 1776K, committed 1792K, reserved 1048576K
}

Deoptimization events (10 events):
Event: 0.649 Thread 0x000000002d5eb000 Uncommon trap: reason=unstable_if action=reinterpret pc=0x0000000002e88054 method=java.awt.Component.isDisplayable()Z @ 4
Event: 0.700 Thread 0x000000002d5eb000 Uncommon trap: reason=unstable_if action=reinterpret pc=0x0000000002f1c194 method=java.util.ArrayList.indexOf(Ljava/lang/Object;)I @ 41
Event: 2.693 Thread 0x000000002d8a7800 Uncommon trap: reason=unstable_if action=reinterpret pc=0x000000000301b434 method=simpleactin.Filament.update(D)V @ 612
Event: 2.697 Thread 0x000000002d8a7800 Uncommon trap: reason=unstable_if action=reinterpret pc=0x000000000301f71c method=simpleactin.Filament.updateSubunits(IID)V @ 649
Event: 2.796 Thread 0x000000002d8a7800 Uncommon trap: reason=unstable_if action=reinterpret pc=0x0000000003017a24 method=simpleactin.Filament.dynamic(Ljava/util/LinkedList;Lsimpleactin/PolymerizationRate;ZD)I @ 295
Event: 3.140 Thread 0x000000002d8a7800 Uncommon trap: reason=unstable_if action=reinterpret pc=0x000000000308e2b0 method=java.lang.StrictMath.floorOrCeil(DDDD)D @ 14
Event: 3.482 Thread 0x000000002d8a7800 Uncommon trap: reason=unstable_if action=reinterpret pc=0x00000000030861dc method=simpleactin.Filament.updateSubunits(IID)V @ 619
Event: 3.632 Thread 0x000000002d8a7800 Uncommon trap: reason=unstable_if action=reinterpret pc=0x0000000003153194 method=sun.font.GlyphList.getGrayBits()[B @ 18
Event: 3.724 Thread 0x000000002d5eb000 Uncommon trap: reason=unstable_if action=reinterpret pc=0x000000000311e080 method=sun.java2d.pipe.PixelToParallelogramConverter.len(DD)D @ 3
Event: 3.859 Thread 0x000000002d8a7800 Uncommon trap: reason=unstable_if action=reinterpret pc=0x00000000031145d4 method=simpleactin.Filament.update(D)V @ 68

Internal exceptions (10 events):
Event: 0.160 Thread 0x00000000009ed800 Exception <a 'java/security/PrivilegedActionException'> (0x00000006ebaa4748) thrown at [C:\re\workspace\8-2-build-windows-amd64-cygwin\jdk8u111\7883\hotspot\src\share\vm\prims\jvm.cpp, line 1386]
Event: 0.161 Thread 0x00000000009ed800 Exception <a 'java/security/PrivilegedActionException'> (0x00000006ebaa4958) thrown at [C:\re\workspace\8-2-build-windows-amd64-cygwin\jdk8u111\7883\hotspot\src\share\vm\prims\jvm.cpp, line 1386]
Event: 0.161 Thread 0x00000000009ed800 Exception <a 'java/security/PrivilegedActionException'> (0x00000006ebaa8840) thrown at [C:\re\workspace\8-2-build-windows-amd64-cygwin\jdk8u111\7883\hotspot\src\share\vm\prims\jvm.cpp, line 1386]
Event: 0.161 Thread 0x00000000009ed800 Exception <a 'java/security/PrivilegedActionException'> (0x00000006ebaa8a50) thrown at [C:\re\workspace\8-2-build-windows-amd64-cygwin\jdk8u111\7883\hotspot\src\share\vm\prims\jvm.cpp, line 1386]
Event: 0.166 Thread 0x00000000009ed800 Exception <a 'java/io/FileNotFoundException'> (0x00000006ebaaacd8) thrown at [C:\re\workspace\8-2-build-windows-amd64-cygwin\jdk8u111\7883\hotspot\src\share\vm\prims\jni.cpp, line 709]
Event: 0.200 Thread 0x00000000009ed800 Exception <a 'java/lang/NoSuchFieldError': method resolution failed> (0x00000006ebb780b0) thrown at [C:\re\workspace\8-2-build-windows-amd64-cygwin\jdk8u111\7883\hotspot\src\share\vm\prims\methodHandles.cpp, line 1146]
Event: 0.202 Thread 0x00000000009ed800 Exception <a 'java/lang/NoSuchFieldError': method resolution failed> (0x00000006ebb85480) thrown at [C:\re\workspace\8-2-build-windows-amd64-cygwin\jdk8u111\7883\hotspot\src\share\vm\prims\methodHandles.cpp, line 1146]
Event: 0.271 Thread 0x00000000009ed800 Exception <a 'java/io/FileNotFoundException'> (0x00000006ebc67960) thrown at [C:\re\workspace\8-2-build-windows-amd64-cygwin\jdk8u111\7883\hotspot\src\share\vm\prims\jni.cpp, line 709]
Event: 0.327 Thread 0x00000000009ed800 Implicit null exception at 0x0000000002d69266 to 0x0000000002d6944d
Event: 3.632 Thread 0x000000002d8a7800 Implicit null exception at 0x0000000003152fb0 to 0x000000000315317d

Events (10 events):
Event: 3.896 loading class javax/accessibility/AccessibleBundle
Event: 3.896 loading class javax/accessibility/AccessibleBundle done
Event: 3.896 loading class javax/accessibility/AccessibleState done
Event: 3.897 Thread 0x000000002d8a7800 Thread exited: 0x000000002d8a7800
Event: 3.902 loading class javax/swing/text/JTextComponent$InputMethodRequestsHandler
Event: 3.902 loading class javax/swing/text/JTextComponent$InputMethodRequestsHandler done
Event: 3.903 loading class javax/swing/TimerQueue
Event: 3.903 loading class javax/swing/TimerQueue done
Event: 3.904 loading class java/util/concurrent/DelayQueue
Event: 3.904 loading class java/util/concurrent/DelayQueue done


Dynamic libraries:
0x00007ff708fb0000 - 0x00007ff708fe7000 	C:\Program Files\Java\jdk1.8.0_111\bin\java.exe
0x00007ffe78320000 - 0x00007ffe78501000 	C:\WINDOWS\SYSTEM32\ntdll.dll
0x00007ffe55460000 - 0x00007ffe55487000 	C:\Program Files\Cylance\Desktop\CyMemDef64.dll
0x00007ffe77a20000 - 0x00007ffe77ad1000 	C:\WINDOWS\System32\KERNEL32.DLL
0x00007ffe75340000 - 0x00007ffe755b3000 	C:\WINDOWS\System32\KERNELBASE.dll
0x00007ffe77970000 - 0x00007ffe77a11000 	C:\WINDOWS\System32\ADVAPI32.dll
0x00007ffe75790000 - 0x00007ffe7582e000 	C:\WINDOWS\System32\msvcrt.dll
0x00007ffe75bb0000 - 0x00007ffe75c0b000 	C:\WINDOWS\System32\sechost.dll
0x00007ffe77820000 - 0x00007ffe77944000 	C:\WINDOWS\System32\RPCRT4.dll
0x00007ffe75830000 - 0x00007ffe759c1000 	C:\WINDOWS\System32\USER32.dll
0x00007ffe752c0000 - 0x00007ffe752e0000 	C:\WINDOWS\System32\win32u.dll
0x00007ffe75ce0000 - 0x00007ffe75d08000 	C:\WINDOWS\System32\GDI32.dll
0x00007ffe75120000 - 0x00007ffe752b3000 	C:\WINDOWS\System32\gdi32full.dll
0x00007ffe75080000 - 0x00007ffe7511f000 	C:\WINDOWS\System32\msvcp_win.dll
0x00007ffe75610000 - 0x00007ffe75708000 	C:\WINDOWS\System32\ucrtbase.dll
0x00007ffe645f0000 - 0x00007ffe64859000 	C:\WINDOWS\WinSxS\amd64_microsoft.windows.common-controls_6595b64144ccf1df_6.0.17134.1845_none_d3ffcfc77c905a82\COMCTL32.dll
0x00007ffe77fb0000 - 0x00007ffe782d1000 	C:\WINDOWS\System32\combase.dll
0x00007ffe75710000 - 0x00007ffe75789000 	C:\WINDOWS\System32\bcryptPrimitives.dll
0x00007ffe759e0000 - 0x00007ffe75a0d000 	C:\WINDOWS\System32\IMM32.DLL
0x0000000051ca0000 - 0x0000000051d72000 	C:\Program Files\Java\jdk1.8.0_111\jre\bin\msvcr100.dll
0x0000000051d80000 - 0x000000005261a000 	C:\Program Files\Java\jdk1.8.0_111\jre\bin\server\jvm.dll
0x00007ffe775f0000 - 0x00007ffe775f8000 	C:\WINDOWS\System32\PSAPI.DLL
0x00007ffe643d0000 - 0x00007ffe643d9000 	C:\WINDOWS\SYSTEM32\WSOCK32.dll
0x00007ffe75c70000 - 0x00007ffe75cdc000 	C:\WINDOWS\System32\WS2_32.dll
0x00007ffe65720000 - 0x00007ffe65743000 	C:\WINDOWS\SYSTEM32\WINMM.dll
0x00007ffe6fe90000 - 0x00007ffe6fe9a000 	C:\WINDOWS\SYSTEM32\VERSION.dll
0x00007ffe654f0000 - 0x00007ffe6551a000 	C:\WINDOWS\SYSTEM32\WINMMBASE.dll
0x00007ffe755c0000 - 0x00007ffe75609000 	C:\WINDOWS\System32\cfgmgr32.dll
0x0000000051c50000 - 0x0000000051c5f000 	C:\Program Files\Java\jdk1.8.0_111\jre\bin\verify.dll
0x0000000051c20000 - 0x0000000051c49000 	C:\Program Files\Java\jdk1.8.0_111\jre\bin\java.dll
0x0000000051c00000 - 0x0000000051c16000 	C:\Program Files\Java\jdk1.8.0_111\jre\bin\zip.dll
0x00007ffe75f60000 - 0x00007ffe773a5000 	C:\WINDOWS\System32\SHELL32.dll
0x00007ffe776a0000 - 0x00007ffe77749000 	C:\WINDOWS\System32\shcore.dll
0x00007ffe748b0000 - 0x00007ffe74fc5000 	C:\WINDOWS\System32\windows.storage.dll
0x00007ffe75c10000 - 0x00007ffe75c61000 	C:\WINDOWS\System32\shlwapi.dll
0x00007ffe74650000 - 0x00007ffe74661000 	C:\WINDOWS\System32\kernel.appcore.dll
0x00007ffe74610000 - 0x00007ffe7462f000 	C:\WINDOWS\System32\profapi.dll
0x00007ffe74670000 - 0x00007ffe746bc000 	C:\WINDOWS\System32\powrprof.dll
0x00007ffe74600000 - 0x00007ffe7460a000 	C:\WINDOWS\System32\FLTLIB.DLL
0x0000000051a20000 - 0x0000000051bb8000 	C:\Program Files\Java\jdk1.8.0_111\jre\bin\awt.dll
0x00007ffe77750000 - 0x00007ffe77812000 	C:\WINDOWS\System32\OLEAUT32.dll
0x00007ffe72730000 - 0x00007ffe727bb000 	C:\WINDOWS\SYSTEM32\apphelp.dll
0x00007ffe728e0000 - 0x00007ffe72978000 	C:\WINDOWS\system32\uxtheme.dll
0x00007ffe77470000 - 0x00007ffe775e4000 	C:\WINDOWS\System32\MSCTF.dll
0x00007ffe72d00000 - 0x00007ffe72d29000 	C:\WINDOWS\system32\dwmapi.dll
0x00007ffe75d10000 - 0x00007ffe75e62000 	C:\WINDOWS\System32\ole32.dll
0x00000000519d0000 - 0x0000000051a17000 	C:\Program Files\Java\jdk1.8.0_111\jre\bin\fontmanager.dll
0x0000000051be0000 - 0x0000000051bfa000 	C:\Program Files\Java\jdk1.8.0_111\jre\bin\net.dll
0x00007ffe73e20000 - 0x00007ffe73e86000 	C:\WINDOWS\system32\mswsock.dll
0x0000000051bc0000 - 0x0000000051bd1000 	C:\Program Files\Java\jdk1.8.0_111\jre\bin\nio.dll
0x0000000051980000 - 0x00000000519c2000 	C:\Program Files\Java\jdk1.8.0_111\jre\bin\t2k.dll
0x00007ffe77600000 - 0x00007ffe776a0000 	C:\WINDOWS\System32\clbcatq.dll
0x00007ffe5ec10000 - 0x00007ffe5edbe000 	C:\WINDOWS\SYSTEM32\WindowsCodecs.dll
0x00007ffe5f980000 - 0x00007ffe5f9d8000 	C:\WINDOWS\system32\dataexchange.dll
0x00007ffe716f0000 - 0x00007ffe719fb000 	C:\WINDOWS\system32\d3d11.dll
0x00007ffe71d10000 - 0x00007ffe71eac000 	C:\WINDOWS\system32\dcomp.dll
0x00007ffe73220000 - 0x00007ffe732db000 	C:\WINDOWS\system32\dxgi.dll
0x00007ffe72b40000 - 0x00007ffe72cff000 	C:\WINDOWS\system32\twinapi.appcore.dll
0x00007ffe72d60000 - 0x00007ffe72d81000 	C:\WINDOWS\system32\RMCLIENT.dll
0x00007ffe5e360000 - 0x00007ffe5e3f6000 	C:\WINDOWS\System32\TextInputFramework.dll
0x00007ffe5e040000 - 0x00007ffe5e35e000 	C:\WINDOWS\System32\CoreUIComponents.dll
0x00007ffe72230000 - 0x00007ffe7230a000 	C:\WINDOWS\System32\CoreMessaging.dll
0x00007ffe732e0000 - 0x00007ffe73311000 	C:\WINDOWS\SYSTEM32\ntmarta.dll
0x00007ffe6ea00000 - 0x00007ffe6eb4d000 	C:\WINDOWS\SYSTEM32\wintypes.dll
0x0000000051940000 - 0x000000005196a000 	C:\Program Files\Java\jdk1.8.0_111\jre\bin\dcpr.dll

VM Arguments:
jvm_args: -Dfile.encoding=UTF-8 
java_command: simpleactin.SimpleActin
java_class_path (initial): C:\Users\sm2983\Documents\NetBeansProjects\Intensity\build\classes;C:\Users\sm2983\Downloads\darcula.jar;C:\Users\sm2983\Downloads\commons-math3-3.6.1.jar;C:\Users\sm2983\Documents\NetBeansProjects\SimpleActin\build\classes
Launcher Type: SUN_STANDARD

Environment Variables:
PATH=C:\Program Files\NVIDIA GPU Computing Toolkit\CUDA\v10.2\bin;C:\Program Files\NVIDIA GPU Computing Toolkit\CUDA\v10.2\libnvvp;;C:\Program Files (x86)\Common Files\Oracle\Java\javapath;C:\ProgramData\Oracle\Java\javapath;C:\ProgramData\Anaconda3;C:\ProgramData\Anaconda3\Library\mingw-w64\bin;C:\ProgramData\Anaconda3\Library\usr\bin;C:\ProgramData\Anaconda3\Library\bin;C:\ProgramData\Anaconda3\Scripts;C:\WINDOWS\system32;C:\WINDOWS;C:\WINDOWS\System32\Wbem;C:\WINDOWS\System32\WindowsPowerShell\v1.0\;C:\oracle\product\11.2.0\client_1\bin;C:\windows\SysWOW64\;C:\windows\SysWOW64\Wbem;C:\windows\SysWOW64\WindowsPowerShell\v1.0;C:\Program Files\Microsoft Application Virtualization\Sequencer;C:\Program Files\MATLAB\R2017b\runtime\win64;C:\Program Files\MATLAB\R2017b\bin;C:\WINDOWS\System32\OpenSSH\;C:\Program Files\NVIDIA Corporation\Nsight Compute 2019.5.0\;C:\Program Files (x86)\NVIDIA Corporation\PhysX\Common;C:\Program Files\dotnet\;C:\Program Files\Microsoft SQL Server\130\Tools\Binn\;C:\Program Files\Microsoft SQL Server\Client SDK\ODBC\170\Tools\Binn\;C:\Python27;C:\Program Files (x86)\IntelSWTools\sw_dev_tools\tools\DAL_1.1942.1019.110\;C:\Users\sm2983\AppData\Local\Microsoft\WindowsApps;C:\Program Files\Java\jdk1.8.0_111\bin;C:\Qt\Tools\mingw730_64\bin;
USERNAME=sm2983
OS=Windows_NT
PROCESSOR_IDENTIFIER=Intel64 Family 6 Model 94 Stepping 3, GenuineIntel



---------------  S Y S T E M  ---------------

OS: Windows 10.0 , 64 bit Build 17134 (10.0.17134.1425)

CPU:total 8 (4 cores per cpu, 2 threads per core) family 6 model 94 stepping 3, cmov, cx8, fxsr, mmx, sse, sse2, sse3, ssse3, sse4.1, sse4.2, popcnt, avx, avx2, aes, clmul, erms, rtm, 3dnowpref, lzcnt, ht, tsc, tscinvbit, bmi1, bmi2, adx

Memory: 4k page, physical 41830244k(23034688k free), swap 48884356k(5128k free)

vm_info: Java HotSpot(TM) 64-Bit Server VM (25.111-b14) for windows-amd64 JRE (1.8.0_111-b14), built on Sep 22 2016 19:24:05 by "java_re" with MS VC++ 10.0 (VS2010)

time: Thu Jan 28 10:12:25 2021
elapsed time: 3 seconds (0d 0h 0m 3s)

