#
# There is insufficient memory for the Java Runtime Environment to continue.
# Native memory allocation (malloc) failed to allocate 32744 bytes for ChunkPool::allocate
# Possible reasons:
#   The system is out of physical RAM or swap space
#   In 32 bit mode, the process size limit was hit
# Possible solutions:
#   Reduce memory load on the system
#   Increase physical memory or swap space
#   Check if swap backing store is full
#   Use 64 bit Java on a 64 bit OS
#   Decrease Java heap size (-Xmx/-Xms)
#   Decrease number of Java threads
#   Decrease Java thread stack sizes (-Xss)
#   Set larger code cache with -XX:ReservedCodeCacheSize=
# This output file may be truncated or incomplete.
#
#  Out of Memory Error (allocation.cpp:273), pid=29172, tid=0x00000000000079e0
#
# JRE version: Java(TM) SE Runtime Environment (8.0_111-b14) (build 1.8.0_111-b14)
# Java VM: Java HotSpot(TM) 64-Bit Server VM (25.111-b14 mixed mode windows-amd64 compressed oops)
# Failed to write core dump. Minidumps are not enabled by default on client versions of Windows
#

---------------  T H R E A D  ---------------

Current thread (0x000000002c069000):  JavaThread "C2 CompilerThread0" daemon [_thread_in_native, id=31200, stack(0x000000002c830000,0x000000002c930000)]

Stack: [0x000000002c830000,0x000000002c930000]
[error occurred during error reporting (printing stack bounds), id 0xc0000005]

Native frames: (J=compiled Java code, j=interpreted, Vv=VM code, C=native code)


Current CompileTask:
C2:  33511 2374       4       simpleactin.MainJFrame::simulate (1525 bytes)


---------------  P R O C E S S  ---------------

Java Threads: ( => current thread )
  0x000000002c1fa000 JavaThread "TimerQueue" daemon [_thread_blocked, id=39732, stack(0x000000002f520000,0x000000002f620000)]
  0x0000000000a6d800 JavaThread "DestroyJavaVM" [_thread_blocked, id=23428, stack(0x0000000002400000,0x0000000002500000)]
  0x000000002d0a7800 JavaThread "AWT-EventQueue-0" [_thread_blocked, id=35328, stack(0x000000002e140000,0x000000002e240000)]
  0x000000002cff1800 JavaThread "AWT-Windows" daemon [_thread_in_native, id=12032, stack(0x000000002d970000,0x000000002da70000)]
  0x000000002cfee000 JavaThread "AWT-Shutdown" [_thread_blocked, id=2124, stack(0x000000002d870000,0x000000002d970000)]
  0x000000002cfed000 JavaThread "Java2D Disposer" daemon [_thread_blocked, id=17452, stack(0x000000002d770000,0x000000002d870000)]
  0x000000002c0a4000 JavaThread "Service Thread" daemon [_thread_blocked, id=6012, stack(0x000000002cc30000,0x000000002cd30000)]
  0x000000002c086800 JavaThread "C1 CompilerThread3" daemon [_thread_blocked, id=24168, stack(0x000000002cb30000,0x000000002cc30000)]
  0x000000002c077800 JavaThread "C2 CompilerThread2" daemon [_thread_blocked, id=28168, stack(0x000000002ca30000,0x000000002cb30000)]
  0x000000002c076800 JavaThread "C2 CompilerThread1" daemon [_thread_blocked, id=32740, stack(0x000000002c930000,0x000000002ca30000)]
=>0x000000002c069000 JavaThread "C2 CompilerThread0" daemon [_thread_in_native, id=31200, stack(0x000000002c830000,0x000000002c930000)]
  0x000000002c068000 JavaThread "Attach Listener" daemon [_thread_blocked, id=20492, stack(0x000000002c730000,0x000000002c830000)]
  0x000000002c067000 JavaThread "Signal Dispatcher" daemon [_thread_blocked, id=28856, stack(0x000000002c630000,0x000000002c730000)]
  0x0000000002669000 JavaThread "Finalizer" daemon [_thread_blocked, id=11780, stack(0x000000002c440000,0x000000002c540000)]
  0x0000000002668000 JavaThread "Reference Handler" daemon [_thread_blocked, id=35416, stack(0x000000002bf40000,0x000000002c040000)]

Other Threads:
  0x000000002a169000 VMThread [stack: 0x000000002be40000,0x000000002bf40000] [id=13264]
  0x000000002c0a6800 WatcherThread [stack: 0x000000002cd30000,0x000000002ce30000] [id=32436]

VM state:not at safepoint (normal execution)

VM Mutex/Monitor currently owned by a thread: None

Heap:
 PSYoungGen      total 941568K, used 36842K [0x00000006eb380000, 0x0000000726380000, 0x00000007c0000000)
  eden space 916480K, 4% used [0x00000006eb380000,0x00000006ed77aa30,0x0000000723280000)
  from space 25088K, 0% used [0x0000000723280000,0x0000000723280000,0x0000000724b00000)
  to   space 23552K, 0% used [0x0000000724c80000,0x0000000724c80000,0x0000000726380000)
 ParOldGen       total 437248K, used 40207K [0x0000000541a00000, 0x000000055c500000, 0x00000006eb380000)
  object space 437248K, 9% used [0x0000000541a00000,0x0000000544143cc8,0x000000055c500000)
 Metaspace       used 14659K, capacity 14831K, committed 15232K, reserved 1062912K
  class space    used 1756K, capacity 1808K, committed 1920K, reserved 1048576K

Card table byte_map: [0x0000000011a30000,0x0000000012e30000] byte_map_base: 0x000000000f023000

Marking Bits: (ParMarkBitMap*) 0x000000005259a6c0
 Begin Bits: [0x0000000014380000, 0x000000001e318000)
 End Bits:   [0x000000001e318000, 0x00000000282b0000)

Polling page: 0x00000000007f0000

CodeCache: size=245760Kb used=7729Kb max_used=7729Kb free=238030Kb
 bounds [0x0000000002670000, 0x0000000002e10000, 0x0000000011670000]
 total_blobs=2648 nmethods=2137 adapters=422
 compilation: enabled

Compilation events (10 events):
Event: 32.472 Thread 0x000000002c076800 nmethod 2427 0x0000000002db5210 code [0x0000000002db5340, 0x0000000002db53d8]
Event: 32.472 Thread 0x000000002c086800 nmethod 2428 0x00000000029ea950 code [0x00000000029eab60, 0x00000000029eb888]
Event: 32.472 Thread 0x000000002c086800 2429       3       java.awt.GradientPaintContext::clipFillRaster (150 bytes)
Event: 32.473 Thread 0x000000002c086800 nmethod 2429 0x0000000002e07a50 code [0x0000000002e07c40, 0x0000000002e082f0]
Event: 32.475 Thread 0x000000002c086800 2430       3       sun.util.locale.LocaleUtils::isAlpha (30 bytes)
Event: 32.475 Thread 0x000000002c086800 nmethod 2430 0x0000000002bcb810 code [0x0000000002bcb960, 0x0000000002bcbb90]
Event: 32.976 Thread 0x000000002c086800 2431       1       javax.swing.TimerQueue$DelayedTimer::getTimer (5 bytes)
Event: 32.977 Thread 0x000000002c086800 nmethod 2431 0x0000000002c57250 code [0x0000000002c573a0, 0x0000000002c574b0]
Event: 32.977 Thread 0x000000002c086800 2432       3       java.awt.Color::<init> (45 bytes)
Event: 32.977 Thread 0x000000002c086800 nmethod 2432 0x00000000029ed150 code [0x00000000029ed2c0, 0x00000000029ed510]

GC Heap History (10 events):
Event: 32.386 GC heap before
{Heap before GC invocations=500 (full 63):
 PSYoungGen      total 941568K, used 2865K [0x00000006eb380000, 0x0000000726380000, 0x00000007c0000000)
  eden space 916480K, 0% used [0x00000006eb380000,0x00000006eb380000,0x0000000723280000)
  from space 25088K, 11% used [0x0000000723280000,0x000000072354c780,0x0000000724b00000)
  to   space 23552K, 0% used [0x0000000724c80000,0x0000000724c80000,0x0000000726380000)
 ParOldGen       total 437248K, used 40207K [0x0000000541a00000, 0x000000055c500000, 0x00000006eb380000)
  object space 437248K, 9% used [0x0000000541a00000,0x0000000544143cc8,0x000000055c500000)
 Metaspace       used 14647K, capacity 14831K, committed 15232K, reserved 1062912K
  class space    used 1756K, capacity 1808K, committed 1920K, reserved 1048576K
Event: 32.404 GC heap after
Heap after GC invocations=500 (full 63):
 PSYoungGen      total 941568K, used 0K [0x00000006eb380000, 0x0000000726380000, 0x00000007c0000000)
  eden space 916480K, 0% used [0x00000006eb380000,0x00000006eb380000,0x0000000723280000)
  from space 25088K, 0% used [0x0000000723280000,0x0000000723280000,0x0000000724b00000)
  to   space 23552K, 0% used [0x0000000724c80000,0x0000000724c80000,0x0000000726380000)
 ParOldGen       total 437248K, used 40207K [0x0000000541a00000, 0x000000055c500000, 0x00000006eb380000)
  object space 437248K, 9% used [0x0000000541a00000,0x0000000544143cc8,0x000000055c500000)
 Metaspace       used 14647K, capacity 14831K, committed 15232K, reserved 1062912K
  class space    used 1756K, capacity 1808K, committed 1920K, reserved 1048576K
}
Event: 32.416 GC heap before
{Heap before GC invocations=501 (full 63):
 PSYoungGen      total 941568K, used 9164K [0x00000006eb380000, 0x0000000726380000, 0x00000007c0000000)
  eden space 916480K, 1% used [0x00000006eb380000,0x00000006ebc73360,0x0000000723280000)
  from space 25088K, 0% used [0x0000000723280000,0x0000000723280000,0x0000000724b00000)
  to   space 23552K, 0% used [0x0000000724c80000,0x0000000724c80000,0x0000000726380000)
 ParOldGen       total 437248K, used 40207K [0x0000000541a00000, 0x000000055c500000, 0x00000006eb380000)
  object space 437248K, 9% used [0x0000000541a00000,0x0000000544143cc8,0x000000055c500000)
 Metaspace       used 14647K, capacity 14831K, committed 15232K, reserved 1062912K
  class space    used 1756K, capacity 1808K, committed 1920K, reserved 1048576K
Event: 32.417 GC heap after
Heap after GC invocations=501 (full 63):
 PSYoungGen      total 940032K, used 2897K [0x00000006eb380000, 0x0000000726380000, 0x00000007c0000000)
  eden space 916480K, 0% used [0x00000006eb380000,0x00000006eb380000,0x0000000723280000)
  from space 23552K, 12% used [0x0000000724c80000,0x0000000724f54780,0x0000000726380000)
  to   space 25088K, 0% used [0x0000000723280000,0x0000000723280000,0x0000000724b00000)
 ParOldGen       total 437248K, used 40207K [0x0000000541a00000, 0x000000055c500000, 0x00000006eb380000)
  object space 437248K, 9% used [0x0000000541a00000,0x0000000544143cc8,0x000000055c500000)
 Metaspace       used 14647K, capacity 14831K, committed 15232K, reserved 1062912K
  class space    used 1756K, capacity 1808K, committed 1920K, reserved 1048576K
}
Event: 32.417 GC heap before
{Heap before GC invocations=502 (full 64):
 PSYoungGen      total 940032K, used 2897K [0x00000006eb380000, 0x0000000726380000, 0x00000007c0000000)
  eden space 916480K, 0% used [0x00000006eb380000,0x00000006eb380000,0x0000000723280000)
  from space 23552K, 12% used [0x0000000724c80000,0x0000000724f54780,0x0000000726380000)
  to   space 25088K, 0% used [0x0000000723280000,0x0000000723280000,0x0000000724b00000)
 ParOldGen       total 437248K, used 40207K [0x0000000541a00000, 0x000000055c500000, 0x00000006eb380000)
  object space 437248K, 9% used [0x0000000541a00000,0x0000000544143cc8,0x000000055c500000)
 Metaspace       used 14647K, capacity 14831K, committed 15232K, reserved 1062912K
  class space    used 1756K, capacity 1808K, committed 1920K, reserved 1048576K
Event: 32.435 GC heap after
Heap after GC invocations=502 (full 64):
 PSYoungGen      total 940032K, used 0K [0x00000006eb380000, 0x0000000726380000, 0x00000007c0000000)
  eden space 916480K, 0% used [0x00000006eb380000,0x00000006eb380000,0x0000000723280000)
  from space 23552K, 0% used [0x0000000724c80000,0x0000000724c80000,0x0000000726380000)
  to   space 25088K, 0% used [0x0000000723280000,0x0000000723280000,0x0000000724b00000)
 ParOldGen       total 437248K, used 40207K [0x0000000541a00000, 0x000000055c500000, 0x00000006eb380000)
  object space 437248K, 9% used [0x0000000541a00000,0x0000000544143cc8,0x000000055c500000)
 Metaspace       used 14647K, capacity 14831K, committed 15232K, reserved 1062912K
  class space    used 1756K, capacity 1808K, committed 1920K, reserved 1048576K
}
Event: 32.442 GC heap before
{Heap before GC invocations=503 (full 64):
 PSYoungGen      total 940032K, used 9164K [0x00000006eb380000, 0x0000000726380000, 0x00000007c0000000)
  eden space 916480K, 1% used [0x00000006eb380000,0x00000006ebc73360,0x0000000723280000)
  from space 23552K, 0% used [0x0000000724c80000,0x0000000724c80000,0x0000000726380000)
  to   space 25088K, 0% used [0x0000000723280000,0x0000000723280000,0x0000000724b00000)
 ParOldGen       total 437248K, used 40207K [0x0000000541a00000, 0x000000055c500000, 0x00000006eb380000)
  object space 437248K, 9% used [0x0000000541a00000,0x0000000544143cc8,0x000000055c500000)
 Metaspace       used 14647K, capacity 14831K, committed 15232K, reserved 1062912K
  class space    used 1756K, capacity 1808K, committed 1920K, reserved 1048576K
Event: 32.443 GC heap after
Heap after GC invocations=503 (full 64):
 PSYoungGen      total 941568K, used 2865K [0x00000006eb380000, 0x0000000726380000, 0x00000007c0000000)
  eden space 916480K, 0% used [0x00000006eb380000,0x00000006eb380000,0x0000000723280000)
  from space 25088K, 11% used [0x0000000723280000,0x000000072354c780,0x0000000724b00000)
  to   space 23552K, 0% used [0x0000000724c80000,0x0000000724c80000,0x0000000726380000)
 ParOldGen       total 437248K, used 40207K [0x0000000541a00000, 0x000000055c500000, 0x00000006eb380000)
  object space 437248K, 9% used [0x0000000541a00000,0x0000000544143cc8,0x000000055c500000)
 Metaspace       used 14647K, capacity 14831K, committed 15232K, reserved 1062912K
  class space    used 1756K, capacity 1808K, committed 1920K, reserved 1048576K
}
Event: 32.443 GC heap before
{Heap before GC invocations=504 (full 65):
 PSYoungGen      total 941568K, used 2865K [0x00000006eb380000, 0x0000000726380000, 0x00000007c0000000)
  eden space 916480K, 0% used [0x00000006eb380000,0x00000006eb380000,0x0000000723280000)
  from space 25088K, 11% used [0x0000000723280000,0x000000072354c780,0x0000000724b00000)
  to   space 23552K, 0% used [0x0000000724c80000,0x0000000724c80000,0x0000000726380000)
 ParOldGen       total 437248K, used 40207K [0x0000000541a00000, 0x000000055c500000, 0x00000006eb380000)
  object space 437248K, 9% used [0x0000000541a00000,0x0000000544143cc8,0x000000055c500000)
 Metaspace       used 14647K, capacity 14831K, committed 15232K, reserved 1062912K
  class space    used 1756K, capacity 1808K, committed 1920K, reserved 1048576K
Event: 32.462 GC heap after
Heap after GC invocations=504 (full 65):
 PSYoungGen      total 941568K, used 0K [0x00000006eb380000, 0x0000000726380000, 0x00000007c0000000)
  eden space 916480K, 0% used [0x00000006eb380000,0x00000006eb380000,0x0000000723280000)
  from space 25088K, 0% used [0x0000000723280000,0x0000000723280000,0x0000000724b00000)
  to   space 23552K, 0% used [0x0000000724c80000,0x0000000724c80000,0x0000000726380000)
 ParOldGen       total 437248K, used 40207K [0x0000000541a00000, 0x000000055c500000, 0x00000006eb380000)
  object space 437248K, 9% used [0x0000000541a00000,0x0000000544143cc8,0x000000055c500000)
 Metaspace       used 14647K, capacity 14831K, committed 15232K, reserved 1062912K
  class space    used 1756K, capacity 1808K, committed 1920K, reserved 1048576K
}

Deoptimization events (10 events):
Event: 25.278 Thread 0x000000002c200800 Uncommon trap: reason=unstable_if action=reinterpret pc=0x00000000027838c4 method=simpleactin.Filament.isTagged()I @ 33
Event: 25.396 Thread 0x000000002c200800 Uncommon trap: reason=unstable_if action=reinterpret pc=0x0000000002c3ce7c method=simpleactin.Filament.update(D)V @ 4
Event: 25.492 Thread 0x000000002c200800 Uncommon trap: reason=unstable_if action=reinterpret pc=0x0000000002c64218 method=simpleactin.Filament.update(D)V @ 788
Event: 25.970 Thread 0x000000002c200800 Uncommon trap: reason=unstable_if action=reinterpret pc=0x0000000002c79648 method=simpleactin.Filament.update(D)V @ 649
Event: 26.101 Thread 0x000000002c200800 Uncommon trap: reason=unstable_if action=reinterpret pc=0x0000000002cf3078 method=simpleactin.Filament.update(D)V @ 638
Event: 26.424 Thread 0x000000002c200800 Uncommon trap: reason=unstable_if action=reinterpret pc=0x0000000002ccb54c method=simpleactin.MainJFrame.simulate(Lsimpleactin/PolymerizationRate;Lsimpleactin/PolymerizationRate;Lsimpleactin/ReactionRate;Lsimpleactin/ReactionRate;Lsimpleactin/ReactionRate
Event: 26.694 Thread 0x000000002c200800 Uncommon trap: reason=unstable_if action=reinterpret pc=0x0000000002c04248 method=simpleactin.Filament.updateSubunits(IID)V @ 545
Event: 32.255 Thread 0x0000000031961800 Uncommon trap: reason=unstable_if action=reinterpret pc=0x0000000002bb9244 method=simpleactin.MainJFrame.simulate(Lsimpleactin/PolymerizationRate;Lsimpleactin/PolymerizationRate;Lsimpleactin/ReactionRate;Lsimpleactin/ReactionRate;Lsimpleactin/ReactionRate
Event: 32.284 Thread 0x0000000031961800 Uncommon trap: reason=unstable_if action=reinterpret pc=0x0000000002cd4a70 method=simpleactin.Filament.remove(DLsimpleactin/SubUnit;)V @ 12
Event: 32.467 Thread 0x000000002d0a7800 Uncommon trap: reason=unstable_if action=reinterpret pc=0x0000000002a4b6dc method=java.awt.Container.findComponentAtImpl(IIZ)Ljava/awt/Component; @ 24

Internal exceptions (10 events):
Event: 0.042 Thread 0x0000000000a6d800 Exception <a 'java/lang/NoSuchMethodError': Method sun.misc.Unsafe.prefetchRead(Ljava/lang/Object;J)V name or signature does not match> (0x00000006eb387f60) thrown at [C:\re\workspace\8-2-build-windows-amd64-cygwin\jdk8u111\7883\hotspot\src\share\vm\prims
Event: 0.144 Thread 0x0000000000a6d800 Exception <a 'java/security/PrivilegedActionException'> (0x00000006ebaa4748) thrown at [C:\re\workspace\8-2-build-windows-amd64-cygwin\jdk8u111\7883\hotspot\src\share\vm\prims\jvm.cpp, line 1386]
Event: 0.144 Thread 0x0000000000a6d800 Exception <a 'java/security/PrivilegedActionException'> (0x00000006ebaa4958) thrown at [C:\re\workspace\8-2-build-windows-amd64-cygwin\jdk8u111\7883\hotspot\src\share\vm\prims\jvm.cpp, line 1386]
Event: 0.145 Thread 0x0000000000a6d800 Exception <a 'java/security/PrivilegedActionException'> (0x00000006ebaa8840) thrown at [C:\re\workspace\8-2-build-windows-amd64-cygwin\jdk8u111\7883\hotspot\src\share\vm\prims\jvm.cpp, line 1386]
Event: 0.145 Thread 0x0000000000a6d800 Exception <a 'java/security/PrivilegedActionException'> (0x00000006ebaa8a50) thrown at [C:\re\workspace\8-2-build-windows-amd64-cygwin\jdk8u111\7883\hotspot\src\share\vm\prims\jvm.cpp, line 1386]
Event: 0.149 Thread 0x0000000000a6d800 Exception <a 'java/io/FileNotFoundException'> (0x00000006ebaaacd8) thrown at [C:\re\workspace\8-2-build-windows-amd64-cygwin\jdk8u111\7883\hotspot\src\share\vm\prims\jni.cpp, line 709]
Event: 0.183 Thread 0x0000000000a6d800 Exception <a 'java/lang/NoSuchFieldError': method resolution failed> (0x00000006ebb78388) thrown at [C:\re\workspace\8-2-build-windows-amd64-cygwin\jdk8u111\7883\hotspot\src\share\vm\prims\methodHandles.cpp, line 1146]
Event: 0.184 Thread 0x0000000000a6d800 Exception <a 'java/lang/NoSuchFieldError': method resolution failed> (0x00000006ebb85758) thrown at [C:\re\workspace\8-2-build-windows-amd64-cygwin\jdk8u111\7883\hotspot\src\share\vm\prims\methodHandles.cpp, line 1146]
Event: 0.249 Thread 0x0000000000a6d800 Exception <a 'java/io/FileNotFoundException'> (0x00000006ebc67c38) thrown at [C:\re\workspace\8-2-build-windows-amd64-cygwin\jdk8u111\7883\hotspot\src\share\vm\prims\jni.cpp, line 709]
Event: 0.306 Thread 0x0000000000a6d800 Implicit null exception at 0x00000000027fae26 to 0x00000000027fb00d

Events (10 events):
Event: 32.416 Executing VM operation: ParallelGCSystemGC
Event: 32.435 Executing VM operation: ParallelGCSystemGC done
Event: 32.442 Executing VM operation: ParallelGCSystemGC
Event: 32.462 Executing VM operation: ParallelGCSystemGC done
Event: 32.467 Thread 0x000000002d0a7800 Uncommon trap: trap_request=0xffffff65 fr.pc=0x0000000002a4b6dc
Event: 32.467 Thread 0x000000002d0a7800 DEOPT PACKING pc=0x0000000002a4b6dc sp=0x000000002e23c4d0
Event: 32.467 Thread 0x000000002d0a7800 DEOPT UNPACKING pc=0x00000000026b582a sp=0x000000002e23c458 mode 2
Event: 32.468 Executing VM operation: RevokeBias
Event: 32.469 Executing VM operation: RevokeBias done
Event: 32.469 Thread 0x0000000031961800 Thread exited: 0x0000000031961800


Dynamic libraries:
0x00007ff708fb0000 - 0x00007ff708fe7000 	C:\Program Files\Java\jdk1.8.0_111\bin\java.exe
0x00007ffe78320000 - 0x00007ffe78501000 	C:\WINDOWS\SYSTEM32\ntdll.dll
0x00007ffe55460000 - 0x00007ffe55487000 	C:\Program Files\Cylance\Desktop\CyMemDef64.dll
0x00007ffe77a20000 - 0x00007ffe77ad1000 	C:\WINDOWS\System32\KERNEL32.DLL
0x00007ffe75340000 - 0x00007ffe755b3000 	C:\WINDOWS\System32\KERNELBASE.dll
0x00007ffe77970000 - 0x00007ffe77a11000 	C:\WINDOWS\System32\ADVAPI32.dll
0x00007ffe75790000 - 0x00007ffe7582e000 	C:\WINDOWS\System32\msvcrt.dll
0x00007ffe75bb0000 - 0x00007ffe75c0b000 	C:\WINDOWS\System32\sechost.dll
0x00007ffe77820000 - 0x00007ffe77944000 	C:\WINDOWS\System32\RPCRT4.dll
0x00007ffe75830000 - 0x00007ffe759c1000 	C:\WINDOWS\System32\USER32.dll
0x00007ffe752c0000 - 0x00007ffe752e0000 	C:\WINDOWS\System32\win32u.dll
0x00007ffe75ce0000 - 0x00007ffe75d08000 	C:\WINDOWS\System32\GDI32.dll
0x00007ffe75120000 - 0x00007ffe752b3000 	C:\WINDOWS\System32\gdi32full.dll
0x00007ffe75080000 - 0x00007ffe7511f000 	C:\WINDOWS\System32\msvcp_win.dll
0x00007ffe75610000 - 0x00007ffe75708000 	C:\WINDOWS\System32\ucrtbase.dll
0x00007ffe645f0000 - 0x00007ffe64859000 	C:\WINDOWS\WinSxS\amd64_microsoft.windows.common-controls_6595b64144ccf1df_6.0.17134.1845_none_d3ffcfc77c905a82\COMCTL32.dll
0x00007ffe77fb0000 - 0x00007ffe782d1000 	C:\WINDOWS\System32\combase.dll
0x00007ffe75710000 - 0x00007ffe75789000 	C:\WINDOWS\System32\bcryptPrimitives.dll
0x00007ffe759e0000 - 0x00007ffe75a0d000 	C:\WINDOWS\System32\IMM32.DLL
0x0000000051ca0000 - 0x0000000051d72000 	C:\Program Files\Java\jdk1.8.0_111\jre\bin\msvcr100.dll
0x0000000051d80000 - 0x000000005261a000 	C:\Program Files\Java\jdk1.8.0_111\jre\bin\server\jvm.dll
0x00007ffe775f0000 - 0x00007ffe775f8000 	C:\WINDOWS\System32\PSAPI.DLL
0x00007ffe643d0000 - 0x00007ffe643d9000 	C:\WINDOWS\SYSTEM32\WSOCK32.dll
0x00007ffe75c70000 - 0x00007ffe75cdc000 	C:\WINDOWS\System32\WS2_32.dll
0x00007ffe65720000 - 0x00007ffe65743000 	C:\WINDOWS\SYSTEM32\WINMM.dll
0x00007ffe6fe90000 - 0x00007ffe6fe9a000 	C:\WINDOWS\SYSTEM32\VERSION.dll
0x00007ffe654f0000 - 0x00007ffe6551a000 	C:\WINDOWS\SYSTEM32\WINMMBASE.dll
0x00007ffe755c0000 - 0x00007ffe75609000 	C:\WINDOWS\System32\cfgmgr32.dll
0x0000000051c50000 - 0x0000000051c5f000 	C:\Program Files\Java\jdk1.8.0_111\jre\bin\verify.dll
0x0000000051c20000 - 0x0000000051c49000 	C:\Program Files\Java\jdk1.8.0_111\jre\bin\java.dll
0x0000000051c00000 - 0x0000000051c16000 	C:\Program Files\Java\jdk1.8.0_111\jre\bin\zip.dll
0x00007ffe75f60000 - 0x00007ffe773a5000 	C:\WINDOWS\System32\SHELL32.dll
0x00007ffe776a0000 - 0x00007ffe77749000 	C:\WINDOWS\System32\shcore.dll
0x00007ffe748b0000 - 0x00007ffe74fc5000 	C:\WINDOWS\System32\windows.storage.dll
0x00007ffe75c10000 - 0x00007ffe75c61000 	C:\WINDOWS\System32\shlwapi.dll
0x00007ffe74650000 - 0x00007ffe74661000 	C:\WINDOWS\System32\kernel.appcore.dll
0x00007ffe74610000 - 0x00007ffe7462f000 	C:\WINDOWS\System32\profapi.dll
0x00007ffe74670000 - 0x00007ffe746bc000 	C:\WINDOWS\System32\powrprof.dll
0x00007ffe74600000 - 0x00007ffe7460a000 	C:\WINDOWS\System32\FLTLIB.DLL
0x0000000051a20000 - 0x0000000051bb8000 	C:\Program Files\Java\jdk1.8.0_111\jre\bin\awt.dll
0x00007ffe77750000 - 0x00007ffe77812000 	C:\WINDOWS\System32\OLEAUT32.dll
0x00007ffe72730000 - 0x00007ffe727bb000 	C:\WINDOWS\SYSTEM32\apphelp.dll
0x00007ffe728e0000 - 0x00007ffe72978000 	C:\WINDOWS\system32\uxtheme.dll
0x00007ffe77470000 - 0x00007ffe775e4000 	C:\WINDOWS\System32\MSCTF.dll
0x00007ffe72d00000 - 0x00007ffe72d29000 	C:\WINDOWS\system32\dwmapi.dll
0x00007ffe75d10000 - 0x00007ffe75e62000 	C:\WINDOWS\System32\ole32.dll
0x00000000519d0000 - 0x0000000051a17000 	C:\Program Files\Java\jdk1.8.0_111\jre\bin\fontmanager.dll
0x0000000051be0000 - 0x0000000051bfa000 	C:\Program Files\Java\jdk1.8.0_111\jre\bin\net.dll
0x00007ffe73e20000 - 0x00007ffe73e86000 	C:\WINDOWS\system32\mswsock.dll
0x0000000051bc0000 - 0x0000000051bd1000 	C:\Program Files\Java\jdk1.8.0_111\jre\bin\nio.dll
0x0000000051980000 - 0x00000000519c2000 	C:\Program Files\Java\jdk1.8.0_111\jre\bin\t2k.dll
0x00007ffe77600000 - 0x00007ffe776a0000 	C:\WINDOWS\System32\clbcatq.dll
0x00007ffe5ec10000 - 0x00007ffe5edbe000 	C:\WINDOWS\SYSTEM32\WindowsCodecs.dll
0x00007ffe5f980000 - 0x00007ffe5f9d8000 	C:\WINDOWS\system32\dataexchange.dll
0x00007ffe716f0000 - 0x00007ffe719fb000 	C:\WINDOWS\system32\d3d11.dll
0x00007ffe71d10000 - 0x00007ffe71eac000 	C:\WINDOWS\system32\dcomp.dll
0x00007ffe73220000 - 0x00007ffe732db000 	C:\WINDOWS\system32\dxgi.dll
0x00007ffe72b40000 - 0x00007ffe72cff000 	C:\WINDOWS\system32\twinapi.appcore.dll
0x00007ffe72d60000 - 0x00007ffe72d81000 	C:\WINDOWS\system32\RMCLIENT.dll
0x00007ffe5e360000 - 0x00007ffe5e3f6000 	C:\WINDOWS\System32\TextInputFramework.dll
0x00007ffe5e040000 - 0x00007ffe5e35e000 	C:\WINDOWS\System32\CoreUIComponents.dll
0x00007ffe72230000 - 0x00007ffe7230a000 	C:\WINDOWS\System32\CoreMessaging.dll
0x00007ffe732e0000 - 0x00007ffe73311000 	C:\WINDOWS\SYSTEM32\ntmarta.dll
0x00007ffe6ea00000 - 0x00007ffe6eb4d000 	C:\WINDOWS\SYSTEM32\wintypes.dll
0x0000000051940000 - 0x000000005196a000 	C:\Program Files\Java\jdk1.8.0_111\jre\bin\dcpr.dll

VM Arguments:
jvm_args: -Dfile.encoding=UTF-8 
java_command: simpleactin.SimpleActin
java_class_path (initial): C:\Users\sm2983\Documents\NetBeansProjects\Intensity\build\classes;C:\Users\sm2983\Downloads\darcula.jar;C:\Users\sm2983\Downloads\commons-math3-3.6.1.jar;C:\Users\sm2983\Documents\NetBeansProjects\SimpleActin\build\classes
Launcher Type: SUN_STANDARD

Environment Variables:
PATH=C:\Program Files\NVIDIA GPU Computing Toolkit\CUDA\v10.2\bin;C:\Program Files\NVIDIA GPU Computing Toolkit\CUDA\v10.2\libnvvp;;C:\Program Files (x86)\Common Files\Oracle\Java\javapath;C:\ProgramData\Oracle\Java\javapath;C:\ProgramData\Anaconda3;C:\ProgramData\Anaconda3\Library\mingw-w64\bin;C:\ProgramData\Anaconda3\Library\usr\bin;C:\ProgramData\Anaconda3\Library\bin;C:\ProgramData\Anaconda3\Scripts;C:\WINDOWS\system32;C:\WINDOWS;C:\WINDOWS\System32\Wbem;C:\WINDOWS\System32\WindowsPowerShell\v1.0\;C:\oracle\product\11.2.0\client_1\bin;C:\windows\SysWOW64\;C:\windows\SysWOW64\Wbem;C:\windows\SysWOW64\WindowsPowerShell\v1.0;C:\Program Files\Microsoft Application Virtualization\Sequencer;C:\Program Files\MATLAB\R2017b\runtime\win64;C:\Program Files\MATLAB\R2017b\bin;C:\WINDOWS\System32\OpenSSH\;C:\Program Files\NVIDIA Corporation\Nsight Compute 2019.5.0\;C:\Program Files (x86)\NVIDIA Corporation\PhysX\Common;C:\Program Files\dotnet\;C:\Program Files\Microsoft SQL Server\130\Tools\Binn\;C:\Program Files\Microsoft SQL Server\Client SDK\ODBC\170\Tools\Binn\;C:\Python27;C:\Program Files (x86)\IntelSWTools\sw_dev_tools\tools\DAL_1.1942.1019.110\;C:\Users\sm2983\AppData\Local\Microsoft\WindowsApps;C:\Program Files\Java\jdk1.8.0_111\bin;C:\Qt\Tools\mingw730_64\bin;
USERNAME=sm2983
OS=Windows_NT
PROCESSOR_IDENTIFIER=Intel64 Family 6 Model 94 Stepping 3, GenuineIntel



---------------  S Y S T E M  ---------------

OS: Windows 10.0 , 64 bit Build 17134 (10.0.17134.1425)

CPU:total 8 (4 cores per cpu, 2 threads per core) family 6 model 94 stepping 3, cmov, cx8, fxsr, mmx, sse, sse2, sse3, ssse3, sse4.1, sse4.2, popcnt, avx, avx2, aes, clmul, erms, rtm, 3dnowpref, lzcnt, ht, tsc, tscinvbit, bmi1, bmi2, adx

Memory: 4k page, physical 41830244k(23991636k free), swap 55870200k(5120k free)

vm_info: Java HotSpot(TM) 64-Bit Server VM (25.111-b14) for windows-amd64 JRE (1.8.0_111-b14), built on Sep 22 2016 19:24:05 by "java_re" with MS VC++ 10.0 (VS2010)

time: Tue Feb 02 15:38:49 2021
elapsed time: 33 seconds (0d 0h 0m 33s)

