#
# There is insufficient memory for the Java Runtime Environment to continue.
# Native memory allocation (malloc) failed to allocate 32744 bytes for ChunkPool::allocate
# Possible reasons:
#   The system is out of physical RAM or swap space
#   In 32 bit mode, the process size limit was hit
# Possible solutions:
#   Reduce memory load on the system
#   Increase physical memory or swap space
#   Check if swap backing store is full
#   Use 64 bit Java on a 64 bit OS
#   Decrease Java heap size (-Xmx/-Xms)
#   Decrease number of Java threads
#   Decrease Java thread stack sizes (-Xss)
#   Set larger code cache with -XX:ReservedCodeCacheSize=
# This output file may be truncated or incomplete.
#
#  Out of Memory Error (allocation.cpp:273), pid=17448, tid=0x0000000000004e70
#
# JRE version: Java(TM) SE Runtime Environment (8.0_111-b14) (build 1.8.0_111-b14)
# Java VM: Java HotSpot(TM) 64-Bit Server VM (25.111-b14 mixed mode windows-amd64 compressed oops)
# Failed to write core dump. Minidumps are not enabled by default on client versions of Windows
#

---------------  T H R E A D  ---------------

Current thread (0x000000002bf39000):  JavaThread "C2 CompilerThread0" daemon [_thread_in_native, id=20080, stack(0x000000002c700000,0x000000002c800000)]

Stack: [0x000000002c700000,0x000000002c800000]
[error occurred during error reporting (printing stack bounds), id 0xc0000005]

Native frames: (J=compiled Java code, j=interpreted, Vv=VM code, C=native code)


Current CompileTask:
C2:  28514 2297       4       javax.swing.GroupLayout$BaselineGroup::calculateSize (71 bytes)


---------------  P R O C E S S  ---------------

Java Threads: ( => current thread )
  0x000000002d0b7800 JavaThread "Thread-2" [_thread_in_native, id=9488, stack(0x000000002f590000,0x000000002f690000)]
  0x000000002d402000 JavaThread "TimerQueue" daemon [_thread_blocked, id=33736, stack(0x000000002f490000,0x000000002f590000)]
  0x000000002d32b000 JavaThread "Darcula Animations" daemon [_thread_blocked, id=7856, stack(0x000000002f390000,0x000000002f490000)]
  0x000000000231d800 JavaThread "DestroyJavaVM" [_thread_blocked, id=27340, stack(0x0000000002170000,0x0000000002270000)]
  0x000000002cf8a800 JavaThread "AWT-EventQueue-0" [_thread_blocked, id=25720, stack(0x000000002df90000,0x000000002e090000)]
  0x000000002ced5800 JavaThread "AWT-Windows" daemon [_thread_in_native, id=40744, stack(0x000000002d840000,0x000000002d940000)]
  0x000000002ced0000 JavaThread "AWT-Shutdown" [_thread_blocked, id=28792, stack(0x000000002d740000,0x000000002d840000)]
  0x000000002cecf000 JavaThread "Java2D Disposer" daemon [_thread_blocked, id=3864, stack(0x000000002d640000,0x000000002d740000)]
  0x000000002bfd9800 JavaThread "Service Thread" daemon [_thread_blocked, id=33668, stack(0x000000002cb00000,0x000000002cc00000)]
  0x000000002bf4a000 JavaThread "C1 CompilerThread3" daemon [_thread_blocked, id=35028, stack(0x000000002ca00000,0x000000002cb00000)]
  0x000000002bf46000 JavaThread "C2 CompilerThread2" daemon [_thread_blocked, id=36300, stack(0x000000002c900000,0x000000002ca00000)]
  0x000000002bf40000 JavaThread "C2 CompilerThread1" daemon [_thread_in_native, id=33316, stack(0x000000002c800000,0x000000002c900000)]
=>0x000000002bf39000 JavaThread "C2 CompilerThread0" daemon [_thread_in_native, id=20080, stack(0x000000002c700000,0x000000002c800000)]
  0x000000002bf37800 JavaThread "Attach Listener" daemon [_thread_blocked, id=33216, stack(0x000000002c600000,0x000000002c700000)]
  0x000000002a02e800 JavaThread "Signal Dispatcher" daemon [_thread_blocked, id=30328, stack(0x000000002c500000,0x000000002c600000)]
  0x000000000251e000 JavaThread "Finalizer" daemon [_thread_blocked, id=24380, stack(0x000000002c310000,0x000000002c410000)]
  0x0000000002517000 JavaThread "Reference Handler" daemon [_thread_blocked, id=34080, stack(0x000000002be10000,0x000000002bf10000)]

Other Threads:
  0x000000002a019000 VMThread [stack: 0x000000002bd10000,0x000000002be10000] [id=9564]
  0x000000002bff3800 WatcherThread [stack: 0x000000002cc00000,0x000000002cd00000] [id=11776]

VM state:not at safepoint (normal execution)

VM Mutex/Monitor currently owned by a thread: None

Heap:
 PSYoungGen      total 1841664K, used 75096K [0x00000006eb380000, 0x000000075c600000, 0x00000007c0000000)
  eden space 1829376K, 3% used [0x00000006eb380000,0x00000006efaf5c00,0x000000075ae00000)
  from space 12288K, 15% used [0x000000075ae00000,0x000000075afe0500,0x000000075ba00000)
  to   space 11776K, 0% used [0x000000075ba80000,0x000000075ba80000,0x000000075c600000)
 ParOldGen       total 437248K, used 39805K [0x0000000541a00000, 0x000000055c500000, 0x00000006eb380000)
  object space 437248K, 9% used [0x0000000541a00000,0x00000005440df498,0x000000055c500000)
 Metaspace       used 14790K, capacity 15023K, committed 15232K, reserved 1062912K
  class space    used 1784K, capacity 1872K, committed 1920K, reserved 1048576K

Card table byte_map: [0x00000000118e0000,0x0000000012ce0000] byte_map_base: 0x000000000eed3000

Marking Bits: (ParMarkBitMap*) 0x000000005259a6c0
 Begin Bits: [0x0000000014230000, 0x000000001e1c8000)
 End Bits:   [0x000000001e1c8000, 0x0000000028160000)

Polling page: 0x00000000008d0000

CodeCache: size=245760Kb used=7294Kb max_used=7328Kb free=238465Kb
 bounds [0x0000000002520000, 0x0000000002c60000, 0x0000000011520000]
 total_blobs=2549 nmethods=2035 adapters=425
 compilation: enabled

Compilation events (10 events):
Event: 28.455 Thread 0x000000002bf4a000 nmethod 2299 0x000000000281c190 code [0x000000000281c2e0, 0x000000000281c430]
Event: 28.456 Thread 0x000000002bf39000 nmethod 2288 0x000000000280b1d0 code [0x000000000280b340, 0x000000000280b7a8]
Event: 28.456 Thread 0x000000002bf39000 2296       4       javax.swing.GroupLayout$ParallelGroup::calculateMinimumSize (19 bytes)
Event: 28.457 Thread 0x000000002bf39000 nmethod 2296 0x000000000280ae10 code [0x000000000280af60, 0x000000000280b068]
Event: 28.457 Thread 0x000000002bf39000 2298       4       javax.swing.GroupLayout$AutoPreferredGapSpring::calculateMaximumSize (25 bytes)
Event: 28.458 Thread 0x000000002bf39000 nmethod 2298 0x000000000289f610 code [0x000000000289f740, 0x000000000289f818]
Event: 28.459 Thread 0x000000002bf39000 2297       4       javax.swing.GroupLayout$BaselineGroup::calculateSize (71 bytes)
Event: 28.464 Thread 0x000000002bf46000 nmethod 2290 0x000000000280d6d0 code [0x000000000280d8a0, 0x000000000280e258]
Event: 28.464 Thread 0x000000002bf46000 2300       4       simpleactin.SubUnit::addListener (10 bytes)
Event: 28.466 Thread 0x000000002bf46000 nmethod 2300 0x0000000002906110 code [0x0000000002906260, 0x00000000029063d8]

GC Heap History (10 events):
Event: 28.414 GC heap before
{Heap before GC invocations=437 (full 139):
 PSYoungGen      total 1841664K, used 75128K [0x00000006eb380000, 0x000000075c600000, 0x00000007c0000000)
  eden space 1829376K, 3% used [0x00000006eb380000,0x00000006efaf5c00,0x000000075ae00000)
  from space 12288K, 15% used [0x000000075ae00000,0x000000075afe8500,0x000000075ba00000)
  to   space 11776K, 0% used [0x000000075ba80000,0x000000075ba80000,0x000000075c600000)
 ParOldGen       total 437248K, used 39804K [0x0000000541a00000, 0x000000055c500000, 0x00000006eb380000)
  object space 437248K, 9% used [0x0000000541a00000,0x00000005440df330,0x000000055c500000)
 Metaspace       used 14782K, capacity 15023K, committed 15232K, reserved 1062912K
  class space    used 1784K, capacity 1872K, committed 1920K, reserved 1048576K
Event: 28.415 GC heap after
Heap after GC invocations=437 (full 139):
 PSYoungGen      total 1841152K, used 1921K [0x00000006eb380000, 0x000000075c600000, 0x00000007c0000000)
  eden space 1829376K, 0% used [0x00000006eb380000,0x00000006eb380000,0x000000075ae00000)
  from space 11776K, 16% used [0x000000075ba80000,0x000000075bc60500,0x000000075c600000)
  to   space 12288K, 0% used [0x000000075ae00000,0x000000075ae00000,0x000000075ba00000)
 ParOldGen       total 437248K, used 39812K [0x0000000541a00000, 0x000000055c500000, 0x00000006eb380000)
  object space 437248K, 9% used [0x0000000541a00000,0x00000005440e1330,0x000000055c500000)
 Metaspace       used 14782K, capacity 15023K, committed 15232K, reserved 1062912K
  class space    used 1784K, capacity 1872K, committed 1920K, reserved 1048576K
}
Event: 28.435 GC heap before
{Heap before GC invocations=438 (full 139):
 PSYoungGen      total 1841152K, used 75096K [0x00000006eb380000, 0x000000075c600000, 0x00000007c0000000)
  eden space 1829376K, 3% used [0x00000006eb380000,0x00000006efaf5c00,0x000000075ae00000)
  from space 11776K, 16% used [0x000000075ba80000,0x000000075bc60500,0x000000075c600000)
  to   space 12288K, 0% used [0x000000075ae00000,0x000000075ae00000,0x000000075ba00000)
 ParOldGen       total 437248K, used 39812K [0x0000000541a00000, 0x000000055c500000, 0x00000006eb380000)
  object space 437248K, 9% used [0x0000000541a00000,0x00000005440e1330,0x000000055c500000)
 Metaspace       used 14788K, capacity 15023K, committed 15232K, reserved 1062912K
  class space    used 1784K, capacity 1872K, committed 1920K, reserved 1048576K
Event: 28.436 GC heap after
Heap after GC invocations=438 (full 139):
 PSYoungGen      total 1841664K, used 1953K [0x00000006eb380000, 0x000000075c600000, 0x00000007c0000000)
  eden space 1829376K, 0% used [0x00000006eb380000,0x00000006eb380000,0x000000075ae00000)
  from space 12288K, 15% used [0x000000075ae00000,0x000000075afe8500,0x000000075ba00000)
  to   space 11776K, 0% used [0x000000075ba80000,0x000000075ba80000,0x000000075c600000)
 ParOldGen       total 437248K, used 39820K [0x0000000541a00000, 0x000000055c500000, 0x00000006eb380000)
  object space 437248K, 9% used [0x0000000541a00000,0x00000005440e3330,0x000000055c500000)
 Metaspace       used 14788K, capacity 15023K, committed 15232K, reserved 1062912K
  class space    used 1784K, capacity 1872K, committed 1920K, reserved 1048576K
}
Event: 28.436 GC heap before
{Heap before GC invocations=439 (full 140):
 PSYoungGen      total 1841664K, used 1953K [0x00000006eb380000, 0x000000075c600000, 0x00000007c0000000)
  eden space 1829376K, 0% used [0x00000006eb380000,0x00000006eb380000,0x000000075ae00000)
  from space 12288K, 15% used [0x000000075ae00000,0x000000075afe8500,0x000000075ba00000)
  to   space 11776K, 0% used [0x000000075ba80000,0x000000075ba80000,0x000000075c600000)
 ParOldGen       total 437248K, used 39820K [0x0000000541a00000, 0x000000055c500000, 0x00000006eb380000)
  object space 437248K, 9% used [0x0000000541a00000,0x00000005440e3330,0x000000055c500000)
 Metaspace       used 14788K, capacity 15023K, committed 15232K, reserved 1062912K
  class space    used 1784K, capacity 1872K, committed 1920K, reserved 1048576K
Event: 28.452 GC heap after
Heap after GC invocations=439 (full 140):
 PSYoungGen      total 1841664K, used 0K [0x00000006eb380000, 0x000000075c600000, 0x00000007c0000000)
  eden space 1829376K, 0% used [0x00000006eb380000,0x00000006eb380000,0x000000075ae00000)
  from space 12288K, 0% used [0x000000075ae00000,0x000000075ae00000,0x000000075ba00000)
  to   space 11776K, 0% used [0x000000075ba80000,0x000000075ba80000,0x000000075c600000)
 ParOldGen       total 437248K, used 39797K [0x0000000541a00000, 0x000000055c500000, 0x00000006eb380000)
  object space 437248K, 9% used [0x0000000541a00000,0x00000005440dd498,0x000000055c500000)
 Metaspace       used 14788K, capacity 15023K, committed 15232K, reserved 1062912K
  class space    used 1784K, capacity 1872K, committed 1920K, reserved 1048576K
}
Event: 28.479 GC heap before
{Heap before GC invocations=440 (full 140):
 PSYoungGen      total 1841664K, used 73175K [0x00000006eb380000, 0x000000075c600000, 0x00000007c0000000)
  eden space 1829376K, 3% used [0x00000006eb380000,0x00000006efaf5c00,0x000000075ae00000)
  from space 12288K, 0% used [0x000000075ae00000,0x000000075ae00000,0x000000075ba00000)
  to   space 11776K, 0% used [0x000000075ba80000,0x000000075ba80000,0x000000075c600000)
 ParOldGen       total 437248K, used 39797K [0x0000000541a00000, 0x000000055c500000, 0x00000006eb380000)
  object space 437248K, 9% used [0x0000000541a00000,0x00000005440dd498,0x000000055c500000)
 Metaspace       used 14790K, capacity 15023K, committed 15232K, reserved 1062912K
  class space    used 1784K, capacity 1872K, committed 1920K, reserved 1048576K
Event: 28.482 GC heap after
Heap after GC invocations=440 (full 140):
 PSYoungGen      total 1841152K, used 976K [0x00000006eb380000, 0x000000075c600000, 0x00000007c0000000)
  eden space 1829376K, 0% used [0x00000006eb380000,0x00000006eb380000,0x000000075ae00000)
  from space 11776K, 8% used [0x000000075ba80000,0x000000075bb74280,0x000000075c600000)
  to   space 12288K, 0% used [0x000000075ae00000,0x000000075ae00000,0x000000075ba00000)
 ParOldGen       total 437248K, used 39797K [0x0000000541a00000, 0x000000055c500000, 0x00000006eb380000)
  object space 437248K, 9% used [0x0000000541a00000,0x00000005440dd498,0x000000055c500000)
 Metaspace       used 14790K, capacity 15023K, committed 15232K, reserved 1062912K
  class space    used 1784K, capacity 1872K, committed 1920K, reserved 1048576K
}
Event: 28.499 GC heap before
{Heap before GC invocations=441 (full 140):
 PSYoungGen      total 1841152K, used 74151K [0x00000006eb380000, 0x000000075c600000, 0x00000007c0000000)
  eden space 1829376K, 3% used [0x00000006eb380000,0x00000006efaf5bf8,0x000000075ae00000)
  from space 11776K, 8% used [0x000000075ba80000,0x000000075bb74280,0x000000075c600000)
  to   space 12288K, 0% used [0x000000075ae00000,0x000000075ae00000,0x000000075ba00000)
 ParOldGen       total 437248K, used 39797K [0x0000000541a00000, 0x000000055c500000, 0x00000006eb380000)
  object space 437248K, 9% used [0x0000000541a00000,0x00000005440dd498,0x000000055c500000)
 Metaspace       used 14790K, capacity 15023K, committed 15232K, reserved 1062912K
  class space    used 1784K, capacity 1872K, committed 1920K, reserved 1048576K
Event: 28.506 GC heap after
Heap after GC invocations=441 (full 140):
 PSYoungGen      total 1841664K, used 1921K [0x00000006eb380000, 0x000000075c600000, 0x00000007c0000000)
  eden space 1829376K, 0% used [0x00000006eb380000,0x00000006eb380000,0x000000075ae00000)
  from space 12288K, 15% used [0x000000075ae00000,0x000000075afe0500,0x000000075ba00000)
  to   space 11776K, 0% used [0x000000075ba80000,0x000000075ba80000,0x000000075c600000)
 ParOldGen       total 437248K, used 39805K [0x0000000541a00000, 0x000000055c500000, 0x00000006eb380000)
  object space 437248K, 9% used [0x0000000541a00000,0x00000005440df498,0x000000055c500000)
 Metaspace       used 14790K, capacity 15023K, committed 15232K, reserved 1062912K
  class space    used 1784K, capacity 1872K, committed 1920K, reserved 1048576K
}

Deoptimization events (10 events):
Event: 19.410 Thread 0x000000002d0b7800 Uncommon trap: reason=unstable_if action=reinterpret pc=0x0000000002a56ef0 method=simpleactin.Filament.dynamic(Ljava/util/LinkedList;Lsimpleactin/PolymerizationRate;ZD)I @ 26
Event: 19.413 Thread 0x000000002d0b7800 Uncommon trap: reason=unstable_if action=reinterpret pc=0x0000000002a8ed08 method=simpleactin.Filament.updateSubunits(IID)V @ 545
Event: 19.472 Thread 0x000000002d0b7800 Uncommon trap: reason=unstable_if action=reinterpret pc=0x0000000002a98c00 method=simpleactin.Protein.update(D)Z @ 278
Event: 19.549 Thread 0x000000002d0b7800 Uncommon trap: reason=unstable_if action=reinterpret pc=0x0000000002afb5e8 method=simpleactin.Protein.update(D)Z @ 229
Event: 19.571 Thread 0x000000002d0b7800 Uncommon trap: reason=unstable_if action=reinterpret pc=0x0000000002a94628 method=simpleactin.Filament.update(D)V @ 638
Event: 19.679 Thread 0x000000002d0b7800 Uncommon trap: reason=unstable_if action=reinterpret pc=0x0000000002ae57c0 method=simpleactin.Filament.dynamic(Ljava/util/LinkedList;Lsimpleactin/PolymerizationRate;ZD)I @ 295
Event: 19.896 Thread 0x000000002d0b7800 Uncommon trap: reason=unstable_if action=reinterpret pc=0x0000000002b1eff8 method=simpleactin.Protein.update(D)Z @ 95
Event: 20.130 Thread 0x000000002d0b7800 Uncommon trap: reason=unstable_if action=reinterpret pc=0x0000000002b3f1dc method=simpleactin.Filament.update(D)V @ 68
Event: 23.827 Thread 0x000000002d0b7800 Uncommon trap: reason=unstable_if action=reinterpret pc=0x0000000002c11fcc method=simpleactin.MainJFrame.calChi(Ljava/util/LinkedList;I)D @ 142
Event: 27.814 Thread 0x000000002d0b7800 Uncommon trap: reason=unstable_if action=reinterpret pc=0x0000000002a10874 method=org.apache.commons.math3.util.FastMath.log(D[D)D @ 141

Internal exceptions (10 events):
Event: 0.180 Thread 0x000000000231d800 Exception <a 'java/security/PrivilegedActionException'> (0x00000006ebaa4748) thrown at [C:\re\workspace\8-2-build-windows-amd64-cygwin\jdk8u111\7883\hotspot\src\share\vm\prims\jvm.cpp, line 1386]
Event: 0.180 Thread 0x000000000231d800 Exception <a 'java/security/PrivilegedActionException'> (0x00000006ebaa4958) thrown at [C:\re\workspace\8-2-build-windows-amd64-cygwin\jdk8u111\7883\hotspot\src\share\vm\prims\jvm.cpp, line 1386]
Event: 0.181 Thread 0x000000000231d800 Exception <a 'java/security/PrivilegedActionException'> (0x00000006ebaa8840) thrown at [C:\re\workspace\8-2-build-windows-amd64-cygwin\jdk8u111\7883\hotspot\src\share\vm\prims\jvm.cpp, line 1386]
Event: 0.181 Thread 0x000000000231d800 Exception <a 'java/security/PrivilegedActionException'> (0x00000006ebaa8a50) thrown at [C:\re\workspace\8-2-build-windows-amd64-cygwin\jdk8u111\7883\hotspot\src\share\vm\prims\jvm.cpp, line 1386]
Event: 0.186 Thread 0x000000000231d800 Exception <a 'java/io/FileNotFoundException'> (0x00000006ebaaacd8) thrown at [C:\re\workspace\8-2-build-windows-amd64-cygwin\jdk8u111\7883\hotspot\src\share\vm\prims\jni.cpp, line 709]
Event: 0.230 Thread 0x000000000231d800 Exception <a 'java/lang/NoSuchFieldError': method resolution failed> (0x00000006ebb78388) thrown at [C:\re\workspace\8-2-build-windows-amd64-cygwin\jdk8u111\7883\hotspot\src\share\vm\prims\methodHandles.cpp, line 1146]
Event: 0.235 Thread 0x000000000231d800 Exception <a 'java/lang/NoSuchFieldError': method resolution failed> (0x00000006ebb85758) thrown at [C:\re\workspace\8-2-build-windows-amd64-cygwin\jdk8u111\7883\hotspot\src\share\vm\prims\methodHandles.cpp, line 1146]
Event: 0.327 Thread 0x000000000231d800 Exception <a 'java/io/FileNotFoundException'> (0x00000006ebc67c38) thrown at [C:\re\workspace\8-2-build-windows-amd64-cygwin\jdk8u111\7883\hotspot\src\share\vm\prims\jni.cpp, line 709]
Event: 0.404 Thread 0x000000000231d800 Implicit null exception at 0x00000000026b2266 to 0x00000000026b244d
Event: 3.167 Thread 0x000000002cf8a800 Implicit null exception at 0x00000000027e0530 to 0x00000000027e058c

Events (10 events):
Event: 28.479 Executing VM operation: ParallelGCSystemGC
Event: 28.482 Executing VM operation: ParallelGCSystemGC done
Event: 28.482 Thread 0x000000002d0b7800 DEOPT PACKING pc=0x0000000002a6ad09 sp=0x000000002f68ec90
Event: 28.482 Thread 0x000000002d0b7800 DEOPT UNPACKING pc=0x000000000256787f sp=0x000000002f68f0e8 mode 0
Event: 28.495 Thread 0x000000002d0b7800 DEOPT PACKING pc=0x0000000002a6ad09 sp=0x000000002f68ec90
Event: 28.495 Thread 0x000000002d0b7800 DEOPT UNPACKING pc=0x000000000256787f sp=0x000000002f68f0e8 mode 0
Event: 28.499 Executing VM operation: ParallelGCSystemGC
Event: 28.499 Executing VM operation: ParallelGCSystemGC done
Event: 28.499 Executing VM operation: ParallelGCSystemGC
Event: 28.506 Executing VM operation: ParallelGCSystemGC done


Dynamic libraries:
0x00007ff708fb0000 - 0x00007ff708fe7000 	C:\Program Files\Java\jdk1.8.0_111\bin\java.exe
0x00007ffe78320000 - 0x00007ffe78501000 	C:\WINDOWS\SYSTEM32\ntdll.dll
0x00007ffe55460000 - 0x00007ffe55487000 	C:\Program Files\Cylance\Desktop\CyMemDef64.dll
0x00007ffe77a20000 - 0x00007ffe77ad1000 	C:\WINDOWS\System32\KERNEL32.DLL
0x00007ffe75340000 - 0x00007ffe755b3000 	C:\WINDOWS\System32\KERNELBASE.dll
0x00007ffe77970000 - 0x00007ffe77a11000 	C:\WINDOWS\System32\ADVAPI32.dll
0x00007ffe75790000 - 0x00007ffe7582e000 	C:\WINDOWS\System32\msvcrt.dll
0x00007ffe75bb0000 - 0x00007ffe75c0b000 	C:\WINDOWS\System32\sechost.dll
0x00007ffe77820000 - 0x00007ffe77944000 	C:\WINDOWS\System32\RPCRT4.dll
0x00007ffe75830000 - 0x00007ffe759c1000 	C:\WINDOWS\System32\USER32.dll
0x00007ffe752c0000 - 0x00007ffe752e0000 	C:\WINDOWS\System32\win32u.dll
0x00007ffe75ce0000 - 0x00007ffe75d08000 	C:\WINDOWS\System32\GDI32.dll
0x00007ffe75120000 - 0x00007ffe752b3000 	C:\WINDOWS\System32\gdi32full.dll
0x00007ffe75080000 - 0x00007ffe7511f000 	C:\WINDOWS\System32\msvcp_win.dll
0x00007ffe75610000 - 0x00007ffe75708000 	C:\WINDOWS\System32\ucrtbase.dll
0x00007ffe645f0000 - 0x00007ffe64859000 	C:\WINDOWS\WinSxS\amd64_microsoft.windows.common-controls_6595b64144ccf1df_6.0.17134.1845_none_d3ffcfc77c905a82\COMCTL32.dll
0x00007ffe77fb0000 - 0x00007ffe782d1000 	C:\WINDOWS\System32\combase.dll
0x00007ffe75710000 - 0x00007ffe75789000 	C:\WINDOWS\System32\bcryptPrimitives.dll
0x00007ffe759e0000 - 0x00007ffe75a0d000 	C:\WINDOWS\System32\IMM32.DLL
0x0000000051ca0000 - 0x0000000051d72000 	C:\Program Files\Java\jdk1.8.0_111\jre\bin\msvcr100.dll
0x0000000051d80000 - 0x000000005261a000 	C:\Program Files\Java\jdk1.8.0_111\jre\bin\server\jvm.dll
0x00007ffe775f0000 - 0x00007ffe775f8000 	C:\WINDOWS\System32\PSAPI.DLL
0x00007ffe643d0000 - 0x00007ffe643d9000 	C:\WINDOWS\SYSTEM32\WSOCK32.dll
0x00007ffe75c70000 - 0x00007ffe75cdc000 	C:\WINDOWS\System32\WS2_32.dll
0x00007ffe65720000 - 0x00007ffe65743000 	C:\WINDOWS\SYSTEM32\WINMM.dll
0x00007ffe6fe90000 - 0x00007ffe6fe9a000 	C:\WINDOWS\SYSTEM32\VERSION.dll
0x00007ffe654f0000 - 0x00007ffe6551a000 	C:\WINDOWS\SYSTEM32\WINMMBASE.dll
0x00007ffe755c0000 - 0x00007ffe75609000 	C:\WINDOWS\System32\cfgmgr32.dll
0x0000000051c50000 - 0x0000000051c5f000 	C:\Program Files\Java\jdk1.8.0_111\jre\bin\verify.dll
0x0000000051c20000 - 0x0000000051c49000 	C:\Program Files\Java\jdk1.8.0_111\jre\bin\java.dll
0x0000000051c00000 - 0x0000000051c16000 	C:\Program Files\Java\jdk1.8.0_111\jre\bin\zip.dll
0x00007ffe75f60000 - 0x00007ffe773a5000 	C:\WINDOWS\System32\SHELL32.dll
0x00007ffe776a0000 - 0x00007ffe77749000 	C:\WINDOWS\System32\shcore.dll
0x00007ffe748b0000 - 0x00007ffe74fc5000 	C:\WINDOWS\System32\windows.storage.dll
0x00007ffe75c10000 - 0x00007ffe75c61000 	C:\WINDOWS\System32\shlwapi.dll
0x00007ffe74650000 - 0x00007ffe74661000 	C:\WINDOWS\System32\kernel.appcore.dll
0x00007ffe74610000 - 0x00007ffe7462f000 	C:\WINDOWS\System32\profapi.dll
0x00007ffe74670000 - 0x00007ffe746bc000 	C:\WINDOWS\System32\powrprof.dll
0x00007ffe74600000 - 0x00007ffe7460a000 	C:\WINDOWS\System32\FLTLIB.DLL
0x0000000051a20000 - 0x0000000051bb8000 	C:\Program Files\Java\jdk1.8.0_111\jre\bin\awt.dll
0x00007ffe77750000 - 0x00007ffe77812000 	C:\WINDOWS\System32\OLEAUT32.dll
0x00007ffe72730000 - 0x00007ffe727bb000 	C:\WINDOWS\SYSTEM32\apphelp.dll
0x00007ffe728e0000 - 0x00007ffe72978000 	C:\WINDOWS\system32\uxtheme.dll
0x00007ffe77470000 - 0x00007ffe775e4000 	C:\WINDOWS\System32\MSCTF.dll
0x00007ffe72d00000 - 0x00007ffe72d29000 	C:\WINDOWS\system32\dwmapi.dll
0x00007ffe75d10000 - 0x00007ffe75e62000 	C:\WINDOWS\System32\ole32.dll
0x00000000519d0000 - 0x0000000051a17000 	C:\Program Files\Java\jdk1.8.0_111\jre\bin\fontmanager.dll
0x0000000051be0000 - 0x0000000051bfa000 	C:\Program Files\Java\jdk1.8.0_111\jre\bin\net.dll
0x00007ffe73e20000 - 0x00007ffe73e86000 	C:\WINDOWS\system32\mswsock.dll
0x0000000051bc0000 - 0x0000000051bd1000 	C:\Program Files\Java\jdk1.8.0_111\jre\bin\nio.dll
0x0000000051980000 - 0x00000000519c2000 	C:\Program Files\Java\jdk1.8.0_111\jre\bin\t2k.dll
0x00007ffe77600000 - 0x00007ffe776a0000 	C:\WINDOWS\System32\clbcatq.dll
0x00007ffe5ec10000 - 0x00007ffe5edbe000 	C:\WINDOWS\SYSTEM32\WindowsCodecs.dll
0x00007ffe5f980000 - 0x00007ffe5f9d8000 	C:\WINDOWS\system32\dataexchange.dll
0x00007ffe716f0000 - 0x00007ffe719fb000 	C:\WINDOWS\system32\d3d11.dll
0x00007ffe71d10000 - 0x00007ffe71eac000 	C:\WINDOWS\system32\dcomp.dll
0x00007ffe73220000 - 0x00007ffe732db000 	C:\WINDOWS\system32\dxgi.dll
0x00007ffe72b40000 - 0x00007ffe72cff000 	C:\WINDOWS\system32\twinapi.appcore.dll
0x00007ffe72d60000 - 0x00007ffe72d81000 	C:\WINDOWS\system32\RMCLIENT.dll
0x00007ffe5e360000 - 0x00007ffe5e3f6000 	C:\WINDOWS\System32\TextInputFramework.dll
0x00007ffe5e040000 - 0x00007ffe5e35e000 	C:\WINDOWS\System32\CoreUIComponents.dll
0x00007ffe72230000 - 0x00007ffe7230a000 	C:\WINDOWS\System32\CoreMessaging.dll
0x00007ffe732e0000 - 0x00007ffe73311000 	C:\WINDOWS\SYSTEM32\ntmarta.dll
0x00007ffe6ea00000 - 0x00007ffe6eb4d000 	C:\WINDOWS\SYSTEM32\wintypes.dll
0x0000000051940000 - 0x000000005196a000 	C:\Program Files\Java\jdk1.8.0_111\jre\bin\dcpr.dll

VM Arguments:
jvm_args: -Dfile.encoding=UTF-8 
java_command: simpleactin.SimpleActin
java_class_path (initial): C:\Users\sm2983\Documents\NetBeansProjects\Intensity\build\classes;C:\Users\sm2983\Downloads\darcula.jar;C:\Users\sm2983\Downloads\commons-math3-3.6.1.jar;C:\Users\sm2983\Documents\NetBeansProjects\SimpleActin\build\classes
Launcher Type: SUN_STANDARD

Environment Variables:
PATH=C:\Program Files\NVIDIA GPU Computing Toolkit\CUDA\v10.2\bin;C:\Program Files\NVIDIA GPU Computing Toolkit\CUDA\v10.2\libnvvp;;C:\Program Files (x86)\Common Files\Oracle\Java\javapath;C:\ProgramData\Oracle\Java\javapath;C:\ProgramData\Anaconda3;C:\ProgramData\Anaconda3\Library\mingw-w64\bin;C:\ProgramData\Anaconda3\Library\usr\bin;C:\ProgramData\Anaconda3\Library\bin;C:\ProgramData\Anaconda3\Scripts;C:\WINDOWS\system32;C:\WINDOWS;C:\WINDOWS\System32\Wbem;C:\WINDOWS\System32\WindowsPowerShell\v1.0\;C:\oracle\product\11.2.0\client_1\bin;C:\windows\SysWOW64\;C:\windows\SysWOW64\Wbem;C:\windows\SysWOW64\WindowsPowerShell\v1.0;C:\Program Files\Microsoft Application Virtualization\Sequencer;C:\Program Files\MATLAB\R2017b\runtime\win64;C:\Program Files\MATLAB\R2017b\bin;C:\WINDOWS\System32\OpenSSH\;C:\Program Files\NVIDIA Corporation\Nsight Compute 2019.5.0\;C:\Program Files (x86)\NVIDIA Corporation\PhysX\Common;C:\Program Files\dotnet\;C:\Program Files\Microsoft SQL Server\130\Tools\Binn\;C:\Program Files\Microsoft SQL Server\Client SDK\ODBC\170\Tools\Binn\;C:\Python27;C:\Program Files (x86)\IntelSWTools\sw_dev_tools\tools\DAL_1.1942.1019.110\;C:\Users\sm2983\AppData\Local\Microsoft\WindowsApps;C:\Program Files\Java\jdk1.8.0_111\bin;C:\Qt\Tools\mingw730_64\bin;
USERNAME=sm2983
OS=Windows_NT
PROCESSOR_IDENTIFIER=Intel64 Family 6 Model 94 Stepping 3, GenuineIntel



---------------  S Y S T E M  ---------------

OS: Windows 10.0 , 64 bit Build 17134 (10.0.17134.1425)

CPU:total 8 (4 cores per cpu, 2 threads per core) family 6 model 94 stepping 3, cmov, cx8, fxsr, mmx, sse, sse2, sse3, ssse3, sse4.1, sse4.2, popcnt, avx, avx2, aes, clmul, erms, rtm, 3dnowpref, lzcnt, ht, tsc, tscinvbit, bmi1, bmi2, adx

Memory: 4k page, physical 41830244k(26703388k free), swap 48981276k(5124k free)

vm_info: Java HotSpot(TM) 64-Bit Server VM (25.111-b14) for windows-amd64 JRE (1.8.0_111-b14), built on Sep 22 2016 19:24:05 by "java_re" with MS VC++ 10.0 (VS2010)

time: Sun Jan 31 11:50:45 2021
elapsed time: 28 seconds (0d 0h 0m 28s)

