#
# There is insufficient memory for the Java Runtime Environment to continue.
# Native memory allocation (mmap) failed to map 671088640 bytes for Failed to commit area from 0x0000000581a00000 to 0x00000005a9a00000 of length 671088640.
# Possible reasons:
#   The system is out of physical RAM or swap space
#   The process is running with CompressedOops enabled, and the Java Heap may be blocking the growth of the native heap
# Possible solutions:
#   Reduce memory load on the system
#   Increase physical memory or swap space
#   Check if swap backing store is full
#   Decrease Java heap size (-Xmx/-Xms)
#   Decrease number of Java threads
#   Decrease Java thread stack sizes (-Xss)
#   Set larger code cache with -XX:ReservedCodeCacheSize=
# This output file may be truncated or incomplete.
#
#  Out of Memory Error (t:/workspace/open/src/hotspot/os/windows/os_windows.cpp:3264), pid=9864, tid=10168
#
# JRE version:  (12.0.2+10) (build )
# Java VM: Java HotSpot(TM) 64-Bit Server VM (12.0.2+10, mixed mode, aot, sharing, tiered, compressed oops, g1 gc, windows-amd64)
# No core dump will be written. Minidumps are not enabled by default on client versions of Windows
#

---------------  S U M M A R Y ------------

Command Line: -Dfile.encoding=UTF-8 --module-path=C:\Users\sm2983\Documents\NetBeansProjects\SimpleActin\build\classes simpleactin.SimpleActin

Host: Intel(R) Core(TM) i7-6700 CPU @ 3.40GHz, 8 cores, 39G,  Windows 10 , 64 bit Build 17134 (10.0.17134.1425)
Time: Sat Sep 25 20:31:21 2021 Eastern Daylight Time elapsed time: 0 seconds (0d 0h 0m 0s)

---------------  T H R E A D  ---------------

Current thread (0x00000280cb1f7800):  JavaThread "Unknown thread" [_thread_in_vm, id=10168, stack(0x000000c2a3a00000,0x000000c2a3b00000)]

Stack: [0x000000c2a3a00000,0x000000c2a3b00000]
Native frames: (J=compiled Java code, j=interpreted, Vv=VM code, C=native code)
V  [jvm.dll+0x63aa2a]
V  [jvm.dll+0x78ce1e]
V  [jvm.dll+0x78e4c1]
V  [jvm.dll+0x78eb13]
V  [jvm.dll+0x2627e8]
V  [jvm.dll+0x637f5a]
V  [jvm.dll+0x62c845]
V  [jvm.dll+0x31e49c]
V  [jvm.dll+0x31e2cf]
V  [jvm.dll+0x324006]
V  [jvm.dll+0x371f56]
V  [jvm.dll+0x371720]
V  [jvm.dll+0x2f845a]
V  [jvm.dll+0x2f96d2]
V  [jvm.dll+0x767267]
V  [jvm.dll+0x7689f5]
V  [jvm.dll+0x380059]
V  [jvm.dll+0x74b794]
V  [jvm.dll+0x3ef5cd]
V  [jvm.dll+0x3f1471]
C  [jli.dll+0x51cf]
C  [ucrtbase.dll+0x1e3fe]
C  [KERNEL32.DLL+0x14034]
C  [ntdll.dll+0x73691]


---------------  P R O C E S S  ---------------

Threads class SMR info:
_java_thread_list=0x00007ff8e3337928, length=0, elements={
}

Java Threads: ( => current thread )

Other Threads:
  0x00000280cb292000 GCTaskThread "GC Thread#0" [stack: 0x000000c2a3b00000,0x000000c2a3c00000] [id=21328]
  0x00000280cb2b1800 ConcurrentGCThread "G1 Main Marker" [stack: 0x000000c2a3c00000,0x000000c2a3d00000] [id=28724]
  0x00000280cb2b4000 ConcurrentGCThread "G1 Conc#0" [stack: 0x000000c2a3d00000,0x000000c2a3e00000] [id=18264]

[error occurred during error reporting (printing all threads), id 0xc0000005, EXCEPTION_ACCESS_VIOLATION (0xc0000005) at pc=0x00007ff8e2b685e7]

VM state:not at safepoint (not fully initialized)

VM Mutex/Monitor currently owned by a thread:  ([mutex/lock_event])
[0x00000280cb1f6a90] Heap_lock - owner thread: 0x00000280cb1f7800

Heap address: 0x0000000581a00000, size: 10214 MB, Compressed Oops mode: Non-zero based: 0x0000000581a00000
Narrow klass base: 0x0000000000000000, Narrow klass shift: 0

GC Heap History (0 events):
No events

Deoptimization events (0 events):
No events

Classes redefined (0 events):
No events

Internal exceptions (0 events):
No events

Events (0 events):
No events


Dynamic libraries:
0x00007ff6bb130000 - 0x00007ff6bb13f000 	C:\Program Files\Java\jdk-12.0.2\bin\java.exe
0x00007ff970c70000 - 0x00007ff970e51000 	C:\WINDOWS\SYSTEM32\ntdll.dll
0x00007ff94d630000 - 0x00007ff94d657000 	C:\Program Files\Cylance\Desktop\CyMemDef64.dll
0x00007ff96e4c0000 - 0x00007ff96e571000 	C:\WINDOWS\System32\KERNEL32.DLL
0x00007ff96d0d0000 - 0x00007ff96d343000 	C:\WINDOWS\System32\KERNELBASE.dll
0x00007ff96df50000 - 0x00007ff96e048000 	C:\WINDOWS\System32\ucrtbase.dll
0x00007ff94e040000 - 0x00007ff94e058000 	C:\Program Files\Java\jdk-12.0.2\bin\jli.dll
0x00007ff96e230000 - 0x00007ff96e2d1000 	C:\WINDOWS\System32\ADVAPI32.dll
0x00007ff96e580000 - 0x00007ff96e61e000 	C:\WINDOWS\System32\msvcrt.dll
0x00007ff970b40000 - 0x00007ff970b9b000 	C:\WINDOWS\System32\sechost.dll
0x00007ff96e0f0000 - 0x00007ff96e213000 	C:\WINDOWS\System32\RPCRT4.dll
0x00007ff970710000 - 0x00007ff9708a0000 	C:\WINDOWS\System32\USER32.dll
0x00007ff96ded0000 - 0x00007ff96def0000 	C:\WINDOWS\System32\win32u.dll
0x00007ff96e2e0000 - 0x00007ff96e308000 	C:\WINDOWS\System32\GDI32.dll
0x00007ff96db40000 - 0x00007ff96dcd4000 	C:\WINDOWS\System32\gdi32full.dll
0x00007ff96e050000 - 0x00007ff96e0ef000 	C:\WINDOWS\System32\msvcp_win.dll
0x00007ff94b540000 - 0x00007ff94b556000 	C:\Program Files\Java\jdk-12.0.2\bin\VCRUNTIME140.dll
0x00007ff957870000 - 0x00007ff957ad9000 	C:\WINDOWS\WinSxS\amd64_microsoft.windows.common-controls_6595b64144ccf1df_6.0.17134.2026_none_d3fdbb717c923c14\COMCTL32.dll
0x00007ff96e710000 - 0x00007ff96ea32000 	C:\WINDOWS\System32\combase.dll
0x00007ff96da70000 - 0x00007ff96dae9000 	C:\WINDOWS\System32\bcryptPrimitives.dll
0x00007ff967ba0000 - 0x00007ff967baa000 	C:\WINDOWS\SYSTEM32\VERSION.dll
0x00007ff96e3e0000 - 0x00007ff96e40d000 	C:\WINDOWS\System32\IMM32.DLL
0x00007ff911ac0000 - 0x00007ff911b6a000 	C:\Program Files\Java\jdk-12.0.2\bin\msvcp140.dll
0x00007ff8e2860000 - 0x00007ff8e33d7000 	C:\Program Files\Java\jdk-12.0.2\bin\server\jvm.dll
0x00007ff96e220000 - 0x00007ff96e228000 	C:\WINDOWS\System32\PSAPI.DLL
0x00007ff954420000 - 0x00007ff954429000 	C:\WINDOWS\SYSTEM32\WSOCK32.dll
0x00007ff96e6a0000 - 0x00007ff96e70c000 	C:\WINDOWS\System32\WS2_32.dll
0x00007ff96b020000 - 0x00007ff96b043000 	C:\WINDOWS\SYSTEM32\WINMM.dll
0x00007ff96aff0000 - 0x00007ff96b01a000 	C:\WINDOWS\SYSTEM32\WINMMBASE.dll
0x00007ff96daf0000 - 0x00007ff96db39000 	C:\WINDOWS\System32\cfgmgr32.dll
0x00007ff96cfe0000 - 0x00007ff96cff1000 	C:\WINDOWS\System32\kernel.appcore.dll
0x00007ff94a030000 - 0x00007ff94a041000 	C:\Program Files\Java\jdk-12.0.2\bin\verify.dll
0x00007ff95a2e0000 - 0x00007ff95a4a9000 	C:\WINDOWS\SYSTEM32\DBGHELP.DLL
0x00007ff959ca0000 - 0x00007ff959cc9000 	C:\WINDOWS\SYSTEM32\dbgcore.DLL
0x00007ff947110000 - 0x00007ff947136000 	C:\Program Files\Java\jdk-12.0.2\bin\java.dll
0x00007ff949840000 - 0x00007ff949857000 	C:\Program Files\Java\jdk-12.0.2\bin\zip.dll
0x00007ff95ce10000 - 0x00007ff95ce1a000 	C:\Program Files\Java\jdk-12.0.2\bin\jimage.dll

dbghelp: loaded successfully - version: 4.0.5 - missing functions: none
symbol engine: initialized successfully - sym options: 0x614 - pdb path: .;C:\Program Files\Java\jdk-12.0.2\bin;C:\WINDOWS\SYSTEM32;C:\Program Files\Cylance\Desktop;C:\WINDOWS\WinSxS\amd64_microsoft.windows.common-controls_6595b64144ccf1df_6.0.17134.2026_none_d3fdbb717c923c14;C:\Program Files\Java\jdk-12.0.2\bin\server

VM Arguments:
jvm_args: -Dfile.encoding=UTF-8 --module-path=C:\Users\sm2983\Documents\NetBeansProjects\SimpleActin\build\classes 
java_command: simpleactin.SimpleActin
java_class_path (initial): C:\Users\sm2983\Documents\NetBeansProjects\Intensity\build\classes;C:\Users\sm2983\Downloads\commons-math3-3.6.1.jar;C:\Users\sm2983\Documents\NetBeansProjects - Copy\SimpleActin\dist\lib\darcula.jar;C:\Users\sm2983\Documents\NetBeansProjects\SimpleActin\build\classes
Launcher Type: SUN_STANDARD

[Global flags]
     intx CICompilerCount                          = 4                                         {product} {ergonomic}
     uint ConcGCThreads                            = 2                                         {product} {ergonomic}
     uint G1ConcRefinementThreads                  = 8                                         {product} {ergonomic}
   size_t G1HeapRegionSize                         = 2097152                                   {product} {ergonomic}
    uintx GCDrainStackTargetSize                   = 64                                        {product} {ergonomic}
   size_t InitialHeapSize                          = 671088640                                 {product} {ergonomic}
   size_t MarkStackSize                            = 4194304                                   {product} {ergonomic}
   size_t MaxHeapSize                              = 10710155264                               {product} {ergonomic}
   size_t MinHeapDeltaBytes                        = 2097152                                   {product} {ergonomic}
    uintx NonNMethodCodeHeapSize                   = 5836300                                {pd product} {ergonomic}
    uintx NonProfiledCodeHeapSize                  = 122910970                              {pd product} {ergonomic}
    uintx ProfiledCodeHeapSize                     = 122910970                              {pd product} {ergonomic}
    uintx ReservedCodeCacheSize                    = 251658240                              {pd product} {ergonomic}
     bool SegmentedCodeCache                       = true                                      {product} {ergonomic}
     bool UseCompressedClassPointers               = true                                 {lp64_product} {ergonomic}
     bool UseCompressedOops                        = true                                 {lp64_product} {ergonomic}
     bool UseG1GC                                  = true                                      {product} {ergonomic}
     bool UseLargePagesIndividualAllocation        = false                                  {pd product} {ergonomic}

Logging:
Log output configuration:
 #0: stdout all=warning uptime,level,tags
 #1: stderr all=off uptime,level,tags

Environment Variables:
JAVA_HOME=C:\Program Files\Java\jdk-12.0.2
CLASSPATH=.;.;C:\PROGRA~2\JMF21~1.1E\lib\sound.jar;C:\PROGRA~2\JMF21~1.1E\lib\jmf.jar;C:\PROGRA~2\JMF21~1.1E\lib;
PATH=C:\Program Files (x86)\IntelSWTools\system_studio_2020\OpenCL\sdk\bin\x64;C:\Program Files (x86)\IntelSWTools\system_studio_2020\OpenCL\sdk\bin\x86;C:\Program Files\NVIDIA GPU Computing Toolkit\CUDA\v10.2\bin;C:\Program Files\NVIDIA GPU Computing Toolkit\CUDA\v10.2\libnvvp;C:\ProgramData\Anaconda3;C:\ProgramData\Anaconda3\Library\mingw-w64\bin;C:\ProgramData\Anaconda3\Library\usr\bin;C:\ProgramData\Anaconda3\Library\bin;C:\ProgramData\Anaconda3\Scripts;C:\WINDOWS\system32;C:\WINDOWS;C:\WINDOWS\System32\Wbem;C:\WINDOWS\System32\WindowsPowerShell\v1.0\;C:\Program Files\MATLAB\R2017b\runtime\win64;C:\Program Files\MATLAB\R2017b\bin;C:\WINDOWS\System32\OpenSSH\;C:\Program Files\NVIDIA Corporation\Nsight Compute 2019.5.0\;C:\Program Files (x86)\NVIDIA Corporation\PhysX\Common;C:\Program Files\dotnet\;C:\Program Files\Microsoft SQL Server\130\Tools\Binn\;C:\Program Files\Microsoft SQL Server\Client SDK\ODBC\170\Tools\Binn\;C:\Python27;C:\Program Files (x86)\IntelSWTools\sw_dev_tools\tools\DAL_1.1942.1019.110\;C:\Program Files\Git\cmd;C:\Users\sm2983\AppData\Local\Microsoft\WindowsApps;C:\Program Files\Java\jdk-12.0.2\bin;C:\Qt\Tools\mingw730_64\bin;
USERNAME=sm2983
OS=Windows_NT
PROCESSOR_IDENTIFIER=Intel64 Family 6 Model 94 Stepping 3, GenuineIntel



---------------  S Y S T E M  ---------------

OS: Windows 10 , 64 bit Build 17134 (10.0.17134.1425)

CPU:total 8 (initial active 8) (4 cores per cpu, 2 threads per core) family 6 model 94 stepping 3, cmov, cx8, fxsr, mmx, sse, sse2, sse3, ssse3, sse4.1, sse4.2, popcnt, avx, avx2, aes, clmul, erms, rtm, 3dnowpref, lzcnt, ht, tsc, tscinvbit, bmi1, bmi2, adx, fma

Memory: 4k page, system-wide physical 40849M (14121M free)
TotalPageFile size 45240M (AvailPageFile size 410M)
current process WorkingSet (physical memory assigned to process): 11M, peak: 11M
current process commit charge ("private bytes"): 62M, peak: 702M

vm_info: Java HotSpot(TM) 64-Bit Server VM (12.0.2+10) for windows-amd64 JRE (12.0.2+10), built on Jul 16 2019 01:56:17 by "mach5one" with MS VC++ 15.5 (VS2017)

END.
