#
# There is insufficient memory for the Java Runtime Environment to continue.
# Native memory allocation (malloc) failed to allocate 2097152 bytes for AllocateHeap
# Possible reasons:
#   The system is out of physical RAM or swap space
#   The process is running with CompressedOops enabled, and the Java Heap may be blocking the growth of the native heap
# Possible solutions:
#   Reduce memory load on the system
#   Increase physical memory or swap space
#   Check if swap backing store is full
#   Decrease Java heap size (-Xmx/-Xms)
#   Decrease number of Java threads
#   Decrease Java thread stack sizes (-Xss)
#   Set larger code cache with -XX:ReservedCodeCacheSize=
#   JVM is running with Zero Based Compressed Oops mode in which the Java heap is
#     placed in the first 32GB address space. The Java Heap base address is the
#     maximum limit for the native heap growth. Please use -XX:HeapBaseMinAddress
#     to set the Java Heap base and to place the Java Heap above 32GB virtual address.
# This output file may be truncated or incomplete.
#
#  Out of Memory Error (./open/src/hotspot/share/memory/allocation.cpp:44), pid=2172, tid=20112
#
# JRE version: Java(TM) SE Runtime Environment (15.0.2+7) (build 15.0.2+7-27)
# Java VM: Java HotSpot(TM) 64-Bit Server VM (15.0.2+7-27, mixed mode, sharing, tiered, compressed oops, g1 gc, windows-amd64)
# No core dump will be written. Minidumps are not enabled by default on client versions of Windows
#

---------------  S U M M A R Y ------------

Command Line: -Dfile.encoding=UTF-8 simpleactin.SimpleActin

Host: Intel(R) Core(TM) i7-6700 CPU @ 3.40GHz, 8 cores, 39G,  Windows 10 , 64 bit Build 17134 (10.0.17134.1425)
Time: Fri Apr  2 14:43:30 2021 Eastern Daylight Time elapsed time: 61737.875382 seconds (0d 17h 8m 57s)

---------------  T H R E A D  ---------------

Current thread (0x0000026952f81550):  VMThread "VM Thread" [stack: 0x000000807f300000,0x000000807f400000] [id=20112]

Stack: [0x000000807f300000,0x000000807f400000]
[error occurred during error reporting (printing stack bounds), id 0xc0000005, EXCEPTION_ACCESS_VIOLATION (0xc0000005) at pc=0x00000269296c10ad]

Native frames: (J=compiled Java code, j=interpreted, Vv=VM code, C=native code)
V  [jvm.dll+0x62ae9a]
V  [jvm.dll+0x7817a9]
V  [jvm.dll+0x782f03]
V  [jvm.dll+0x7834c5]
V  [jvm.dll+0x78347b]
V  [jvm.dll+0x62a2b9]
V  [jvm.dll+0x62aa88]
C  [ntdll.dll+0x9f7fd]
C  [ntdll.dll+0xd856]
C  [ntdll.dll+0x9e72e]
C  0x00000269296c10ad

VM_Operation (0x00000080003feb00): G1CollectFull, mode: safepoint, requested by thread 0x000002695760c8e0


---------------  P R O C E S S  ---------------

Threads class SMR info:
_java_thread_list=0x00000269558a4aa0, length=18, elements={
0x0000026952f85200, 0x0000026952f861f0, 0x0000026952f9d310, 0x0000026952f9fbe0,
0x0000026952fa05a0, 0x0000026952fa6ac0, 0x0000026952fb1f60, 0x0000026952fb4c70,
0x0000026953956a20, 0x00000269539677f0, 0x0000026953d6a4d0, 0x0000026953d6c9b0,
0x0000026953d0c400, 0x0000026953e55800, 0x00000269214970d0, 0x0000026955770580,
0x000002695442acb0, 0x000002695760c8e0
}

Java Threads: ( => current thread )
  0x0000026952f85200 JavaThread "Reference Handler" daemon [_thread_blocked, id=18132, stack(0x000000807f400000,0x000000807f500000)]
  0x0000026952f861f0 JavaThread "Finalizer" daemon [_thread_blocked, id=10364, stack(0x000000807f500000,0x000000807f600000)]
  0x0000026952f9d310 JavaThread "Signal Dispatcher" daemon [_thread_blocked, id=5340, stack(0x000000807f600000,0x000000807f700000)]
  0x0000026952f9fbe0 JavaThread "Attach Listener" daemon [_thread_blocked, id=16396, stack(0x000000807f700000,0x000000807f800000)]
  0x0000026952fa05a0 JavaThread "Service Thread" daemon [_thread_blocked, id=15200, stack(0x000000807f800000,0x000000807f900000)]
  0x0000026952fa6ac0 JavaThread "C2 CompilerThread0" daemon [_thread_blocked, id=2712, stack(0x000000807f900000,0x000000807fa00000)]
  0x0000026952fb1f60 JavaThread "C1 CompilerThread0" daemon [_thread_blocked, id=6744, stack(0x000000807fa00000,0x000000807fb00000)]
  0x0000026952fb4c70 JavaThread "Sweeper thread" daemon [_thread_blocked, id=24404, stack(0x000000807fb00000,0x000000807fc00000)]
  0x0000026953956a20 JavaThread "Notification Thread" daemon [_thread_blocked, id=19684, stack(0x000000807fc00000,0x000000807fd00000)]
  0x00000269539677f0 JavaThread "Common-Cleaner" daemon [_thread_blocked, id=21920, stack(0x000000807fe00000,0x000000807ff00000)]
  0x0000026953d6a4d0 JavaThread "Java2D Disposer" daemon [_thread_blocked, id=6740, stack(0x000000807ff00000,0x0000008080000000)]
  0x0000026953d6c9b0 JavaThread "AWT-Shutdown" [_thread_blocked, id=9016, stack(0x0000008000000000,0x0000008000100000)]
  0x0000026953d0c400 JavaThread "AWT-Windows" daemon [_thread_in_native, id=23536, stack(0x0000008000100000,0x0000008000200000)]
  0x0000026953e55800 JavaThread "AWT-EventQueue-0" [_thread_blocked, id=21892, stack(0x0000008000200000,0x0000008000300000)]
  0x00000269214970d0 JavaThread "DestroyJavaVM" [_thread_blocked, id=23164, stack(0x000000807ed00000,0x000000807ee00000)]
  0x0000026955770580 JavaThread "Darcula Animations" daemon [_thread_blocked, id=17924, stack(0x0000008000500000,0x0000008000600000)]
  0x000002695442acb0 JavaThread "TimerQueue" daemon [_thread_blocked, id=4816, stack(0x0000008000600000,0x0000008000700000)]
  0x000002695760c8e0 JavaThread "Thread-239" [_thread_blocked, id=21756, stack(0x0000008000300000,0x0000008000400000)]

Other Threads:
=>0x0000026952f81550 VMThread "VM Thread" [stack: 0x000000807f300000,0x000000807f400000] [id=20112]
  0x0000026953958f00 WatcherThread [stack: 0x000000807fd00000,0x000000807fe00000] [id=18256]
  0x0000026921515500 GCTaskThread "GC Thread#0" [stack: 0x000000807ee00000,0x000000807ef00000] [id=22860]
  0x0000026955846fa0 GCTaskThread "GC Thread#1" [stack: 0x0000008000700000,0x0000008000800000] [id=13704]
  0x0000026955845620 GCTaskThread "GC Thread#2" [stack: 0x0000008000800000,0x0000008000900000] [id=22544]
  0x0000026955846c70 GCTaskThread "GC Thread#3" [stack: 0x0000008000a00000,0x0000008000b00000] [id=23184]
  0x0000026955848920 GCTaskThread "GC Thread#4" [stack: 0x0000008000b00000,0x0000008000c00000] [id=21840]
  0x0000026955847600 GCTaskThread "GC Thread#5" [stack: 0x0000008000c00000,0x0000008000d00000] [id=15980]
  0x0000026955845fb0 GCTaskThread "GC Thread#6" [stack: 0x0000008000d00000,0x0000008000e00000] [id=13992]
  0x0000026955845c80 GCTaskThread "GC Thread#7" [stack: 0x0000008000e00000,0x0000008000f00000] [id=19256]
  0x0000026921521f80 ConcurrentGCThread "G1 Main Marker" [stack: 0x000000807ef00000,0x000000807f000000] [id=4740]
  0x00000269215247c0 ConcurrentGCThread "G1 Conc#0" [stack: 0x000000807f000000,0x000000807f100000] [id=12944]
  0x0000026955847f90 ConcurrentGCThread "G1 Conc#1" [stack: 0x0000008000f00000,0x0000008001000000] [id=20716]
  0x0000026952e7a020 ConcurrentGCThread "G1 Refine#0" [stack: 0x000000807f100000,0x000000807f200000] [id=11100]
  0x0000026952e7aa30 ConcurrentGCThread "G1 Young RemSet Sampling" [stack: 0x000000807f200000,0x000000807f300000] [id=18276]

Threads with active compile tasks:

VM state: at safepoint (normal execution)

VM Mutex/Monitor currently owned by a thread:  ([mutex/lock_event])
[0x0000026921492e00] Threads_lock - owner thread: 0x0000026952f81550
[0x0000026921492aa0] Heap_lock - owner thread: 0x000002695760c8e0

Heap address: 0x0000000581800000, size: 10216 MB, Compressed Oops mode: Zero based, Oop shift amount: 3
CDS archive(s) mapped at: [0x0000000800000000-0x0000000800b50000-0x0000000800b50000), size 11862016, SharedBaseAddress: 0x0000000800000000, ArchiveRelocationMode: 0.
Compressed class space mapped at: 0x0000000800b50000-0x0000000840b50000, size: 1073741824
Narrow klass base: 0x0000000800000000, Narrow klass shift: 3, Narrow klass range: 0x100000000

GC Precious Log:
 CPUs: 8 total, 8 available
 Memory: 40849M
 Large Page Support: Disabled
 NUMA Support: Disabled
 Compressed Oops: Enabled (Zero based)
 Heap Region Size: 8M
 Heap Min Capacity: 8M
 Heap Initial Capacity: 640M
 Heap Max Capacity: 10216M
 Pre-touch: Disabled
 Parallel Workers: 8
 Concurrent Workers: 2
 Concurrent Refinement Workers: 8
 Periodic GC: Disabled

Heap:
 garbage-first heap   total 196608K, used 99845K [0x0000000581800000, 0x0000000800000000)
  region size 8192K, 8 young (65536K), 1 survivors (8192K)
 Metaspace       used 15444K, capacity 15588K, committed 16000K, reserved 1062912K
  class space    used 1502K, capacity 1558K, committed 1664K, reserved 1048576K

Heap Regions: E=young(eden), S=young(survivor), O=old, HS=humongous(starts), HC=humongous(continues), CS=collection set, F=free, OA=open archive, CA=closed archive, TAMS=top-at-mark-start (previous, next)
|   0|0x0000000581800000, 0x0000000581fffc98, 0x0000000582000000| 99%| O|  |TAMS 0x0000000581fffc98, 0x0000000581800000| Untracked 
|   1|0x0000000582000000, 0x00000005827ff8b8, 0x0000000582800000| 99%| O|  |TAMS 0x00000005827ff8b8, 0x0000000582000000| Untracked 
|   2|0x0000000582800000, 0x0000000582fff9e0, 0x0000000583000000| 99%| O|  |TAMS 0x0000000582fff9e0, 0x0000000582800000| Untracked 
|   3|0x0000000583000000, 0x00000005837ffcf0, 0x0000000583800000| 99%| O|  |TAMS 0x00000005837ffcf0, 0x0000000583000000| Untracked 
|   4|0x0000000583800000, 0x0000000583e26a90, 0x0000000584000000| 76%| O|  |TAMS 0x0000000583e26a90, 0x0000000583800000| Untracked 
|   5|0x0000000584000000, 0x0000000584000000, 0x0000000584800000|  0%| F|  |TAMS 0x0000000584000000, 0x0000000584000000| Untracked 
|   6|0x0000000584800000, 0x0000000584800000, 0x0000000585000000|  0%| F|  |TAMS 0x0000000584800000, 0x0000000584800000| Untracked 
|   7|0x0000000585000000, 0x0000000585000000, 0x0000000585800000|  0%| F|  |TAMS 0x0000000585000000, 0x0000000585000000| Untracked 
|   8|0x0000000585800000, 0x0000000585800000, 0x0000000586000000|  0%| F|  |TAMS 0x0000000585800000, 0x0000000585800000| Untracked 
|   9|0x0000000586000000, 0x0000000586161610, 0x0000000586800000| 17%| S|CS|TAMS 0x0000000586000000, 0x0000000586000000| Complete 
|  10|0x0000000586800000, 0x0000000586800000, 0x0000000587000000|  0%| F|  |TAMS 0x0000000586800000, 0x0000000586800000| Untracked 
|  11|0x0000000587000000, 0x0000000587000000, 0x0000000587800000|  0%| F|  |TAMS 0x0000000587000000, 0x0000000587000000| Untracked 
|  12|0x0000000587800000, 0x0000000587800000, 0x0000000588000000|  0%| F|  |TAMS 0x0000000587800000, 0x0000000587800000| Untracked 
|  13|0x0000000588000000, 0x0000000588000000, 0x0000000588800000|  0%| F|  |TAMS 0x0000000588000000, 0x0000000588000000| Untracked 
|  14|0x0000000588800000, 0x0000000588800000, 0x0000000589000000|  0%| F|  |TAMS 0x0000000588800000, 0x0000000588800000| Untracked 
|  15|0x0000000589000000, 0x00000005897155f0, 0x0000000589800000| 88%| E|  |TAMS 0x0000000589000000, 0x0000000589000000| Complete 
|  16|0x0000000589800000, 0x000000058a000000, 0x000000058a000000|100%| E|CS|TAMS 0x0000000589800000, 0x0000000589800000| Complete 
|  17|0x000000058a000000, 0x000000058a800000, 0x000000058a800000|100%| E|CS|TAMS 0x000000058a000000, 0x000000058a000000| Complete 
|  18|0x000000058a800000, 0x000000058b000000, 0x000000058b000000|100%| E|CS|TAMS 0x000000058a800000, 0x000000058a800000| Complete 
|  19|0x000000058b000000, 0x000000058b7ff918, 0x000000058b800000| 99%| O|  |TAMS 0x000000058b7ff918, 0x000000058b000000| Untracked 
|  20|0x000000058b800000, 0x000000058c000000, 0x000000058c000000|100%| E|CS|TAMS 0x000000058b800000, 0x000000058b800000| Complete 
|  21|0x000000058c000000, 0x000000058c1fb140, 0x000000058c800000| 24%| O|  |TAMS 0x000000058c1fb140, 0x000000058c000000| Untracked 
|  22|0x000000058c800000, 0x000000058d000000, 0x000000058d000000|100%| E|CS|TAMS 0x000000058c800000, 0x000000058c800000| Complete 
|  23|0x000000058d000000, 0x000000058d800000, 0x000000058d800000|100%| E|CS|TAMS 0x000000058d000000, 0x000000058d000000| Complete 

Card table byte_map: [0x0000026939df0000,0x000002693b1f0000] _byte_map_base: 0x00000269371e4000

Marking Bits (Prev, Next): (CMBitMap*) 0x0000026921516d80, (CMBitMap*) 0x0000026921516dc0
 Prev Bits: [0x000002693c5f0000, 0x0000026946590000)
 Next Bits: [0x0000026946590000, 0x0000026950530000)

Polling page: 0x000002691f140000

Metaspace:

Usage:
  Non-class:     13.70 MB capacity,    13.62 MB (>99%) used,    72.59 KB ( <1%) free+waste,    14.75 KB ( <1%) overhead. 
      Class:      1.52 MB capacity,     1.47 MB ( 96%) used,    50.75 KB (  3%) free+waste,     5.00 KB ( <1%) overhead. 
       Both:     15.22 MB capacity,    15.08 MB (>99%) used,   123.34 KB ( <1%) free+waste,    19.75 KB ( <1%) overhead. 

Virtual space:
  Non-class space:       14.00 MB reserved,      14.00 MB (100%) committed 
      Class space:        1.00 GB reserved,       1.63 MB ( <1%) committed 
             Both:        1.01 GB reserved,      15.63 MB (  2%) committed 

Chunk freelists:
   Non-Class:  114.00 KB
       Class:  42.00 KB
        Both:  156.00 KB

MaxMetaspaceSize: 17179869184.00 GB
CompressedClassSpaceSize: 1.00 GB

CodeHeap 'non-profiled nmethods': size=120000Kb used=5183Kb max_used=6164Kb free=114816Kb
 bounds [0x0000026931190000, 0x00000269317a0000, 0x00000269386c0000]
CodeHeap 'profiled nmethods': size=120000Kb used=5386Kb max_used=6875Kb free=114613Kb
 bounds [0x0000026929c60000, 0x000002692a320000, 0x0000026931190000]
CodeHeap 'non-nmethods': size=5760Kb used=1351Kb max_used=1521Kb free=4408Kb
 bounds [0x00000269296c0000, 0x0000026929930000, 0x0000026929c60000]
 total_blobs=4396 nmethods=3738 adapters=568
 compilation: enabled
              stopped_count=0, restarted_count=0
 full_count=0

Compilation events (20 events):
Event: 58602.224 Thread 0x0000026952fa6ac0 5161       4       java.awt.Point::<init> (15 bytes)
Event: 58602.224 Thread 0x0000026952fa6ac0 nmethod 5161 0x0000026931481810 code [0x0000026931481980, 0x00000269314819f8]
Event: 58609.795 Thread 0x0000026952fb1f60 5162       3       sun.text.RuleBasedBreakIterator::getCurrentCodePointCount (69 bytes)
Event: 58609.796 Thread 0x0000026952fb1f60 nmethod 5162 0x000002692a16ca10 code [0x000002692a16cc20, 0x000002692a16d408]
Event: 58609.796 Thread 0x0000026952fb1f60 5163       3       javax.swing.text.Segment::setIndex (70 bytes)
Event: 58609.796 Thread 0x0000026952fb1f60 nmethod 5163 0x0000026929eb8290 code [0x0000026929eb8460, 0x0000026929eb87d8]
Event: 58609.796 Thread 0x0000026952fb1f60 5164       3       sun.text.RuleBasedBreakIterator::lookupCategory (26 bytes)
Event: 58609.797 Thread 0x0000026952fb1f60 nmethod 5164 0x0000026929dc1510 code [0x0000026929dc16c0, 0x0000026929dc1928]
Event: 61731.985 Thread 0x0000026952fb1f60 5165  s    3       java.util.Vector::isEmpty (13 bytes)
Event: 61731.985 Thread 0x0000026952fb1f60 nmethod 5165 0x0000026929f19510 code [0x0000026929f196a0, 0x0000026929f198b8]
Event: 61737.482 Thread 0x0000026952fb1f60 5166   !   3       java.util.Locale::toLanguageTag (314 bytes)
Event: 61737.484 Thread 0x0000026952fb1f60 nmethod 5166 0x0000026929f90210 code [0x0000026929f907e0, 0x0000026929f93948]
Event: 61737.484 Thread 0x0000026952fb1f60 5167       3       javax.swing.plaf.basic.BasicButtonUI::clearTextShiftOffset (6 bytes)
Event: 61737.484 Thread 0x0000026952fb1f60 nmethod 5167 0x0000026929f46190 code [0x0000026929f46320, 0x0000026929f46418]
Event: 61737.484 Thread 0x0000026952fb1f60 5168       3       javax.swing.plaf.basic.BasicButtonUI::paintText (10 bytes)
Event: 61737.484 Thread 0x0000026952fb1f60 nmethod 5168 0x0000026929db0d90 code [0x0000026929db0f40, 0x0000026929db1108]
Event: 61737.484 Thread 0x0000026952fb1f60 5169       3       com.bulenkov.darcula.ui.DarculaButtonUI::paintText (216 bytes)
Event: 61737.486 Thread 0x0000026952fb1f60 nmethod 5169 0x000002692a07fc10 code [0x000002692a080080, 0x000002692a082d68]
Event: 61737.486 Thread 0x0000026952fb1f60 5170       3       com.bulenkov.darcula.ui.DarculaButtonPainter::paintBorder (237 bytes)
Event: 61737.487 Thread 0x0000026952fb1f60 nmethod 5170 0x000002692a047b10 code [0x000002692a047ea0, 0x000002692a049888]

GC Heap History (20 events):
Event: 58753.022 GC heap before
{Heap before GC invocations=375912 (full 112852):
 garbage-first heap   total 196608K, used 98409K [0x0000000581800000, 0x0000000800000000)
  region size 8192K, 7 young (57344K), 0 survivors (0K)
 Metaspace       used 15430K, capacity 15588K, committed 16000K, reserved 1062912K
  class space    used 1502K, capacity 1558K, committed 1664K, reserved 1048576K
}
Event: 58753.040 GC heap after
{Heap after GC invocations=375913 (full 112853):
 garbage-first heap   total 196608K, used 49255K [0x0000000581800000, 0x0000000800000000)
  region size 8192K, 0 young (0K), 0 survivors (0K)
 Metaspace       used 15430K, capacity 15588K, committed 16000K, reserved 1062912K
  class space    used 1502K, capacity 1558K, committed 1664K, reserved 1048576K
}
Event: 58753.304 GC heap before
{Heap before GC invocations=375913 (full 112853):
 garbage-first heap   total 196608K, used 98407K [0x0000000581800000, 0x0000000800000000)
  region size 8192K, 7 young (57344K), 0 survivors (0K)
 Metaspace       used 15430K, capacity 15588K, committed 16000K, reserved 1062912K
  class space    used 1502K, capacity 1558K, committed 1664K, reserved 1048576K
}
Event: 58753.322 GC heap after
{Heap after GC invocations=375914 (full 112854):
 garbage-first heap   total 196608K, used 49278K [0x0000000581800000, 0x0000000800000000)
  region size 8192K, 0 young (0K), 0 survivors (0K)
 Metaspace       used 15430K, capacity 15588K, committed 16000K, reserved 1062912K
  class space    used 1502K, capacity 1558K, committed 1664K, reserved 1048576K
}
Event: 58753.577 GC heap before
{Heap before GC invocations=375914 (full 112854):
 garbage-first heap   total 196608K, used 98430K [0x0000000581800000, 0x0000000800000000)
  region size 8192K, 7 young (57344K), 0 survivors (0K)
 Metaspace       used 15430K, capacity 15588K, committed 16000K, reserved 1062912K
  class space    used 1502K, capacity 1558K, committed 1664K, reserved 1048576K
}
Event: 58753.594 GC heap after
{Heap after GC invocations=375915 (full 112855):
 garbage-first heap   total 196608K, used 49272K [0x0000000581800000, 0x0000000800000000)
  region size 8192K, 0 young (0K), 0 survivors (0K)
 Metaspace       used 15430K, capacity 15588K, committed 16000K, reserved 1062912K
  class space    used 1502K, capacity 1558K, committed 1664K, reserved 1048576K
}
Event: 58753.850 GC heap before
{Heap before GC invocations=375915 (full 112855):
 garbage-first heap   total 196608K, used 90232K [0x0000000581800000, 0x0000000800000000)
  region size 8192K, 7 young (57344K), 0 survivors (0K)
 Metaspace       used 15430K, capacity 15588K, committed 16000K, reserved 1062912K
  class space    used 1502K, capacity 1558K, committed 1664K, reserved 1048576K
}
Event: 58753.867 GC heap after
{Heap after GC invocations=375916 (full 112856):
 garbage-first heap   total 196608K, used 49272K [0x0000000581800000, 0x0000000800000000)
  region size 8192K, 0 young (0K), 0 survivors (0K)
 Metaspace       used 15430K, capacity 15588K, committed 16000K, reserved 1062912K
  class space    used 1502K, capacity 1558K, committed 1664K, reserved 1048576K
}
Event: 58754.136 GC heap before
{Heap before GC invocations=375916 (full 112856):
 garbage-first heap   total 196608K, used 90232K [0x0000000581800000, 0x0000000800000000)
  region size 8192K, 7 young (57344K), 0 survivors (0K)
 Metaspace       used 15430K, capacity 15588K, committed 16000K, reserved 1062912K
  class space    used 1502K, capacity 1558K, committed 1664K, reserved 1048576K
}
Event: 58754.154 GC heap after
{Heap after GC invocations=375917 (full 112857):
 garbage-first heap   total 196608K, used 49262K [0x0000000581800000, 0x0000000800000000)
  region size 8192K, 0 young (0K), 0 survivors (0K)
 Metaspace       used 15430K, capacity 15588K, committed 16000K, reserved 1062912K
  class space    used 1502K, capacity 1558K, committed 1664K, reserved 1048576K
}
Event: 58754.422 GC heap before
{Heap before GC invocations=375917 (full 112857):
 garbage-first heap   total 196608K, used 90222K [0x0000000581800000, 0x0000000800000000)
  region size 8192K, 7 young (57344K), 0 survivors (0K)
 Metaspace       used 15430K, capacity 15588K, committed 16000K, reserved 1062912K
  class space    used 1502K, capacity 1558K, committed 1664K, reserved 1048576K
}
Event: 58754.439 GC heap after
{Heap after GC invocations=375918 (full 112858):
 garbage-first heap   total 196608K, used 49257K [0x0000000581800000, 0x0000000800000000)
  region size 8192K, 0 young (0K), 0 survivors (0K)
 Metaspace       used 15430K, capacity 15588K, committed 16000K, reserved 1062912K
  class space    used 1502K, capacity 1558K, committed 1664K, reserved 1048576K
}
Event: 58754.701 GC heap before
{Heap before GC invocations=375918 (full 112858):
 garbage-first heap   total 196608K, used 98409K [0x0000000581800000, 0x0000000800000000)
  region size 8192K, 7 young (57344K), 0 survivors (0K)
 Metaspace       used 15430K, capacity 15588K, committed 16000K, reserved 1062912K
  class space    used 1502K, capacity 1558K, committed 1664K, reserved 1048576K
}
Event: 58754.722 GC heap after
{Heap after GC invocations=375919 (full 112859):
 garbage-first heap   total 196608K, used 49280K [0x0000000581800000, 0x0000000800000000)
  region size 8192K, 0 young (0K), 0 survivors (0K)
 Metaspace       used 15430K, capacity 15588K, committed 16000K, reserved 1062912K
  class space    used 1502K, capacity 1558K, committed 1664K, reserved 1048576K
}
Event: 61714.169 GC heap before
{Heap before GC invocations=375919 (full 112859):
 garbage-first heap   total 196608K, used 131200K [0x0000000581800000, 0x0000000800000000)
  region size 8192K, 11 young (90112K), 0 survivors (0K)
 Metaspace       used 15430K, capacity 15588K, committed 16000K, reserved 1062912K
  class space    used 1502K, capacity 1558K, committed 1664K, reserved 1048576K
}
Event: 61714.170 GC heap after
{Heap after GC invocations=375920 (full 112859):
 garbage-first heap   total 196608K, used 50271K [0x0000000581800000, 0x0000000800000000)
  region size 8192K, 1 young (8192K), 1 survivors (8192K)
 Metaspace       used 15430K, capacity 15588K, committed 16000K, reserved 1062912K
  class space    used 1502K, capacity 1558K, committed 1664K, reserved 1048576K
}
Event: 61722.241 GC heap before
{Heap before GC invocations=375921 (full 112859):
 garbage-first heap   total 196608K, used 123999K [0x0000000581800000, 0x0000000800000000)
  region size 8192K, 11 young (90112K), 1 survivors (8192K)
 Metaspace       used 15430K, capacity 15588K, committed 16000K, reserved 1062912K
  class space    used 1502K, capacity 1558K, committed 1664K, reserved 1048576K
}
Event: 61722.241 GC heap after
{Heap after GC invocations=375922 (full 112859):
 garbage-first heap   total 196608K, used 50267K [0x0000000581800000, 0x0000000800000000)
  region size 8192K, 1 young (8192K), 1 survivors (8192K)
 Metaspace       used 15430K, capacity 15588K, committed 16000K, reserved 1062912K
  class space    used 1502K, capacity 1558K, committed 1664K, reserved 1048576K
}
Event: 61737.807 GC heap before
{Heap before GC invocations=375922 (full 112859):
 garbage-first heap   total 196608K, used 132187K [0x0000000581800000, 0x0000000800000000)
  region size 8192K, 12 young (98304K), 1 survivors (8192K)
 Metaspace       used 15444K, capacity 15588K, committed 16000K, reserved 1062912K
  class space    used 1502K, capacity 1558K, committed 1664K, reserved 1048576K
}
Event: 61737.808 GC heap after
{Heap after GC invocations=375923 (full 112859):
 garbage-first heap   total 196608K, used 50693K [0x0000000581800000, 0x0000000800000000)
  region size 8192K, 1 young (8192K), 1 survivors (8192K)
 Metaspace       used 15444K, capacity 15588K, committed 16000K, reserved 1062912K
  class space    used 1502K, capacity 1558K, committed 1664K, reserved 1048576K
}

Deoptimization events (20 events):
Event: 42722.827 Thread 0x0000026953e55800 DEOPT PACKING pc=0x000002692a0d5374 sp=0x00000080002fe3c0
Event: 42722.827 Thread 0x0000026953e55800 DEOPT UNPACKING pc=0x000002692970e23f sp=0x00000080002fd788 mode 0
Event: 42734.411 Thread 0x000002695760b5a0 Uncommon trap: trap_request=0xffffff45 fr.pc=0x000002693120cf1c relative=0x0000000000000cdc
Event: 42734.411 Thread 0x000002695760b5a0 Uncommon trap: reason=unstable_if action=reinterpret pc=0x000002693120cf1c method=jdk.internal.math.FloatingDecimal.readJavaFormatString(Ljava/lang/String;)Ljdk/internal/math/FloatingDecimal$ASCIIToBinaryConverter; @ 481 c2
Event: 42734.411 Thread 0x000002695760b5a0 DEOPT PACKING pc=0x000002693120cf1c sp=0x00000080003fee70
Event: 42734.411 Thread 0x000002695760b5a0 DEOPT UNPACKING pc=0x000002692970e42f sp=0x00000080003fedb0 mode 2
Event: 54154.445 Thread 0x0000026953d6a4d0 Uncommon trap: trap_request=0xffffff66 fr.pc=0x000002693124f9e8 relative=0x0000000000000208
Event: 54154.445 Thread 0x0000026953d6a4d0 Uncommon trap: reason=speculate_class_check action=maybe_recompile pc=0x000002693124f9e8 method=sun.java2d.Disposer.run()V @ 11 c2
Event: 54154.445 Thread 0x0000026953d6a4d0 DEOPT PACKING pc=0x000002693124f9e8 sp=0x000000807fffedf0
Event: 54154.446 Thread 0x0000026953d6a4d0 DEOPT UNPACKING pc=0x000002692970e42f sp=0x000000807fffeda0 mode 2
Event: 54154.446 Thread 0x0000026953d6a4d0 Uncommon trap: trap_request=0xffffffc6 fr.pc=0x00000269314eaf8c relative=0x0000000000000a4c
Event: 54154.446 Thread 0x0000026953d6a4d0 Uncommon trap: reason=bimorphic_or_optimized_type_check action=maybe_recompile pc=0x00000269314eaf8c method=java.util.Hashtable.remove(Ljava/lang/Object;)Ljava/lang/Object; @ 6 c2
Event: 54154.446 Thread 0x0000026953d6a4d0 DEOPT PACKING pc=0x00000269314eaf8c sp=0x000000807fffed30
Event: 54154.446 Thread 0x0000026953d6a4d0 DEOPT UNPACKING pc=0x000002692970e42f sp=0x000000807fffecf0 mode 2
Event: 54154.446 Thread 0x0000026953d6a4d0 Uncommon trap: trap_request=0xffffffc6 fr.pc=0x00000269314eaf8c relative=0x0000000000000a4c
Event: 54154.446 Thread 0x0000026953d6a4d0 Uncommon trap: reason=bimorphic_or_optimized_type_check action=maybe_recompile pc=0x00000269314eaf8c method=java.util.Hashtable.remove(Ljava/lang/Object;)Ljava/lang/Object; @ 6 c2
Event: 54154.446 Thread 0x0000026953d6a4d0 DEOPT PACKING pc=0x00000269314eaf8c sp=0x000000807fffed30
Event: 54154.446 Thread 0x0000026953d6a4d0 DEOPT UNPACKING pc=0x000002692970e42f sp=0x000000807fffecf0 mode 2
Event: 56850.460 Thread 0x000002695760ba70 DEOPT PACKING pc=0x000002692a18331d sp=0x00000080004fe730
Event: 56850.460 Thread 0x000002695760ba70 DEOPT UNPACKING pc=0x000002692970e23f sp=0x00000080004fdb80 mode 0

Classes unloaded (20 events):
Event: 11944.447 Thread 0x0000026952f81550 Unloading class 0x0000000800bedc40 'java/lang/invoke/LambdaForm$MH+0x0000000800bedc40'
Event: 11944.447 Thread 0x0000026952f81550 Unloading class 0x0000000800bed840 'java/lang/invoke/LambdaForm$MH+0x0000000800bed840'
Event: 11944.447 Thread 0x0000026952f81550 Unloading class 0x0000000800bee440 'java/lang/invoke/LambdaForm$MH+0x0000000800bee440'
Event: 11944.447 Thread 0x0000026952f81550 Unloading class 0x0000000800bb9840 'java/lang/invoke/LambdaForm$MH+0x0000000800bb9840'
Event: 11944.447 Thread 0x0000026952f81550 Unloading class 0x0000000800bb9440 'java/lang/invoke/LambdaForm$MH+0x0000000800bb9440'
Event: 11944.447 Thread 0x0000026952f81550 Unloading class 0x0000000800bb9040 'java/lang/invoke/LambdaForm$MH+0x0000000800bb9040'
Event: 11944.447 Thread 0x0000026952f81550 Unloading class 0x0000000800bb5c40 'java/lang/invoke/LambdaForm$MH+0x0000000800bb5c40'
Event: 11944.447 Thread 0x0000026952f81550 Unloading class 0x0000000800bb5840 'java/lang/invoke/LambdaForm$MH+0x0000000800bb5840'
Event: 11944.447 Thread 0x0000026952f81550 Unloading class 0x0000000800bb5440 'java/lang/invoke/LambdaForm$MH+0x0000000800bb5440'
Event: 11944.447 Thread 0x0000026952f81550 Unloading class 0x0000000800bb5040 'java/lang/invoke/LambdaForm$MH+0x0000000800bb5040'
Event: 11944.447 Thread 0x0000026952f81550 Unloading class 0x0000000800bb4c40 'java/lang/invoke/LambdaForm$MH+0x0000000800bb4c40'
Event: 11944.447 Thread 0x0000026952f81550 Unloading class 0x0000000800bb4840 'java/lang/invoke/LambdaForm$MH+0x0000000800bb4840'
Event: 11944.447 Thread 0x0000026952f81550 Unloading class 0x0000000800bb4440 'java/lang/invoke/LambdaForm$MH+0x0000000800bb4440'
Event: 11944.447 Thread 0x0000026952f81550 Unloading class 0x0000000800bb4040 'java/lang/invoke/LambdaForm$MH+0x0000000800bb4040'
Event: 11944.447 Thread 0x0000026952f81550 Unloading class 0x0000000800bb3840 'java/lang/invoke/LambdaForm$MH+0x0000000800bb3840'
Event: 11944.447 Thread 0x0000026952f81550 Unloading class 0x0000000800bb3040 'java/lang/invoke/LambdaForm$MH+0x0000000800bb3040'
Event: 11944.447 Thread 0x0000026952f81550 Unloading class 0x0000000800bb2c40 'java/lang/invoke/LambdaForm$MH+0x0000000800bb2c40'
Event: 11944.447 Thread 0x0000026952f81550 Unloading class 0x0000000800bb2440 'java/lang/invoke/LambdaForm$MH+0x0000000800bb2440'
Event: 11944.447 Thread 0x0000026952f81550 Unloading class 0x0000000800bb2040 'java/lang/invoke/LambdaForm$MH+0x0000000800bb2040'
Event: 11944.447 Thread 0x0000026952f81550 Unloading class 0x0000000800bb1840 'java/lang/invoke/LambdaForm$MH+0x0000000800bb1840'

Classes redefined (0 events):
No events

Internal exceptions (20 events):
Event: 0.133 Thread 0x00000269214970d0 Exception <a 'java/lang/NoSuchMethodError'{0x00000005a93ffeb8}: 'java.lang.Object java.lang.invoke.DirectMethodHandle$Holder.invokeStatic(java.lang.Object)'> (0x00000005a93ffeb8) 
thrown [./open/src/hotspot/share/interpreter/linkResolver.cpp, line 782]
Event: 0.145 Thread 0x00000269214970d0 Exception <a 'java/lang/NoSuchMethodError'{0x00000005a94323e0}: 'void java.lang.invoke.DirectMethodHandle$Holder.invokeSpecial(java.lang.Object, java.lang.Object, java.lang.Object)'> (0x00000005a94323e0) 
thrown [./open/src/hotspot/share/interpreter/linkResolver.cpp, line 782]
Event: 0.175 Thread 0x00000269214970d0 Exception <a 'java/lang/NoSuchMethodError'{0x00000005a946a7c8}: 'java.lang.Object java.lang.invoke.DirectMethodHandle$Holder.invokeStaticInit(java.lang.Object)'> (0x00000005a946a7c8) 
thrown [./open/src/hotspot/share/interpreter/linkResolver.cpp, line 782]
Event: 0.204 Thread 0x00000269214970d0 Exception <a 'java/lang/NoSuchMethodError'{0x00000005a9563e68}: 'java.lang.Object java.lang.invoke.DirectMethodHandle$Holder.newInvokeSpecial(java.lang.Object, java.lang.Object, java.lang.Object, java.lang.Object, java.lang.Object)'> (0x00000005a9563e68) 
thrown [./open/src/hotspot/share/interpreter/linkResolver.cpp, line 782]
Event: 0.205 Thread 0x00000269214970d0 Exception <a 'java/lang/NoSuchMethodError'{0x00000005a956f8f8}: 'java.lang.Object java.lang.invoke.DirectMethodHandle$Holder.invokeStatic(java.lang.Object, int, java.lang.Object, java.lang.Object, java.lang.Object, java.lang.Object)'> (0x00000005a956f8f8) 
thrown [./open/src/hotspot/share/interpreter/linkResolver.cpp, line 782]
Event: 0.208 Thread 0x00000269214970d0 Exception <a 'java/lang/NoSuchMethodError'{0x00000005a9595a00}: 'java.lang.Object java.lang.invoke.DirectMethodHandle$Holder.invokeStatic(java.lang.Object, int, java.lang.Object)'> (0x00000005a9595a00) 
thrown [./open/src/hotspot/share/interpreter/linkResolver.cpp, line 782]
Event: 0.269 Thread 0x00000269214970d0 Exception <a 'java/lang/ClassNotFoundException'{0x00000005a9754180}: com/sun/swing/internal/plaf/metal/resources/spi/metalProvider> (0x00000005a9754180) 
thrown [./open/src/hotspot/share/classfile/systemDictionary.cpp, line 295]
Event: 0.270 Thread 0x00000269214970d0 Exception <a 'java/lang/ClassNotFoundException'{0x00000005a9758198}: com/sun/swing/internal/plaf/basic/resources/spi/basicProvider> (0x00000005a9758198) 
thrown [./open/src/hotspot/share/classfile/systemDictionary.cpp, line 295]
Event: 0.294 Thread 0x00000269214970d0 Exception <a 'java/lang/NoSuchMethodError'{0x00000005a97acea0}: 'int java.lang.invoke.DirectMethodHandle$Holder.invokeStaticInit(java.lang.Object, java.lang.Object, java.lang.Object, java.lang.Object)'> (0x00000005a97acea0) 
thrown [./open/src/hotspot/share/interpreter/linkResolver.cpp, line 782]
Event: 0.295 Thread 0x00000269214970d0 Exception <a 'java/lang/NoSuchMethodError'{0x00000005a97b7368}: 'java.lang.Object java.lang.invoke.DirectMethodHandle$Holder.invokeInterface(java.lang.Object, java.lang.Object)'> (0x00000005a97b7368) 
thrown [./open/src/hotspot/share/interpreter/linkResolver.cpp, line 782]
Event: 0.295 Thread 0x00000269214970d0 Exception <a 'java/lang/IncompatibleClassChangeError'{0x00000005a97bab58}: Found class java.lang.Object, but interface was expected> (0x00000005a97bab58) 
thrown [./open/src/hotspot/share/interpreter/linkResolver.cpp, line 848]
Event: 0.296 Thread 0x00000269214970d0 Exception <a 'java/lang/NoSuchMethodError'{0x00000005a97bdcc8}: 'void java.lang.invoke.DirectMethodHandle$Holder.invokeStatic(java.lang.Object, java.lang.Object)'> (0x00000005a97bdcc8) 
thrown [./open/src/hotspot/share/interpreter/linkResolver.cpp, line 782]
Event: 0.296 Thread 0x00000269214970d0 Exception <a 'java/lang/NoSuchMethodError'{0x00000005a97c1428}: 'void java.lang.invoke.DirectMethodHandle$Holder.invokeStaticInit(java.lang.Object, java.lang.Object)'> (0x00000005a97c1428) 
thrown [./open/src/hotspot/share/interpreter/linkResolver.cpp, line 782]
Event: 0.297 Thread 0x00000269214970d0 Exception <a 'java/lang/NoSuchMethodError'{0x00000005a97c7980}: 'int java.lang.invoke.DirectMethodHandle$Holder.invokeStaticInit(java.lang.Object, java.lang.Object)'> (0x00000005a97c7980) 
thrown [./open/src/hotspot/share/interpreter/linkResolver.cpp, line 782]
Event: 0.486 Thread 0x00000269214970d0 Exception <a 'java/lang/NoSuchMethodError'{0x00000005a8ae0378}: 'void java.lang.invoke.DirectMethodHandle$Holder.invokeStaticInit(java.lang.Object)'> (0x00000005a8ae0378) 
thrown [./open/src/hotspot/share/interpreter/linkResolver.cpp, line 782]
Event: 5.325 Thread 0x0000026953e55800 Implicit null exception at 0x00000269311da030 to 0x00000269311da090
Event: 86.638 Thread 0x0000026955fbd780 Implicit null exception at 0x0000026931286974 to 0x0000026931286b80
Event: 3386.160 Thread 0x000002695760b5a0 Implicit null exception at 0x00000269313c634f to 0x00000269313c8624
Event: 41820.787 Thread 0x0000026953e55800 Exception <a 'java/lang/NoSuchMethodError'{0x000000058eb8d008}: 'void java.lang.invoke.DirectMethodHandle$Holder.invokeVirtual(java.lang.Object, java.lang.Object)'> (0x000000058eb8d008) 
thrown [./open/src/hotspot/share/interpreter/linkResolver.cpp, line 782]
Event: 41820.829 Thread 0x0000026953e55800 Implicit null exception at 0x00000269316ef927 to 0x00000269316efffc

Events (20 events):
Event: 58754.722 Executing VM operation: G1CollectFull done
Event: 58754.751 Thread 0x000002695760ea90 Thread exited: 0x000002695760ea90
Event: 61714.169 Executing VM operation: G1CollectForAllocation
Event: 61714.170 Executing VM operation: G1CollectForAllocation done
Event: 61714.176 Executing VM operation: G1Concurrent
Event: 61714.178 Executing VM operation: G1Concurrent done
Event: 61714.178 Executing VM operation: HandshakeAllThreads
Event: 61714.178 Executing VM operation: HandshakeAllThreads done
Event: 61714.181 Executing VM operation: G1Concurrent
Event: 61714.181 Executing VM operation: G1Concurrent done
Event: 61722.240 Executing VM operation: G1CollectForAllocation
Event: 61722.241 Executing VM operation: G1CollectForAllocation done
Event: 61737.806 Thread 0x000002695760c8e0 Thread added: 0x000002695760c8e0
Event: 61737.807 Executing VM operation: G1CollectForAllocation
Event: 61737.808 Executing VM operation: G1CollectForAllocation done
Event: 61737.816 Executing VM operation: G1Concurrent
Event: 61737.817 Executing VM operation: G1Concurrent done
Event: 61737.819 Executing VM operation: G1Concurrent
Event: 61737.819 Executing VM operation: G1Concurrent done
Event: 61737.872 Executing VM operation: G1CollectFull


Dynamic libraries:
0x00007ff6e8830000 - 0x00007ff6e883f000 	C:\Users\sm2983\Downloads\jdk-15.0.2_windows-x64_bin\jdk-15.0.2\bin\java.exe
0x00007ffe49840000 - 0x00007ffe49a21000 	C:\WINDOWS\SYSTEM32\ntdll.dll
0x00007ffe3dc40000 - 0x00007ffe3dc67000 	C:\Program Files\Cylance\Desktop\CyMemDef64.dll
0x00007ffe47920000 - 0x00007ffe479d1000 	C:\WINDOWS\System32\KERNEL32.DLL
0x00007ffe45ea0000 - 0x00007ffe46113000 	C:\WINDOWS\System32\KERNELBASE.dll
0x00007ffe46b20000 - 0x00007ffe46c18000 	C:\WINDOWS\System32\ucrtbase.dll
0x00007ffe34ac0000 - 0x00007ffe34ad8000 	C:\Users\sm2983\Downloads\jdk-15.0.2_windows-x64_bin\jdk-15.0.2\bin\jli.dll
0x00007ffe48030000 - 0x00007ffe480d1000 	C:\WINDOWS\System32\ADVAPI32.dll
0x00007ffe46ef0000 - 0x00007ffe46f8e000 	C:\WINDOWS\System32\msvcrt.dll
0x00007ffe470c0000 - 0x00007ffe4711b000 	C:\WINDOWS\System32\sechost.dll
0x00007ffe480e0000 - 0x00007ffe48203000 	C:\WINDOWS\System32\RPCRT4.dll
0x00007ffe471c0000 - 0x00007ffe47350000 	C:\WINDOWS\System32\USER32.dll
0x00007ffe46890000 - 0x00007ffe468b0000 	C:\WINDOWS\System32\win32u.dll
0x00007ffe47800000 - 0x00007ffe47828000 	C:\WINDOWS\System32\GDI32.dll
0x00007ffe45d00000 - 0x00007ffe45e94000 	C:\WINDOWS\System32\gdi32full.dll
0x00007ffe46c20000 - 0x00007ffe46cbf000 	C:\WINDOWS\System32\msvcp_win.dll
0x00007ffe34760000 - 0x00007ffe34779000 	C:\Users\sm2983\Downloads\jdk-15.0.2_windows-x64_bin\jdk-15.0.2\bin\VCRUNTIME140.dll
0x00007ffe30d90000 - 0x00007ffe30ff9000 	C:\WINDOWS\WinSxS\amd64_microsoft.windows.common-controls_6595b64144ccf1df_6.0.17134.2026_none_d3fdbb717c923c14\COMCTL32.dll
0x00007ffe47350000 - 0x00007ffe47672000 	C:\WINDOWS\System32\combase.dll
0x00007ffe46aa0000 - 0x00007ffe46b19000 	C:\WINDOWS\System32\bcryptPrimitives.dll
0x00007ffe418b0000 - 0x00007ffe418ba000 	C:\WINDOWS\SYSTEM32\VERSION.dll
0x00007ffe47890000 - 0x00007ffe478bd000 	C:\WINDOWS\System32\IMM32.DLL
0x00007ffe34750000 - 0x00007ffe3475c000 	C:\Users\sm2983\Downloads\jdk-15.0.2_windows-x64_bin\jdk-15.0.2\bin\vcruntime140_1.dll
0x00007ffe0b7c0000 - 0x00007ffe0b851000 	C:\Users\sm2983\Downloads\jdk-15.0.2_windows-x64_bin\jdk-15.0.2\bin\msvcp140.dll
0x00007ffda3810000 - 0x00007ffda436e000 	C:\Users\sm2983\Downloads\jdk-15.0.2_windows-x64_bin\jdk-15.0.2\bin\server\jvm.dll
0x00007ffe46cc0000 - 0x00007ffe46cc8000 	C:\WINDOWS\System32\PSAPI.DLL
0x00007ffe313b0000 - 0x00007ffe313b9000 	C:\WINDOWS\SYSTEM32\WSOCK32.dll
0x00007ffe47a10000 - 0x00007ffe47a7c000 	C:\WINDOWS\System32\WS2_32.dll
0x00007ffe43bf0000 - 0x00007ffe43c13000 	C:\WINDOWS\SYSTEM32\WINMM.dll
0x00007ffe43bc0000 - 0x00007ffe43bea000 	C:\WINDOWS\SYSTEM32\WINMMBASE.dll
0x00007ffe46840000 - 0x00007ffe46889000 	C:\WINDOWS\System32\cfgmgr32.dll
0x00007ffe45bd0000 - 0x00007ffe45be1000 	C:\WINDOWS\System32\kernel.appcore.dll
0x00007ffe34ab0000 - 0x00007ffe34aba000 	C:\Users\sm2983\Downloads\jdk-15.0.2_windows-x64_bin\jdk-15.0.2\bin\jimage.dll
0x00007ffe3fa20000 - 0x00007ffe3fbe9000 	C:\WINDOWS\SYSTEM32\DBGHELP.DLL
0x00007ffe3f9f0000 - 0x00007ffe3fa19000 	C:\WINDOWS\SYSTEM32\dbgcore.DLL
0x00007ffe33b60000 - 0x00007ffe33b85000 	C:\Users\sm2983\Downloads\jdk-15.0.2_windows-x64_bin\jdk-15.0.2\bin\java.dll
0x00007ffe48210000 - 0x00007ffe49655000 	C:\WINDOWS\System32\SHELL32.dll
0x00007ffe46f90000 - 0x00007ffe47038000 	C:\WINDOWS\System32\shcore.dll
0x00007ffe46120000 - 0x00007ffe46833000 	C:\WINDOWS\System32\windows.storage.dll
0x00007ffe47830000 - 0x00007ffe47881000 	C:\WINDOWS\System32\shlwapi.dll
0x00007ffe45bb0000 - 0x00007ffe45bcf000 	C:\WINDOWS\System32\profapi.dll
0x00007ffe45b40000 - 0x00007ffe45b8c000 	C:\WINDOWS\System32\powrprof.dll
0x00007ffe45b30000 - 0x00007ffe45b3a000 	C:\WINDOWS\System32\FLTLIB.DLL
0x00007ffe34a90000 - 0x00007ffe34aa9000 	C:\Users\sm2983\Downloads\jdk-15.0.2_windows-x64_bin\jdk-15.0.2\bin\net.dll
0x00007ffe415f0000 - 0x00007ffe416cd000 	C:\WINDOWS\SYSTEM32\WINHTTP.dll
0x00007ffe453b0000 - 0x00007ffe45416000 	C:\WINDOWS\system32\mswsock.dll
0x00007ffe33b40000 - 0x00007ffe33b52000 	C:\Users\sm2983\Downloads\jdk-15.0.2_windows-x64_bin\jdk-15.0.2\bin\nio.dll
0x00007ffe33b20000 - 0x00007ffe33b38000 	C:\Users\sm2983\Downloads\jdk-15.0.2_windows-x64_bin\jdk-15.0.2\bin\zip.dll
0x00007ffdfb0d0000 - 0x00007ffdfb250000 	C:\Users\sm2983\Downloads\jdk-15.0.2_windows-x64_bin\jdk-15.0.2\bin\awt.dll
0x00007ffe46cd0000 - 0x00007ffe46d92000 	C:\WINDOWS\System32\OLEAUT32.dll
0x00007ffe439b0000 - 0x00007ffe43a3b000 	C:\WINDOWS\SYSTEM32\apphelp.dll
0x00007ffe43f80000 - 0x00007ffe44018000 	C:\WINDOWS\system32\uxtheme.dll
0x00007ffe47680000 - 0x00007ffe477f4000 	C:\WINDOWS\System32\MSCTF.dll
0x00007ffe44230000 - 0x00007ffe44259000 	C:\WINDOWS\system32\dwmapi.dll
0x00007ffe47ed0000 - 0x00007ffe48022000 	C:\WINDOWS\System32\ole32.dll
0x00007ffe142a0000 - 0x00007ffe143c0000 	C:\WINDOWS\system32\opengl32.dll
0x00007ffe211c0000 - 0x00007ffe211ec000 	C:\WINDOWS\SYSTEM32\GLU32.dll
0x00007ffe34a80000 - 0x00007ffe34a90000 	C:\Users\sm2983\Downloads\jdk-15.0.2_windows-x64_bin\jdk-15.0.2\bin\verify.dll
0x00007ffe09680000 - 0x00007ffe09705000 	C:\Users\sm2983\Downloads\jdk-15.0.2_windows-x64_bin\jdk-15.0.2\bin\freetype.dll
0x00007ffdff430000 - 0x00007ffdff4d9000 	C:\Users\sm2983\Downloads\jdk-15.0.2_windows-x64_bin\jdk-15.0.2\bin\fontmanager.dll
0x00007ffe47120000 - 0x00007ffe471c0000 	C:\WINDOWS\System32\clbcatq.dll
0x00007ffe40f60000 - 0x00007ffe4110e000 	C:\WINDOWS\SYSTEM32\WindowsCodecs.dll
0x00007ffe1dc30000 - 0x00007ffe1dc88000 	C:\WINDOWS\system32\dataexchange.dll
0x00007ffe42a40000 - 0x00007ffe42d4b000 	C:\WINDOWS\system32\d3d11.dll
0x00007ffe42e60000 - 0x00007ffe42ffc000 	C:\WINDOWS\system32\dcomp.dll
0x00007ffe44750000 - 0x00007ffe4480b000 	C:\WINDOWS\system32\dxgi.dll
0x00007ffe44060000 - 0x00007ffe44217000 	C:\WINDOWS\system32\twinapi.appcore.dll
0x00007ffe44260000 - 0x00007ffe44281000 	C:\WINDOWS\system32\RMCLIENT.dll
0x00007ffe30cf0000 - 0x00007ffe30d82000 	C:\WINDOWS\System32\TextInputFramework.dll
0x00007ffe40590000 - 0x00007ffe408ae000 	C:\WINDOWS\System32\CoreUIComponents.dll
0x00007ffe43740000 - 0x00007ffe4381a000 	C:\WINDOWS\System32\CoreMessaging.dll
0x00007ffe448e0000 - 0x00007ffe44911000 	C:\WINDOWS\SYSTEM32\ntmarta.dll
0x00007ffe402a0000 - 0x00007ffe403e7000 	C:\WINDOWS\SYSTEM32\wintypes.dll

dbghelp: loaded successfully - version: 4.0.5 - missing functions: none
symbol engine: initialized successfully - sym options: 0x614 - pdb path: .;C:\Users\sm2983\Downloads\jdk-15.0.2_windows-x64_bin\jdk-15.0.2\bin;C:\WINDOWS\SYSTEM32;C:\Program Files\Cylance\Desktop;C:\WINDOWS\WinSxS\amd64_microsoft.windows.common-controls_6595b64144ccf1df_6.0.17134.2026_none_d3fdbb717c923c14;C:\Users\sm2983\Downloads\jdk-15.0.2_windows-x64_bin\jdk-15.0.2\bin\server

VM Arguments:
jvm_args: -Dfile.encoding=UTF-8 
java_command: simpleactin.SimpleActin
java_class_path (initial): C:\Users\sm2983\Documents\NetBeansProjects\Intensity\dist\Intensity.jar;C:\Users\sm2983\Downloads\darcula.jar;C:\Users\sm2983\Downloads\commons-math3-3.6.1.jar;C:\Users\sm2983\Documents\NetBeansProjects\SimpleActin\build\classes
Launcher Type: SUN_STANDARD

[Global flags]
     intx CICompilerCount                          = 4                                         {product} {ergonomic}
     uint ConcGCThreads                            = 2                                         {product} {ergonomic}
     uint G1ConcRefinementThreads                  = 8                                         {product} {ergonomic}
   size_t G1HeapRegionSize                         = 8388608                                   {product} {ergonomic}
    uintx GCDrainStackTargetSize                   = 64                                        {product} {ergonomic}
   size_t InitialHeapSize                          = 671088640                                 {product} {ergonomic}
   size_t MarkStackSize                            = 4194304                                   {product} {ergonomic}
   size_t MaxHeapSize                              = 10712252416                               {product} {ergonomic}
   size_t MaxNewSize                               = 6425673728                                {product} {ergonomic}
   size_t MinHeapDeltaBytes                        = 8388608                                   {product} {ergonomic}
   size_t MinHeapSize                              = 8388608                                   {product} {ergonomic}
    uintx NonNMethodCodeHeapSize                   = 5839372                                {pd product} {ergonomic}
    uintx NonProfiledCodeHeapSize                  = 122909434                              {pd product} {ergonomic}
    uintx ProfiledCodeHeapSize                     = 122909434                              {pd product} {ergonomic}
    uintx ReservedCodeCacheSize                    = 251658240                              {pd product} {ergonomic}
     bool SegmentedCodeCache                       = true                                      {product} {ergonomic}
   size_t SoftMaxHeapSize                          = 10712252416                            {manageable} {ergonomic}
     bool UseCompressedClassPointers               = true                                 {lp64_product} {ergonomic}
     bool UseCompressedOops                        = true                                 {lp64_product} {ergonomic}
     bool UseG1GC                                  = true                                      {product} {ergonomic}
     bool UseLargePagesIndividualAllocation        = false                                  {pd product} {ergonomic}

Logging:
Log output configuration:
 #0: stdout all=warning uptime,level,tags
 #1: stderr all=off uptime,level,tags

Environment Variables:
JAVA_HOME=C:\Program Files\Java\jdk-12.0.2\
CLASSPATH=.;.;C:\PROGRA~2\JMF21~1.1E\lib\sound.jar;C:\PROGRA~2\JMF21~1.1E\lib\jmf.jar;C:\PROGRA~2\JMF21~1.1E\lib;
PATH=C:\Program Files (x86)\IntelSWTools\system_studio_2020\OpenCL\sdk\bin\x64;C:\Program Files (x86)\IntelSWTools\system_studio_2020\OpenCL\sdk\bin\x86;C:\Program Files\NVIDIA GPU Computing Toolkit\CUDA\v10.2\bin;C:\Program Files\NVIDIA GPU Computing Toolkit\CUDA\v10.2\libnvvp;C:\ProgramData\Anaconda3;C:\ProgramData\Anaconda3\Library\mingw-w64\bin;C:\ProgramData\Anaconda3\Library\usr\bin;C:\ProgramData\Anaconda3\Library\bin;C:\ProgramData\Anaconda3\Scripts;C:\WINDOWS\system32;C:\WINDOWS;C:\WINDOWS\System32\Wbem;C:\WINDOWS\System32\WindowsPowerShell\v1.0\;C:\oracle\product\11.2.0\client_1\bin;C:\windows\SysWOW64\;C:\windows\SysWOW64\Wbem;C:\windows\SysWOW64\WindowsPowerShell\v1.0;C:\Program Files\Microsoft Application Virtualization\Sequencer;C:\Program Files\MATLAB\R2017b\runtime\win64;C:\Program Files\MATLAB\R2017b\bin;C:\WINDOWS\System32\OpenSSH\;C:\Program Files\NVIDIA Corporation\Nsight Compute 2019.5.0\;C:\Program Files (x86)\NVIDIA Corporation\PhysX\Common;C:\Program Files\dotnet\;C:\Program Files\Microsoft SQL Server\130\Tools\Binn\;C:\Program Files\Microsoft SQL Server\Client SDK\ODBC\170\Tools\Binn\;C:\Python27;C:\Program Files (x86)\IntelSWTools\sw_dev_tools\tools\DAL_1.1942.1019.110\;C:\Program Files\Git\cmd;C:\Users\sm2983\AppData\Local\Microsoft\WindowsApps;C:\Program Files\Java\jdk-12.0.2\bin;C:\Qt\Tools\mingw730_64\bin;
USERNAME=sm2983
OS=Windows_NT
PROCESSOR_IDENTIFIER=Intel64 Family 6 Model 94 Stepping 3, GenuineIntel



---------------  S Y S T E M  ---------------

OS:
 Windows 10 , 64 bit Build 17134 (10.0.17134.1425)
OS uptime: 4 days 13:47 hours

CPU: total 8 (initial active 8) (4 cores per cpu, 2 threads per core) family 6 model 94 stepping 3 microcode 0xc6, cmov, cx8, fxsr, mmx, sse, sse2, sse3, ssse3, sse4.1, sse4.2, popcnt, vzeroupper, avx, avx2, aes, clmul, erms, rtm, 3dnowpref, lzcnt, ht, tsc, tscinvbit, bmi1, bmi2, adx, fma, clflush, clflushopt

Memory: 4k page, system-wide physical 40849M (20439M free)
TotalPageFile size 48899M (AvailPageFile size 4M)
current process WorkingSet (physical memory assigned to process): 258M, peak: 496M
current process commit charge ("private bytes"): 320M, peak: 838M

vm_info: Java HotSpot(TM) 64-Bit Server VM (15.0.2+7-27) for windows-amd64 JRE (15.0.2+7-27), built on Dec  7 2020 20:07:01 by "mach5one" with unknown MS VC++:1925

END.
