#
# There is insufficient memory for the Java Runtime Environment to continue.
# Native memory allocation (malloc) failed to allocate 4062704 bytes for Chunk::new
# Possible reasons:
#   The system is out of physical RAM or swap space
#   In 32 bit mode, the process size limit was hit
# Possible solutions:
#   Reduce memory load on the system
#   Increase physical memory or swap space
#   Check if swap backing store is full
#   Use 64 bit Java on a 64 bit OS
#   Decrease Java heap size (-Xmx/-Xms)
#   Decrease number of Java threads
#   Decrease Java thread stack sizes (-Xss)
#   Set larger code cache with -XX:ReservedCodeCacheSize=
# This output file may be truncated or incomplete.
#
#  Out of Memory Error (allocation.cpp:390), pid=13724, tid=0x0000000000003044
#
# JRE version: Java(TM) SE Runtime Environment (8.0_111-b14) (build 1.8.0_111-b14)
# Java VM: Java HotSpot(TM) 64-Bit Server VM (25.111-b14 mixed mode windows-amd64 compressed oops)
# Failed to write core dump. Minidumps are not enabled by default on client versions of Windows
#

---------------  T H R E A D  ---------------

Current thread (0x000000002c3e2800):  JavaThread "C2 CompilerThread2" daemon [_thread_in_native, id=12356, stack(0x000000002cda0000,0x000000002cea0000)]

Stack: [0x000000002cda0000,0x000000002cea0000]
[error occurred during error reporting (printing stack bounds), id 0xc0000005]

Native frames: (J=compiled Java code, j=interpreted, Vv=VM code, C=native code)


Current CompileTask:
C2:  45090 2682 %     4       simpleactin.MainJFrame::simulate @ 940 (1525 bytes)


---------------  P R O C E S S  ---------------

Java Threads: ( => current thread )
  0x000000002d872800 JavaThread "Thread-4" [_thread_in_Java, id=32212, stack(0x0000000031dc0000,0x0000000031ec0000)]
  0x000000002d7c3000 JavaThread "TimerQueue" daemon [_thread_blocked, id=8340, stack(0x000000002f920000,0x000000002fa20000)]
  0x000000002d878800 JavaThread "Darcula Animations" daemon [_thread_blocked, id=28864, stack(0x000000002f820000,0x000000002f920000)]
  0x00000000027cd800 JavaThread "DestroyJavaVM" [_thread_blocked, id=7888, stack(0x00000000028a0000,0x00000000029a0000)]
  0x000000002d46b000 JavaThread "AWT-EventQueue-0" [_thread_blocked, id=37284, stack(0x000000002e4c0000,0x000000002e5c0000)]
  0x000000002d36f800 JavaThread "AWT-Windows" daemon [_thread_in_native, id=29612, stack(0x000000002dce0000,0x000000002dde0000)]
  0x000000002d368000 JavaThread "AWT-Shutdown" [_thread_blocked, id=8812, stack(0x000000002dbe0000,0x000000002dce0000)]
  0x000000002d367000 JavaThread "Java2D Disposer" daemon [_thread_blocked, id=33504, stack(0x000000002dae0000,0x000000002dbe0000)]
  0x000000002c409000 JavaThread "Service Thread" daemon [_thread_blocked, id=38112, stack(0x000000002cfa0000,0x000000002d0a0000)]
  0x000000002c3e7800 JavaThread "C1 CompilerThread3" daemon [_thread_blocked, id=22316, stack(0x000000002cea0000,0x000000002cfa0000)]
=>0x000000002c3e2800 JavaThread "C2 CompilerThread2" daemon [_thread_in_native, id=12356, stack(0x000000002cda0000,0x000000002cea0000)]
  0x000000002c3e0000 JavaThread "C2 CompilerThread1" daemon [_thread_blocked, id=8380, stack(0x000000002cca0000,0x000000002cda0000)]
  0x000000002c3d9000 JavaThread "C2 CompilerThread0" daemon [_thread_blocked, id=8696, stack(0x000000002cba0000,0x000000002cca0000)]
  0x000000002c3d7800 JavaThread "Attach Listener" daemon [_thread_blocked, id=23252, stack(0x000000002caa0000,0x000000002cba0000)]
  0x000000002a4de800 JavaThread "Signal Dispatcher" daemon [_thread_blocked, id=27104, stack(0x000000002c9a0000,0x000000002caa0000)]
  0x0000000002a9e000 JavaThread "Finalizer" daemon [_thread_blocked, id=25892, stack(0x000000002c7b0000,0x000000002c8b0000)]
  0x0000000002a97000 JavaThread "Reference Handler" daemon [_thread_blocked, id=14984, stack(0x000000002c2b0000,0x000000002c3b0000)]

Other Threads:
  0x000000002a4c9000 VMThread [stack: 0x000000002c1b0000,0x000000002c2b0000] [id=38380]
  0x000000002c40a800 WatcherThread [stack: 0x000000002d0a0000,0x000000002d1a0000] [id=19392]

VM state:not at safepoint (normal execution)

VM Mutex/Monitor currently owned by a thread: None

Heap:
 PSYoungGen      total 2500096K, used 69471K [0x00000006eb380000, 0x0000000784080000, 0x00000007c0000000)
  eden space 2496512K, 2% used [0x00000006eb380000,0x00000006ef483650,0x0000000783980000)
  from space 3584K, 80% used [0x0000000783d00000,0x0000000783fd4780,0x0000000784080000)
  to   space 3584K, 0% used [0x0000000783980000,0x0000000783980000,0x0000000783d00000)
 ParOldGen       total 437248K, used 39818K [0x0000000541a00000, 0x000000055c500000, 0x00000006eb380000)
  object space 437248K, 9% used [0x0000000541a00000,0x00000005440e2950,0x000000055c500000)
 Metaspace       used 14997K, capacity 15215K, committed 15488K, reserved 1062912K
  class space    used 1798K, capacity 1872K, committed 1920K, reserved 1048576K

Card table byte_map: [0x0000000011e60000,0x0000000013260000] byte_map_base: 0x000000000f453000

Marking Bits: (ParMarkBitMap*) 0x000000005259a6c0
 Begin Bits: [0x00000000147b0000, 0x000000001e748000)
 End Bits:   [0x000000001e748000, 0x00000000286e0000)

Polling page: 0x0000000000ba0000

CodeCache: size=245760Kb used=8732Kb max_used=8918Kb free=237027Kb
 bounds [0x0000000002aa0000, 0x00000000033a0000, 0x0000000011aa0000]
 total_blobs=2734 nmethods=2212 adapters=433
 compilation: enabled

Compilation events (10 events):
Event: 42.806 Thread 0x000000002c3e7800 nmethod 2742 0x0000000002e85b10 code [0x0000000002e85c60, 0x0000000002e85dd0]
Event: 42.807 Thread 0x000000002c3e0000 nmethod 2741 0x0000000002e8e5d0 code [0x0000000002e8e700, 0x0000000002e8e798]
Event: 42.912 Thread 0x000000002c3d9000 2743       4       sun.java2d.pipe.SpanShapeRenderer::renderRect (357 bytes)
Event: 42.928 Thread 0x000000002c3d9000 nmethod 2743 0x0000000002edae10 code [0x0000000002edb020, 0x0000000002edbc48]
Event: 43.170 Thread 0x000000002c3e0000 2744       4       java.lang.Thread::isInterrupted (6 bytes)
Event: 43.171 Thread 0x000000002c3e0000 nmethod 2744 0x0000000002e8e350 code [0x0000000002e8e4a0, 0x0000000002e8e548]
Event: 43.244 Thread 0x000000002c3d9000 2745       4       java.awt.image.BufferedImage::<init> (1088 bytes)
Event: 43.244 Thread 0x000000002c3e0000 2746       4       java.awt.image.BufferedImage::coerceData (38 bytes)
Event: 43.245 Thread 0x000000002c3e0000 nmethod 2746 0x0000000002e8e0d0 code [0x0000000002e8e200, 0x0000000002e8e298]
Event: 43.259 Thread 0x000000002c3d9000 nmethod 2745 0x0000000003117d50 code [0x0000000003117f00, 0x0000000003118728]

GC Heap History (10 events):
Event: 44.932 GC heap before
{Heap before GC invocations=1279 (full 430):
 PSYoungGen      total 2500096K, used 2897K [0x00000006eb380000, 0x0000000784080000, 0x00000007c0000000)
  eden space 2496512K, 0% used [0x00000006eb380000,0x00000006eb380000,0x0000000783980000)
  from space 3584K, 80% used [0x0000000783980000,0x0000000783c54780,0x0000000783d00000)
  to   space 3584K, 0% used [0x0000000783d00000,0x0000000783d00000,0x0000000784080000)
 ParOldGen       total 437248K, used 39850K [0x0000000541a00000, 0x000000055c500000, 0x00000006eb380000)
  object space 437248K, 9% used [0x0000000541a00000,0x00000005440ea8e0,0x000000055c500000)
 Metaspace       used 14997K, capacity 15215K, committed 15488K, reserved 1062912K
  class space    used 1798K, capacity 1872K, committed 1920K, reserved 1048576K
Event: 44.947 GC heap after
Heap after GC invocations=1279 (full 430):
 PSYoungGen      total 2500096K, used 0K [0x00000006eb380000, 0x0000000784080000, 0x00000007c0000000)
  eden space 2496512K, 0% used [0x00000006eb380000,0x00000006eb380000,0x0000000783980000)
  from space 3584K, 0% used [0x0000000783980000,0x0000000783980000,0x0000000783d00000)
  to   space 3584K, 0% used [0x0000000783d00000,0x0000000783d00000,0x0000000784080000)
 ParOldGen       total 437248K, used 39818K [0x0000000541a00000, 0x000000055c500000, 0x00000006eb380000)
  object space 437248K, 9% used [0x0000000541a00000,0x00000005440e29c0,0x000000055c500000)
 Metaspace       used 14997K, capacity 15215K, committed 15488K, reserved 1062912K
  class space    used 1798K, capacity 1872K, committed 1920K, reserved 1048576K
}
Event: 44.984 GC heap before
{Heap before GC invocations=1280 (full 430):
 PSYoungGen      total 2500096K, used 66573K [0x00000006eb380000, 0x0000000784080000, 0x00000007c0000000)
  eden space 2496512K, 2% used [0x00000006eb380000,0x00000006ef483650,0x0000000783980000)
  from space 3584K, 0% used [0x0000000783980000,0x0000000783980000,0x0000000783d00000)
  to   space 3584K, 0% used [0x0000000783d00000,0x0000000783d00000,0x0000000784080000)
 ParOldGen       total 437248K, used 39818K [0x0000000541a00000, 0x000000055c500000, 0x00000006eb380000)
  object space 437248K, 9% used [0x0000000541a00000,0x00000005440e29c0,0x000000055c500000)
 Metaspace       used 14997K, capacity 15215K, committed 15488K, reserved 1062912K
  class space    used 1798K, capacity 1872K, committed 1920K, reserved 1048576K
Event: 44.985 GC heap after
Heap after GC invocations=1280 (full 430):
 PSYoungGen      total 2500096K, used 2897K [0x00000006eb380000, 0x0000000784080000, 0x00000007c0000000)
  eden space 2496512K, 0% used [0x00000006eb380000,0x00000006eb380000,0x0000000783980000)
  from space 3584K, 80% used [0x0000000783d00000,0x0000000783fd4780,0x0000000784080000)
  to   space 3584K, 0% used [0x0000000783980000,0x0000000783980000,0x0000000783d00000)
 ParOldGen       total 437248K, used 39818K [0x0000000541a00000, 0x000000055c500000, 0x00000006eb380000)
  object space 437248K, 9% used [0x0000000541a00000,0x00000005440e29c0,0x000000055c500000)
 Metaspace       used 14997K, capacity 15215K, committed 15488K, reserved 1062912K
  class space    used 1798K, capacity 1872K, committed 1920K, reserved 1048576K
}
Event: 45.022 GC heap before
{Heap before GC invocations=1281 (full 430):
 PSYoungGen      total 2500096K, used 69471K [0x00000006eb380000, 0x0000000784080000, 0x00000007c0000000)
  eden space 2496512K, 2% used [0x00000006eb380000,0x00000006ef483650,0x0000000783980000)
  from space 3584K, 80% used [0x0000000783d00000,0x0000000783fd4780,0x0000000784080000)
  to   space 3584K, 0% used [0x0000000783980000,0x0000000783980000,0x0000000783d00000)
 ParOldGen       total 437248K, used 39818K [0x0000000541a00000, 0x000000055c500000, 0x00000006eb380000)
  object space 437248K, 9% used [0x0000000541a00000,0x00000005440e29c0,0x000000055c500000)
 Metaspace       used 14997K, capacity 15215K, committed 15488K, reserved 1062912K
  class space    used 1798K, capacity 1872K, committed 1920K, reserved 1048576K
Event: 45.023 GC heap after
Heap after GC invocations=1281 (full 430):
 PSYoungGen      total 2500096K, used 2897K [0x00000006eb380000, 0x0000000784080000, 0x00000007c0000000)
  eden space 2496512K, 0% used [0x00000006eb380000,0x00000006eb380000,0x0000000783980000)
  from space 3584K, 80% used [0x0000000783980000,0x0000000783c54780,0x0000000783d00000)
  to   space 3584K, 0% used [0x0000000783d00000,0x0000000783d00000,0x0000000784080000)
 ParOldGen       total 437248K, used 39826K [0x0000000541a00000, 0x000000055c500000, 0x00000006eb380000)
  object space 437248K, 9% used [0x0000000541a00000,0x00000005440e49c0,0x000000055c500000)
 Metaspace       used 14997K, capacity 15215K, committed 15488K, reserved 1062912K
  class space    used 1798K, capacity 1872K, committed 1920K, reserved 1048576K
}
Event: 45.023 GC heap before
{Heap before GC invocations=1282 (full 431):
 PSYoungGen      total 2500096K, used 2897K [0x00000006eb380000, 0x0000000784080000, 0x00000007c0000000)
  eden space 2496512K, 0% used [0x00000006eb380000,0x00000006eb380000,0x0000000783980000)
  from space 3584K, 80% used [0x0000000783980000,0x0000000783c54780,0x0000000783d00000)
  to   space 3584K, 0% used [0x0000000783d00000,0x0000000783d00000,0x0000000784080000)
 ParOldGen       total 437248K, used 39826K [0x0000000541a00000, 0x000000055c500000, 0x00000006eb380000)
  object space 437248K, 9% used [0x0000000541a00000,0x00000005440e49c0,0x000000055c500000)
 Metaspace       used 14997K, capacity 15215K, committed 15488K, reserved 1062912K
  class space    used 1798K, capacity 1872K, committed 1920K, reserved 1048576K
Event: 45.036 GC heap after
Heap after GC invocations=1282 (full 431):
 PSYoungGen      total 2500096K, used 0K [0x00000006eb380000, 0x0000000784080000, 0x00000007c0000000)
  eden space 2496512K, 0% used [0x00000006eb380000,0x00000006eb380000,0x0000000783980000)
  from space 3584K, 0% used [0x0000000783980000,0x0000000783980000,0x0000000783d00000)
  to   space 3584K, 0% used [0x0000000783d00000,0x0000000783d00000,0x0000000784080000)
 ParOldGen       total 437248K, used 39818K [0x0000000541a00000, 0x000000055c500000, 0x00000006eb380000)
  object space 437248K, 9% used [0x0000000541a00000,0x00000005440e2950,0x000000055c500000)
 Metaspace       used 14997K, capacity 15215K, committed 15488K, reserved 1062912K
  class space    used 1798K, capacity 1872K, committed 1920K, reserved 1048576K
}
Event: 45.070 GC heap before
{Heap before GC invocations=1283 (full 431):
 PSYoungGen      total 2500096K, used 66573K [0x00000006eb380000, 0x0000000784080000, 0x00000007c0000000)
  eden space 2496512K, 2% used [0x00000006eb380000,0x00000006ef483650,0x0000000783980000)
  from space 3584K, 0% used [0x0000000783980000,0x0000000783980000,0x0000000783d00000)
  to   space 3584K, 0% used [0x0000000783d00000,0x0000000783d00000,0x0000000784080000)
 ParOldGen       total 437248K, used 39818K [0x0000000541a00000, 0x000000055c500000, 0x00000006eb380000)
  object space 437248K, 9% used [0x0000000541a00000,0x00000005440e2950,0x000000055c500000)
 Metaspace       used 14997K, capacity 15215K, committed 15488K, reserved 1062912K
  class space    used 1798K, capacity 1872K, committed 1920K, reserved 1048576K
Event: 45.072 GC heap after
Heap after GC invocations=1283 (full 431):
 PSYoungGen      total 2500096K, used 2897K [0x00000006eb380000, 0x0000000784080000, 0x00000007c0000000)
  eden space 2496512K, 0% used [0x00000006eb380000,0x00000006eb380000,0x0000000783980000)
  from space 3584K, 80% used [0x0000000783d00000,0x0000000783fd4780,0x0000000784080000)
  to   space 3584K, 0% used [0x0000000783980000,0x0000000783980000,0x0000000783d00000)
 ParOldGen       total 437248K, used 39818K [0x0000000541a00000, 0x000000055c500000, 0x00000006eb380000)
  object space 437248K, 9% used [0x0000000541a00000,0x00000005440e2950,0x000000055c500000)
 Metaspace       used 14997K, capacity 15215K, committed 15488K, reserved 1062912K
  class space    used 1798K, capacity 1872K, committed 1920K, reserved 1048576K
}

Deoptimization events (10 events):
Event: 26.496 Thread 0x000000002d872800 Uncommon trap: reason=unstable_if action=reinterpret pc=0x00000000031aaa5c method=simpleactin.MainJFrame.simulate(Lsimpleactin/PolymerizationRate;Lsimpleactin/PolymerizationRate;Lsimpleactin/ReactionRate;Lsimpleactin/ReactionRate;Lsimpleactin/ReactionRate
Event: 26.500 Thread 0x000000002d46b000 Uncommon trap: reason=unstable_if action=reinterpret pc=0x0000000002e7c48c method=java.awt.Container.findComponentAtImpl(IIZ)Ljava/awt/Component; @ 24
Event: 26.501 Thread 0x000000002d872800 Uncommon trap: reason=unstable_if action=reinterpret pc=0x0000000002da5bc0 method=sun.misc.FloatingDecimal$BinaryToASCIIBuffer.dtoa(IJIZ)V @ 806
Event: 26.755 Thread 0x000000002d872800 Uncommon trap: reason=unstable_if action=reinterpret pc=0x0000000002db6b8c method=java.util.regex.Pattern$Curly.match(Ljava/util/regex/Matcher;ILjava/lang/CharSequence;)Z @ 22
Event: 27.835 Thread 0x000000002d872800 Uncommon trap: reason=unstable_if action=reinterpret pc=0x000000000327048c method=java.lang.Double.compare(DD)I @ 33
Event: 33.586 Thread 0x000000002d872800 Uncommon trap: reason=unstable_if action=reinterpret pc=0x0000000002f92170 method=simpleactin.MainJFrame.simulate(Lsimpleactin/PolymerizationRate;Lsimpleactin/PolymerizationRate;Lsimpleactin/ReactionRate;Lsimpleactin/ReactionRate;Lsimpleactin/ReactionRate
Event: 33.613 Thread 0x000000002d872800 Uncommon trap: reason=unstable_if action=reinterpret pc=0x0000000003069a34 method=simpleactin.MainJFrame.simulate(Lsimpleactin/PolymerizationRate;Lsimpleactin/PolymerizationRate;Lsimpleactin/ReactionRate;Lsimpleactin/ReactionRate;Lsimpleactin/ReactionRate
Event: 37.192 Thread 0x000000002d872800 Uncommon trap: reason=unstable_if action=reinterpret pc=0x00000000030b4818 method=org.apache.commons.math3.stat.inference.KolmogorovSmirnovTest.integralKolmogorovSmirnovStatistic([D[D)J @ 168
Event: 37.192 Thread 0x000000002d872800 Uncommon trap: reason=unstable_if action=reinterpret pc=0x000000000312d6bc method=org.apache.commons.math3.stat.inference.KolmogorovSmirnovTest.integralKolmogorovSmirnovStatistic([D[D)J @ 168
Event: 42.534 Thread 0x000000002d46b000 Uncommon trap: reason=range_check action=make_not_entrant pc=0x0000000002dbd9b8 method=java.awt.image.DirectColorModel.getRedMask()I @ 5

Internal exceptions (10 events):
Event: 0.153 Thread 0x00000000027cd800 Exception <a 'java/security/PrivilegedActionException'> (0x00000006ebaa8a50) thrown at [C:\re\workspace\8-2-build-windows-amd64-cygwin\jdk8u111\7883\hotspot\src\share\vm\prims\jvm.cpp, line 1386]
Event: 0.158 Thread 0x00000000027cd800 Exception <a 'java/io/FileNotFoundException'> (0x00000006ebaaacd8) thrown at [C:\re\workspace\8-2-build-windows-amd64-cygwin\jdk8u111\7883\hotspot\src\share\vm\prims\jni.cpp, line 709]
Event: 0.196 Thread 0x00000000027cd800 Exception <a 'java/lang/NoSuchFieldError': method resolution failed> (0x00000006ebb78388) thrown at [C:\re\workspace\8-2-build-windows-amd64-cygwin\jdk8u111\7883\hotspot\src\share\vm\prims\methodHandles.cpp, line 1146]
Event: 0.198 Thread 0x00000000027cd800 Exception <a 'java/lang/NoSuchFieldError': method resolution failed> (0x00000006ebb85758) thrown at [C:\re\workspace\8-2-build-windows-amd64-cygwin\jdk8u111\7883\hotspot\src\share\vm\prims\methodHandles.cpp, line 1146]
Event: 0.270 Thread 0x00000000027cd800 Exception <a 'java/io/FileNotFoundException'> (0x00000006ebc67c38) thrown at [C:\re\workspace\8-2-build-windows-amd64-cygwin\jdk8u111\7883\hotspot\src\share\vm\prims\jni.cpp, line 709]
Event: 0.325 Thread 0x00000000027cd800 Implicit null exception at 0x0000000002c2ad66 to 0x0000000002c2af4d
Event: 4.016 Thread 0x000000002d46b000 Implicit null exception at 0x0000000002d3e430 to 0x0000000002d3e48c
Event: 13.051 Thread 0x000000002d46b000 Implicit null exception at 0x00000000032635dd to 0x0000000003263dad
Event: 18.438 Thread 0x000000002d872800 Implicit null exception at 0x000000000308e9b0 to 0x000000000308eb7d
Event: 18.594 Thread 0x000000002d46b000 Implicit null exception at 0x0000000002f4d4cc to 0x0000000002f4f239

Events (10 events):
Event: 44.984 Executing VM operation: ParallelGCSystemGC
Event: 44.984 Executing VM operation: ParallelGCSystemGC done
Event: 44.984 Executing VM operation: ParallelGCSystemGC
Event: 44.985 Executing VM operation: ParallelGCSystemGC done
Event: 45.022 Executing VM operation: ParallelGCSystemGC
Event: 45.036 Executing VM operation: ParallelGCSystemGC done
Event: 45.069 Executing VM operation: ParallelGCSystemGC
Event: 45.069 Executing VM operation: ParallelGCSystemGC done
Event: 45.070 Executing VM operation: ParallelGCSystemGC
Event: 45.072 Executing VM operation: ParallelGCSystemGC done


Dynamic libraries:
0x00007ff708fb0000 - 0x00007ff708fe7000 	C:\Program Files\Java\jdk1.8.0_111\bin\java.exe
0x00007ffe78320000 - 0x00007ffe78501000 	C:\WINDOWS\SYSTEM32\ntdll.dll
0x00007ffe55460000 - 0x00007ffe55487000 	C:\Program Files\Cylance\Desktop\CyMemDef64.dll
0x00007ffe77a20000 - 0x00007ffe77ad1000 	C:\WINDOWS\System32\KERNEL32.DLL
0x00007ffe75340000 - 0x00007ffe755b3000 	C:\WINDOWS\System32\KERNELBASE.dll
0x00007ffe77970000 - 0x00007ffe77a11000 	C:\WINDOWS\System32\ADVAPI32.dll
0x00007ffe75790000 - 0x00007ffe7582e000 	C:\WINDOWS\System32\msvcrt.dll
0x00007ffe75bb0000 - 0x00007ffe75c0b000 	C:\WINDOWS\System32\sechost.dll
0x00007ffe77820000 - 0x00007ffe77944000 	C:\WINDOWS\System32\RPCRT4.dll
0x00007ffe75830000 - 0x00007ffe759c1000 	C:\WINDOWS\System32\USER32.dll
0x00007ffe752c0000 - 0x00007ffe752e0000 	C:\WINDOWS\System32\win32u.dll
0x00007ffe75ce0000 - 0x00007ffe75d08000 	C:\WINDOWS\System32\GDI32.dll
0x00007ffe75120000 - 0x00007ffe752b3000 	C:\WINDOWS\System32\gdi32full.dll
0x00007ffe75080000 - 0x00007ffe7511f000 	C:\WINDOWS\System32\msvcp_win.dll
0x00007ffe75610000 - 0x00007ffe75708000 	C:\WINDOWS\System32\ucrtbase.dll
0x00007ffe645f0000 - 0x00007ffe64859000 	C:\WINDOWS\WinSxS\amd64_microsoft.windows.common-controls_6595b64144ccf1df_6.0.17134.1845_none_d3ffcfc77c905a82\COMCTL32.dll
0x00007ffe77fb0000 - 0x00007ffe782d1000 	C:\WINDOWS\System32\combase.dll
0x00007ffe75710000 - 0x00007ffe75789000 	C:\WINDOWS\System32\bcryptPrimitives.dll
0x00007ffe759e0000 - 0x00007ffe75a0d000 	C:\WINDOWS\System32\IMM32.DLL
0x0000000051ca0000 - 0x0000000051d72000 	C:\Program Files\Java\jdk1.8.0_111\jre\bin\msvcr100.dll
0x0000000051d80000 - 0x000000005261a000 	C:\Program Files\Java\jdk1.8.0_111\jre\bin\server\jvm.dll
0x00007ffe775f0000 - 0x00007ffe775f8000 	C:\WINDOWS\System32\PSAPI.DLL
0x00007ffe643d0000 - 0x00007ffe643d9000 	C:\WINDOWS\SYSTEM32\WSOCK32.dll
0x00007ffe75c70000 - 0x00007ffe75cdc000 	C:\WINDOWS\System32\WS2_32.dll
0x00007ffe65720000 - 0x00007ffe65743000 	C:\WINDOWS\SYSTEM32\WINMM.dll
0x00007ffe6fe90000 - 0x00007ffe6fe9a000 	C:\WINDOWS\SYSTEM32\VERSION.dll
0x00007ffe654f0000 - 0x00007ffe6551a000 	C:\WINDOWS\SYSTEM32\WINMMBASE.dll
0x00007ffe755c0000 - 0x00007ffe75609000 	C:\WINDOWS\System32\cfgmgr32.dll
0x0000000051c50000 - 0x0000000051c5f000 	C:\Program Files\Java\jdk1.8.0_111\jre\bin\verify.dll
0x0000000051c20000 - 0x0000000051c49000 	C:\Program Files\Java\jdk1.8.0_111\jre\bin\java.dll
0x0000000051c00000 - 0x0000000051c16000 	C:\Program Files\Java\jdk1.8.0_111\jre\bin\zip.dll
0x00007ffe75f60000 - 0x00007ffe773a5000 	C:\WINDOWS\System32\SHELL32.dll
0x00007ffe776a0000 - 0x00007ffe77749000 	C:\WINDOWS\System32\shcore.dll
0x00007ffe748b0000 - 0x00007ffe74fc5000 	C:\WINDOWS\System32\windows.storage.dll
0x00007ffe75c10000 - 0x00007ffe75c61000 	C:\WINDOWS\System32\shlwapi.dll
0x00007ffe74650000 - 0x00007ffe74661000 	C:\WINDOWS\System32\kernel.appcore.dll
0x00007ffe74610000 - 0x00007ffe7462f000 	C:\WINDOWS\System32\profapi.dll
0x00007ffe74670000 - 0x00007ffe746bc000 	C:\WINDOWS\System32\powrprof.dll
0x00007ffe74600000 - 0x00007ffe7460a000 	C:\WINDOWS\System32\FLTLIB.DLL
0x0000000051a20000 - 0x0000000051bb8000 	C:\Program Files\Java\jdk1.8.0_111\jre\bin\awt.dll
0x00007ffe77750000 - 0x00007ffe77812000 	C:\WINDOWS\System32\OLEAUT32.dll
0x00007ffe72730000 - 0x00007ffe727bb000 	C:\WINDOWS\SYSTEM32\apphelp.dll
0x00007ffe728e0000 - 0x00007ffe72978000 	C:\WINDOWS\system32\uxtheme.dll
0x00007ffe77470000 - 0x00007ffe775e4000 	C:\WINDOWS\System32\MSCTF.dll
0x00007ffe72d00000 - 0x00007ffe72d29000 	C:\WINDOWS\system32\dwmapi.dll
0x00007ffe75d10000 - 0x00007ffe75e62000 	C:\WINDOWS\System32\ole32.dll
0x00000000519d0000 - 0x0000000051a17000 	C:\Program Files\Java\jdk1.8.0_111\jre\bin\fontmanager.dll
0x0000000051be0000 - 0x0000000051bfa000 	C:\Program Files\Java\jdk1.8.0_111\jre\bin\net.dll
0x00007ffe73e20000 - 0x00007ffe73e86000 	C:\WINDOWS\system32\mswsock.dll
0x0000000051bc0000 - 0x0000000051bd1000 	C:\Program Files\Java\jdk1.8.0_111\jre\bin\nio.dll
0x0000000051980000 - 0x00000000519c2000 	C:\Program Files\Java\jdk1.8.0_111\jre\bin\t2k.dll
0x00007ffe77600000 - 0x00007ffe776a0000 	C:\WINDOWS\System32\clbcatq.dll
0x00007ffe5ec10000 - 0x00007ffe5edbe000 	C:\WINDOWS\SYSTEM32\WindowsCodecs.dll
0x00007ffe5f980000 - 0x00007ffe5f9d8000 	C:\WINDOWS\system32\dataexchange.dll
0x00007ffe716f0000 - 0x00007ffe719fb000 	C:\WINDOWS\system32\d3d11.dll
0x00007ffe71d10000 - 0x00007ffe71eac000 	C:\WINDOWS\system32\dcomp.dll
0x00007ffe73220000 - 0x00007ffe732db000 	C:\WINDOWS\system32\dxgi.dll
0x00007ffe72b40000 - 0x00007ffe72cff000 	C:\WINDOWS\system32\twinapi.appcore.dll
0x00007ffe72d60000 - 0x00007ffe72d81000 	C:\WINDOWS\system32\RMCLIENT.dll
0x00007ffe5e360000 - 0x00007ffe5e3f6000 	C:\WINDOWS\System32\TextInputFramework.dll
0x00007ffe5e040000 - 0x00007ffe5e35e000 	C:\WINDOWS\System32\CoreUIComponents.dll
0x00007ffe72230000 - 0x00007ffe7230a000 	C:\WINDOWS\System32\CoreMessaging.dll
0x00007ffe732e0000 - 0x00007ffe73311000 	C:\WINDOWS\SYSTEM32\ntmarta.dll
0x00007ffe6ea00000 - 0x00007ffe6eb4d000 	C:\WINDOWS\SYSTEM32\wintypes.dll
0x0000000051940000 - 0x000000005196a000 	C:\Program Files\Java\jdk1.8.0_111\jre\bin\dcpr.dll

VM Arguments:
jvm_args: -Dfile.encoding=UTF-8 
java_command: simpleactin.SimpleActin
java_class_path (initial): C:\Users\sm2983\Documents\NetBeansProjects\Intensity\build\classes;C:\Users\sm2983\Downloads\darcula.jar;C:\Users\sm2983\Downloads\commons-math3-3.6.1.jar;C:\Users\sm2983\Documents\NetBeansProjects\SimpleActin\build\classes
Launcher Type: SUN_STANDARD

Environment Variables:
PATH=C:\Program Files\NVIDIA GPU Computing Toolkit\CUDA\v10.2\bin;C:\Program Files\NVIDIA GPU Computing Toolkit\CUDA\v10.2\libnvvp;;C:\Program Files (x86)\Common Files\Oracle\Java\javapath;C:\ProgramData\Oracle\Java\javapath;C:\ProgramData\Anaconda3;C:\ProgramData\Anaconda3\Library\mingw-w64\bin;C:\ProgramData\Anaconda3\Library\usr\bin;C:\ProgramData\Anaconda3\Library\bin;C:\ProgramData\Anaconda3\Scripts;C:\WINDOWS\system32;C:\WINDOWS;C:\WINDOWS\System32\Wbem;C:\WINDOWS\System32\WindowsPowerShell\v1.0\;C:\oracle\product\11.2.0\client_1\bin;C:\windows\SysWOW64\;C:\windows\SysWOW64\Wbem;C:\windows\SysWOW64\WindowsPowerShell\v1.0;C:\Program Files\Microsoft Application Virtualization\Sequencer;C:\Program Files\MATLAB\R2017b\runtime\win64;C:\Program Files\MATLAB\R2017b\bin;C:\WINDOWS\System32\OpenSSH\;C:\Program Files\NVIDIA Corporation\Nsight Compute 2019.5.0\;C:\Program Files (x86)\NVIDIA Corporation\PhysX\Common;C:\Program Files\dotnet\;C:\Program Files\Microsoft SQL Server\130\Tools\Binn\;C:\Program Files\Microsoft SQL Server\Client SDK\ODBC\170\Tools\Binn\;C:\Python27;C:\Program Files (x86)\IntelSWTools\sw_dev_tools\tools\DAL_1.1942.1019.110\;C:\Users\sm2983\AppData\Local\Microsoft\WindowsApps;C:\Program Files\Java\jdk1.8.0_111\bin;C:\Qt\Tools\mingw730_64\bin;
USERNAME=sm2983
OS=Windows_NT
PROCESSOR_IDENTIFIER=Intel64 Family 6 Model 94 Stepping 3, GenuineIntel



---------------  S Y S T E M  ---------------

OS: Windows 10.0 , 64 bit Build 17134 (10.0.17134.1425)

CPU:total 8 (4 cores per cpu, 2 threads per core) family 6 model 94 stepping 3, cmov, cx8, fxsr, mmx, sse, sse2, sse3, ssse3, sse4.1, sse4.2, popcnt, avx, avx2, aes, clmul, erms, rtm, 3dnowpref, lzcnt, ht, tsc, tscinvbit, bmi1, bmi2, adx

Memory: 4k page, physical 41830244k(22396472k free), swap 56173008k(8712k free)

vm_info: Java HotSpot(TM) 64-Bit Server VM (25.111-b14) for windows-amd64 JRE (1.8.0_111-b14), built on Sep 22 2016 19:24:05 by "java_re" with MS VC++ 10.0 (VS2010)

time: Mon Feb 01 13:25:04 2021
elapsed time: 45 seconds (0d 0h 0m 45s)

