#
# There is insufficient memory for the Java Runtime Environment to continue.
# Native memory allocation (mmap) failed to map 671088640 bytes for G1 virtual space
# Possible reasons:
#   The system is out of physical RAM or swap space
#   The process is running with CompressedOops enabled, and the Java Heap may be blocking the growth of the native heap
# Possible solutions:
#   Reduce memory load on the system
#   Increase physical memory or swap space
#   Check if swap backing store is full
#   Decrease Java heap size (-Xmx/-Xms)
#   Decrease number of Java threads
#   Decrease Java thread stack sizes (-Xss)
#   Set larger code cache with -XX:ReservedCodeCacheSize=
#   JVM is running with Zero Based Compressed Oops mode in which the Java heap is
#     placed in the first 32GB address space. The Java Heap base address is the
#     maximum limit for the native heap growth. Please use -XX:HeapBaseMinAddress
#     to set the Java Heap base and to place the Java Heap above 32GB virtual address.
# This output file may be truncated or incomplete.
#
#  Out of Memory Error (./open/src/hotspot/os/windows/os_windows.cpp:3321), pid=10464, tid=1688
#
# JRE version:  (15.0.2+7) (build )
# Java VM: Java HotSpot(TM) 64-Bit Server VM (15.0.2+7-27, mixed mode, sharing, tiered, compressed oops, g1 gc, windows-amd64)
# No core dump will be written. Minidumps are not enabled by default on client versions of Windows
#

---------------  S U M M A R Y ------------

Command Line: -Dfile.encoding=UTF-8 simpleactin.SimpleActin

Host: Intel(R) Core(TM) i7-6700 CPU @ 3.40GHz, 8 cores, 39G,  Windows 10 , 64 bit Build 17134 (10.0.17134.1425)
Time: Fri Apr  2 14:43:42 2021 Eastern Daylight Time elapsed time: 0.017170 seconds (0d 0h 0m 0s)

---------------  T H R E A D  ---------------

Current thread (0x0000021e2eb170d0):  JavaThread "Unknown thread" [_thread_in_vm, id=1688, stack(0x000000e1aaf00000,0x000000e1ab000000)]

Stack: [0x000000e1aaf00000,0x000000e1ab000000]
Native frames: (J=compiled Java code, j=interpreted, Vv=VM code, C=native code)
V  [jvm.dll+0x62ae9a]
V  [jvm.dll+0x7817a9]
V  [jvm.dll+0x782f03]
V  [jvm.dll+0x783563]
V  [jvm.dll+0x216325]
V  [jvm.dll+0x6281d9]
V  [jvm.dll+0x61cf55]
V  [jvm.dll+0x2cffdd]
V  [jvm.dll+0x2cfe42]
V  [jvm.dll+0x2d5e1c]
V  [jvm.dll+0x32590a]
V  [jvm.dll+0x324fd4]
V  [jvm.dll+0x2a6f5a]
V  [jvm.dll+0x2a80f8]
V  [jvm.dll+0x75e241]
V  [jvm.dll+0x3341c4]
V  [jvm.dll+0x73e926]
V  [jvm.dll+0x3b7557]
V  [jvm.dll+0x3b8fe1]
C  [jli.dll+0x52fb]
C  [ucrtbase.dll+0x1e3fe]
C  [KERNEL32.DLL+0x14034]
C  [ntdll.dll+0x73691]


---------------  P R O C E S S  ---------------

Threads class SMR info:
_java_thread_list=0x00007ffda42d4ff0, length=0, elements={
}

Java Threads: ( => current thread )

Other Threads:
  0x0000021e2eb95500 GCTaskThread "GC Thread#0" [stack: 0x000000e1ab000000,0x000000e1ab100000] [id=18784]
  0x0000021e2eba1770 ConcurrentGCThread "G1 Main Marker" [stack: 0x000000e1ab100000,0x000000e1ab200000] [id=23340]
  0x0000021e2eba3fb0 ConcurrentGCThread "G1 Conc#0" [stack: 0x000000e1ab200000,0x000000e1ab300000] [id=12144]

[error occurred during error reporting (printing all threads), id 0xc0000005, EXCEPTION_ACCESS_VIOLATION (0xc0000005) at pc=0x00007ffda3ac7e27]

VM state: not at safepoint (not fully initialized)

VM Mutex/Monitor currently owned by a thread:  ([mutex/lock_event])
[0x0000021e2eb142d0] Heap_lock - owner thread: 0x0000021e2eb170d0

Heap address: 0x0000000581800000, size: 10216 MB, Compressed Oops mode: Zero based, Oop shift amount: 3
CDS archive(s) mapped at: [0x0000000000000000-0x0000000000000000-0x0000000000000000), size 0, SharedBaseAddress: 0x0000000800000000, ArchiveRelocationMode: 0.
Narrow klass base: 0x0000000000000000, Narrow klass shift: 0, Narrow klass range: 0x0

Heap:
 garbage-first heap   total 655360K, used 0K [0x0000000581800000, 0x0000000800000000)
  region size 8192K, 0 young (0K), 0 survivors (0K)
 Metaspace       used 0K, capacity 0K, committed 0K, reserved 0K
  class space    used 0K, capacity 0K, committed 0K, reserved 0K

Heap Regions: E=young(eden), S=young(survivor), O=old, HS=humongous(starts), HC=humongous(continues), CS=collection set, F=free, OA=open archive, CA=closed archive, TAMS=top-at-mark-start (previous, next)

Card table byte_map: [0x0000021e47480000,0x0000021e48880000] _byte_map_base: 0x0000021e44874000

Marking Bits (Prev, Next): (CMBitMap*) 0x0000021e2eb96d80, (CMBitMap*) 0x0000021e2eb96dc0
 Prev Bits: [0x0000021e49c80000, 0x0000021e53c20000)
 Next Bits: [0x0000021e53c20000, 0x0000021e5dbc0000)

GC Heap History (0 events):
No events

Deoptimization events (0 events):
No events

Classes unloaded (0 events):
No events

Classes redefined (0 events):
No events

Internal exceptions (0 events):
No events

Events (1 events):
Event: 0.009 Loaded shared library C:\Users\sm2983\Downloads\jdk-15.0.2_windows-x64_bin\jdk-15.0.2\bin\java.dll


Dynamic libraries:
0x00007ff6e8830000 - 0x00007ff6e883f000 	C:\Users\sm2983\Downloads\jdk-15.0.2_windows-x64_bin\jdk-15.0.2\bin\java.exe
0x00007ffe49840000 - 0x00007ffe49a21000 	C:\WINDOWS\SYSTEM32\ntdll.dll
0x00007ffe3dc40000 - 0x00007ffe3dc67000 	C:\Program Files\Cylance\Desktop\CyMemDef64.dll
0x00007ffe47920000 - 0x00007ffe479d1000 	C:\WINDOWS\System32\KERNEL32.DLL
0x00007ffe45ea0000 - 0x00007ffe46113000 	C:\WINDOWS\System32\KERNELBASE.dll
0x00007ffe46b20000 - 0x00007ffe46c18000 	C:\WINDOWS\System32\ucrtbase.dll
0x00007ffe3d7f0000 - 0x00007ffe3d808000 	C:\Users\sm2983\Downloads\jdk-15.0.2_windows-x64_bin\jdk-15.0.2\bin\jli.dll
0x00007ffe48030000 - 0x00007ffe480d1000 	C:\WINDOWS\System32\ADVAPI32.dll
0x00007ffe46ef0000 - 0x00007ffe46f8e000 	C:\WINDOWS\System32\msvcrt.dll
0x00007ffe470c0000 - 0x00007ffe4711b000 	C:\WINDOWS\System32\sechost.dll
0x00007ffe480e0000 - 0x00007ffe48203000 	C:\WINDOWS\System32\RPCRT4.dll
0x00007ffe471c0000 - 0x00007ffe47350000 	C:\WINDOWS\System32\USER32.dll
0x00007ffe46890000 - 0x00007ffe468b0000 	C:\WINDOWS\System32\win32u.dll
0x00007ffe47800000 - 0x00007ffe47828000 	C:\WINDOWS\System32\GDI32.dll
0x00007ffe45d00000 - 0x00007ffe45e94000 	C:\WINDOWS\System32\gdi32full.dll
0x00007ffe46c20000 - 0x00007ffe46cbf000 	C:\WINDOWS\System32\msvcp_win.dll
0x00007ffe34760000 - 0x00007ffe34779000 	C:\Users\sm2983\Downloads\jdk-15.0.2_windows-x64_bin\jdk-15.0.2\bin\VCRUNTIME140.dll
0x00007ffe30d90000 - 0x00007ffe30ff9000 	C:\WINDOWS\WinSxS\amd64_microsoft.windows.common-controls_6595b64144ccf1df_6.0.17134.2026_none_d3fdbb717c923c14\COMCTL32.dll
0x00007ffe47350000 - 0x00007ffe47672000 	C:\WINDOWS\System32\combase.dll
0x00007ffe46aa0000 - 0x00007ffe46b19000 	C:\WINDOWS\System32\bcryptPrimitives.dll
0x00007ffe418b0000 - 0x00007ffe418ba000 	C:\WINDOWS\SYSTEM32\VERSION.dll
0x00007ffe47890000 - 0x00007ffe478bd000 	C:\WINDOWS\System32\IMM32.DLL
0x00007ffe34750000 - 0x00007ffe3475c000 	C:\Users\sm2983\Downloads\jdk-15.0.2_windows-x64_bin\jdk-15.0.2\bin\vcruntime140_1.dll
0x00007ffe0b7c0000 - 0x00007ffe0b851000 	C:\Users\sm2983\Downloads\jdk-15.0.2_windows-x64_bin\jdk-15.0.2\bin\msvcp140.dll
0x00007ffda3810000 - 0x00007ffda436e000 	C:\Users\sm2983\Downloads\jdk-15.0.2_windows-x64_bin\jdk-15.0.2\bin\server\jvm.dll
0x00007ffe46cc0000 - 0x00007ffe46cc8000 	C:\WINDOWS\System32\PSAPI.DLL
0x00007ffe313b0000 - 0x00007ffe313b9000 	C:\WINDOWS\SYSTEM32\WSOCK32.dll
0x00007ffe47a10000 - 0x00007ffe47a7c000 	C:\WINDOWS\System32\WS2_32.dll
0x00007ffe43bf0000 - 0x00007ffe43c13000 	C:\WINDOWS\SYSTEM32\WINMM.dll
0x00007ffe43bc0000 - 0x00007ffe43bea000 	C:\WINDOWS\SYSTEM32\WINMMBASE.dll
0x00007ffe46840000 - 0x00007ffe46889000 	C:\WINDOWS\System32\cfgmgr32.dll
0x00007ffe45bd0000 - 0x00007ffe45be1000 	C:\WINDOWS\System32\kernel.appcore.dll
0x00007ffe34ab0000 - 0x00007ffe34aba000 	C:\Users\sm2983\Downloads\jdk-15.0.2_windows-x64_bin\jdk-15.0.2\bin\jimage.dll
0x00007ffe3fa20000 - 0x00007ffe3fbe9000 	C:\WINDOWS\SYSTEM32\DBGHELP.DLL
0x00007ffe3f9f0000 - 0x00007ffe3fa19000 	C:\WINDOWS\SYSTEM32\dbgcore.DLL
0x00007ffe33b60000 - 0x00007ffe33b85000 	C:\Users\sm2983\Downloads\jdk-15.0.2_windows-x64_bin\jdk-15.0.2\bin\java.dll

dbghelp: loaded successfully - version: 4.0.5 - missing functions: none
symbol engine: initialized successfully - sym options: 0x614 - pdb path: .;C:\Users\sm2983\Downloads\jdk-15.0.2_windows-x64_bin\jdk-15.0.2\bin;C:\WINDOWS\SYSTEM32;C:\Program Files\Cylance\Desktop;C:\WINDOWS\WinSxS\amd64_microsoft.windows.common-controls_6595b64144ccf1df_6.0.17134.2026_none_d3fdbb717c923c14;C:\Users\sm2983\Downloads\jdk-15.0.2_windows-x64_bin\jdk-15.0.2\bin\server

VM Arguments:
jvm_args: -Dfile.encoding=UTF-8 
java_command: simpleactin.SimpleActin
java_class_path (initial): C:\Users\sm2983\Documents\NetBeansProjects\Intensity\dist\Intensity.jar;C:\Users\sm2983\Downloads\darcula.jar;C:\Users\sm2983\Downloads\commons-math3-3.6.1.jar;C:\Users\sm2983\Documents\NetBeansProjects\SimpleActin\build\classes
Launcher Type: SUN_STANDARD

[Global flags]
     intx CICompilerCount                          = 4                                         {product} {ergonomic}
     uint ConcGCThreads                            = 2                                         {product} {ergonomic}
     uint G1ConcRefinementThreads                  = 8                                         {product} {ergonomic}
   size_t G1HeapRegionSize                         = 8388608                                   {product} {ergonomic}
    uintx GCDrainStackTargetSize                   = 64                                        {product} {ergonomic}
   size_t InitialHeapSize                          = 671088640                                 {product} {ergonomic}
   size_t MarkStackSize                            = 4194304                                   {product} {ergonomic}
   size_t MaxHeapSize                              = 10712252416                               {product} {ergonomic}
   size_t MinHeapDeltaBytes                        = 8388608                                   {product} {ergonomic}
   size_t MinHeapSize                              = 8388608                                   {product} {ergonomic}
    uintx NonNMethodCodeHeapSize                   = 5839372                                {pd product} {ergonomic}
    uintx NonProfiledCodeHeapSize                  = 122909434                              {pd product} {ergonomic}
    uintx ProfiledCodeHeapSize                     = 122909434                              {pd product} {ergonomic}
    uintx ReservedCodeCacheSize                    = 251658240                              {pd product} {ergonomic}
     bool SegmentedCodeCache                       = true                                      {product} {ergonomic}
   size_t SoftMaxHeapSize                          = 10712252416                            {manageable} {ergonomic}
     bool UseCompressedClassPointers               = true                                 {lp64_product} {ergonomic}
     bool UseCompressedOops                        = true                                 {lp64_product} {ergonomic}
     bool UseG1GC                                  = true                                      {product} {ergonomic}
     bool UseLargePagesIndividualAllocation        = false                                  {pd product} {ergonomic}

Logging:
Log output configuration:
 #0: stdout all=warning uptime,level,tags
 #1: stderr all=off uptime,level,tags

Environment Variables:
JAVA_HOME=C:\Program Files\Java\jdk-12.0.2\
CLASSPATH=.;.;C:\PROGRA~2\JMF21~1.1E\lib\sound.jar;C:\PROGRA~2\JMF21~1.1E\lib\jmf.jar;C:\PROGRA~2\JMF21~1.1E\lib;
PATH=C:\Program Files (x86)\IntelSWTools\system_studio_2020\OpenCL\sdk\bin\x64;C:\Program Files (x86)\IntelSWTools\system_studio_2020\OpenCL\sdk\bin\x86;C:\Program Files\NVIDIA GPU Computing Toolkit\CUDA\v10.2\bin;C:\Program Files\NVIDIA GPU Computing Toolkit\CUDA\v10.2\libnvvp;C:\ProgramData\Anaconda3;C:\ProgramData\Anaconda3\Library\mingw-w64\bin;C:\ProgramData\Anaconda3\Library\usr\bin;C:\ProgramData\Anaconda3\Library\bin;C:\ProgramData\Anaconda3\Scripts;C:\WINDOWS\system32;C:\WINDOWS;C:\WINDOWS\System32\Wbem;C:\WINDOWS\System32\WindowsPowerShell\v1.0\;C:\oracle\product\11.2.0\client_1\bin;C:\windows\SysWOW64\;C:\windows\SysWOW64\Wbem;C:\windows\SysWOW64\WindowsPowerShell\v1.0;C:\Program Files\Microsoft Application Virtualization\Sequencer;C:\Program Files\MATLAB\R2017b\runtime\win64;C:\Program Files\MATLAB\R2017b\bin;C:\WINDOWS\System32\OpenSSH\;C:\Program Files\NVIDIA Corporation\Nsight Compute 2019.5.0\;C:\Program Files (x86)\NVIDIA Corporation\PhysX\Common;C:\Program Files\dotnet\;C:\Program Files\Microsoft SQL Server\130\Tools\Binn\;C:\Program Files\Microsoft SQL Server\Client SDK\ODBC\170\Tools\Binn\;C:\Python27;C:\Program Files (x86)\IntelSWTools\sw_dev_tools\tools\DAL_1.1942.1019.110\;C:\Program Files\Git\cmd;C:\Users\sm2983\AppData\Local\Microsoft\WindowsApps;C:\Program Files\Java\jdk-12.0.2\bin;C:\Qt\Tools\mingw730_64\bin;
USERNAME=sm2983
OS=Windows_NT
PROCESSOR_IDENTIFIER=Intel64 Family 6 Model 94 Stepping 3, GenuineIntel



---------------  S Y S T E M  ---------------

OS:
 Windows 10 , 64 bit Build 17134 (10.0.17134.1425)
OS uptime: 4 days 13:47 hours

CPU: total 8 (initial active 8) (4 cores per cpu, 2 threads per core) family 6 model 94 stepping 3 microcode 0xc6, cmov, cx8, fxsr, mmx, sse, sse2, sse3, ssse3, sse4.1, sse4.2, popcnt, vzeroupper, avx, avx2, aes, clmul, erms, rtm, 3dnowpref, lzcnt, ht, tsc, tscinvbit, bmi1, bmi2, adx, fma, clflush, clflushopt

Memory: 4k page, system-wide physical 40849M (20199M free)
TotalPageFile size 48899M (AvailPageFile size 186M)
current process WorkingSet (physical memory assigned to process): 10M, peak: 10M
current process commit charge ("private bytes"): 61M, peak: 701M

vm_info: Java HotSpot(TM) 64-Bit Server VM (15.0.2+7-27) for windows-amd64 JRE (15.0.2+7-27), built on Dec  7 2020 20:07:01 by "mach5one" with unknown MS VC++:1925

END.
