#
# There is insufficient memory for the Java Runtime Environment to continue.
# Native memory allocation (malloc) failed to allocate 32744 bytes for ChunkPool::allocate
# Possible reasons:
#   The system is out of physical RAM or swap space
#   In 32 bit mode, the process size limit was hit
# Possible solutions:
#   Reduce memory load on the system
#   Increase physical memory or swap space
#   Check if swap backing store is full
#   Use 64 bit Java on a 64 bit OS
#   Decrease Java heap size (-Xmx/-Xms)
#   Decrease number of Java threads
#   Decrease Java thread stack sizes (-Xss)
#   Set larger code cache with -XX:ReservedCodeCacheSize=
# This output file may be truncated or incomplete.
#
#  Out of Memory Error (allocation.cpp:273), pid=9500, tid=0x000000000000315c
#
# JRE version: Java(TM) SE Runtime Environment (8.0_111-b14) (build 1.8.0_111-b14)
# Java VM: Java HotSpot(TM) 64-Bit Server VM (25.111-b14 mixed mode windows-amd64 compressed oops)
# Failed to write core dump. Minidumps are not enabled by default on client versions of Windows
#

---------------  T H R E A D  ---------------

Current thread (0x000000002be6c800):  JavaThread "C2 CompilerThread0" daemon [_thread_in_native, id=12636, stack(0x000000002c630000,0x000000002c730000)]

Stack: [0x000000002c630000,0x000000002c730000]
[error occurred during error reporting (printing stack bounds), id 0xc0000005]

Native frames: (J=compiled Java code, j=interpreted, Vv=VM code, C=native code)


Current CompileTask:
C2:   9873 1812 %     4       simpleactin.MainJFrame::simulate @ 375 (1003 bytes)


---------------  P R O C E S S  ---------------

Java Threads: ( => current thread )
  0x000000002d43f000 JavaThread "Thread-2" [_thread_in_Java, id=8076, stack(0x0000000030310000,0x0000000030410000)]
  0x000000000225e000 JavaThread "DestroyJavaVM" [_thread_blocked, id=15212, stack(0x0000000002260000,0x0000000002360000)]
  0x000000002cee4000 JavaThread "AWT-EventQueue-0" [_thread_blocked, id=8380, stack(0x000000002df30000,0x000000002e030000)]
  0x000000002cdb4000 JavaThread "AWT-Windows" daemon [_thread_in_native, id=15808, stack(0x000000002d770000,0x000000002d870000)]
  0x000000002cdad000 JavaThread "AWT-Shutdown" [_thread_blocked, id=16376, stack(0x000000002d670000,0x000000002d770000)]
  0x000000002cdac800 JavaThread "Java2D Disposer" daemon [_thread_blocked, id=1104, stack(0x000000002d570000,0x000000002d670000)]
  0x000000002be84800 JavaThread "Service Thread" daemon [_thread_blocked, id=11164, stack(0x000000002ca30000,0x000000002cb30000)]
  0x000000002be77800 JavaThread "C1 CompilerThread3" daemon [_thread_blocked, id=3396, stack(0x000000002c930000,0x000000002ca30000)]
  0x000000002be74800 JavaThread "C2 CompilerThread2" daemon [_thread_blocked, id=7060, stack(0x000000002c830000,0x000000002c930000)]
  0x000000002be70000 JavaThread "C2 CompilerThread1" daemon [_thread_blocked, id=7864, stack(0x000000002c730000,0x000000002c830000)]
=>0x000000002be6c800 JavaThread "C2 CompilerThread0" daemon [_thread_in_native, id=12636, stack(0x000000002c630000,0x000000002c730000)]
  0x000000002be69800 JavaThread "Attach Listener" daemon [_thread_blocked, id=6836, stack(0x000000002c530000,0x000000002c630000)]
  0x000000002be68000 JavaThread "Signal Dispatcher" daemon [_thread_blocked, id=15644, stack(0x000000002c430000,0x000000002c530000)]
  0x0000000002459000 JavaThread "Finalizer" daemon [_thread_blocked, id=15840, stack(0x000000002c240000,0x000000002c340000)]
  0x0000000002458000 JavaThread "Reference Handler" daemon [_thread_blocked, id=2476, stack(0x000000002bd40000,0x000000002be40000)]

Other Threads:
  0x0000000029f58800 VMThread [stack: 0x000000002bc40000,0x000000002bd40000] [id=816]
  0x000000002bf1d000 WatcherThread [stack: 0x000000002cb30000,0x000000002cc30000] [id=11300]

VM state:not at safepoint (normal execution)

VM Mutex/Monitor currently owned by a thread: None

Heap:
 PSYoungGen      total 190976K, used 91073K [0x00000006eb380000, 0x00000006f8880000, 0x00000007c0000000)
  eden space 163840K, 39% used [0x00000006eb380000,0x00000006ef1f10c8,0x00000006f5380000)
  from space 27136K, 99% used [0x00000006f5380000,0x00000006f6dff3b8,0x00000006f6e00000)
  to   space 27136K, 0% used [0x00000006f6e00000,0x00000006f6e00000,0x00000006f8880000)
 ParOldGen       total 437248K, used 17516K [0x0000000541a00000, 0x000000055c500000, 0x00000006eb380000)
  object space 437248K, 4% used [0x0000000541a00000,0x0000000542b1b3f0,0x000000055c500000)
 Metaspace       used 14039K, capacity 14219K, committed 14336K, reserved 1062912K
  class space    used 1693K, capacity 1776K, committed 1792K, reserved 1048576K

Card table byte_map: [0x0000000011820000,0x0000000012c20000] byte_map_base: 0x000000000ee13000

Marking Bits: (ParMarkBitMap*) 0x00000000726ea6c0
 Begin Bits: [0x0000000014170000, 0x000000001e108000)
 End Bits:   [0x000000001e108000, 0x00000000280a0000)

Polling page: 0x0000000000500000

CodeCache: size=245760Kb used=6384Kb max_used=6384Kb free=239375Kb
 bounds [0x0000000002460000, 0x0000000002ab0000, 0x0000000011460000]
 total_blobs=2330 nmethods=1817 adapters=425
 compilation: enabled

Compilation events (10 events):
Event: 9.730 Thread 0x000000002be77800 1814       3       java.util.Formatter$FormatSpecifier::leadingSign (82 bytes)
Event: 9.732 Thread 0x000000002be77800 nmethod 1814 0x0000000002a92dd0 code [0x0000000002a930e0, 0x0000000002a94a98]
Event: 9.732 Thread 0x000000002be77800 1816       3       sun.misc.FormattedFloatingDecimal::applyPrecision (162 bytes)
Event: 9.732 Thread 0x000000002be77800 nmethod 1816 0x0000000002a95c10 code [0x0000000002a95e60, 0x0000000002a96a68]
Event: 9.732 Thread 0x000000002be77800 1815       3       java.util.Formatter$FormatSpecifier::print (946 bytes)
Event: 9.740 Thread 0x000000002be77800 nmethod 1815 0x0000000002a97290 code [0x0000000002a97b20, 0x0000000002a9df88]
Event: 9.841 Thread 0x000000002be77800 1817       3       java.lang.Math::ceil (5 bytes)
Event: 9.841 Thread 0x000000002be77800 nmethod 1817 0x0000000002a86fd0 code [0x0000000002a87160, 0x0000000002a87328]
Event: 9.841 Thread 0x000000002be77800 1818       3       java.lang.StrictMath::ceil (10 bytes)
Event: 9.841 Thread 0x000000002be77800 nmethod 1818 0x0000000002a86bd0 code [0x0000000002a86d60, 0x0000000002a86ee8]

GC Heap History (2 events):
Event: 6.434 GC heap before
{Heap before GC invocations=1 (full 0):
 PSYoungGen      total 190976K, used 163840K [0x00000006eb380000, 0x00000006f8880000, 0x00000007c0000000)
  eden space 163840K, 100% used [0x00000006eb380000,0x00000006f5380000,0x00000006f5380000)
  from space 27136K, 0% used [0x00000006f6e00000,0x00000006f6e00000,0x00000006f8880000)
  to   space 27136K, 0% used [0x00000006f5380000,0x00000006f5380000,0x00000006f6e00000)
 ParOldGen       total 437248K, used 0K [0x0000000541a00000, 0x000000055c500000, 0x00000006eb380000)
  object space 437248K, 0% used [0x0000000541a00000,0x0000000541a00000,0x000000055c500000)
 Metaspace       used 13938K, capacity 14155K, committed 14336K, reserved 1062912K
  class space    used 1693K, capacity 1776K, committed 1792K, reserved 1048576K
Event: 6.446 GC heap after
Heap after GC invocations=1 (full 0):
 PSYoungGen      total 190976K, used 27132K [0x00000006eb380000, 0x00000006f8880000, 0x00000007c0000000)
  eden space 163840K, 0% used [0x00000006eb380000,0x00000006eb380000,0x00000006f5380000)
  from space 27136K, 99% used [0x00000006f5380000,0x00000006f6dff3b8,0x00000006f6e00000)
  to   space 27136K, 0% used [0x00000006f6e00000,0x00000006f6e00000,0x00000006f8880000)
 ParOldGen       total 437248K, used 17516K [0x0000000541a00000, 0x000000055c500000, 0x00000006eb380000)
  object space 437248K, 4% used [0x0000000541a00000,0x0000000542b1b3f0,0x000000055c500000)
 Metaspace       used 13938K, capacity 14155K, committed 14336K, reserved 1062912K
  class space    used 1693K, capacity 1776K, committed 1792K, reserved 1048576K
}

Deoptimization events (10 events):
Event: 2.427 Thread 0x000000002cee4000 Uncommon trap: reason=class_check action=maybe_recompile pc=0x00000000027653a8 method=sun.misc.FloatingDecimal.parseDouble(Ljava/lang/String;)D @ 4
Event: 2.427 Thread 0x000000002cee4000 Uncommon trap: reason=class_check action=maybe_recompile pc=0x00000000027653a8 method=sun.misc.FloatingDecimal.parseDouble(Ljava/lang/String;)D @ 4
Event: 2.569 Thread 0x000000002d43f000 Uncommon trap: reason=unstable_if action=reinterpret pc=0x000000000281a734 method=org.apache.commons.math3.util.FastMath.log(D[D)D @ 141
Event: 2.574 Thread 0x000000002d43f000 Uncommon trap: reason=unstable_if action=reinterpret pc=0x000000000282df48 method=java.awt.font.FontRenderContext.equals(Ljava/awt/font/FontRenderContext;)Z @ 35
Event: 2.695 Thread 0x000000002d43f000 Uncommon trap: reason=unstable_if action=reinterpret pc=0x00000000028763c0 method=simpleactin.Filament.updateSubunits(II)I @ 174
Event: 2.852 Thread 0x000000002d43f000 Uncommon trap: reason=unstable_if action=reinterpret pc=0x000000000285f24c method=simpleactin.Fimbrin.update(D)Z @ 354
Event: 2.892 Thread 0x000000002d43f000 Uncommon trap: reason=unstable_if action=reinterpret pc=0x00000000028a1d0c method=simpleactin.Filament.updateSubunits(II)I @ 628
Event: 4.075 Thread 0x000000002d43f000 Uncommon trap: reason=unstable_if action=reinterpret pc=0x000000000295cc0c method=java.lang.Double.compare(DD)I @ 33
Event: 6.447 Thread 0x000000002cee4000 Uncommon trap: reason=unstable_if action=reinterpret pc=0x00000000029403f0 method=java.lang.ref.SoftReference.get()Ljava/lang/Object; @ 17
Event: 6.447 Thread 0x000000002cee4000 Uncommon trap: reason=unstable_if action=reinterpret pc=0x000000000293c254 method=java.lang.ref.SoftReference.get()Ljava/lang/Object; @ 17

Internal exceptions (10 events):
Event: 0.166 Thread 0x000000000225e000 Exception <a 'java/security/PrivilegedActionException'> (0x00000006eb446da0) thrown at [C:\re\workspace\8-2-build-windows-amd64-cygwin\jdk8u111\7883\hotspot\src\share\vm\prims\jvm.cpp, line 1386]
Event: 0.167 Thread 0x000000000225e000 Exception <a 'java/security/PrivilegedActionException'> (0x00000006eb44ac88) thrown at [C:\re\workspace\8-2-build-windows-amd64-cygwin\jdk8u111\7883\hotspot\src\share\vm\prims\jvm.cpp, line 1386]
Event: 0.167 Thread 0x000000000225e000 Exception <a 'java/security/PrivilegedActionException'> (0x00000006eb44ae98) thrown at [C:\re\workspace\8-2-build-windows-amd64-cygwin\jdk8u111\7883\hotspot\src\share\vm\prims\jvm.cpp, line 1386]
Event: 0.172 Thread 0x000000000225e000 Exception <a 'java/io/FileNotFoundException'> (0x00000006eb44d1c8) thrown at [C:\re\workspace\8-2-build-windows-amd64-cygwin\jdk8u111\7883\hotspot\src\share\vm\prims\jni.cpp, line 709]
Event: 0.219 Thread 0x000000000225e000 Exception <a 'java/lang/NoSuchFieldError': method resolution failed> (0x00000006eb51a510) thrown at [C:\re\workspace\8-2-build-windows-amd64-cygwin\jdk8u111\7883\hotspot\src\share\vm\prims\methodHandles.cpp, line 1146]
Event: 0.221 Thread 0x000000000225e000 Exception <a 'java/lang/NoSuchFieldError': method resolution failed> (0x00000006eb5278e0) thrown at [C:\re\workspace\8-2-build-windows-amd64-cygwin\jdk8u111\7883\hotspot\src\share\vm\prims\methodHandles.cpp, line 1146]
Event: 0.318 Thread 0x000000000225e000 Exception <a 'java/io/FileNotFoundException'> (0x00000006eb60a408) thrown at [C:\re\workspace\8-2-build-windows-amd64-cygwin\jdk8u111\7883\hotspot\src\share\vm\prims\jni.cpp, line 709]
Event: 0.398 Thread 0x000000000225e000 Implicit null exception at 0x00000000025d92a6 to 0x00000000025d948d
Event: 1.434 Thread 0x000000002cdb4000 Implicit null exception at 0x0000000002767115 to 0x0000000002767159
Event: 1.434 Thread 0x000000002cee4000 Implicit null exception at 0x00000000027650a2 to 0x00000000027650de

Events (10 events):
Event: 4.937 Thread 0x000000002d43f000 DEOPT PACKING pc=0x000000000298cfbe sp=0x000000003040eb90
Event: 4.937 Thread 0x000000002d43f000 DEOPT UNPACKING pc=0x00000000024a787f sp=0x000000003040e930 mode 0
Event: 6.434 Executing VM operation: ParallelGCFailedAllocation
Event: 6.446 Executing VM operation: ParallelGCFailedAllocation done
Event: 6.447 Thread 0x000000002cee4000 Uncommon trap: trap_request=0xffffff65 fr.pc=0x00000000029403f0
Event: 6.447 Thread 0x000000002cee4000 DEOPT PACKING pc=0x00000000029403f0 sp=0x000000002e02c6a0
Event: 6.447 Thread 0x000000002cee4000 DEOPT UNPACKING pc=0x00000000024a582a sp=0x000000002e02c528 mode 2
Event: 6.447 Thread 0x000000002cee4000 Uncommon trap: trap_request=0xffffff65 fr.pc=0x000000000293c254
Event: 6.447 Thread 0x000000002cee4000 DEOPT PACKING pc=0x000000000293c254 sp=0x000000002e02c2e0
Event: 6.447 Thread 0x000000002cee4000 DEOPT UNPACKING pc=0x00000000024a582a sp=0x000000002e02c240 mode 2


Dynamic libraries:
0x00007ff6434e0000 - 0x00007ff643517000 	C:\Program Files\Java\jdk1.8.0_111\bin\java.exe
0x00007ffd4edd0000 - 0x00007ffd4efb1000 	C:\WINDOWS\SYSTEM32\ntdll.dll
0x00007ffd25a30000 - 0x00007ffd25a57000 	C:\Program Files\Cylance\Desktop\CyMemDef64.dll
0x00007ffd4ec40000 - 0x00007ffd4ecf1000 	C:\WINDOWS\System32\KERNEL32.DLL
0x00007ffd4b760000 - 0x00007ffd4b9d3000 	C:\WINDOWS\System32\KERNELBASE.dll
0x00007ffd4c540000 - 0x00007ffd4c5e1000 	C:\WINDOWS\System32\ADVAPI32.dll
0x00007ffd4c4a0000 - 0x00007ffd4c53e000 	C:\WINDOWS\System32\msvcrt.dll
0x00007ffd4cb30000 - 0x00007ffd4cb8b000 	C:\WINDOWS\System32\sechost.dll
0x00007ffd4c280000 - 0x00007ffd4c3a4000 	C:\WINDOWS\System32\RPCRT4.dll
0x00007ffd4d3c0000 - 0x00007ffd4d551000 	C:\WINDOWS\System32\USER32.dll
0x00007ffd4b180000 - 0x00007ffd4b1a0000 	C:\WINDOWS\System32\win32u.dll
0x00007ffd4c470000 - 0x00007ffd4c498000 	C:\WINDOWS\System32\GDI32.dll
0x00007ffd4b5c0000 - 0x00007ffd4b753000 	C:\WINDOWS\System32\gdi32full.dll
0x00007ffd4b520000 - 0x00007ffd4b5bf000 	C:\WINDOWS\System32\msvcp_win.dll
0x00007ffd4b9e0000 - 0x00007ffd4bad8000 	C:\WINDOWS\System32\ucrtbase.dll
0x00007ffd371c0000 - 0x00007ffd37429000 	C:\WINDOWS\WinSxS\amd64_microsoft.windows.common-controls_6595b64144ccf1df_6.0.17134.1667_none_d401a3137c8ebfd0\COMCTL32.dll
0x00007ffd4c5f0000 - 0x00007ffd4c910000 	C:\WINDOWS\System32\combase.dll
0x00007ffd4b250000 - 0x00007ffd4b2c9000 	C:\WINDOWS\System32\bcryptPrimitives.dll
0x00007ffd4c250000 - 0x00007ffd4c27d000 	C:\WINDOWS\System32\IMM32.DLL
0x0000000071df0000 - 0x0000000071ec2000 	C:\Program Files\Java\jdk1.8.0_111\jre\bin\msvcr100.dll
0x0000000071ed0000 - 0x000000007276a000 	C:\Program Files\Java\jdk1.8.0_111\jre\bin\server\jvm.dll
0x00007ffd4ed90000 - 0x00007ffd4ed98000 	C:\WINDOWS\System32\PSAPI.DLL
0x00007ffd35c50000 - 0x00007ffd35c59000 	C:\WINDOWS\SYSTEM32\WSOCK32.dll
0x00007ffd4cd70000 - 0x00007ffd4cddc000 	C:\WINDOWS\System32\WS2_32.dll
0x00007ffd49190000 - 0x00007ffd491b3000 	C:\WINDOWS\SYSTEM32\WINMM.dll
0x00007ffd45c40000 - 0x00007ffd45c4a000 	C:\WINDOWS\SYSTEM32\VERSION.dll
0x00007ffd49160000 - 0x00007ffd4918a000 	C:\WINDOWS\SYSTEM32\WINMMBASE.dll
0x00007ffd4c200000 - 0x00007ffd4c249000 	C:\WINDOWS\System32\cfgmgr32.dll
0x00000000745a0000 - 0x00000000745af000 	C:\Program Files\Java\jdk1.8.0_111\jre\bin\verify.dll
0x0000000071d80000 - 0x0000000071da9000 	C:\Program Files\Java\jdk1.8.0_111\jre\bin\java.dll
0x0000000071d60000 - 0x0000000071d76000 	C:\Program Files\Java\jdk1.8.0_111\jre\bin\zip.dll
0x00007ffd4d560000 - 0x00007ffd4e9a5000 	C:\WINDOWS\System32\SHELL32.dll
0x00007ffd4c3c0000 - 0x00007ffd4c469000 	C:\WINDOWS\System32\shcore.dll
0x00007ffd4bae0000 - 0x00007ffd4c1f5000 	C:\WINDOWS\System32\windows.storage.dll
0x00007ffd4cb90000 - 0x00007ffd4cbe1000 	C:\WINDOWS\System32\shlwapi.dll
0x00007ffd4b0e0000 - 0x00007ffd4b0f1000 	C:\WINDOWS\System32\kernel.appcore.dll
0x00007ffd4b110000 - 0x00007ffd4b12f000 	C:\WINDOWS\System32\profapi.dll
0x00007ffd4b130000 - 0x00007ffd4b17c000 	C:\WINDOWS\System32\powrprof.dll
0x00007ffd4b100000 - 0x00007ffd4b10a000 	C:\WINDOWS\System32\FLTLIB.DLL
0x0000000071b80000 - 0x0000000071d18000 	C:\Program Files\Java\jdk1.8.0_111\jre\bin\awt.dll
0x00007ffd4eb70000 - 0x00007ffd4ec32000 	C:\WINDOWS\System32\OLEAUT32.dll
0x00007ffd48f50000 - 0x00007ffd48fdb000 	C:\WINDOWS\SYSTEM32\apphelp.dll
0x00007ffd49520000 - 0x00007ffd495b8000 	C:\WINDOWS\system32\uxtheme.dll
0x00007ffd4cbf0000 - 0x00007ffd4cd64000 	C:\WINDOWS\System32\MSCTF.dll
0x00007ffd28980000 - 0x00007ffd28a07000 	C:\Program Files (x86)\TeamViewer\tv_x64.dll
0x00007ffd4ea10000 - 0x00007ffd4eb61000 	C:\WINDOWS\System32\ole32.dll
0x00007ffd497c0000 - 0x00007ffd497e9000 	C:\WINDOWS\system32\dwmapi.dll
0x0000000071b30000 - 0x0000000071b77000 	C:\Program Files\Java\jdk1.8.0_111\jre\bin\fontmanager.dll
0x0000000071d40000 - 0x0000000071d5a000 	C:\Program Files\Java\jdk1.8.0_111\jre\bin\net.dll
0x00007ffd4a8e0000 - 0x00007ffd4a946000 	C:\WINDOWS\system32\mswsock.dll
0x0000000071d20000 - 0x0000000071d31000 	C:\Program Files\Java\jdk1.8.0_111\jre\bin\nio.dll
0x0000000071ae0000 - 0x0000000071b22000 	C:\Program Files\Java\jdk1.8.0_111\jre\bin\t2k.dll
0x00007ffd4d320000 - 0x00007ffd4d3c0000 	C:\WINDOWS\System32\clbcatq.dll
0x00007ffd45d40000 - 0x00007ffd45eee000 	C:\WINDOWS\SYSTEM32\WindowsCodecs.dll
0x00007ffd257e0000 - 0x00007ffd25838000 	C:\WINDOWS\system32\dataexchange.dll
0x00007ffd47d40000 - 0x00007ffd4804b000 	C:\WINDOWS\system32\d3d11.dll
0x00007ffd48670000 - 0x00007ffd4880c000 	C:\WINDOWS\system32\dcomp.dll
0x00007ffd49c20000 - 0x00007ffd49cdb000 	C:\WINDOWS\system32\dxgi.dll
0x00007ffd495f0000 - 0x00007ffd497af000 	C:\WINDOWS\system32\twinapi.appcore.dll
0x00007ffd497f0000 - 0x00007ffd49811000 	C:\WINDOWS\system32\RMCLIENT.dll
0x00007ffd30760000 - 0x00007ffd307f6000 	C:\WINDOWS\System32\TextInputFramework.dll
0x00007ffd454d0000 - 0x00007ffd457ee000 	C:\WINDOWS\System32\CoreUIComponents.dll
0x00007ffd48920000 - 0x00007ffd489fa000 	C:\WINDOWS\System32\CoreMessaging.dll
0x00007ffd49f20000 - 0x00007ffd49f51000 	C:\WINDOWS\SYSTEM32\ntmarta.dll
0x00007ffd45220000 - 0x00007ffd4536d000 	C:\WINDOWS\SYSTEM32\wintypes.dll
0x0000000071ab0000 - 0x0000000071ada000 	C:\Program Files\Java\jdk1.8.0_111\jre\bin\dcpr.dll

VM Arguments:
jvm_args: -Dfile.encoding=UTF-8 
java_command: simpleactin.SimpleActin
java_class_path (initial): C:\Users\sm2983\Documents\NetBeansProjects\Intensity\build\classes;C:\Users\sm2983\Downloads\darcula.jar;C:\Users\sm2983\Downloads\commons-math3-3.6.1.jar;C:\Users\sm2983\Documents\NetBeansProjects\SimpleActin\build\classes
Launcher Type: SUN_STANDARD

Environment Variables:
PATH=C:\Program Files\Java\jre1.8.0_60\bin;C:\Program Files (x86)\IntelSWTools\sw_dev_tools\OpenCL\sdk\bin\x64;C:\Program Files (x86)\IntelSWTools\sw_dev_tools\OpenCL\sdk\bin\x86;C:\Program Files (x86)\IntelSWTools\sw_dev_tools\OpenCL\sdk\bin\Pin;C:\Program Files (x86)\IntelSWTools\sw_dev_tools\OpenCL\sdk\bin\GTPin;C:\Program Files\NVIDIA GPU Computing Toolkit\CUDA\v10.2\bin;C:\Program Files\NVIDIA GPU Computing Toolkit\CUDA\v10.2\libnvvp;;C:\Program Files (x86)\Common Files\Oracle\Java\javapath;C:\ProgramData\Oracle\Java\javapath;C:\ProgramData\Anaconda3;C:\ProgramData\Anaconda3\Library\mingw-w64\bin;C:\ProgramData\Anaconda3\Library\usr\bin;C:\ProgramData\Anaconda3\Library\bin;C:\ProgramData\Anaconda3\Scripts;C:\WINDOWS\system32;C:\WINDOWS;C:\WINDOWS\System32\Wbem;C:\WINDOWS\System32\WindowsPowerShell\v1.0\;C:\oracle\product\11.2.0\client_1\bin;C:\windows\SysWOW64\;C:\windows\SysWOW64\Wbem;C:\windows\SysWOW64\WindowsPowerShell\v1.0;C:\Program Files\Microsoft Application Virtualization\Sequencer;C:\Program Files\MATLAB\R2017b\runtime\win64;C:\Program Files\MATLAB\R2017b\bin;C:\WINDOWS\System32\OpenSSH\;C:\Program Files\NVIDIA Corporation\Nsight Compute 2019.5.0\;C:\Program Files (x86)\NVIDIA Corporation\PhysX\Common;C:\Program Files\dotnet\;C:\Program Files\Microsoft SQL Server\130\Tools\Binn\;C:\Program Files\Microsoft SQL Server\Client SDK\ODBC\170\Tools\Binn\;C:\Python27;C:\Program Files (x86)\IntelSWTools\sw_dev_tools\tools\DAL_1.1942.1019.110\;C:\Users\sm2983\AppData\Local\Microsoft\WindowsApps;C:\Program Files\Java\jdk1.8.0_111\bin;C:\Qt\Tools\mingw730_64\bin;
USERNAME=sm2983
OS=Windows_NT
PROCESSOR_IDENTIFIER=Intel64 Family 6 Model 94 Stepping 3, GenuineIntel



---------------  S Y S T E M  ---------------

OS: Windows 10.0 , 64 bit Build 17134 (10.0.17134.1425)

CPU:total 8 (4 cores per cpu, 2 threads per core) family 6 model 94 stepping 3, cmov, cx8, fxsr, mmx, sse, sse2, sse3, ssse3, sse4.1, sse4.2, popcnt, avx, avx2, aes, clmul, erms, rtm, 3dnowpref, lzcnt, ht, tsc, tscinvbit, bmi1, bmi2, adx

Memory: 4k page, physical 41830244k(9604788k free), swap 54919984k(5140k free)

vm_info: Java HotSpot(TM) 64-Bit Server VM (25.111-b14) for windows-amd64 JRE (1.8.0_111-b14), built on Sep 22 2016 19:24:05 by "java_re" with MS VC++ 10.0 (VS2010)

time: Sun Oct 04 15:13:24 2020
elapsed time: 9 seconds (0d 0h 0m 9s)

