#
# There is insufficient memory for the Java Runtime Environment to continue.
# Native memory allocation (malloc) failed to allocate 2097152 bytes for AllocateHeap
# Possible reasons:
#   The system is out of physical RAM or swap space
#   The process is running with CompressedOops enabled, and the Java Heap may be blocking the growth of the native heap
# Possible solutions:
#   Reduce memory load on the system
#   Increase physical memory or swap space
#   Check if swap backing store is full
#   Decrease Java heap size (-Xmx/-Xms)
#   Decrease number of Java threads
#   Decrease Java thread stack sizes (-Xss)
#   Set larger code cache with -XX:ReservedCodeCacheSize=
#   JVM is running with Zero Based Compressed Oops mode in which the Java heap is
#     placed in the first 32GB address space. The Java Heap base address is the
#     maximum limit for the native heap growth. Please use -XX:HeapBaseMinAddress
#     to set the Java Heap base and to place the Java Heap above 32GB virtual address.
# This output file may be truncated or incomplete.
#
#  Out of Memory Error (t:/workspace/open/src/hotspot/share/memory/allocation.cpp:46), pid=31288, tid=14180
#
# JRE version: Java(TM) SE Runtime Environment (12.0.2+10) (build 12.0.2+10)
# Java VM: Java HotSpot(TM) 64-Bit Server VM (12.0.2+10, mixed mode, sharing, tiered, compressed oops, g1 gc, windows-amd64)
# No core dump will be written. Minidumps are not enabled by default on client versions of Windows
#

---------------  S U M M A R Y ------------

Command Line: -Dfile.encoding=UTF-8 --module-path=C:\Users\sm2983\Documents\NetBeansProjects\SimpleActin\build\classes simpleactin.SimpleActin

Host: Intel(R) Core(TM) i7-6700 CPU @ 3.40GHz, 8 cores, 39G,  Windows 10 , 64 bit Build 17134 (10.0.17134.1425)
Time: Tue Sep 28 03:19:49 2021 Eastern Daylight Time elapsed time: 31583 seconds (0d 8h 46m 23s)

---------------  T H R E A D  ---------------

Current thread (0x000001e43ff19000):  VMThread "VM Thread" [stack: 0x0000005ec7700000,0x0000005ec7800000] [id=14180]

Stack: [0x0000005ec7700000,0x0000005ec7800000]
[error occurred during error reporting (printing stack bounds), id 0xc0000005, EXCEPTION_ACCESS_VIOLATION (0xc0000005) at pc=0x000001e416300bad]

Native frames: (J=compiled Java code, j=interpreted, Vv=VM code, C=native code)
V  [jvm.dll+0x63aa2a]
V  [jvm.dll+0x78ce1e]
V  [jvm.dll+0x78e4c1]
V  [jvm.dll+0x78ea75]
V  [jvm.dll+0x78ea2b]
V  [jvm.dll+0x63a134]
V  [jvm.dll+0x63a4f8]
C  [ntdll.dll+0x9f7fd]
C  [ntdll.dll+0xd856]
C  [ntdll.dll+0x9e72e]
C  0x000001e416300bad

VM_Operation (0x0000005ec8afebf0): G1CollectFull, mode: safepoint, requested by thread 0x000001e441012000


---------------  P R O C E S S  ---------------

Threads class SMR info:
_java_thread_list=0x000001e447eb3660, length=18, elements={
0x000001e43ff1a800, 0x000001e43ff1b800, 0x000001e43ff36800, 0x000001e43ff37800,
0x000001e43ff3a000, 0x000001e43ff3d000, 0x000001e43ff3e000, 0x000001e44006b000,
0x000001e44014e000, 0x000001e440d51800, 0x000001e440d52800, 0x000001e440d53000,
0x000001e440e85000, 0x000001e40def7800, 0x000001e440fbf000, 0x000001e441230000,
0x000001e4450c3000, 0x000001e441012000
}

Java Threads: ( => current thread )
  0x000001e43ff1a800 JavaThread "Reference Handler" daemon [_thread_blocked, id=26264, stack(0x0000005ec7800000,0x0000005ec7900000)]
  0x000001e43ff1b800 JavaThread "Finalizer" daemon [_thread_blocked, id=21848, stack(0x0000005ec7900000,0x0000005ec7a00000)]
  0x000001e43ff36800 JavaThread "Signal Dispatcher" daemon [_thread_blocked, id=20544, stack(0x0000005ec7a00000,0x0000005ec7b00000)]
  0x000001e43ff37800 JavaThread "Attach Listener" daemon [_thread_blocked, id=34648, stack(0x0000005ec7b00000,0x0000005ec7c00000)]
  0x000001e43ff3a000 JavaThread "C2 CompilerThread0" daemon [_thread_blocked, id=31012, stack(0x0000005ec7c00000,0x0000005ec7d00000)]
  0x000001e43ff3d000 JavaThread "C1 CompilerThread0" daemon [_thread_blocked, id=18820, stack(0x0000005ec7d00000,0x0000005ec7e00000)]
  0x000001e43ff3e000 JavaThread "Sweeper thread" daemon [_thread_blocked, id=33504, stack(0x0000005ec7e00000,0x0000005ec7f00000)]
  0x000001e44006b000 JavaThread "Common-Cleaner" daemon [_thread_blocked, id=5060, stack(0x0000005ec7f00000,0x0000005ec8000000)]
  0x000001e44014e000 JavaThread "Service Thread" daemon [_thread_blocked, id=25856, stack(0x0000005ec8100000,0x0000005ec8200000)]
  0x000001e440d51800 JavaThread "Java2D Disposer" daemon [_thread_blocked, id=22256, stack(0x0000005ec8300000,0x0000005ec8400000)]
  0x000001e440d52800 JavaThread "AWT-Shutdown" [_thread_blocked, id=26084, stack(0x0000005ec8400000,0x0000005ec8500000)]
  0x000001e440d53000 JavaThread "AWT-Windows" daemon [_thread_in_native, id=7892, stack(0x0000005ec8500000,0x0000005ec8600000)]
  0x000001e440e85000 JavaThread "AWT-EventQueue-0" [_thread_blocked, id=20676, stack(0x0000005ec8600000,0x0000005ec8700000)]
  0x000001e40def7800 JavaThread "DestroyJavaVM" [_thread_blocked, id=31460, stack(0x0000005ec7100000,0x0000005ec7200000)]
  0x000001e440fbf000 JavaThread "TimerQueue" daemon [_thread_blocked, id=34144, stack(0x0000005ec8000000,0x0000005ec8100000)]
  0x000001e441230000 JavaThread "Darcula Animations" daemon [_thread_blocked, id=12480, stack(0x0000005ec8900000,0x0000005ec8a00000)]
  0x000001e4450c3000 JavaThread "Swing-Shell" daemon [_thread_blocked, id=12992, stack(0x0000005ec7000000,0x0000005ec7100000)]
  0x000001e441012000 JavaThread "Thread-18" [_thread_blocked, id=28364, stack(0x0000005ec8a00000,0x0000005ec8b00000)]

Other Threads:
=>0x000001e43ff19000 VMThread "VM Thread" [stack: 0x0000005ec7700000,0x0000005ec7800000] [id=14180]
  0x000001e440138000 WatcherThread [stack: 0x0000005ec8200000,0x0000005ec8300000] [id=20328]
  0x000001e40df92000 GCTaskThread "GC Thread#0" [stack: 0x0000005ec7200000,0x0000005ec7300000] [id=22908]
  0x000001e4425fc000 GCTaskThread "GC Thread#1" [stack: 0x0000005ec8c00000,0x0000005ec8d00000] [id=16708]
  0x000001e44237e000 GCTaskThread "GC Thread#2" [stack: 0x0000005ec8d00000,0x0000005ec8e00000] [id=1044]
  0x000001e4427f5000 GCTaskThread "GC Thread#3" [stack: 0x0000005ec8e00000,0x0000005ec8f00000] [id=34496]
  0x000001e440d08000 GCTaskThread "GC Thread#4" [stack: 0x0000005ec8f00000,0x0000005ec9000000] [id=13444]
  0x000001e44252c000 GCTaskThread "GC Thread#5" [stack: 0x0000005ec9000000,0x0000005ec9100000] [id=35812]
  0x000001e44209d000 GCTaskThread "GC Thread#6" [stack: 0x0000005ec9100000,0x0000005ec9200000] [id=21328]
  0x000001e4424ca800 GCTaskThread "GC Thread#7" [stack: 0x0000005ec9200000,0x0000005ec9300000] [id=28756]
  0x000001e40dfb1800 ConcurrentGCThread "G1 Main Marker" [stack: 0x0000005ec7300000,0x0000005ec7400000] [id=19720]
  0x000001e40dfb4000 ConcurrentGCThread "G1 Conc#0" [stack: 0x0000005ec7400000,0x0000005ec7500000] [id=19184]
  0x000001e4464af000 ConcurrentGCThread "G1 Conc#1" [stack: 0x0000005ec9300000,0x0000005ec9400000] [id=24468]
  0x000001e43fa08800 ConcurrentGCThread "G1 Refine#0" [stack: 0x0000005ec7500000,0x0000005ec7600000] [id=15756]
  0x000001e43fd92800 ConcurrentGCThread "G1 Young RemSet Sampling" [stack: 0x0000005ec7600000,0x0000005ec7700000] [id=24204]

Threads with active compile tasks:

VM state:at safepoint (normal execution)

VM Mutex/Monitor currently owned by a thread:  ([mutex/lock_event])
[0x000001e40def6960] Threads_lock - owner thread: 0x000001e43ff19000
[0x000001e40def57f0] Heap_lock - owner thread: 0x000001e441012000

Heap address: 0x0000000581a00000, size: 10214 MB, Compressed Oops mode: Zero based, Oop shift amount: 3
Narrow klass base: 0x0000000800000000, Narrow klass shift: 3
Compressed class space size: 1073741824 Address: 0x0000000801190000

Heap:
 garbage-first heap   total 215040K, used 98550K [0x0000000581a00000, 0x0000000800000000)
  region size 2048K, 19 young (38912K), 3 survivors (6144K)
 Metaspace       used 16652K, capacity 17059K, committed 17536K, reserved 1064960K
  class space    used 1785K, capacity 1939K, committed 2176K, reserved 1048576K
Heap Regions: E=young(eden), S=young(survivor), O=old, HS=humongous(starts), HC=humongous(continues), CS=collection set, F=free, A=archive, TAMS=top-at-mark-start (previous, next)
|   0|0x0000000581a00000, 0x0000000581bff870, 0x0000000581c00000| 99%| O|  |TAMS 0x0000000581a00000, 0x0000000581a00000| Untracked 
|   1|0x0000000581c00000, 0x0000000581dffff8, 0x0000000581e00000| 99%| O|  |TAMS 0x0000000581c00000, 0x0000000581c00000| Untracked 
|   2|0x0000000581e00000, 0x0000000581fff778, 0x0000000582000000| 99%| O|  |TAMS 0x0000000581e00000, 0x0000000581e00000| Untracked 
|   3|0x0000000582000000, 0x00000005821ffb98, 0x0000000582200000| 99%| O|  |TAMS 0x0000000582000000, 0x0000000582000000| Untracked 
|   4|0x0000000582200000, 0x00000005823ff838, 0x0000000582400000| 99%| O|  |TAMS 0x0000000582200000, 0x0000000582200000| Untracked 
|   5|0x0000000582400000, 0x00000005825ffa60, 0x0000000582600000| 99%| O|  |TAMS 0x0000000582400000, 0x0000000582400000| Untracked 
|   6|0x0000000582600000, 0x00000005827ff830, 0x0000000582800000| 99%| O|  |TAMS 0x0000000582600000, 0x0000000582600000| Untracked 
|   7|0x0000000582800000, 0x00000005829ff7f8, 0x0000000582a00000| 99%| O|  |TAMS 0x0000000582800000, 0x0000000582800000| Untracked 
|   8|0x0000000582a00000, 0x0000000582bff688, 0x0000000582c00000| 99%| O|  |TAMS 0x0000000582a00000, 0x0000000582a00000| Untracked 
|   9|0x0000000582c00000, 0x0000000582dffcc8, 0x0000000582e00000| 99%| O|  |TAMS 0x0000000582c00000, 0x0000000582c00000| Untracked 
|  10|0x0000000582e00000, 0x0000000582fff870, 0x0000000583000000| 99%| O|  |TAMS 0x0000000582e00000, 0x0000000582e00000| Untracked 
|  11|0x0000000583000000, 0x00000005831ffb00, 0x0000000583200000| 99%| O|  |TAMS 0x0000000583000000, 0x0000000583000000| Untracked 
|  12|0x0000000583200000, 0x00000005833ffa30, 0x0000000583400000| 99%| O|  |TAMS 0x0000000583200000, 0x0000000583200000| Untracked 
|  13|0x0000000583400000, 0x00000005835ffb00, 0x0000000583600000| 99%| O|  |TAMS 0x0000000583400000, 0x0000000583400000| Untracked 
|  14|0x0000000583600000, 0x00000005837ff7b0, 0x0000000583800000| 99%| O|  |TAMS 0x0000000583600000, 0x0000000583600000| Untracked 
|  15|0x0000000583800000, 0x00000005839ffb00, 0x0000000583a00000| 99%| O|  |TAMS 0x0000000583800000, 0x0000000583800000| Untracked 
|  16|0x0000000583a00000, 0x0000000583b70de8, 0x0000000583c00000| 72%| O|  |TAMS 0x0000000583a00000, 0x0000000583a00000| Untracked 
|  17|0x0000000583c00000, 0x0000000583e00000, 0x0000000583e00000|100%| O|  |TAMS 0x0000000583c00000, 0x0000000583c00000| Untracked 
|  18|0x0000000583e00000, 0x0000000584000000, 0x0000000584000000|100%| O|  |TAMS 0x0000000583e00000, 0x0000000583e00000| Untracked 
|  19|0x0000000584000000, 0x0000000584200000, 0x0000000584200000|100%| O|  |TAMS 0x0000000584000000, 0x0000000584000000| Untracked 
|  20|0x0000000584200000, 0x0000000584400000, 0x0000000584400000|100%|HS|  |TAMS 0x0000000584200000, 0x0000000584200000| Untracked 
|  21|0x0000000584400000, 0x0000000584600000, 0x0000000584600000|100%|HC|  |TAMS 0x0000000584400000, 0x0000000584400000| Untracked 
|  22|0x0000000584600000, 0x00000005847fffb0, 0x0000000584800000| 99%| O|  |TAMS 0x0000000584600000, 0x0000000584600000| Untracked 
|  23|0x0000000584800000, 0x00000005849fff90, 0x0000000584a00000| 99%| O|  |TAMS 0x0000000584800000, 0x0000000584800000| Untracked 
|  24|0x0000000584a00000, 0x0000000584ae2f20, 0x0000000584c00000| 44%| O|  |TAMS 0x0000000584a00000, 0x0000000584a00000| Untracked 
|  25|0x0000000584c00000, 0x0000000584e00000, 0x0000000584e00000|100%| O|  |TAMS 0x0000000584c00000, 0x0000000584c00000| Untracked 
|  26|0x0000000584e00000, 0x0000000585000000, 0x0000000585000000|100%| O|  |TAMS 0x0000000584e00000, 0x0000000584e00000| Untracked 
|  27|0x0000000585000000, 0x00000005851cdc00, 0x0000000585200000| 90%| O|  |TAMS 0x0000000585000000, 0x0000000585000000| Untracked 
|  28|0x0000000585200000, 0x0000000585200000, 0x0000000585400000|  0%| F|  |TAMS 0x0000000585200000, 0x0000000585200000| Untracked 
|  29|0x0000000585400000, 0x00000005855ffa80, 0x0000000585600000| 99%| O|  |TAMS 0x0000000585400000, 0x0000000585400000| Untracked 
|  30|0x0000000585600000, 0x00000005857ffb00, 0x0000000585800000| 99%| O|  |TAMS 0x0000000585600000, 0x0000000585600000| Untracked 
|  31|0x0000000585800000, 0x0000000585800000, 0x0000000585a00000|  0%| F|  |TAMS 0x0000000585800000, 0x0000000585800000| Untracked 
|  32|0x0000000585a00000, 0x0000000585a00000, 0x0000000585c00000|  0%| F|  |TAMS 0x0000000585a00000, 0x0000000585a00000| Untracked 
|  33|0x0000000585c00000, 0x0000000585c00000, 0x0000000585e00000|  0%| F|  |TAMS 0x0000000585c00000, 0x0000000585c00000| Untracked 
|  34|0x0000000585e00000, 0x0000000585e00000, 0x0000000586000000|  0%| F|  |TAMS 0x0000000585e00000, 0x0000000585e00000| Untracked 
|  35|0x0000000586000000, 0x0000000586000000, 0x0000000586200000|  0%| F|  |TAMS 0x0000000586000000, 0x0000000586000000| Untracked 
|  36|0x0000000586200000, 0x0000000586200000, 0x0000000586400000|  0%| F|  |TAMS 0x0000000586200000, 0x0000000586200000| Untracked 
|  37|0x0000000586400000, 0x0000000586400000, 0x0000000586600000|  0%| F|  |TAMS 0x0000000586400000, 0x0000000586400000| Untracked 
|  38|0x0000000586600000, 0x0000000586600000, 0x0000000586800000|  0%| F|  |TAMS 0x0000000586600000, 0x0000000586600000| Untracked 
|  39|0x0000000586800000, 0x0000000586800000, 0x0000000586a00000|  0%| F|  |TAMS 0x0000000586800000, 0x0000000586800000| Untracked 
|  40|0x0000000586a00000, 0x0000000586a00000, 0x0000000586c00000|  0%| F|  |TAMS 0x0000000586a00000, 0x0000000586a00000| Untracked 
|  41|0x0000000586c00000, 0x0000000586c00000, 0x0000000586e00000|  0%| F|  |TAMS 0x0000000586c00000, 0x0000000586c00000| Untracked 
|  42|0x0000000586e00000, 0x0000000586e00000, 0x0000000587000000|  0%| F|  |TAMS 0x0000000586e00000, 0x0000000586e00000| Untracked 
|  43|0x0000000587000000, 0x0000000587000000, 0x0000000587200000|  0%| F|  |TAMS 0x0000000587000000, 0x0000000587000000| Untracked 
|  44|0x0000000587200000, 0x0000000587200000, 0x0000000587400000|  0%| F|  |TAMS 0x0000000587200000, 0x0000000587200000| Untracked 
|  45|0x0000000587400000, 0x0000000587400000, 0x0000000587600000|  0%| F|  |TAMS 0x0000000587400000, 0x0000000587400000| Untracked 
|  46|0x0000000587600000, 0x0000000587600000, 0x0000000587800000|  0%| F|  |TAMS 0x0000000587600000, 0x0000000587600000| Untracked 
|  47|0x0000000587800000, 0x0000000587800000, 0x0000000587a00000|  0%| F|  |TAMS 0x0000000587800000, 0x0000000587800000| Untracked 
|  48|0x0000000587a00000, 0x0000000587a00000, 0x0000000587c00000|  0%| F|  |TAMS 0x0000000587a00000, 0x0000000587a00000| Untracked 
|  49|0x0000000587c00000, 0x0000000587c00000, 0x0000000587e00000|  0%| F|  |TAMS 0x0000000587c00000, 0x0000000587c00000| Untracked 
|  50|0x0000000587e00000, 0x0000000587e00000, 0x0000000588000000|  0%| F|  |TAMS 0x0000000587e00000, 0x0000000587e00000| Untracked 
|  51|0x0000000588000000, 0x0000000588000000, 0x0000000588200000|  0%| F|  |TAMS 0x0000000588000000, 0x0000000588000000| Untracked 
|  52|0x0000000588200000, 0x0000000588200000, 0x0000000588400000|  0%| F|  |TAMS 0x0000000588200000, 0x0000000588200000| Untracked 
|  53|0x0000000588400000, 0x0000000588400000, 0x0000000588600000|  0%| F|  |TAMS 0x0000000588400000, 0x0000000588400000| Untracked 
|  54|0x0000000588600000, 0x0000000588600000, 0x0000000588800000|  0%| F|  |TAMS 0x0000000588600000, 0x0000000588600000| Untracked 
|  55|0x0000000588800000, 0x0000000588800000, 0x0000000588a00000|  0%| F|  |TAMS 0x0000000588800000, 0x0000000588800000| Untracked 
|  56|0x0000000588a00000, 0x0000000588c00000, 0x0000000588c00000|100%| S|CS|TAMS 0x0000000588a00000, 0x0000000588a00000| Complete 
|  57|0x0000000588c00000, 0x0000000588e00000, 0x0000000588e00000|100%| S|CS|TAMS 0x0000000588c00000, 0x0000000588c00000| Complete 
|  58|0x0000000588e00000, 0x0000000589000000, 0x0000000589000000|100%| S|CS|TAMS 0x0000000588e00000, 0x0000000588e00000| Complete 
|  59|0x0000000589000000, 0x0000000589000000, 0x0000000589200000|  0%| F|  |TAMS 0x0000000589000000, 0x0000000589000000| Untracked 
|  60|0x0000000589200000, 0x00000005893a3360, 0x0000000589400000| 81%| O|  |TAMS 0x0000000589200000, 0x0000000589200000| Untracked 
|  61|0x0000000589400000, 0x00000005894e5560, 0x0000000589600000| 44%| O|  |TAMS 0x0000000589400000, 0x0000000589400000| Untracked 
|  62|0x0000000589600000, 0x0000000589789970, 0x0000000589800000| 76%| O|  |TAMS 0x0000000589600000, 0x0000000589600000| Untracked 
|  63|0x0000000589800000, 0x0000000589800000, 0x0000000589a00000|  0%| F|  |TAMS 0x0000000589800000, 0x0000000589800000| Untracked 
|  64|0x0000000589a00000, 0x0000000589a00000, 0x0000000589c00000|  0%| F|  |TAMS 0x0000000589a00000, 0x0000000589a00000| Untracked 
|  65|0x0000000589c00000, 0x0000000589c00000, 0x0000000589e00000|  0%| F|  |TAMS 0x0000000589c00000, 0x0000000589c00000| Untracked 
|  66|0x0000000589e00000, 0x0000000589e00000, 0x000000058a000000|  0%| F|  |TAMS 0x0000000589e00000, 0x0000000589e00000| Untracked 
|  67|0x000000058a000000, 0x000000058a000000, 0x000000058a200000|  0%| F|  |TAMS 0x000000058a000000, 0x000000058a000000| Untracked 
|  68|0x000000058a200000, 0x000000058a200000, 0x000000058a400000|  0%| F|  |TAMS 0x000000058a200000, 0x000000058a200000| Untracked 
|  69|0x000000058a400000, 0x000000058a410b30, 0x000000058a600000|  3%| O|  |TAMS 0x000000058a400000, 0x000000058a400000| Untracked 
|  70|0x000000058a600000, 0x000000058a600000, 0x000000058a800000|  0%| F|  |TAMS 0x000000058a600000, 0x000000058a600000| Untracked 
|  71|0x000000058a800000, 0x000000058a800000, 0x000000058aa00000|  0%| F|  |TAMS 0x000000058a800000, 0x000000058a800000| Untracked 
|  72|0x000000058aa00000, 0x000000058aa00000, 0x000000058ac00000|  0%| F|  |TAMS 0x000000058aa00000, 0x000000058aa00000| Untracked 
|  73|0x000000058ac00000, 0x000000058ac00000, 0x000000058ae00000|  0%| F|  |TAMS 0x000000058ac00000, 0x000000058ac00000| Untracked 
|  74|0x000000058ae00000, 0x000000058ae00000, 0x000000058b000000|  0%| F|  |TAMS 0x000000058ae00000, 0x000000058ae00000| Untracked 
|  75|0x000000058b000000, 0x000000058b000000, 0x000000058b200000|  0%| F|  |TAMS 0x000000058b000000, 0x000000058b000000| Untracked 
|  76|0x000000058b200000, 0x000000058b200000, 0x000000058b400000|  0%| F|  |TAMS 0x000000058b200000, 0x000000058b200000| Untracked 
|  77|0x000000058b400000, 0x000000058b400000, 0x000000058b600000|  0%| F|  |TAMS 0x000000058b400000, 0x000000058b400000| Untracked 
|  78|0x000000058b600000, 0x000000058b600000, 0x000000058b800000|  0%| F|  |TAMS 0x000000058b600000, 0x000000058b600000| Untracked 
|  79|0x000000058b800000, 0x000000058b800000, 0x000000058ba00000|  0%| F|  |TAMS 0x000000058b800000, 0x000000058b800000| Untracked 
|  80|0x000000058ba00000, 0x000000058ba00000, 0x000000058bc00000|  0%| F|  |TAMS 0x000000058ba00000, 0x000000058ba00000| Untracked 
|  81|0x000000058bc00000, 0x000000058bc00000, 0x000000058be00000|  0%| F|  |TAMS 0x000000058bc00000, 0x000000058bc00000| Untracked 
|  82|0x000000058be00000, 0x000000058be00000, 0x000000058c000000|  0%| F|  |TAMS 0x000000058be00000, 0x000000058be00000| Untracked 
|  83|0x000000058c000000, 0x000000058c000000, 0x000000058c200000|  0%| F|  |TAMS 0x000000058c000000, 0x000000058c000000| Untracked 
|  84|0x000000058c200000, 0x000000058c200000, 0x000000058c400000|  0%| F|  |TAMS 0x000000058c200000, 0x000000058c200000| Untracked 
|  85|0x000000058c400000, 0x000000058c400000, 0x000000058c600000|  0%| F|  |TAMS 0x000000058c400000, 0x000000058c400000| Untracked 
|  86|0x000000058c600000, 0x000000058c600000, 0x000000058c800000|  0%| F|  |TAMS 0x000000058c600000, 0x000000058c600000| Untracked 
|  87|0x000000058c800000, 0x000000058c800000, 0x000000058ca00000|  0%| F|  |TAMS 0x000000058c800000, 0x000000058c800000| Untracked 
|  88|0x000000058ca00000, 0x000000058ca00000, 0x000000058cc00000|  0%| F|  |TAMS 0x000000058ca00000, 0x000000058ca00000| Untracked 
|  89|0x000000058cc00000, 0x000000058cce4280, 0x000000058ce00000| 44%| E|  |TAMS 0x000000058cc00000, 0x000000058cc00000| Complete 
|  90|0x000000058ce00000, 0x000000058cff93e8, 0x000000058d000000| 98%| E|  |TAMS 0x000000058ce00000, 0x000000058ce00000| Complete 
|  91|0x000000058d000000, 0x000000058d200000, 0x000000058d200000|100%| E|CS|TAMS 0x000000058d000000, 0x000000058d000000| Complete 
|  92|0x000000058d200000, 0x000000058d400000, 0x000000058d400000|100%| E|CS|TAMS 0x000000058d200000, 0x000000058d200000| Complete 
|  93|0x000000058d400000, 0x000000058d600000, 0x000000058d600000|100%| E|CS|TAMS 0x000000058d400000, 0x000000058d400000| Complete 
|  94|0x000000058d600000, 0x000000058d800000, 0x000000058d800000|100%| E|CS|TAMS 0x000000058d600000, 0x000000058d600000| Complete 
|  95|0x000000058d800000, 0x000000058da00000, 0x000000058da00000|100%| E|CS|TAMS 0x000000058d800000, 0x000000058d800000| Complete 
|  96|0x000000058da00000, 0x000000058dc00000, 0x000000058dc00000|100%| E|CS|TAMS 0x000000058da00000, 0x000000058da00000| Complete 
|  97|0x000000058dc00000, 0x000000058de00000, 0x000000058de00000|100%| E|CS|TAMS 0x000000058dc00000, 0x000000058dc00000| Complete 
|  98|0x000000058de00000, 0x000000058e000000, 0x000000058e000000|100%| E|CS|TAMS 0x000000058de00000, 0x000000058de00000| Complete 
|  99|0x000000058e000000, 0x000000058e200000, 0x000000058e200000|100%| E|CS|TAMS 0x000000058e000000, 0x000000058e000000| Complete 
| 100|0x000000058e200000, 0x000000058e400000, 0x000000058e400000|100%| E|CS|TAMS 0x000000058e200000, 0x000000058e200000| Complete 
| 101|0x000000058e400000, 0x000000058e600000, 0x000000058e600000|100%| E|CS|TAMS 0x000000058e400000, 0x000000058e400000| Complete 
| 102|0x000000058e600000, 0x000000058e800000, 0x000000058e800000|100%| E|CS|TAMS 0x000000058e600000, 0x000000058e600000| Complete 
| 103|0x000000058e800000, 0x000000058ea00000, 0x000000058ea00000|100%| E|CS|TAMS 0x000000058e800000, 0x000000058e800000| Complete 
| 104|0x000000058ea00000, 0x000000058ec00000, 0x000000058ec00000|100%| E|CS|TAMS 0x000000058ea00000, 0x000000058ea00000| Complete 

Card table byte_map: [0x000001e426a30000,0x000001e427e30000] _byte_map_base: 0x000001e423e23000

Marking Bits (Prev, Next): (CMBitMap*) 0x000001e40df92e88, (CMBitMap*) 0x000001e40df92e48
 Prev Bits: [0x000001e4331d0000, 0x000001e43d168000)
 Next Bits: [0x000001e429230000, 0x000001e4331c8000)

Polling page: 0x000001e40bd70000

Metaspace:

Usage:
  Non-class:     14.77 MB capacity,    14.52 MB ( 98%) used,   215.52 KB (  1%) free+waste,    37.31 KB ( <1%) overhead. 
      Class:      1.89 MB capacity,     1.74 MB ( 92%) used,   134.14 KB (  7%) free+waste,    19.19 KB ( <1%) overhead. 
       Both:     16.66 MB capacity,    16.26 MB ( 98%) used,   349.66 KB (  2%) free+waste,    56.50 KB ( <1%) overhead. 

Virtual space:
  Non-class space:       16.00 MB reserved,      15.00 MB ( 94%) committed 
      Class space:        1.00 GB reserved,       2.13 MB ( <1%) committed 
             Both:        1.02 GB reserved,      17.13 MB (  2%) committed 

Chunk freelists:
   Non-Class:  30.00 KB
       Class:  17.63 KB
        Both:  47.63 KB

CodeHeap 'non-profiled nmethods': size=120000Kb used=4836Kb max_used=5727Kb free=115163Kb
 bounds [0x000001e41ddd0000, 0x000001e41e3a0000, 0x000001e425300000]
CodeHeap 'profiled nmethods': size=120000Kb used=5835Kb max_used=7631Kb free=114164Kb
 bounds [0x000001e4168a0000, 0x000001e417030000, 0x000001e41ddd0000]
CodeHeap 'non-nmethods': size=5760Kb used=1301Kb max_used=1438Kb free=4458Kb
 bounds [0x000001e416300000, 0x000001e416570000, 0x000001e4168a0000]
 total_blobs=8518 nmethods=3669 adapters=604
 compilation: enabled
              stopped_count=0, restarted_count=0
 full_count=0

Compilation events (10 events):
Event: 27139.903 Thread 0x000001e43ff3a000 5208       4       simpleactin.SubUnit::forceReaction (66 bytes)
Event: 27139.906 Thread 0x000001e43ff3a000 nmethod 5208 0x000001e41df44010 code [0x000001e41df441c0, 0x000001e41df444e8]
Event: 29191.096 Thread 0x000001e43ff3d000 5209       3       java.util.Formatter$FormatSpecifier::<init> (259 bytes)
Event: 29191.096 Thread 0x000001e43ff3a000 5210       4       java.util.Formatter$Conversion::isCharacter (32 bytes)
Event: 29191.096 Thread 0x000001e43ff3a000 nmethod 5210 0x000001e41deaf010 code [0x000001e41deaf1a0, 0x000001e41deaf218]
Event: 29191.097 Thread 0x000001e43ff3d000 nmethod 5209 0x000001e416beda90 code [0x000001e416bedf00, 0x000001e416bef860]
Event: 29191.097 Thread 0x000001e43ff3d000 5211       2       java.util.Formatter$FormatSpecifier::flags (33 bytes)
Event: 29191.097 Thread 0x000001e43ff3d000 nmethod 5211 0x000001e4168e7010 code [0x000001e4168e71e0, 0x000001e4168e7430]
Event: 31004.619 Thread 0x000001e43ff3d000 5212       1       java.io.OutputStream::flush (1 bytes)
Event: 31004.619 Thread 0x000001e43ff3d000 nmethod 5212 0x000001e41df2bb10 code [0x000001e41df2bcc0, 0x000001e41df2bdf8]

GC Heap History (10 events):
Event: 31580.332 GC heap before
{Heap before GC invocations=56334 (full 23000):
 garbage-first heap   total 178176K, used 96959K [0x0000000581a00000, 0x0000000800000000)
  region size 2048K, 22 young (45056K), 0 survivors (0K)
 Metaspace       used 16652K, capacity 17059K, committed 17536K, reserved 1064960K
  class space    used 1785K, capacity 1939K, committed 2176K, reserved 1048576K
}
Event: 31580.334 GC heap after
{Heap after GC invocations=56335 (full 23000):
 garbage-first heap   total 178176K, used 53698K [0x0000000581a00000, 0x0000000800000000)
  region size 2048K, 1 young (2048K), 1 survivors (2048K)
 Metaspace       used 16652K, capacity 17059K, committed 17536K, reserved 1064960K
  class space    used 1785K, capacity 1939K, committed 2176K, reserved 1048576K
}
Event: 31581.109 GC heap before
{Heap before GC invocations=56336 (full 23000):
 garbage-first heap   total 178176K, used 104898K [0x0000000581a00000, 0x0000000800000000)
  region size 2048K, 26 young (53248K), 1 survivors (2048K)
 Metaspace       used 16652K, capacity 17059K, committed 17536K, reserved 1064960K
  class space    used 1785K, capacity 1939K, committed 2176K, reserved 1048576K
}
Event: 31581.113 GC heap after
{Heap after GC invocations=56337 (full 23000):
 garbage-first heap   total 178176K, used 76761K [0x0000000581a00000, 0x0000000800000000)
  region size 2048K, 4 young (8192K), 4 survivors (8192K)
 Metaspace       used 16652K, capacity 17059K, committed 17536K, reserved 1064960K
  class space    used 1785K, capacity 1939K, committed 2176K, reserved 1048576K
}
Event: 31581.280 GC heap before
{Heap before GC invocations=56337 (full 23000):
 garbage-first heap   total 178176K, used 99289K [0x0000000581a00000, 0x0000000800000000)
  region size 2048K, 17 young (34816K), 4 survivors (8192K)
 Metaspace       used 16652K, capacity 17059K, committed 17536K, reserved 1064960K
  class space    used 1785K, capacity 1939K, committed 2176K, reserved 1048576K
}
Event: 31581.294 GC heap after
{Heap after GC invocations=56338 (full 23001):
 garbage-first heap   total 178176K, used 51373K [0x0000000581a00000, 0x0000000800000000)
  region size 2048K, 0 young (0K), 0 survivors (0K)
 Metaspace       used 16652K, capacity 17059K, committed 17536K, reserved 1064960K
  class space    used 1785K, capacity 1939K, committed 2176K, reserved 1048576K
}
Event: 31582.399 GC heap before
{Heap before GC invocations=56338 (full 23001):
 garbage-first heap   total 178176K, used 88237K [0x0000000581a00000, 0x0000000800000000)
  region size 2048K, 19 young (38912K), 0 survivors (0K)
 Metaspace       used 16652K, capacity 17059K, committed 17536K, reserved 1064960K
  class space    used 1785K, capacity 1939K, committed 2176K, reserved 1048576K
}
Event: 31582.411 GC heap after
{Heap after GC invocations=56339 (full 23002):
 garbage-first heap   total 178176K, used 51647K [0x0000000581a00000, 0x0000000800000000)
  region size 2048K, 0 young (0K), 0 survivors (0K)
 Metaspace       used 16652K, capacity 17059K, committed 17536K, reserved 1064960K
  class space    used 1785K, capacity 1939K, committed 2176K, reserved 1048576K
}
Event: 31583.420 GC heap before
{Heap before GC invocations=56339 (full 23002):
 garbage-first heap   total 178176K, used 100799K [0x0000000581a00000, 0x0000000800000000)
  region size 2048K, 24 young (49152K), 0 survivors (0K)
 Metaspace       used 16652K, capacity 17059K, committed 17536K, reserved 1064960K
  class space    used 1785K, capacity 1939K, committed 2176K, reserved 1048576K
}
Event: 31583.424 GC heap after
{Heap after GC invocations=56340 (full 23002):
 garbage-first heap   total 215040K, used 69878K [0x0000000581a00000, 0x0000000800000000)
  region size 2048K, 3 young (6144K), 3 survivors (6144K)
 Metaspace       used 16652K, capacity 17059K, committed 17536K, reserved 1064960K
  class space    used 1785K, capacity 1939K, committed 2176K, reserved 1048576K
}

Deoptimization events (10 events):
Event: 11381.501 Thread 0x000001e440e85000 Uncommon trap: reason=unstable_if action=reinterpret pc=0x000001e41df1a038 method=java.awt.Component.getInputContext()Ljava/awt/im/InputContext; @ 6 c2
Event: 11381.502 Thread 0x000001e440e85000 Uncommon trap: reason=unstable_if action=reinterpret pc=0x000001e41debf998 method=javax.swing.text.PlainView.updateMetrics()V @ 46 c2
Event: 11381.527 Thread 0x000001e43ff1a800 Uncommon trap: reason=unstable_if action=reinterpret pc=0x000001e41e1c6bb8 method=java.lang.ref.ReferenceQueue.enqueue(Ljava/lang/ref/Reference;)Z @ 94 c2
Event: 11381.527 Thread 0x000001e43ff1b800 Uncommon trap: reason=unstable_if action=reinterpret pc=0x000001e41e19ae18 method=java.lang.ref.ReferenceQueue.reallyPoll()Ljava/lang/ref/Reference; @ 54 c2
Event: 11381.811 Thread 0x000001e441012000 Uncommon trap: reason=unstable_if action=reinterpret pc=0x000001e41df67a8c method=simpleactin.ABDs.arrange()V @ 11 c2
Event: 11382.899 Thread 0x000001e441012000 Uncommon trap: reason=unstable_if action=reinterpret pc=0x000001e41e05a8fc method=simpleactin.Fimbrin.applyUpdates(D)V @ 335 c2
Event: 11384.984 Thread 0x000001e441012000 Uncommon trap: reason=unstable_if action=reinterpret pc=0x000001e41e12a808 method=simpleactin.Fimbrin.applyUpdates(D)V @ 399 c2
Event: 20693.807 Thread 0x000001e441012000 Uncommon trap: reason=unstable_if action=reinterpret pc=0x000001e41dfbe9c8 method=java.util.concurrent.locks.LockSupport.unpark(Ljava/lang/Thread;)V @ 1 c2
Event: 21457.415 Thread 0x000001e440d51800 Uncommon trap: reason=class_check action=maybe_recompile pc=0x000001e41df3e060 method=sun.java2d.Disposer.run()V @ 11 c2
Event: 27137.354 Thread 0x000001e441012000 Uncommon trap: reason=unstable_if action=reinterpret pc=0x000001e41e0499d0 method=simpleactin.Filament.reactionCallBack(Lsimpleactin/SubUnit;DILjava/lang/Object;)V @ 93 c2

Classes redefined (0 events):
No events

Internal exceptions (10 events):
Event: 34.904 Thread 0x000001e444ad1800 Implicit null exception at 0x000001e41df78d21 to 0x000001e41df78f42
Event: 7649.367 Thread 0x000001e440e85000 Exception <a 'java/lang/NoSuchMethodError'{0x000000058a265288}: java.lang.invoke.DirectMethodHandle$Holder.invokeVirtual(Ljava/lang/Object;Ljava/lang/Object;)V> (0x000000058a265288) thrown at [t:/workspace/open/src/hotspot/share/interpreter/linkResolver.c
Event: 10292.884 Thread 0x000001e441203000 Exception <a 'java/lang/NoSuchMethodError'{0x000000058c6fdb60}: java.lang.invoke.DirectMethodHandle$Holder.invokeSpecial(Ljava/lang/Object;Ljava/lang/Object;DD)Ljava/lang/Object;> (0x000000058c6fdb60) thrown at [t:/workspace/open/src/hotspot/share/interpr
Event: 11339.493 Thread 0x000001e440e85000 Implicit null exception at 0x000001e41de2a060 to 0x000001e41de2a0c0
Event: 11339.495 Thread 0x000001e440e85000 Implicit null exception at 0x000001e41e1ec043 to 0x000001e41e1ec5e2
Event: 11339.845 Thread 0x000001e440e85000 Implicit null exception at 0x000001e41dfced37 to 0x000001e41dfcfcaa
Event: 11380.820 Thread 0x000001e440e85000 Implicit null exception at 0x000001e41dfcb53a to 0x000001e41dfcc5ba
Event: 11381.493 Thread 0x000001e440e85000 Implicit null exception at 0x000001e41ded5fec to 0x000001e41ded72ca
Event: 11381.497 Thread 0x000001e440e85000 Exception <a 'java/lang/NoSuchMethodError'{0x000000058b334890}: java.lang.invoke.DelegatingMethodHandle$Holder.reinvoke_L(Ljava/lang/Object;JLjava/lang/Object;Ljava/lang/Object;Ljava/lang/Object;Ljava/lang/Object;)Ljava/lang/Object;> (0x000000058b334890) 
Event: 11381.498 Thread 0x000001e440e85000 Exception <a 'java/lang/NoSuchMethodError'{0x000000058b34ad70}: java.lang.invoke.DirectMethodHandle$Holder.invokeStatic(Ljava/lang/Object;Ljava/lang/Object;Ljava/lang/Object;Ljava/lang/Object;Ljava/lang/Object;J)Ljava/lang/Object;> (0x000000058b34ad70) th

Events (10 events):
Event: 31580.345 Executing VM operation: G1Concurrent done
Event: 31581.109 Executing VM operation: G1CollectForAllocation
Event: 31581.113 Executing VM operation: G1CollectForAllocation done
Event: 31581.280 Executing VM operation: G1CollectFull
Event: 31581.295 Executing VM operation: G1CollectFull done
Event: 31582.398 Executing VM operation: G1CollectFull
Event: 31582.411 Executing VM operation: G1CollectFull done
Event: 31583.420 Executing VM operation: G1CollectForAllocation
Event: 31583.424 Executing VM operation: G1CollectForAllocation done
Event: 31583.498 Executing VM operation: G1CollectFull


Dynamic libraries:
0x00007ff6bb130000 - 0x00007ff6bb13f000 	C:\Program Files\Java\jdk-12.0.2\bin\java.exe
0x00007ff970c70000 - 0x00007ff970e51000 	C:\WINDOWS\SYSTEM32\ntdll.dll
0x00007ff94d630000 - 0x00007ff94d657000 	C:\Program Files\Cylance\Desktop\CyMemDef64.dll
0x00007ff96e4c0000 - 0x00007ff96e571000 	C:\WINDOWS\System32\KERNEL32.DLL
0x00007ff96d0d0000 - 0x00007ff96d343000 	C:\WINDOWS\System32\KERNELBASE.dll
0x00007ff96df50000 - 0x00007ff96e048000 	C:\WINDOWS\System32\ucrtbase.dll
0x00007ff96a440000 - 0x00007ff96a458000 	C:\Program Files\Java\jdk-12.0.2\bin\jli.dll
0x00007ff96e230000 - 0x00007ff96e2d1000 	C:\WINDOWS\System32\ADVAPI32.dll
0x00007ff96e580000 - 0x00007ff96e61e000 	C:\WINDOWS\System32\msvcrt.dll
0x00007ff970b40000 - 0x00007ff970b9b000 	C:\WINDOWS\System32\sechost.dll
0x00007ff96e0f0000 - 0x00007ff96e213000 	C:\WINDOWS\System32\RPCRT4.dll
0x00007ff970710000 - 0x00007ff9708a0000 	C:\WINDOWS\System32\USER32.dll
0x00007ff96ded0000 - 0x00007ff96def0000 	C:\WINDOWS\System32\win32u.dll
0x00007ff96e2e0000 - 0x00007ff96e308000 	C:\WINDOWS\System32\GDI32.dll
0x00007ff96db40000 - 0x00007ff96dcd4000 	C:\WINDOWS\System32\gdi32full.dll
0x00007ff96e050000 - 0x00007ff96e0ef000 	C:\WINDOWS\System32\msvcp_win.dll
0x00007ff968510000 - 0x00007ff968526000 	C:\Program Files\Java\jdk-12.0.2\bin\VCRUNTIME140.dll
0x00007ff957870000 - 0x00007ff957ad9000 	C:\WINDOWS\WinSxS\amd64_microsoft.windows.common-controls_6595b64144ccf1df_6.0.17134.2026_none_d3fdbb717c923c14\COMCTL32.dll
0x00007ff96e710000 - 0x00007ff96ea32000 	C:\WINDOWS\System32\combase.dll
0x00007ff96da70000 - 0x00007ff96dae9000 	C:\WINDOWS\System32\bcryptPrimitives.dll
0x00007ff967ba0000 - 0x00007ff967baa000 	C:\WINDOWS\SYSTEM32\VERSION.dll
0x00007ff96e3e0000 - 0x00007ff96e40d000 	C:\WINDOWS\System32\IMM32.DLL
0x00007ff94a480000 - 0x00007ff94a52a000 	C:\Program Files\Java\jdk-12.0.2\bin\msvcp140.dll
0x00007ff8eed70000 - 0x00007ff8ef8e7000 	C:\Program Files\Java\jdk-12.0.2\bin\server\jvm.dll
0x00007ff96e220000 - 0x00007ff96e228000 	C:\WINDOWS\System32\PSAPI.DLL
0x00007ff954420000 - 0x00007ff954429000 	C:\WINDOWS\SYSTEM32\WSOCK32.dll
0x00007ff96e6a0000 - 0x00007ff96e70c000 	C:\WINDOWS\System32\WS2_32.dll
0x00007ff96b020000 - 0x00007ff96b043000 	C:\WINDOWS\SYSTEM32\WINMM.dll
0x00007ff96aff0000 - 0x00007ff96b01a000 	C:\WINDOWS\SYSTEM32\WINMMBASE.dll
0x00007ff96daf0000 - 0x00007ff96db39000 	C:\WINDOWS\System32\cfgmgr32.dll
0x00007ff96cfe0000 - 0x00007ff96cff1000 	C:\WINDOWS\System32\kernel.appcore.dll
0x00007ff95ad30000 - 0x00007ff95ad41000 	C:\Program Files\Java\jdk-12.0.2\bin\verify.dll
0x00007ff95a2e0000 - 0x00007ff95a4a9000 	C:\WINDOWS\SYSTEM32\DBGHELP.DLL
0x00007ff959ca0000 - 0x00007ff959cc9000 	C:\WINDOWS\SYSTEM32\dbgcore.DLL
0x00007ff95a900000 - 0x00007ff95a926000 	C:\Program Files\Java\jdk-12.0.2\bin\java.dll
0x00007ff95abb0000 - 0x00007ff95abc7000 	C:\Program Files\Java\jdk-12.0.2\bin\zip.dll
0x00007ff96b0f0000 - 0x00007ff96b0fa000 	C:\Program Files\Java\jdk-12.0.2\bin\jimage.dll
0x00007ff96ee10000 - 0x00007ff970255000 	C:\WINDOWS\System32\SHELL32.dll
0x00007ff96e410000 - 0x00007ff96e4b8000 	C:\WINDOWS\System32\shcore.dll
0x00007ff96d350000 - 0x00007ff96da63000 	C:\WINDOWS\System32\windows.storage.dll
0x00007ff96e380000 - 0x00007ff96e3d1000 	C:\WINDOWS\System32\shlwapi.dll
0x00007ff96d000000 - 0x00007ff96d01f000 	C:\WINDOWS\System32\profapi.dll
0x00007ff96cf90000 - 0x00007ff96cfdc000 	C:\WINDOWS\System32\powrprof.dll
0x00007ff96cf60000 - 0x00007ff96cf6a000 	C:\WINDOWS\System32\FLTLIB.DLL
0x00007ff95a860000 - 0x00007ff95a879000 	C:\Program Files\Java\jdk-12.0.2\bin\net.dll
0x00007ff9689f0000 - 0x00007ff968acd000 	C:\WINDOWS\SYSTEM32\WINHTTP.dll
0x00007ff95e0b0000 - 0x00007ff95e27d000 	C:\WINDOWS\SYSTEM32\urlmon.dll
0x00007ff95de00000 - 0x00007ff95e0a8000 	C:\WINDOWS\SYSTEM32\iertutil.dll
0x00007ff96c9b0000 - 0x00007ff96c9bb000 	C:\WINDOWS\SYSTEM32\CRYPTBASE.DLL
0x00007ff96c780000 - 0x00007ff96c7e6000 	C:\WINDOWS\system32\mswsock.dll
0x00007ff954f50000 - 0x00007ff954f63000 	C:\Program Files\Java\jdk-12.0.2\bin\nio.dll
0x00007ff92d3a0000 - 0x00007ff92d53f000 	C:\Program Files\Java\jdk-12.0.2\bin\awt.dll
0x00007ff9708a0000 - 0x00007ff970962000 	C:\WINDOWS\System32\OLEAUT32.dll
0x00007ff969240000 - 0x00007ff969807000 	C:\WINDOWS\SYSTEM32\d2d1.dll
0x00007ff96ade0000 - 0x00007ff96ae6b000 	C:\WINDOWS\SYSTEM32\apphelp.dll
0x00007ff96b3b0000 - 0x00007ff96b448000 	C:\WINDOWS\system32\uxtheme.dll
0x00007ff96ea40000 - 0x00007ff96ebb4000 	C:\WINDOWS\System32\MSCTF.dll
0x00007ff96b660000 - 0x00007ff96b689000 	C:\WINDOWS\system32\dwmapi.dll
0x00007ff96ecb0000 - 0x00007ff96ee02000 	C:\WINDOWS\System32\ole32.dll
0x00007ff93af60000 - 0x00007ff93b080000 	C:\WINDOWS\system32\opengl32.dll
0x00007ff93b5a0000 - 0x00007ff93b5cc000 	C:\WINDOWS\SYSTEM32\GLU32.dll
0x00007ff932570000 - 0x00007ff9325f0000 	C:\Program Files\Java\jdk-12.0.2\bin\freetype.dll
0x00007ff9324c0000 - 0x00007ff93256b000 	C:\Program Files\Java\jdk-12.0.2\bin\fontmanager.dll
0x00007ff970ba0000 - 0x00007ff970c40000 	C:\WINDOWS\System32\clbcatq.dll
0x00007ff968120000 - 0x00007ff9682ce000 	C:\WINDOWS\SYSTEM32\WindowsCodecs.dll
0x00007ff93d3f0000 - 0x00007ff93d448000 	C:\WINDOWS\system32\dataexchange.dll
0x00007ff969f80000 - 0x00007ff96a28b000 	C:\WINDOWS\system32\d3d11.dll
0x00007ff96a690000 - 0x00007ff96a82c000 	C:\WINDOWS\system32\dcomp.dll
0x00007ff96bb90000 - 0x00007ff96bc4b000 	C:\WINDOWS\system32\dxgi.dll
0x00007ff96b490000 - 0x00007ff96b647000 	C:\WINDOWS\system32\twinapi.appcore.dll
0x00007ff96b690000 - 0x00007ff96b6b1000 	C:\WINDOWS\system32\RMCLIENT.dll
0x00007ff95bfb0000 - 0x00007ff95c042000 	C:\WINDOWS\System32\TextInputFramework.dll
0x00007ff967480000 - 0x00007ff96779e000 	C:\WINDOWS\System32\CoreUIComponents.dll
0x00007ff96abe0000 - 0x00007ff96acba000 	C:\WINDOWS\System32\CoreMessaging.dll
0x00007ff96bdc0000 - 0x00007ff96bdf1000 	C:\WINDOWS\SYSTEM32\ntmarta.dll
0x00007ff9677a0000 - 0x00007ff9678e7000 	C:\WINDOWS\SYSTEM32\wintypes.dll
0x00007ff94d6d0000 - 0x00007ff94d777000 	C:\WINDOWS\WinSxS\amd64_microsoft.windows.common-controls_6595b64144ccf1df_5.82.17134.2026_none_557346232661f5e1\comctl32.dll
0x00007ff968530000 - 0x00007ff9686e5000 	C:\WINDOWS\SYSTEM32\PROPSYS.dll
0x00007ff9666e0000 - 0x00007ff966d7a000 	C:\Windows\System32\OneCoreUAPCommonProxyStub.dll
0x00007ff8c8220000 - 0x00007ff8c8347000 	C:\WINDOWS\system32\NetworkExplorer.dll
0x00007ff93a0a0000 - 0x00007ff93a222000 	C:\Program Files\Box\Box\BoxShellExtShim-2.23.422.dll
0x00007ff96def0000 - 0x00007ff96df47000 	C:\WINDOWS\System32\WINTRUST.dll
0x00007ff96cf70000 - 0x00007ff96cf82000 	C:\WINDOWS\System32\MSASN1.dll
0x00007ff96dce0000 - 0x00007ff96dec2000 	C:\WINDOWS\System32\CRYPT32.dll
0x00007ff96c990000 - 0x00007ff96c9a7000 	C:\WINDOWS\System32\CRYPTSP.dll
0x00007ff96c100000 - 0x00007ff96c133000 	C:\WINDOWS\system32\rsaenh.dll
0x00007ff96cac0000 - 0x00007ff96cae5000 	C:\WINDOWS\SYSTEM32\bcrypt.dll
0x00007ff970970000 - 0x00007ff97098d000 	C:\WINDOWS\System32\imagehlp.dll
0x00007ff96ba40000 - 0x00007ff96ba62000 	C:\WINDOWS\SYSTEM32\gpapi.dll
0x00007ff956690000 - 0x00007ff9566be000 	C:\Windows\System32\cryptnet.dll
0x00007ff939870000 - 0x00007ff939c84000 	C:\Program Files\Box\Box\BoxShellExt-2.23.422.dll
0x00007ff967ed0000 - 0x00007ff967eea000 	C:\WINDOWS\SYSTEM32\MPR.dll
0x0000000180000000 - 0x0000000180048000 	C:\WINDOWS\system32\cbfsconnectNetRdr2017.dll
0x00007ff970260000 - 0x00007ff9706ab000 	C:\WINDOWS\System32\SETUPAPI.dll
0x00007ff9664c0000 - 0x00007ff9664d7000 	C:\WINDOWS\system32\NETAPI32.dll
0x00007ff95be70000 - 0x00007ff95be96000 	C:\WINDOWS\system32\SRVCLI.DLL
0x00007ff937d80000 - 0x00007ff937d8b000 	C:\WINDOWS\System32\drprov.dll
0x00007ff96c7f0000 - 0x00007ff96c846000 	C:\WINDOWS\System32\WINSTA.dll
0x00007ff937d60000 - 0x00007ff937d76000 	C:\WINDOWS\System32\ntlanman.dll
0x00007ff925c30000 - 0x00007ff925c4d000 	C:\WINDOWS\System32\davclnt.dll
0x00007ff937d50000 - 0x00007ff937d5c000 	C:\WINDOWS\System32\DAVHLPR.dll
0x00007ff9684c0000 - 0x00007ff9684d7000 	C:\WINDOWS\System32\wkscli.dll
0x00007ff952420000 - 0x00007ff952432000 	C:\WINDOWS\SYSTEM32\cscapi.dll
0x00007ff96c5d0000 - 0x00007ff96c5de000 	C:\WINDOWS\System32\netutils.dll
0x00007ff937b50000 - 0x00007ff937b9a000 	C:\Windows\System32\dlnashext.dll
0x00007ff941c90000 - 0x00007ff941cae000 	C:\Windows\System32\DevDispItemProvider.dll
0x00007ff9662d0000 - 0x00007ff966346000 	C:\WINDOWS\System32\MMDevApi.dll
0x00007ff96cd90000 - 0x00007ff96cdb7000 	C:\WINDOWS\System32\DEVOBJ.dll
0x00007ff94dc90000 - 0x00007ff94dcda000 	C:\WINDOWS\SYSTEM32\rdpendp.dll
0x00007ff94e130000 - 0x00007ff94e14c000 	C:\WINDOWS\SYSTEM32\MSACM32.dll
0x00007ff96ae70000 - 0x00007ff96ae83000 	C:\WINDOWS\SYSTEM32\WTSAPI32.dll
0x00007ff9010a0000 - 0x00007ff901281000 	C:\WINDOWS\system32\wpdshext.dll
0x00007ff95b670000 - 0x00007ff95b80b000 	C:\WINDOWS\WinSxS\amd64_microsoft.windows.gdiplus_6595b64144ccf1df_1.1.17134.2026_none_04e8ae56d724b5e2\gdiplus.dll
0x00007ff945cc0000 - 0x00007ff945d5c000 	C:\Windows\System32\PortableDeviceApi.dll
0x00007ff9379b0000 - 0x00007ff9379e6000 	C:\Windows\System32\EhStorShell.dll
0x00007ff933240000 - 0x00007ff933265000 	C:\Windows\System32\EhStorAPI.dll
0x00007ff94a7c0000 - 0x00007ff94a7cd000 	C:\WINDOWS\SYSTEM32\LINKINFO.dll

dbghelp: loaded successfully - version: 4.0.5 - missing functions: none
symbol engine: initialized successfully - sym options: 0x614 - pdb path: .;C:\Program Files\Java\jdk-12.0.2\bin;C:\WINDOWS\SYSTEM32;C:\Program Files\Cylance\Desktop;C:\WINDOWS\WinSxS\amd64_microsoft.windows.common-controls_6595b64144ccf1df_6.0.17134.2026_none_d3fdbb717c923c14;C:\Program Files\Java\jdk-12.0.2\bin\server;C:\WINDOWS\WinSxS\amd64_microsoft.windows.common-controls_6595b64144ccf1df_5.82.17134.2026_none_557346232661f5e1;C:\Program Files\Box\Box;C:\WINDOWS\WinSxS\amd64_microsoft.windows.gdiplus_6595b64144ccf1df_1.1.17134.2026_none_04e8ae56d724b5e2

VM Arguments:
jvm_args: -Dfile.encoding=UTF-8 --module-path=C:\Users\sm2983\Documents\NetBeansProjects\SimpleActin\build\classes 
java_command: simpleactin.SimpleActin
java_class_path (initial): C:\Users\sm2983\Documents\NetBeansProjects\Intensity\build\classes;C:\Users\sm2983\Downloads\commons-math3-3.6.1.jar;C:\Users\sm2983\Documents\NetBeansProjects - Copy\SimpleActin\dist\lib\darcula.jar;C:\Users\sm2983\Documents\NetBeansProjects\SimpleActin\build\classes
Launcher Type: SUN_STANDARD

[Global flags]
     intx CICompilerCount                          = 4                                         {product} {ergonomic}
     uint ConcGCThreads                            = 2                                         {product} {ergonomic}
     uint G1ConcRefinementThreads                  = 8                                         {product} {ergonomic}
   size_t G1HeapRegionSize                         = 2097152                                   {product} {ergonomic}
    uintx GCDrainStackTargetSize                   = 64                                        {product} {ergonomic}
   size_t InitialHeapSize                          = 671088640                                 {product} {ergonomic}
   size_t MarkStackSize                            = 4194304                                   {product} {ergonomic}
   size_t MaxHeapSize                              = 10710155264                               {product} {ergonomic}
   size_t MaxNewSize                               = 6425673728                                {product} {ergonomic}
   size_t MinHeapDeltaBytes                        = 2097152                                   {product} {ergonomic}
    uintx NonNMethodCodeHeapSize                   = 5836300                                {pd product} {ergonomic}
    uintx NonProfiledCodeHeapSize                  = 122910970                              {pd product} {ergonomic}
    uintx ProfiledCodeHeapSize                     = 122910970                              {pd product} {ergonomic}
    uintx ReservedCodeCacheSize                    = 251658240                              {pd product} {ergonomic}
     bool SegmentedCodeCache                       = true                                      {product} {ergonomic}
     bool UseCompressedClassPointers               = true                                 {lp64_product} {ergonomic}
     bool UseCompressedOops                        = true                                 {lp64_product} {ergonomic}
     bool UseG1GC                                  = true                                      {product} {ergonomic}
     bool UseLargePagesIndividualAllocation        = false                                  {pd product} {ergonomic}

Logging:
Log output configuration:
 #0: stdout all=warning uptime,level,tags
 #1: stderr all=off uptime,level,tags

Environment Variables:
JAVA_HOME=C:\Program Files\Java\jdk-12.0.2
CLASSPATH=.;.;C:\PROGRA~2\JMF21~1.1E\lib\sound.jar;C:\PROGRA~2\JMF21~1.1E\lib\jmf.jar;C:\PROGRA~2\JMF21~1.1E\lib;
PATH=C:\Program Files (x86)\IntelSWTools\system_studio_2020\OpenCL\sdk\bin\x64;C:\Program Files (x86)\IntelSWTools\system_studio_2020\OpenCL\sdk\bin\x86;C:\Program Files\NVIDIA GPU Computing Toolkit\CUDA\v10.2\bin;C:\Program Files\NVIDIA GPU Computing Toolkit\CUDA\v10.2\libnvvp;C:\ProgramData\Anaconda3;C:\ProgramData\Anaconda3\Library\mingw-w64\bin;C:\ProgramData\Anaconda3\Library\usr\bin;C:\ProgramData\Anaconda3\Library\bin;C:\ProgramData\Anaconda3\Scripts;C:\WINDOWS\system32;C:\WINDOWS;C:\WINDOWS\System32\Wbem;C:\WINDOWS\System32\WindowsPowerShell\v1.0\;C:\Program Files\MATLAB\R2017b\runtime\win64;C:\Program Files\MATLAB\R2017b\bin;C:\WINDOWS\System32\OpenSSH\;C:\Program Files\NVIDIA Corporation\Nsight Compute 2019.5.0\;C:\Program Files (x86)\NVIDIA Corporation\PhysX\Common;C:\Program Files\dotnet\;C:\Program Files\Microsoft SQL Server\130\Tools\Binn\;C:\Program Files\Microsoft SQL Server\Client SDK\ODBC\170\Tools\Binn\;C:\Python27;C:\Program Files (x86)\IntelSWTools\sw_dev_tools\tools\DAL_1.1942.1019.110\;C:\Program Files\Git\cmd;C:\Users\sm2983\AppData\Local\Microsoft\WindowsApps;C:\Program Files\Java\jdk-12.0.2\bin;C:\Qt\Tools\mingw730_64\bin;
USERNAME=sm2983
OS=Windows_NT
PROCESSOR_IDENTIFIER=Intel64 Family 6 Model 94 Stepping 3, GenuineIntel



---------------  S Y S T E M  ---------------

OS: Windows 10 , 64 bit Build 17134 (10.0.17134.1425)

CPU:total 8 (initial active 8) (4 cores per cpu, 2 threads per core) family 6 model 94 stepping 3, cmov, cx8, fxsr, mmx, sse, sse2, sse3, ssse3, sse4.1, sse4.2, popcnt, avx, avx2, aes, clmul, erms, rtm, 3dnowpref, lzcnt, ht, tsc, tscinvbit, bmi1, bmi2, adx, fma

Memory: 4k page, system-wide physical 40849M (17271M free)
TotalPageFile size 44394M (AvailPageFile size 5M)
current process WorkingSet (physical memory assigned to process): 352M, peak: 408M
current process commit charge ("private bytes"): 400M, peak: 849M

vm_info: Java HotSpot(TM) 64-Bit Server VM (12.0.2+10) for windows-amd64 JRE (12.0.2+10), built on Jul 16 2019 01:56:17 by "mach5one" with MS VC++ 15.5 (VS2017)

END.
