#
# There is insufficient memory for the Java Runtime Environment to continue.
# Native memory allocation (mmap) failed to map 1085440 bytes for card table expansion
# Possible reasons:
#   The system is out of physical RAM or swap space
#   In 32 bit mode, the process size limit was hit
# Possible solutions:
#   Reduce memory load on the system
#   Increase physical memory or swap space
#   Check if swap backing store is full
#   Use 64 bit Java on a 64 bit OS
#   Decrease Java heap size (-Xmx/-Xms)
#   Decrease number of Java threads
#   Decrease Java thread stack sizes (-Xss)
#   Set larger code cache with -XX:ReservedCodeCacheSize=
# This output file may be truncated or incomplete.
#
#  Out of Memory Error (os_windows.cpp:3332), pid=27060, tid=0x0000000000007fac
#
# JRE version: Java(TM) SE Runtime Environment (8.0_111-b14) (build 1.8.0_111-b14)
# Java VM: Java HotSpot(TM) 64-Bit Server VM (25.111-b14 mixed mode windows-amd64 compressed oops)
# Failed to write core dump. Minidumps are not enabled by default on client versions of Windows
#

---------------  T H R E A D  ---------------

Current thread (0x000000002a269000):  VMThread [stack: 0x000000002bf50000,0x000000002c050000] [id=32684]

Stack: [0x000000002bf50000,0x000000002c050000]
[error occurred during error reporting (printing stack bounds), id 0xc0000005]

Native frames: (J=compiled Java code, j=interpreted, Vv=VM code, C=native code)

VM_Operation (0x0000000030a8f090): ParallelGCSystemGC, mode: safepoint, requested by thread 0x000000002d84b800


---------------  P R O C E S S  ---------------

Java Threads: ( => current thread )
  0x000000002d84b800 JavaThread "Thread-3" [_thread_blocked, id=11200, stack(0x0000000030990000,0x0000000030a90000)]
  0x000000002d771000 JavaThread "TimerQueue" daemon [_thread_blocked, id=25668, stack(0x000000002f5c0000,0x000000002f6c0000)]
  0x000000000283d800 JavaThread "DestroyJavaVM" [_thread_blocked, id=29912, stack(0x0000000002490000,0x0000000002590000)]
  0x000000002d1c8000 JavaThread "AWT-EventQueue-0" [_thread_blocked, id=11040, stack(0x000000002e280000,0x000000002e380000)]
  0x000000002d111000 JavaThread "AWT-Windows" daemon [_thread_in_native, id=34580, stack(0x000000002da80000,0x000000002db80000)]
  0x000000002d109800 JavaThread "AWT-Shutdown" [_thread_blocked, id=14376, stack(0x000000002d980000,0x000000002da80000)]
  0x000000002d0bb800 JavaThread "Java2D Disposer" daemon [_thread_blocked, id=27292, stack(0x000000002d880000,0x000000002d980000)]
  0x000000002c1a9800 JavaThread "Service Thread" daemon [_thread_blocked, id=21016, stack(0x000000002cd40000,0x000000002ce40000)]
  0x000000002c186800 JavaThread "C1 CompilerThread3" daemon [_thread_blocked, id=1664, stack(0x000000002cc40000,0x000000002cd40000)]
  0x000000002c183800 JavaThread "C2 CompilerThread2" daemon [_thread_blocked, id=14380, stack(0x000000002cb40000,0x000000002cc40000)]
  0x000000002c181800 JavaThread "C2 CompilerThread1" daemon [_thread_blocked, id=25584, stack(0x000000002ca40000,0x000000002cb40000)]
  0x000000002c17a000 JavaThread "C2 CompilerThread0" daemon [_thread_blocked, id=23316, stack(0x000000002c940000,0x000000002ca40000)]
  0x000000002c178800 JavaThread "Attach Listener" daemon [_thread_blocked, id=5004, stack(0x000000002c840000,0x000000002c940000)]
  0x000000002a27e800 JavaThread "Signal Dispatcher" daemon [_thread_blocked, id=25004, stack(0x000000002c740000,0x000000002c840000)]
  0x000000000274e000 JavaThread "Finalizer" daemon [_thread_blocked, id=12668, stack(0x000000002c550000,0x000000002c650000)]
  0x0000000002747000 JavaThread "Reference Handler" daemon [_thread_blocked, id=26816, stack(0x000000002c050000,0x000000002c150000)]

Other Threads:
=>0x000000002a269000 VMThread [stack: 0x000000002bf50000,0x000000002c050000] [id=32684]
  0x000000002c1ac000 WatcherThread [stack: 0x000000002ce40000,0x000000002cf40000] [id=24660]

VM state:at safepoint (normal execution)

VM Mutex/Monitor currently owned by a thread:  ([mutex/lock_event])
[0x000000000283c3a0] Threads_lock - owner thread: 0x000000002a269000
[0x000000000283c920] Heap_lock - owner thread: 0x000000002d84b800

Heap:
 PSYoungGen      total 2718208K, used 2961K [0x00000006eb380000, 0x00000007b2700000, 0x00000007c0000000)
  eden space 2714624K, 0% used [0x00000006eb380000,0x00000006eb380000,0x0000000790e80000)
  from space 3584K, 82% used [0x0000000790e80000,0x0000000791164780,0x0000000791200000)
  to   space 3584K, 0% used [0x0000000791200000,0x0000000791200000,0x0000000791580000)
 ParOldGen       total 437248K, used 40020K [0x0000000541a00000, 0x000000055c500000, 0x00000006eb380000)
  object space 437248K, 9% used [0x0000000541a00000,0x00000005441152b0,0x000000055c500000)
 Metaspace       used 14898K, capacity 15119K, committed 15488K, reserved 1062912K
  class space    used 1763K, capacity 1840K, committed 1920K, reserved 1048576K

Card table byte_map: [0x0000000011c00000,0x0000000013000000] byte_map_base: 0x000000000f1f3000

Marking Bits: (ParMarkBitMap*) 0x000000005259a6c0
 Begin Bits: [0x0000000014550000, 0x000000001e4e8000)
 End Bits:   [0x000000001e4e8000, 0x0000000028480000)

Polling page: 0x00000000009a0000

CodeCache: size=245760Kb used=8906Kb max_used=9157Kb free=236853Kb
 bounds [0x0000000002840000, 0x00000000031c0000, 0x0000000011840000]
 total_blobs=2882 nmethods=2364 adapters=430
 compilation: enabled

Compilation events (10 events):
Event: 1537.433 Thread 0x000000002c186800 3071   !   3       sun.java2d.SunGraphics2D::fill (64 bytes)
Event: 1537.433 Thread 0x000000002c186800 nmethod 3071 0x0000000002bee490 code [0x0000000002bee660, 0x0000000002bef008]
Event: 1537.433 Thread 0x000000002c186800 3072       3       sun.java2d.pipe.PixelToParallelogramConverter::fill (76 bytes)
Event: 1537.434 Thread 0x000000002c186800 nmethod 3072 0x0000000002b2c3d0 code [0x0000000002b2c5a0, 0x0000000002b2ce98]
Event: 1719.716 Thread 0x000000002c186800 3073       3       java.util.concurrent.locks.LockSupport::park (23 bytes)
Event: 1719.717 Thread 0x000000002c186800 nmethod 3073 0x0000000002bdf610 code [0x0000000002bdf780, 0x0000000002bdfac8]
Event: 1742.135 Thread 0x000000002c186800 3074       3       java.util.concurrent.locks.AbstractQueuedSynchronizer$Node::<init> (15 bytes)
Event: 1742.136 Thread 0x000000002c186800 nmethod 3074 0x0000000002bc0510 code [0x0000000002bc0660, 0x0000000002bc0850]
Event: 1743.879 Thread 0x000000002c186800 3075       3       java.util.concurrent.locks.AbstractQueuedSynchronizer::addWaiter (50 bytes)
Event: 1743.879 Thread 0x000000002c186800 nmethod 3075 0x0000000002b20b10 code [0x0000000002b20ca0, 0x0000000002b21128]

GC Heap History (10 events):
Event: 1743.715 GC heap after
Heap after GC invocations=34707 (full 16945):
 PSYoungGen      total 2718208K, used 0K [0x00000006eb380000, 0x0000000791580000, 0x00000007c0000000)
  eden space 2714624K, 0% used [0x00000006eb380000,0x00000006eb380000,0x0000000790e80000)
  from space 3584K, 0% used [0x0000000791200000,0x0000000791200000,0x0000000791580000)
  to   space 3584K, 0% used [0x0000000790e80000,0x0000000790e80000,0x0000000791200000)
 ParOldGen       total 437248K, used 40018K [0x0000000541a00000, 0x000000055c500000, 0x00000006eb380000)
  object space 437248K, 9% used [0x0000000541a00000,0x00000005441148f0,0x000000055c500000)
 Metaspace       used 14898K, capacity 15119K, committed 15488K, reserved 1062912K
  class space    used 1763K, capacity 1840K, committed 1920K, reserved 1048576K
}
Event: 1743.802 GC heap before
{Heap before GC invocations=34708 (full 16945):
 PSYoungGen      total 2718208K, used 66168K [0x00000006eb380000, 0x0000000791580000, 0x00000007c0000000)
  eden space 2714624K, 2% used [0x00000006eb380000,0x00000006ef41e208,0x0000000790e80000)
  from space 3584K, 0% used [0x0000000791200000,0x0000000791200000,0x0000000791580000)
  to   space 3584K, 0% used [0x0000000790e80000,0x0000000790e80000,0x0000000791200000)
 ParOldGen       total 437248K, used 40018K [0x0000000541a00000, 0x000000055c500000, 0x00000006eb380000)
  object space 437248K, 9% used [0x0000000541a00000,0x00000005441148f0,0x000000055c500000)
 Metaspace       used 14898K, capacity 15119K, committed 15488K, reserved 1062912K
  class space    used 1763K, capacity 1840K, committed 1920K, reserved 1048576K
Event: 1743.803 GC heap after
Heap after GC invocations=34708 (full 16945):
 PSYoungGen      total 2718208K, used 2961K [0x00000006eb380000, 0x0000000791580000, 0x00000007c0000000)
  eden space 2714624K, 0% used [0x00000006eb380000,0x00000006eb380000,0x0000000790e80000)
  from space 3584K, 82% used [0x0000000790e80000,0x0000000791164780,0x0000000791200000)
  to   space 3584K, 0% used [0x0000000791200000,0x0000000791200000,0x0000000791580000)
 ParOldGen       total 437248K, used 40018K [0x0000000541a00000, 0x000000055c500000, 0x00000006eb380000)
  object space 437248K, 9% used [0x0000000541a00000,0x00000005441148f0,0x000000055c500000)
 Metaspace       used 14898K, capacity 15119K, committed 15488K, reserved 1062912K
  class space    used 1763K, capacity 1840K, committed 1920K, reserved 1048576K
}
Event: 1743.803 GC heap before
{Heap before GC invocations=34709 (full 16946):
 PSYoungGen      total 2718208K, used 2961K [0x00000006eb380000, 0x0000000791580000, 0x00000007c0000000)
  eden space 2714624K, 0% used [0x00000006eb380000,0x00000006eb380000,0x0000000790e80000)
  from space 3584K, 82% used [0x0000000790e80000,0x0000000791164780,0x0000000791200000)
  to   space 3584K, 0% used [0x0000000791200000,0x0000000791200000,0x0000000791580000)
 ParOldGen       total 437248K, used 40018K [0x0000000541a00000, 0x000000055c500000, 0x00000006eb380000)
  object space 437248K, 9% used [0x0000000541a00000,0x00000005441148f0,0x000000055c500000)
 Metaspace       used 14898K, capacity 15119K, committed 15488K, reserved 1062912K
  class space    used 1763K, capacity 1840K, committed 1920K, reserved 1048576K
Event: 1743.814 GC heap after
Heap after GC invocations=34709 (full 16946):
 PSYoungGen      total 2718208K, used 0K [0x00000006eb380000, 0x0000000791580000, 0x00000007c0000000)
  eden space 2714624K, 0% used [0x00000006eb380000,0x00000006eb380000,0x0000000790e80000)
  from space 3584K, 0% used [0x0000000790e80000,0x0000000790e80000,0x0000000791200000)
  to   space 3584K, 0% used [0x0000000791200000,0x0000000791200000,0x0000000791580000)
 ParOldGen       total 437248K, used 40021K [0x0000000541a00000, 0x000000055c500000, 0x00000006eb380000)
  object space 437248K, 9% used [0x0000000541a00000,0x00000005441157d0,0x000000055c500000)
 Metaspace       used 14898K, capacity 15119K, committed 15488K, reserved 1062912K
  class space    used 1763K, capacity 1840K, committed 1920K, reserved 1048576K
}
Event: 1743.901 GC heap before
{Heap before GC invocations=34710 (full 16946):
 PSYoungGen      total 2718208K, used 66168K [0x00000006eb380000, 0x0000000791580000, 0x00000007c0000000)
  eden space 2714624K, 2% used [0x00000006eb380000,0x00000006ef41e208,0x0000000790e80000)
  from space 3584K, 0% used [0x0000000790e80000,0x0000000790e80000,0x0000000791200000)
  to   space 3584K, 0% used [0x0000000791200000,0x0000000791200000,0x0000000791580000)
 ParOldGen       total 437248K, used 40021K [0x0000000541a00000, 0x000000055c500000, 0x00000006eb380000)
  object space 437248K, 9% used [0x0000000541a00000,0x00000005441157d0,0x000000055c500000)
 Metaspace       used 14898K, capacity 15119K, committed 15488K, reserved 1062912K
  class space    used 1763K, capacity 1840K, committed 1920K, reserved 1048576K
Event: 1743.903 GC heap after
Heap after GC invocations=34710 (full 16946):
 PSYoungGen      total 2718208K, used 2929K [0x00000006eb380000, 0x0000000791580000, 0x00000007c0000000)
  eden space 2714624K, 0% used [0x00000006eb380000,0x00000006eb380000,0x0000000790e80000)
  from space 3584K, 81% used [0x0000000791200000,0x00000007914dc780,0x0000000791580000)
  to   space 3584K, 0% used [0x0000000790e80000,0x0000000790e80000,0x0000000791200000)
 ParOldGen       total 437248K, used 40021K [0x0000000541a00000, 0x000000055c500000, 0x00000006eb380000)
  object space 437248K, 9% used [0x0000000541a00000,0x00000005441157d0,0x000000055c500000)
 Metaspace       used 14898K, capacity 15119K, committed 15488K, reserved 1062912K
  class space    used 1763K, capacity 1840K, committed 1920K, reserved 1048576K
}
Event: 1743.903 GC heap before
{Heap before GC invocations=34711 (full 16947):
 PSYoungGen      total 2718208K, used 2929K [0x00000006eb380000, 0x0000000791580000, 0x00000007c0000000)
  eden space 2714624K, 0% used [0x00000006eb380000,0x00000006eb380000,0x0000000790e80000)
  from space 3584K, 81% used [0x0000000791200000,0x00000007914dc780,0x0000000791580000)
  to   space 3584K, 0% used [0x0000000790e80000,0x0000000790e80000,0x0000000791200000)
 ParOldGen       total 437248K, used 40021K [0x0000000541a00000, 0x000000055c500000, 0x00000006eb380000)
  object space 437248K, 9% used [0x0000000541a00000,0x00000005441157d0,0x000000055c500000)
 Metaspace       used 14898K, capacity 15119K, committed 15488K, reserved 1062912K
  class space    used 1763K, capacity 1840K, committed 1920K, reserved 1048576K
Event: 1743.914 GC heap after
Heap after GC invocations=34711 (full 16947):
 PSYoungGen      total 2718208K, used 0K [0x00000006eb380000, 0x0000000791580000, 0x00000007c0000000)
  eden space 2714624K, 0% used [0x00000006eb380000,0x00000006eb380000,0x0000000790e80000)
  from space 3584K, 0% used [0x0000000791200000,0x0000000791200000,0x0000000791580000)
  to   space 3584K, 0% used [0x0000000790e80000,0x0000000790e80000,0x0000000791200000)
 ParOldGen       total 437248K, used 40020K [0x0000000541a00000, 0x000000055c500000, 0x00000006eb380000)
  object space 437248K, 9% used [0x0000000541a00000,0x00000005441152b0,0x000000055c500000)
 Metaspace       used 14898K, capacity 15119K, committed 15488K, reserved 1062912K
  class space    used 1763K, capacity 1840K, committed 1920K, reserved 1048576K
}
Event: 1744.004 GC heap before
{Heap before GC invocations=34712 (full 16947):
 PSYoungGen      total 2718208K, used 66168K [0x00000006eb380000, 0x0000000791580000, 0x00000007c0000000)
  eden space 2714624K, 2% used [0x00000006eb380000,0x00000006ef41e208,0x0000000790e80000)
  from space 3584K, 0% used [0x0000000791200000,0x0000000791200000,0x0000000791580000)
  to   space 3584K, 0% used [0x0000000790e80000,0x0000000790e80000,0x0000000791200000)
 ParOldGen       total 437248K, used 40020K [0x0000000541a00000, 0x000000055c500000, 0x00000006eb380000)
  object space 437248K, 9% used [0x0000000541a00000,0x00000005441152b0,0x000000055c500000)
 Metaspace       used 14898K, capacity 15119K, committed 15488K, reserved 1062912K
  class space    used 1763K, capacity 1840K, committed 1920K, reserved 1048576K

Deoptimization events (10 events):
Event: 233.877 Thread 0x000000002d84b800 Uncommon trap: reason=unstable_if action=reinterpret pc=0x0000000002bb98ec method=sun.misc.FDBigInteger.addAndCmp(Lsun/misc/FDBigInteger;Lsun/misc/FDBigInteger;)I @ 156
Event: 252.141 Thread 0x000000002d84b800 Uncommon trap: reason=unstable_if action=reinterpret pc=0x00000000031538bc method=sun.misc.FDBigInteger.addAndCmp(Lsun/misc/FDBigInteger;Lsun/misc/FDBigInteger;)I @ 16
Event: 252.170 Thread 0x000000002d84b800 Uncommon trap: reason=unstable_if action=reinterpret pc=0x0000000002ccdb44 method=sun.misc.FDBigInteger.addAndCmp(Lsun/misc/FDBigInteger;Lsun/misc/FDBigInteger;)I @ 16
Event: 260.190 Thread 0x000000002d84b800 Uncommon trap: reason=unstable_if action=reinterpret pc=0x000000000316d218 method=sun.misc.FDBigInteger.getNormalizationBias()I @ 34
Event: 346.458 Thread 0x000000002d84b800 Uncommon trap: reason=unstable_if action=reinterpret pc=0x000000000317bd94 method=sun.misc.FloatingDecimal$BinaryToASCIIBuffer.dtoa(IJIZ)V @ 88
Event: 487.401 Thread 0x000000002d84b800 Uncommon trap: reason=unstable_if action=reinterpret pc=0x0000000002f179e0 method=sun.misc.FormattedFloatingDecimal.fillScientific(I[CIIZ)V @ 135
Event: 579.596 Thread 0x000000002d84b800 Uncommon trap: reason=unstable_if action=reinterpret pc=0x000000000318be58 method=sun.misc.FDBigInteger.valueOfPow52(II)Lsun/misc/FDBigInteger; @ 18
Event: 579.620 Thread 0x000000002d84b800 Uncommon trap: reason=unstable_if action=reinterpret pc=0x0000000002b128b4 method=sun.misc.FDBigInteger.valueOfPow52(II)Lsun/misc/FDBigInteger; @ 18
Event: 640.048 Thread 0x000000002d84b800 Uncommon trap: reason=unstable_if action=reinterpret pc=0x0000000002b84d58 method=sun.misc.FDBigInteger.valueOfMulPow52(JII)Lsun/misc/FDBigInteger; @ 243
Event: 774.597 Thread 0x000000002d84b800 Uncommon trap: reason=unstable_if action=reinterpret pc=0x000000000313b2e4 method=sun.misc.FloatingDecimal$BinaryToASCIIBuffer.dtoa(IJIZ)V @ 272

Internal exceptions (10 events):
Event: 0.131 Thread 0x000000000283d800 Exception <a 'java/security/PrivilegedActionException'> (0x00000006ebaa8a50) thrown at [C:\re\workspace\8-2-build-windows-amd64-cygwin\jdk8u111\7883\hotspot\src\share\vm\prims\jvm.cpp, line 1386]
Event: 0.136 Thread 0x000000000283d800 Exception <a 'java/io/FileNotFoundException'> (0x00000006ebaaacd8) thrown at [C:\re\workspace\8-2-build-windows-amd64-cygwin\jdk8u111\7883\hotspot\src\share\vm\prims\jni.cpp, line 709]
Event: 0.173 Thread 0x000000000283d800 Exception <a 'java/lang/NoSuchFieldError': method resolution failed> (0x00000006ebb78388) thrown at [C:\re\workspace\8-2-build-windows-amd64-cygwin\jdk8u111\7883\hotspot\src\share\vm\prims\methodHandles.cpp, line 1146]
Event: 0.175 Thread 0x000000000283d800 Exception <a 'java/lang/NoSuchFieldError': method resolution failed> (0x00000006ebb85758) thrown at [C:\re\workspace\8-2-build-windows-amd64-cygwin\jdk8u111\7883\hotspot\src\share\vm\prims\methodHandles.cpp, line 1146]
Event: 0.245 Thread 0x000000000283d800 Exception <a 'java/io/FileNotFoundException'> (0x00000006ebc67c38) thrown at [C:\re\workspace\8-2-build-windows-amd64-cygwin\jdk8u111\7883\hotspot\src\share\vm\prims\jni.cpp, line 709]
Event: 0.303 Thread 0x000000000283d800 Implicit null exception at 0x00000000029c8c66 to 0x00000000029c8e4d
Event: 36.037 Thread 0x000000002d84b800 Implicit null exception at 0x0000000002ece030 to 0x0000000002ece1fd
Event: 36.751 Thread 0x000000002d84b800 Implicit null exception at 0x0000000002f78d51 to 0x0000000002f78d7d
Event: 37.678 Thread 0x000000002d1c8000 Implicit null exception at 0x0000000003041a9d to 0x000000000304226d
Event: 41.124 Thread 0x000000002d1c8000 Implicit null exception at 0x0000000002e65acc to 0x0000000002e6783d

Events (10 events):
Event: 1743.506 Executing VM operation: ParallelGCSystemGC done
Event: 1743.598 Executing VM operation: ParallelGCSystemGC
Event: 1743.614 Executing VM operation: ParallelGCSystemGC done
Event: 1743.702 Executing VM operation: ParallelGCSystemGC
Event: 1743.715 Executing VM operation: ParallelGCSystemGC done
Event: 1743.802 Executing VM operation: ParallelGCSystemGC
Event: 1743.814 Executing VM operation: ParallelGCSystemGC done
Event: 1743.901 Executing VM operation: ParallelGCSystemGC
Event: 1743.914 Executing VM operation: ParallelGCSystemGC done
Event: 1744.004 Executing VM operation: ParallelGCSystemGC


Dynamic libraries:
0x00007ff708fb0000 - 0x00007ff708fe7000 	C:\Program Files\Java\jdk1.8.0_111\bin\java.exe
0x00007ffe78320000 - 0x00007ffe78501000 	C:\WINDOWS\SYSTEM32\ntdll.dll
0x00007ffe55460000 - 0x00007ffe55487000 	C:\Program Files\Cylance\Desktop\CyMemDef64.dll
0x00007ffe77a20000 - 0x00007ffe77ad1000 	C:\WINDOWS\System32\KERNEL32.DLL
0x00007ffe75340000 - 0x00007ffe755b3000 	C:\WINDOWS\System32\KERNELBASE.dll
0x00007ffe77970000 - 0x00007ffe77a11000 	C:\WINDOWS\System32\ADVAPI32.dll
0x00007ffe75790000 - 0x00007ffe7582e000 	C:\WINDOWS\System32\msvcrt.dll
0x00007ffe75bb0000 - 0x00007ffe75c0b000 	C:\WINDOWS\System32\sechost.dll
0x00007ffe77820000 - 0x00007ffe77944000 	C:\WINDOWS\System32\RPCRT4.dll
0x00007ffe75830000 - 0x00007ffe759c1000 	C:\WINDOWS\System32\USER32.dll
0x00007ffe752c0000 - 0x00007ffe752e0000 	C:\WINDOWS\System32\win32u.dll
0x00007ffe75ce0000 - 0x00007ffe75d08000 	C:\WINDOWS\System32\GDI32.dll
0x00007ffe75120000 - 0x00007ffe752b3000 	C:\WINDOWS\System32\gdi32full.dll
0x00007ffe75080000 - 0x00007ffe7511f000 	C:\WINDOWS\System32\msvcp_win.dll
0x00007ffe75610000 - 0x00007ffe75708000 	C:\WINDOWS\System32\ucrtbase.dll
0x00007ffe645f0000 - 0x00007ffe64859000 	C:\WINDOWS\WinSxS\amd64_microsoft.windows.common-controls_6595b64144ccf1df_6.0.17134.1845_none_d3ffcfc77c905a82\COMCTL32.dll
0x00007ffe77fb0000 - 0x00007ffe782d1000 	C:\WINDOWS\System32\combase.dll
0x00007ffe75710000 - 0x00007ffe75789000 	C:\WINDOWS\System32\bcryptPrimitives.dll
0x00007ffe759e0000 - 0x00007ffe75a0d000 	C:\WINDOWS\System32\IMM32.DLL
0x0000000051ca0000 - 0x0000000051d72000 	C:\Program Files\Java\jdk1.8.0_111\jre\bin\msvcr100.dll
0x0000000051d80000 - 0x000000005261a000 	C:\Program Files\Java\jdk1.8.0_111\jre\bin\server\jvm.dll
0x00007ffe775f0000 - 0x00007ffe775f8000 	C:\WINDOWS\System32\PSAPI.DLL
0x00007ffe643d0000 - 0x00007ffe643d9000 	C:\WINDOWS\SYSTEM32\WSOCK32.dll
0x00007ffe75c70000 - 0x00007ffe75cdc000 	C:\WINDOWS\System32\WS2_32.dll
0x00007ffe65720000 - 0x00007ffe65743000 	C:\WINDOWS\SYSTEM32\WINMM.dll
0x00007ffe6fe90000 - 0x00007ffe6fe9a000 	C:\WINDOWS\SYSTEM32\VERSION.dll
0x00007ffe654f0000 - 0x00007ffe6551a000 	C:\WINDOWS\SYSTEM32\WINMMBASE.dll
0x00007ffe755c0000 - 0x00007ffe75609000 	C:\WINDOWS\System32\cfgmgr32.dll
0x0000000051c50000 - 0x0000000051c5f000 	C:\Program Files\Java\jdk1.8.0_111\jre\bin\verify.dll
0x0000000051c20000 - 0x0000000051c49000 	C:\Program Files\Java\jdk1.8.0_111\jre\bin\java.dll
0x0000000051c00000 - 0x0000000051c16000 	C:\Program Files\Java\jdk1.8.0_111\jre\bin\zip.dll
0x00007ffe75f60000 - 0x00007ffe773a5000 	C:\WINDOWS\System32\SHELL32.dll
0x00007ffe776a0000 - 0x00007ffe77749000 	C:\WINDOWS\System32\shcore.dll
0x00007ffe748b0000 - 0x00007ffe74fc5000 	C:\WINDOWS\System32\windows.storage.dll
0x00007ffe75c10000 - 0x00007ffe75c61000 	C:\WINDOWS\System32\shlwapi.dll
0x00007ffe74650000 - 0x00007ffe74661000 	C:\WINDOWS\System32\kernel.appcore.dll
0x00007ffe74610000 - 0x00007ffe7462f000 	C:\WINDOWS\System32\profapi.dll
0x00007ffe74670000 - 0x00007ffe746bc000 	C:\WINDOWS\System32\powrprof.dll
0x00007ffe74600000 - 0x00007ffe7460a000 	C:\WINDOWS\System32\FLTLIB.DLL
0x0000000051a20000 - 0x0000000051bb8000 	C:\Program Files\Java\jdk1.8.0_111\jre\bin\awt.dll
0x00007ffe77750000 - 0x00007ffe77812000 	C:\WINDOWS\System32\OLEAUT32.dll
0x00007ffe72730000 - 0x00007ffe727bb000 	C:\WINDOWS\SYSTEM32\apphelp.dll
0x00007ffe728e0000 - 0x00007ffe72978000 	C:\WINDOWS\system32\uxtheme.dll
0x00007ffe77470000 - 0x00007ffe775e4000 	C:\WINDOWS\System32\MSCTF.dll
0x00007ffe72d00000 - 0x00007ffe72d29000 	C:\WINDOWS\system32\dwmapi.dll
0x00007ffe75d10000 - 0x00007ffe75e62000 	C:\WINDOWS\System32\ole32.dll
0x00000000519d0000 - 0x0000000051a17000 	C:\Program Files\Java\jdk1.8.0_111\jre\bin\fontmanager.dll
0x0000000051be0000 - 0x0000000051bfa000 	C:\Program Files\Java\jdk1.8.0_111\jre\bin\net.dll
0x00007ffe73e20000 - 0x00007ffe73e86000 	C:\WINDOWS\system32\mswsock.dll
0x0000000051bc0000 - 0x0000000051bd1000 	C:\Program Files\Java\jdk1.8.0_111\jre\bin\nio.dll
0x0000000051980000 - 0x00000000519c2000 	C:\Program Files\Java\jdk1.8.0_111\jre\bin\t2k.dll
0x00007ffe77600000 - 0x00007ffe776a0000 	C:\WINDOWS\System32\clbcatq.dll
0x00007ffe5ec10000 - 0x00007ffe5edbe000 	C:\WINDOWS\SYSTEM32\WindowsCodecs.dll
0x00007ffe5f980000 - 0x00007ffe5f9d8000 	C:\WINDOWS\system32\dataexchange.dll
0x00007ffe716f0000 - 0x00007ffe719fb000 	C:\WINDOWS\system32\d3d11.dll
0x00007ffe71d10000 - 0x00007ffe71eac000 	C:\WINDOWS\system32\dcomp.dll
0x00007ffe73220000 - 0x00007ffe732db000 	C:\WINDOWS\system32\dxgi.dll
0x00007ffe72b40000 - 0x00007ffe72cff000 	C:\WINDOWS\system32\twinapi.appcore.dll
0x00007ffe72d60000 - 0x00007ffe72d81000 	C:\WINDOWS\system32\RMCLIENT.dll
0x00007ffe5e360000 - 0x00007ffe5e3f6000 	C:\WINDOWS\System32\TextInputFramework.dll
0x00007ffe5e040000 - 0x00007ffe5e35e000 	C:\WINDOWS\System32\CoreUIComponents.dll
0x00007ffe72230000 - 0x00007ffe7230a000 	C:\WINDOWS\System32\CoreMessaging.dll
0x00007ffe732e0000 - 0x00007ffe73311000 	C:\WINDOWS\SYSTEM32\ntmarta.dll
0x00007ffe6ea00000 - 0x00007ffe6eb4d000 	C:\WINDOWS\SYSTEM32\wintypes.dll
0x0000000051940000 - 0x000000005196a000 	C:\Program Files\Java\jdk1.8.0_111\jre\bin\dcpr.dll

VM Arguments:
jvm_args: -Dfile.encoding=UTF-8 
java_command: simpleactin.SimpleActin
java_class_path (initial): C:\Users\sm2983\Documents\NetBeansProjects\Intensity\build\classes;C:\Users\sm2983\Downloads\darcula.jar;C:\Users\sm2983\Downloads\commons-math3-3.6.1.jar;C:\Users\sm2983\Documents\NetBeansProjects\SimpleActin\build\classes
Launcher Type: SUN_STANDARD

Environment Variables:
PATH=C:\Program Files\NVIDIA GPU Computing Toolkit\CUDA\v10.2\bin;C:\Program Files\NVIDIA GPU Computing Toolkit\CUDA\v10.2\libnvvp;;C:\Program Files (x86)\Common Files\Oracle\Java\javapath;C:\ProgramData\Oracle\Java\javapath;C:\ProgramData\Anaconda3;C:\ProgramData\Anaconda3\Library\mingw-w64\bin;C:\ProgramData\Anaconda3\Library\usr\bin;C:\ProgramData\Anaconda3\Library\bin;C:\ProgramData\Anaconda3\Scripts;C:\WINDOWS\system32;C:\WINDOWS;C:\WINDOWS\System32\Wbem;C:\WINDOWS\System32\WindowsPowerShell\v1.0\;C:\oracle\product\11.2.0\client_1\bin;C:\windows\SysWOW64\;C:\windows\SysWOW64\Wbem;C:\windows\SysWOW64\WindowsPowerShell\v1.0;C:\Program Files\Microsoft Application Virtualization\Sequencer;C:\Program Files\MATLAB\R2017b\runtime\win64;C:\Program Files\MATLAB\R2017b\bin;C:\WINDOWS\System32\OpenSSH\;C:\Program Files\NVIDIA Corporation\Nsight Compute 2019.5.0\;C:\Program Files (x86)\NVIDIA Corporation\PhysX\Common;C:\Program Files\dotnet\;C:\Program Files\Microsoft SQL Server\130\Tools\Binn\;C:\Program Files\Microsoft SQL Server\Client SDK\ODBC\170\Tools\Binn\;C:\Python27;C:\Program Files (x86)\IntelSWTools\sw_dev_tools\tools\DAL_1.1942.1019.110\;C:\Users\sm2983\AppData\Local\Microsoft\WindowsApps;C:\Program Files\Java\jdk1.8.0_111\bin;C:\Qt\Tools\mingw730_64\bin;
USERNAME=sm2983
OS=Windows_NT
PROCESSOR_IDENTIFIER=Intel64 Family 6 Model 94 Stepping 3, GenuineIntel



---------------  S Y S T E M  ---------------

OS: Windows 10.0 , 64 bit Build 17134 (10.0.17134.1425)

CPU:total 8 (4 cores per cpu, 2 threads per core) family 6 model 94 stepping 3, cmov, cx8, fxsr, mmx, sse, sse2, sse3, ssse3, sse4.1, sse4.2, popcnt, avx, avx2, aes, clmul, erms, rtm, 3dnowpref, lzcnt, ht, tsc, tscinvbit, bmi1, bmi2, adx

Memory: 4k page, physical 41830244k(23039552k free), swap 48913124k(6152k free)

vm_info: Java HotSpot(TM) 64-Bit Server VM (25.111-b14) for windows-amd64 JRE (1.8.0_111-b14), built on Sep 22 2016 19:24:05 by "java_re" with MS VC++ 10.0 (VS2010)

time: Thu Jan 28 16:24:56 2021
elapsed time: 1744 seconds (0d 0h 29m 4s)

