#
# There is insufficient memory for the Java Runtime Environment to continue.
# Native memory allocation (mmap) failed to map 318767104 bytes for G1 virtual space
# Possible reasons:
#   The system is out of physical RAM or swap space
#   The process is running with CompressedOops enabled, and the Java Heap may be blocking the growth of the native heap
# Possible solutions:
#   Reduce memory load on the system
#   Increase physical memory or swap space
#   Check if swap backing store is full
#   Decrease Java heap size (-Xmx/-Xms)
#   Decrease number of Java threads
#   Decrease Java thread stack sizes (-Xss)
#   Set larger code cache with -XX:ReservedCodeCacheSize=
#   JVM is running with Zero Based Compressed Oops mode in which the Java heap is
#     placed in the first 32GB address space. The Java Heap base address is the
#     maximum limit for the native heap growth. Please use -XX:HeapBaseMinAddress
#     to set the Java Heap base and to place the Java Heap above 32GB virtual address.
# This output file may be truncated or incomplete.
#
#  Out of Memory Error (./open/src/hotspot/os/windows/os_windows.cpp:3321), pid=21592, tid=16848
#
# JRE version: Java(TM) SE Runtime Environment (15.0.2+7) (build 15.0.2+7-27)
# Java VM: Java HotSpot(TM) 64-Bit Server VM (15.0.2+7-27, mixed mode, sharing, tiered, compressed oops, g1 gc, windows-amd64)
# No core dump will be written. Minidumps are not enabled by default on client versions of Windows
#

---------------  S U M M A R Y ------------

Command Line: -Dfile.encoding=UTF-8 simpleactin.SimpleActin

Host: Intel(R) Core(TM) i7-6700 CPU @ 3.40GHz, 8 cores, 39G,  Windows 10 , 64 bit Build 17134 (10.0.17134.1425)
Time: Sat May 22 02:48:25 2021 Eastern Daylight Time elapsed time: 49804.322766 seconds (0d 13h 50m 4s)

---------------  T H R E A D  ---------------

Current thread (0x00000174419a0ff0):  VMThread "VM Thread" [stack: 0x0000004ceb200000,0x0000004ceb300000] [id=16848]

Stack: [0x0000004ceb200000,0x0000004ceb300000]
[error occurred during error reporting (printing stack bounds), id 0xc0000005, EXCEPTION_ACCESS_VIOLATION (0xc0000005) at pc=0x00000174180f10ad]

Native frames: (J=compiled Java code, j=interpreted, Vv=VM code, C=native code)
V  [jvm.dll+0x62ae9a]
V  [jvm.dll+0x7817a9]
V  [jvm.dll+0x782f03]
V  [jvm.dll+0x7834c5]
V  [jvm.dll+0x78347b]
V  [jvm.dll+0x62a2b9]
V  [jvm.dll+0x62aa88]
C  [ntdll.dll+0x9f7fd]
C  [ntdll.dll+0xd856]
C  [ntdll.dll+0x9e72e]
C  0x00000174180f10ad

VM_Operation (0x0000004cec1fe040): G1CollectForAllocation, mode: safepoint, requested by thread 0x0000017442906d00


---------------  P R O C E S S  ---------------

Threads class SMR info:
_java_thread_list=0x0000017446ad34d0, length=19, elements={
0x00000174419a4020, 0x00000174419a59a0, 0x00000174419bc730, 0x00000174419bf000,
0x00000174419c20a0, 0x00000174419c2a60, 0x00000174419c4b10, 0x00000174419c5cb0,
0x000001744237c490, 0x000001744237b500, 0x000001744276a5b0, 0x000001744276ce90,
0x000001744276d4b0, 0x0000017442906d00, 0x000001740fec70d0, 0x0000017442ba4010,
0x0000017442540270, 0x00000174429bc870, 0x0000017444dcfd90
}

Java Threads: ( => current thread )
  0x00000174419a4020 JavaThread "Reference Handler" daemon [_thread_blocked, id=21924, stack(0x0000004ceb300000,0x0000004ceb400000)]
  0x00000174419a59a0 JavaThread "Finalizer" daemon [_thread_blocked, id=9092, stack(0x0000004ceb400000,0x0000004ceb500000)]
  0x00000174419bc730 JavaThread "Signal Dispatcher" daemon [_thread_blocked, id=14240, stack(0x0000004ceb500000,0x0000004ceb600000)]
  0x00000174419bf000 JavaThread "Attach Listener" daemon [_thread_blocked, id=9560, stack(0x0000004ceb600000,0x0000004ceb700000)]
  0x00000174419c20a0 JavaThread "Service Thread" daemon [_thread_blocked, id=4828, stack(0x0000004ceb700000,0x0000004ceb800000)]
  0x00000174419c2a60 JavaThread "C2 CompilerThread0" daemon [_thread_blocked, id=9600, stack(0x0000004ceb800000,0x0000004ceb900000)]
  0x00000174419c4b10 JavaThread "C1 CompilerThread0" daemon [_thread_blocked, id=96, stack(0x0000004ceb900000,0x0000004ceba00000)]
  0x00000174419c5cb0 JavaThread "Sweeper thread" daemon [_thread_blocked, id=13924, stack(0x0000004ceba00000,0x0000004cebb00000)]
  0x000001744237c490 JavaThread "Notification Thread" daemon [_thread_blocked, id=7488, stack(0x0000004cebb00000,0x0000004cebc00000)]
  0x000001744237b500 JavaThread "Common-Cleaner" daemon [_thread_blocked, id=11844, stack(0x0000004cebd00000,0x0000004cebe00000)]
  0x000001744276a5b0 JavaThread "Java2D Disposer" daemon [_thread_blocked, id=3864, stack(0x0000004cebe00000,0x0000004cebf00000)]
  0x000001744276ce90 JavaThread "AWT-Shutdown" [_thread_blocked, id=7368, stack(0x0000004cebf00000,0x0000004cec000000)]
  0x000001744276d4b0 JavaThread "AWT-Windows" daemon [_thread_in_native, id=16412, stack(0x0000004cec000000,0x0000004cec100000)]
  0x0000017442906d00 JavaThread "AWT-EventQueue-0" [_thread_blocked, id=13516, stack(0x0000004cec100000,0x0000004cec200000)]
  0x000001740fec70d0 JavaThread "DestroyJavaVM" [_thread_blocked, id=11416, stack(0x0000004ceac00000,0x0000004cead00000)]
  0x0000017442ba4010 JavaThread "TimerQueue" daemon [_thread_blocked, id=10388, stack(0x0000004cec400000,0x0000004cec500000)]
  0x0000017442540270 JavaThread "Darcula Animations" daemon [_thread_blocked, id=3408, stack(0x0000004cec500000,0x0000004cec600000)]
  0x00000174429bc870 JavaThread "Swing-Shell" daemon [_thread_blocked, id=9284, stack(0x0000004cec800000,0x0000004cec900000)]
  0x0000017444dcfd90 JavaThread "Thread-0" [_thread_blocked, id=7448, stack(0x0000004cec900000,0x0000004ceca00000)]

Other Threads:
=>0x00000174419a0ff0 VMThread "VM Thread" [stack: 0x0000004ceb200000,0x0000004ceb300000] [id=16848]
  0x0000017442394950 WatcherThread [stack: 0x0000004cebc00000,0x0000004cebd00000] [id=21312]
  0x000001740ff45500 GCTaskThread "GC Thread#0" [stack: 0x0000004cead00000,0x0000004ceae00000] [id=18672]
  0x0000017444eaf3e0 GCTaskThread "GC Thread#1" [stack: 0x0000004cecc00000,0x0000004cecd00000] [id=1760]
  0x0000017444eaea50 GCTaskThread "GC Thread#2" [stack: 0x0000004cecd00000,0x0000004cece00000] [id=18620]
  0x0000017444eb13c0 GCTaskThread "GC Thread#3" [stack: 0x0000004cece00000,0x0000004cecf00000] [id=10428]
  0x0000017444eaed80 GCTaskThread "GC Thread#4" [stack: 0x0000004cecf00000,0x0000004ced000000] [id=18584]
  0x0000017444eaf0b0 GCTaskThread "GC Thread#5" [stack: 0x0000004ced000000,0x0000004ced100000] [id=17772]
  0x0000017444eb0a30 GCTaskThread "GC Thread#6" [stack: 0x0000004ced100000,0x0000004ced200000] [id=10852]
  0x0000017444eaf710 GCTaskThread "GC Thread#7" [stack: 0x0000004ced200000,0x0000004ced300000] [id=12784]
  0x000001740ff51770 ConcurrentGCThread "G1 Main Marker" [stack: 0x0000004ceae00000,0x0000004ceaf00000] [id=976]
  0x000001740ff53fb0 ConcurrentGCThread "G1 Conc#0" [stack: 0x0000004ceaf00000,0x0000004ceb000000] [id=21040]
  0x000001744189e430 ConcurrentGCThread "G1 Refine#0" [stack: 0x0000004ceb000000,0x0000004ceb100000] [id=9212]
  0x000001744189ef40 ConcurrentGCThread "G1 Young RemSet Sampling" [stack: 0x0000004ceb100000,0x0000004ceb200000] [id=22004]

Threads with active compile tasks:

VM state: at safepoint (normal execution)

VM Mutex/Monitor currently owned by a thread:  ([mutex/lock_event])
[0x000001740fec4240] Threads_lock - owner thread: 0x00000174419a0ff0
[0x000001740fec2aa0] Heap_lock - owner thread: 0x0000017442906d00

Heap address: 0x0000000581800000, size: 10216 MB, Compressed Oops mode: Zero based, Oop shift amount: 3
CDS archive(s) mapped at: [0x0000000800000000-0x0000000800b50000-0x0000000800b50000), size 11862016, SharedBaseAddress: 0x0000000800000000, ArchiveRelocationMode: 0.
Compressed class space mapped at: 0x0000000800b50000-0x0000000840b50000, size: 1073741824
Narrow klass base: 0x0000000800000000, Narrow klass shift: 3, Narrow klass range: 0x100000000

GC Precious Log:
 CPUs: 8 total, 8 available
 Memory: 40849M
 Large Page Support: Disabled
 NUMA Support: Disabled
 Compressed Oops: Enabled (Zero based)
 Heap Region Size: 8M
 Heap Min Capacity: 8M
 Heap Initial Capacity: 640M
 Heap Max Capacity: 10216M
 Pre-touch: Disabled
 Parallel Workers: 8
 Concurrent Workers: 2
 Concurrent Refinement Workers: 8
 Periodic GC: Disabled

Heap:
 garbage-first heap   total 344064K, used 9805K [0x0000000581800000, 0x0000000800000000)
  region size 8192K, 1 young (8192K), 1 survivors (8192K)
 Metaspace       used 15511K, capacity 15693K, committed 15872K, reserved 1062912K
  class space    used 1635K, capacity 1688K, committed 1792K, reserved 1048576K

Heap Regions: E=young(eden), S=young(survivor), O=old, HS=humongous(starts), HC=humongous(continues), CS=collection set, F=free, OA=open archive, CA=closed archive, TAMS=top-at-mark-start (previous, next)
|   0|0x0000000581800000, 0x0000000581fc6790, 0x0000000582000000| 97%| O|  |TAMS 0x0000000581800000, 0x0000000581800000| Untracked 
|   1|0x0000000582000000, 0x0000000582000000, 0x0000000582800000|  0%| F|  |TAMS 0x0000000582000000, 0x0000000582000000| Untracked 
|   2|0x0000000582800000, 0x00000005829ccd90, 0x0000000583000000| 22%| S|CS|TAMS 0x0000000582800000, 0x0000000582800000| Complete 
|   3|0x0000000583000000, 0x0000000583000000, 0x0000000583800000|  0%| F|  |TAMS 0x0000000583000000, 0x0000000583000000| Untracked 

Card table byte_map: [0x0000017428820000,0x0000017429c20000] _byte_map_base: 0x0000017425c14000

Marking Bits (Prev, Next): (CMBitMap*) 0x000001740ff46d80, (CMBitMap*) 0x000001740ff46dc0
 Prev Bits: [0x000001742b020000, 0x0000017434fc0000)
 Next Bits: [0x0000017434fc0000, 0x000001743ef60000)

Polling page: 0x000001740ddc0000

Metaspace:

Usage:
  Non-class:     13.68 MB capacity,    13.55 MB (>99%) used,   113.33 KB ( <1%) free+waste,    15.44 KB ( <1%) overhead. 
      Class:      1.65 MB capacity,     1.60 MB ( 97%) used,    47.05 KB (  3%) free+waste,     5.44 KB ( <1%) overhead. 
       Both:     15.33 MB capacity,    15.15 MB ( 99%) used,   160.38 KB (  1%) free+waste,    20.88 KB ( <1%) overhead. 

Virtual space:
  Non-class space:       14.00 MB reserved,      13.75 MB ( 98%) committed 
      Class space:        1.00 GB reserved,       1.75 MB ( <1%) committed 
             Both:        1.01 GB reserved,      15.50 MB (  1%) committed 

Chunk freelists:
   Non-Class:  75.00 KB
       Class:  40.00 KB
        Both:  115.00 KB

MaxMetaspaceSize: 17179869184.00 GB
CompressedClassSpaceSize: 1.00 GB

CodeHeap 'non-profiled nmethods': size=120000Kb used=4346Kb max_used=4346Kb free=115653Kb
 bounds [0x000001741fbc0000, 0x0000017420000000, 0x00000174270f0000]
CodeHeap 'profiled nmethods': size=120000Kb used=6463Kb max_used=7562Kb free=113536Kb
 bounds [0x0000017418690000, 0x0000017418e30000, 0x000001741fbc0000]
CodeHeap 'non-nmethods': size=5760Kb used=1345Kb max_used=1559Kb free=4414Kb
 bounds [0x00000174180f0000, 0x0000017418360000, 0x0000017418690000]
 total_blobs=4192 nmethods=3544 adapters=557
 compilation: enabled
              stopped_count=0, restarted_count=0
 full_count=0

Compilation events (20 events):
Event: 49697.787 Thread 0x00000174419c4b10 4224       3       java.lang.StringLatin1::toChars (16 bytes)
Event: 49697.787 Thread 0x00000174419c2a60 4227       4       java.util.Formatter$Conversion::isGeneral (64 bytes)
Event: 49697.787 Thread 0x00000174419c4b10 nmethod 4224 0x000001741874bf90 code [0x000001741874c140, 0x000001741874c308]
Event: 49697.787 Thread 0x00000174419c4b10 4226       3       java.awt.Rectangle::union (219 bytes)
Event: 49697.788 Thread 0x00000174419c4b10 nmethod 4226 0x0000017418cf3090 code [0x0000017418cf3280, 0x0000017418cf3978]
Event: 49697.788 Thread 0x00000174419c4b10 4230   !   3       java.util.Formatter$FormatSpecifier::precision (66 bytes)
Event: 49697.788 Thread 0x00000174419c4b10 nmethod 4230 0x000001741874ab90 code [0x000001741874ad60, 0x000001741874aff8]
Event: 49697.788 Thread 0x00000174419c4b10 4231       3       java.util.Formatter$FormatSpecifier::conversion (90 bytes)
Event: 49697.788 Thread 0x00000174419c2a60 nmethod 4227 0x000001741fffde10 code [0x000001741fffe1a0, 0x000001741fffe258]
Event: 49697.788 Thread 0x00000174419c2a60 4228       4       java.util.Formatter$Conversion::isInteger (48 bytes)
Event: 49697.789 Thread 0x00000174419c4b10 nmethod 4231 0x0000017418d14e10 code [0x0000017418d15080, 0x0000017418d15a08]
Event: 49697.789 Thread 0x00000174419c4b10 4232       3       java.util.Formatter$Conversion::isText (32 bytes)
Event: 49697.789 Thread 0x00000174419c4b10 nmethod 4232 0x0000017418ada410 code [0x0000017418ada5a0, 0x0000017418ada6f8]
Event: 49697.789 Thread 0x00000174419c4b10 4233       3       java.util.Formatter$FormatSpecifier::checkFloat (98 bytes)
Event: 49697.789 Thread 0x00000174419c4b10 nmethod 4233 0x00000174187b6c10 code [0x00000174187b6e40, 0x00000174187b79f8]
Event: 49697.789 Thread 0x00000174419c4b10 4225       3       java.lang.String::toCharArray (25 bytes)
Event: 49697.789 Thread 0x00000174419c2a60 nmethod 4228 0x000001741fffe310 code [0x000001741fffe480, 0x000001741fffe518]
Event: 49697.789 Thread 0x00000174419c2a60 4229       4       java.util.Formatter$Conversion::isFloat (72 bytes)
Event: 49697.789 Thread 0x00000174419c4b10 nmethod 4225 0x0000017418cf2b10 code [0x0000017418cf2ce0, 0x0000017418cf2f78]
Event: 49697.789 Thread 0x00000174419c2a60 nmethod 4229 0x000001741fffe610 code [0x000001741fffe780, 0x000001741fffe7d8]

GC Heap History (20 events):
Event: 49803.880 GC heap after
{Heap after GC invocations=828899 (full 826670):
 garbage-first heap   total 32768K, used 7962K [0x0000000581800000, 0x0000000800000000)
  region size 8192K, 0 young (0K), 0 survivors (0K)
 Metaspace       used 15511K, capacity 15693K, committed 15872K, reserved 1062912K
  class space    used 1635K, capacity 1688K, committed 1792K, reserved 1048576K
}
Event: 49803.915 GC heap before
{Heap before GC invocations=828899 (full 826670):
 garbage-first heap   total 32768K, used 7962K [0x0000000581800000, 0x0000000800000000)
  region size 8192K, 1 young (8192K), 0 survivors (0K)
 Metaspace       used 15511K, capacity 15693K, committed 15872K, reserved 1062912K
  class space    used 1635K, capacity 1688K, committed 1792K, reserved 1048576K
}
Event: 49803.935 GC heap after
{Heap after GC invocations=828900 (full 826671):
 garbage-first heap   total 32768K, used 7962K [0x0000000581800000, 0x0000000800000000)
  region size 8192K, 0 young (0K), 0 survivors (0K)
 Metaspace       used 15511K, capacity 15693K, committed 15872K, reserved 1062912K
  class space    used 1635K, capacity 1688K, committed 1792K, reserved 1048576K
}
Event: 49803.944 GC heap before
{Heap before GC invocations=828900 (full 826671):
 garbage-first heap   total 32768K, used 7962K [0x0000000581800000, 0x0000000800000000)
  region size 8192K, 1 young (8192K), 0 survivors (0K)
 Metaspace       used 15511K, capacity 15693K, committed 15872K, reserved 1062912K
  class space    used 1635K, capacity 1688K, committed 1792K, reserved 1048576K
}
Event: 49803.961 GC heap after
{Heap after GC invocations=828901 (full 826672):
 garbage-first heap   total 32768K, used 7968K [0x0000000581800000, 0x0000000800000000)
  region size 8192K, 0 young (0K), 0 survivors (0K)
 Metaspace       used 15511K, capacity 15693K, committed 15872K, reserved 1062912K
  class space    used 1635K, capacity 1688K, committed 1792K, reserved 1048576K
}
Event: 49803.984 GC heap before
{Heap before GC invocations=828901 (full 826672):
 garbage-first heap   total 32768K, used 7968K [0x0000000581800000, 0x0000000800000000)
  region size 8192K, 1 young (8192K), 0 survivors (0K)
 Metaspace       used 15511K, capacity 15693K, committed 15872K, reserved 1062912K
  class space    used 1635K, capacity 1688K, committed 1792K, reserved 1048576K
}
Event: 49804.002 GC heap after
{Heap after GC invocations=828902 (full 826673):
 garbage-first heap   total 32768K, used 7975K [0x0000000581800000, 0x0000000800000000)
  region size 8192K, 0 young (0K), 0 survivors (0K)
 Metaspace       used 15511K, capacity 15693K, committed 15872K, reserved 1062912K
  class space    used 1635K, capacity 1688K, committed 1792K, reserved 1048576K
}
Event: 49804.014 GC heap before
{Heap before GC invocations=828902 (full 826673):
 garbage-first heap   total 32768K, used 7975K [0x0000000581800000, 0x0000000800000000)
  region size 8192K, 1 young (8192K), 0 survivors (0K)
 Metaspace       used 15511K, capacity 15693K, committed 15872K, reserved 1062912K
  class space    used 1635K, capacity 1688K, committed 1792K, reserved 1048576K
}
Event: 49804.033 GC heap after
{Heap after GC invocations=828903 (full 826674):
 garbage-first heap   total 32768K, used 7963K [0x0000000581800000, 0x0000000800000000)
  region size 8192K, 0 young (0K), 0 survivors (0K)
 Metaspace       used 15511K, capacity 15693K, committed 15872K, reserved 1062912K
  class space    used 1635K, capacity 1688K, committed 1792K, reserved 1048576K
}
Event: 49804.050 GC heap before
{Heap before GC invocations=828903 (full 826674):
 garbage-first heap   total 32768K, used 7963K [0x0000000581800000, 0x0000000800000000)
  region size 8192K, 1 young (8192K), 0 survivors (0K)
 Metaspace       used 15511K, capacity 15693K, committed 15872K, reserved 1062912K
  class space    used 1635K, capacity 1688K, committed 1792K, reserved 1048576K
}
Event: 49804.075 GC heap after
{Heap after GC invocations=828904 (full 826675):
 garbage-first heap   total 32768K, used 7971K [0x0000000581800000, 0x0000000800000000)
  region size 8192K, 0 young (0K), 0 survivors (0K)
 Metaspace       used 15511K, capacity 15693K, committed 15872K, reserved 1062912K
  class space    used 1635K, capacity 1688K, committed 1792K, reserved 1048576K
}
Event: 49804.089 GC heap before
{Heap before GC invocations=828904 (full 826675):
 garbage-first heap   total 32768K, used 7971K [0x0000000581800000, 0x0000000800000000)
  region size 8192K, 1 young (8192K), 0 survivors (0K)
 Metaspace       used 15511K, capacity 15693K, committed 15872K, reserved 1062912K
  class space    used 1635K, capacity 1688K, committed 1792K, reserved 1048576K
}
Event: 49804.111 GC heap after
{Heap after GC invocations=828905 (full 826676):
 garbage-first heap   total 32768K, used 7965K [0x0000000581800000, 0x0000000800000000)
  region size 8192K, 0 young (0K), 0 survivors (0K)
 Metaspace       used 15511K, capacity 15693K, committed 15872K, reserved 1062912K
  class space    used 1635K, capacity 1688K, committed 1792K, reserved 1048576K
}
Event: 49804.159 GC heap before
{Heap before GC invocations=828905 (full 826676):
 garbage-first heap   total 32768K, used 7965K [0x0000000581800000, 0x0000000800000000)
  region size 8192K, 1 young (8192K), 0 survivors (0K)
 Metaspace       used 15511K, capacity 15693K, committed 15872K, reserved 1062912K
  class space    used 1635K, capacity 1688K, committed 1792K, reserved 1048576K
}
Event: 49804.177 GC heap after
{Heap after GC invocations=828906 (full 826677):
 garbage-first heap   total 32768K, used 7967K [0x0000000581800000, 0x0000000800000000)
  region size 8192K, 0 young (0K), 0 survivors (0K)
 Metaspace       used 15511K, capacity 15693K, committed 15872K, reserved 1062912K
  class space    used 1635K, capacity 1688K, committed 1792K, reserved 1048576K
}
Event: 49804.187 GC heap before
{Heap before GC invocations=828906 (full 826677):
 garbage-first heap   total 32768K, used 7967K [0x0000000581800000, 0x0000000800000000)
  region size 8192K, 1 young (8192K), 0 survivors (0K)
 Metaspace       used 15511K, capacity 15693K, committed 15872K, reserved 1062912K
  class space    used 1635K, capacity 1688K, committed 1792K, reserved 1048576K
}
Event: 49804.204 GC heap after
{Heap after GC invocations=828907 (full 826678):
 garbage-first heap   total 32768K, used 7968K [0x0000000581800000, 0x0000000800000000)
  region size 8192K, 0 young (0K), 0 survivors (0K)
 Metaspace       used 15511K, capacity 15693K, committed 15872K, reserved 1062912K
  class space    used 1635K, capacity 1688K, committed 1792K, reserved 1048576K
}
Event: 49804.266 GC heap before
{Heap before GC invocations=828907 (full 826678):
 garbage-first heap   total 32768K, used 7968K [0x0000000581800000, 0x0000000800000000)
  region size 8192K, 1 young (8192K), 0 survivors (0K)
 Metaspace       used 15511K, capacity 15693K, committed 15872K, reserved 1062912K
  class space    used 1635K, capacity 1688K, committed 1792K, reserved 1048576K
}
Event: 49804.298 GC heap after
{Heap after GC invocations=828908 (full 826679):
 garbage-first heap   total 32768K, used 7961K [0x0000000581800000, 0x0000000800000000)
  region size 8192K, 0 young (0K), 0 survivors (0K)
 Metaspace       used 15511K, capacity 15693K, committed 15872K, reserved 1062912K
  class space    used 1635K, capacity 1688K, committed 1792K, reserved 1048576K
}
Event: 49804.319 GC heap before
{Heap before GC invocations=828908 (full 826679):
 garbage-first heap   total 32768K, used 7961K [0x0000000581800000, 0x0000000800000000)
  region size 8192K, 1 young (8192K), 0 survivors (0K)
 Metaspace       used 15511K, capacity 15693K, committed 15872K, reserved 1062912K
  class space    used 1635K, capacity 1688K, committed 1792K, reserved 1048576K
}

Deoptimization events (20 events):
Event: 10208.146 Thread 0x000001744276a5b0 Uncommon trap: trap_request=0xffffff66 fr.pc=0x000001741fd82154 relative=0x00000000000005d4
Event: 10208.146 Thread 0x000001744276a5b0 Uncommon trap: reason=speculate_class_check action=maybe_recompile pc=0x000001741fd82154 method=sun.java2d.Disposer.run()V @ 11 c2
Event: 10208.146 Thread 0x000001744276a5b0 DEOPT PACKING pc=0x000001741fd82154 sp=0x0000004cebeff4f0
Event: 10208.146 Thread 0x000001744276a5b0 DEOPT UNPACKING pc=0x000001741813e42f sp=0x0000004cebeff4d0 mode 2
Event: 10208.146 Thread 0x000001744276a5b0 Uncommon trap: trap_request=0xffffff45 fr.pc=0x000001741fda4d44 relative=0x00000000000000c4
Event: 10208.146 Thread 0x000001744276a5b0 Uncommon trap: reason=unstable_if action=reinterpret pc=0x000001741fda4d44 method=java.lang.ref.SoftReference.get()Ljava/lang/Object; @ 6 c2
Event: 10208.146 Thread 0x000001744276a5b0 DEOPT PACKING pc=0x000001741fda4d44 sp=0x0000004cebeff420
Event: 10208.146 Thread 0x000001744276a5b0 DEOPT UNPACKING pc=0x000001741813e42f sp=0x0000004cebeff3d8 mode 2
Event: 12689.102 Thread 0x0000017444dcfd90 Uncommon trap: trap_request=0xffffff45 fr.pc=0x000001741fea8fd0 relative=0x0000000000004370
Event: 12689.102 Thread 0x0000017444dcfd90 Uncommon trap: reason=unstable_if action=reinterpret pc=0x000001741fea8fd0 method=java.util.concurrent.locks.ReentrantLock$NonfairSync.tryAcquire(I)Z @ 13 c2
Event: 12689.102 Thread 0x0000017444dcfd90 DEOPT PACKING pc=0x000001741fea8fd0 sp=0x0000004cec9fea80
Event: 12689.102 Thread 0x0000017444dcfd90 DEOPT UNPACKING pc=0x000001741813e42f sp=0x0000004cec9fe700 mode 2
Event: 14013.512 Thread 0x0000017442906d00 Uncommon trap: trap_request=0xffffff45 fr.pc=0x000001741fee114c relative=0x00000000000009ac
Event: 14013.512 Thread 0x0000017442906d00 Uncommon trap: reason=unstable_if action=reinterpret pc=0x000001741fee114c method=java.util.concurrent.locks.LockSupport.unpark(Ljava/lang/Thread;)V @ 1 c2
Event: 14013.512 Thread 0x0000017442906d00 DEOPT PACKING pc=0x000001741fee114c sp=0x0000004cec1febc0
Event: 14013.512 Thread 0x0000017442906d00 DEOPT UNPACKING pc=0x000001741813e42f sp=0x0000004cec1fe9d8 mode 2
Event: 44213.778 Thread 0x0000017444dcfd90 Uncommon trap: trap_request=0xffffff45 fr.pc=0x000001741ff6fe24 relative=0x0000000000000484
Event: 44213.778 Thread 0x0000017444dcfd90 Uncommon trap: reason=unstable_if action=reinterpret pc=0x000001741ff6fe24 method=simpleactin.Filament.addSevering(II)Z @ 10 c2
Event: 44213.778 Thread 0x0000017444dcfd90 DEOPT PACKING pc=0x000001741ff6fe24 sp=0x0000004cec9feb60
Event: 44213.778 Thread 0x0000017444dcfd90 DEOPT UNPACKING pc=0x000001741813e42f sp=0x0000004cec9feb00 mode 2

Classes unloaded (20 events):
Event: 10208.122 Thread 0x00000174419a0ff0 Unloading class 0x0000000800bb8040 'java/lang/invoke/LambdaForm$MH+0x0000000800bb8040'
Event: 10208.122 Thread 0x00000174419a0ff0 Unloading class 0x0000000800bb7c40 'java/lang/invoke/LambdaForm$MH+0x0000000800bb7c40'
Event: 10208.122 Thread 0x00000174419a0ff0 Unloading class 0x0000000800bb7840 'java/lang/invoke/LambdaForm$MH+0x0000000800bb7840'
Event: 10208.122 Thread 0x00000174419a0ff0 Unloading class 0x0000000800bb7440 'java/lang/invoke/LambdaForm$MH+0x0000000800bb7440'
Event: 10208.122 Thread 0x00000174419a0ff0 Unloading class 0x0000000800bb6c40 'java/lang/invoke/LambdaForm$MH+0x0000000800bb6c40'
Event: 10208.122 Thread 0x00000174419a0ff0 Unloading class 0x0000000800bb5c40 'java/lang/invoke/LambdaForm$MH+0x0000000800bb5c40'
Event: 10208.122 Thread 0x00000174419a0ff0 Unloading class 0x0000000800bb5840 'java/lang/invoke/LambdaForm$MH+0x0000000800bb5840'
Event: 10208.122 Thread 0x00000174419a0ff0 Unloading class 0x0000000800bb5440 'java/lang/invoke/LambdaForm$MH+0x0000000800bb5440'
Event: 10208.122 Thread 0x00000174419a0ff0 Unloading class 0x0000000800bb5040 'java/lang/invoke/LambdaForm$MH+0x0000000800bb5040'
Event: 10208.122 Thread 0x00000174419a0ff0 Unloading class 0x0000000800bb4c40 'java/lang/invoke/LambdaForm$MH+0x0000000800bb4c40'
Event: 10208.122 Thread 0x00000174419a0ff0 Unloading class 0x0000000800bb4840 'java/lang/invoke/LambdaForm$MH+0x0000000800bb4840'
Event: 10208.122 Thread 0x00000174419a0ff0 Unloading class 0x0000000800bb4440 'java/lang/invoke/LambdaForm$MH+0x0000000800bb4440'
Event: 10208.122 Thread 0x00000174419a0ff0 Unloading class 0x0000000800bb4040 'java/lang/invoke/LambdaForm$MH+0x0000000800bb4040'
Event: 10208.122 Thread 0x00000174419a0ff0 Unloading class 0x0000000800bb3840 'java/lang/invoke/LambdaForm$MH+0x0000000800bb3840'
Event: 10208.122 Thread 0x00000174419a0ff0 Unloading class 0x0000000800bb3040 'java/lang/invoke/LambdaForm$MH+0x0000000800bb3040'
Event: 10208.122 Thread 0x00000174419a0ff0 Unloading class 0x0000000800bb2c40 'java/lang/invoke/LambdaForm$MH+0x0000000800bb2c40'
Event: 10208.122 Thread 0x00000174419a0ff0 Unloading class 0x0000000800bb2440 'java/lang/invoke/LambdaForm$MH+0x0000000800bb2440'
Event: 10208.122 Thread 0x00000174419a0ff0 Unloading class 0x0000000800bb2040 'java/lang/invoke/LambdaForm$MH+0x0000000800bb2040'
Event: 10208.122 Thread 0x00000174419a0ff0 Unloading class 0x0000000800bb1840 'java/lang/invoke/LambdaForm$MH+0x0000000800bb1840'
Event: 10425.277 Thread 0x00000174419a0ff0 Unloading class 0x0000000800bea440 'jdk/internal/reflect/GeneratedSerializationConstructorAccessor1'

Classes redefined (0 events):
No events

Internal exceptions (20 events):
Event: 0.296 Thread 0x000001740fec70d0 Exception <a 'java/lang/NoSuchMethodError'{0x00000005a9563e68}: 'java.lang.Object java.lang.invoke.DirectMethodHandle$Holder.newInvokeSpecial(java.lang.Object, java.lang.Object, java.lang.Object, java.lang.Object, java.lang.Object)'> (0x00000005a9563e68) 
thrown [./open/src/hotspot/share/interpreter/linkResolver.cpp, line 782]
Event: 0.298 Thread 0x000001740fec70d0 Exception <a 'java/lang/NoSuchMethodError'{0x00000005a956f8f8}: 'java.lang.Object java.lang.invoke.DirectMethodHandle$Holder.invokeStatic(java.lang.Object, int, java.lang.Object, java.lang.Object, java.lang.Object, java.lang.Object)'> (0x00000005a956f8f8) 
thrown [./open/src/hotspot/share/interpreter/linkResolver.cpp, line 782]
Event: 0.303 Thread 0x000001740fec70d0 Exception <a 'java/lang/NoSuchMethodError'{0x00000005a9595a00}: 'java.lang.Object java.lang.invoke.DirectMethodHandle$Holder.invokeStatic(java.lang.Object, int, java.lang.Object)'> (0x00000005a9595a00) 
thrown [./open/src/hotspot/share/interpreter/linkResolver.cpp, line 782]
Event: 0.415 Thread 0x000001740fec70d0 Exception <a 'java/lang/ClassNotFoundException'{0x00000005a9754560}: com/sun/swing/internal/plaf/metal/resources/spi/metalProvider> (0x00000005a9754560) 
thrown [./open/src/hotspot/share/classfile/systemDictionary.cpp, line 295]
Event: 0.416 Thread 0x000001740fec70d0 Exception <a 'java/lang/ClassNotFoundException'{0x00000005a9758578}: com/sun/swing/internal/plaf/basic/resources/spi/basicProvider> (0x00000005a9758578) 
thrown [./open/src/hotspot/share/classfile/systemDictionary.cpp, line 295]
Event: 0.446 Thread 0x000001740fec70d0 Exception <a 'java/lang/NoSuchMethodError'{0x00000005a97ad260}: 'int java.lang.invoke.DirectMethodHandle$Holder.invokeStaticInit(java.lang.Object, java.lang.Object, java.lang.Object, java.lang.Object)'> (0x00000005a97ad260) 
thrown [./open/src/hotspot/share/interpreter/linkResolver.cpp, line 782]
Event: 0.447 Thread 0x000001740fec70d0 Exception <a 'java/lang/NoSuchMethodError'{0x00000005a97b7750}: 'java.lang.Object java.lang.invoke.DirectMethodHandle$Holder.invokeInterface(java.lang.Object, java.lang.Object)'> (0x00000005a97b7750) 
thrown [./open/src/hotspot/share/interpreter/linkResolver.cpp, line 782]
Event: 0.448 Thread 0x000001740fec70d0 Exception <a 'java/lang/IncompatibleClassChangeError'{0x00000005a97baf40}: Found class java.lang.Object, but interface was expected> (0x00000005a97baf40) 
thrown [./open/src/hotspot/share/interpreter/linkResolver.cpp, line 848]
Event: 0.448 Thread 0x000001740fec70d0 Exception <a 'java/lang/NoSuchMethodError'{0x00000005a97be0b0}: 'void java.lang.invoke.DirectMethodHandle$Holder.invokeStatic(java.lang.Object, java.lang.Object)'> (0x00000005a97be0b0) 
thrown [./open/src/hotspot/share/interpreter/linkResolver.cpp, line 782]
Event: 0.449 Thread 0x000001740fec70d0 Exception <a 'java/lang/NoSuchMethodError'{0x00000005a97c1810}: 'void java.lang.invoke.DirectMethodHandle$Holder.invokeStaticInit(java.lang.Object, java.lang.Object)'> (0x00000005a97c1810) 
thrown [./open/src/hotspot/share/interpreter/linkResolver.cpp, line 782]
Event: 0.450 Thread 0x000001740fec70d0 Exception <a 'java/lang/NoSuchMethodError'{0x00000005a97c7f48}: 'int java.lang.invoke.DirectMethodHandle$Holder.invokeStaticInit(java.lang.Object, java.lang.Object)'> (0x00000005a97c7f48) 
thrown [./open/src/hotspot/share/interpreter/linkResolver.cpp, line 782]
Event: 0.710 Thread 0x000001740fec70d0 Exception <a 'java/lang/NoSuchMethodError'{0x00000005a8aef488}: 'void java.lang.invoke.DirectMethodHandle$Holder.invokeStaticInit(java.lang.Object)'> (0x00000005a8aef488) 
thrown [./open/src/hotspot/share/interpreter/linkResolver.cpp, line 782]
Event: 16.468 Thread 0x0000017442906d00 Implicit null exception at 0x000001741fc0b230 to 0x000001741fc0b290
Event: 27.330 Thread 0x0000017442906d00 Exception <a 'java/lang/NoSuchMethodError'{0x00000005a85ef498}: 'void java.lang.invoke.DirectMethodHandle$Holder.invokeSpecial(java.lang.Object, java.lang.Object, java.lang.Object, java.lang.Object, java.lang.Object)'> (0x00000005a85ef498) 
thrown [./open/src/hotspot/share/interpreter/linkResolver.cpp, line 782]
Event: 44.112 Thread 0x0000017442906d00 Exception <a 'java/lang/NoSuchMethodError'{0x00000005a7a39558}: 'void java.lang.invoke.DirectMethodHandle$Holder.invokeStatic(java.lang.Object, java.lang.Object, java.lang.Object)'> (0x00000005a7a39558) 
thrown [./open/src/hotspot/share/interpreter/linkResolver.cpp, line 782]
Event: 44.626 Thread 0x0000017442906d00 Exception <a 'java/lang/NoSuchMethodError'{0x00000005a7d3cf80}: 'int java.lang.invoke.DirectMethodHandle$Holder.invokeStatic(java.lang.Object)'> (0x00000005a7d3cf80) 
thrown [./open/src/hotspot/share/interpreter/linkResolver.cpp, line 782]
Event: 132.552 Thread 0x0000017442906d00 Implicit null exception at 0x000001741fc8e940 to 0x000001741fc8fbc0
Event: 147.117 Thread 0x0000017444dcfd90 Implicit null exception at 0x000001741fd25a74 to 0x000001741fd25c80
Event: 293.608 Thread 0x000001744237b500 Implicit null exception at 0x000001741fc64340 to 0x000001741fc64b58
Event: 1380.251 Thread 0x0000017444dcfd90 Implicit null exception at 0x000001741fe8fa67 to 0x000001741fe91be8

Events (20 events):
Event: 49803.935 Executing VM operation: G1CollectFull done
Event: 49803.944 Executing VM operation: G1CollectFull
Event: 49803.961 Executing VM operation: G1CollectFull done
Event: 49803.984 Executing VM operation: G1CollectFull
Event: 49804.002 Executing VM operation: G1CollectFull done
Event: 49804.014 Executing VM operation: G1CollectFull
Event: 49804.033 Executing VM operation: G1CollectFull done
Event: 49804.050 Executing VM operation: G1CollectFull
Event: 49804.075 Executing VM operation: G1CollectFull done
Event: 49804.089 Executing VM operation: G1CollectFull
Event: 49804.111 Executing VM operation: G1CollectFull done
Event: 49804.159 Executing VM operation: G1CollectFull
Event: 49804.177 Executing VM operation: G1CollectFull done
Event: 49804.186 Executing VM operation: G1CollectFull
Event: 49804.204 Executing VM operation: G1CollectFull done
Event: 49804.266 Executing VM operation: G1CollectFull
Event: 49804.298 Executing VM operation: G1CollectFull done
Event: 49804.316 Executing VM operation: G1CollectFull
Event: 49804.316 Executing VM operation: G1CollectFull done
Event: 49804.319 Executing VM operation: G1CollectForAllocation


Dynamic libraries:
0x00007ff746b80000 - 0x00007ff746b8f000 	C:\Users\sm2983\Downloads\jdk-15.0.2_windows-x64_bin\jdk-15.0.2\bin\java.exe
0x00007ffdcf040000 - 0x00007ffdcf221000 	C:\WINDOWS\SYSTEM32\ntdll.dll
0x00007ffdb7360000 - 0x00007ffdb7387000 	C:\Program Files\Cylance\Desktop\CyMemDef64.dll
0x00007ffdcee50000 - 0x00007ffdcef01000 	C:\WINDOWS\System32\KERNEL32.DLL
0x00007ffdcc130000 - 0x00007ffdcc3a3000 	C:\WINDOWS\System32\KERNELBASE.dll
0x00007ffdcb910000 - 0x00007ffdcba08000 	C:\WINDOWS\System32\ucrtbase.dll
0x00007ffdac720000 - 0x00007ffdac738000 	C:\Users\sm2983\Downloads\jdk-15.0.2_windows-x64_bin\jdk-15.0.2\bin\jli.dll
0x00007ffdcc520000 - 0x00007ffdcc5c1000 	C:\WINDOWS\System32\ADVAPI32.dll
0x00007ffdce730000 - 0x00007ffdce7ce000 	C:\WINDOWS\System32\msvcrt.dll
0x00007ffdce6d0000 - 0x00007ffdce72b000 	C:\WINDOWS\System32\sechost.dll
0x00007ffdcdd90000 - 0x00007ffdcdeb3000 	C:\WINDOWS\System32\RPCRT4.dll
0x00007ffdcdc00000 - 0x00007ffdcdd90000 	C:\WINDOWS\System32\USER32.dll
0x00007ffdcc4a0000 - 0x00007ffdcc4c0000 	C:\WINDOWS\System32\win32u.dll
0x00007ffdce7d0000 - 0x00007ffdce7f8000 	C:\WINDOWS\System32\GDI32.dll
0x00007ffdcb690000 - 0x00007ffdcb824000 	C:\WINDOWS\System32\gdi32full.dll
0x00007ffdcc3b0000 - 0x00007ffdcc44f000 	C:\WINDOWS\System32\msvcp_win.dll
0x00007ffdaff50000 - 0x00007ffdaff69000 	C:\Users\sm2983\Downloads\jdk-15.0.2_windows-x64_bin\jdk-15.0.2\bin\VCRUNTIME140.dll
0x00007ffdb73b0000 - 0x00007ffdb7619000 	C:\WINDOWS\WinSxS\amd64_microsoft.windows.common-controls_6595b64144ccf1df_6.0.17134.2026_none_d3fdbb717c923c14\COMCTL32.dll
0x00007ffdceb20000 - 0x00007ffdcee42000 	C:\WINDOWS\System32\combase.dll
0x00007ffdcb890000 - 0x00007ffdcb909000 	C:\WINDOWS\System32\bcryptPrimitives.dll
0x00007ffdc60a0000 - 0x00007ffdc60aa000 	C:\WINDOWS\SYSTEM32\VERSION.dll
0x00007ffdce9f0000 - 0x00007ffdcea1d000 	C:\WINDOWS\System32\IMM32.DLL
0x00007ffdc8a90000 - 0x00007ffdc8a9c000 	C:\Users\sm2983\Downloads\jdk-15.0.2_windows-x64_bin\jdk-15.0.2\bin\vcruntime140_1.dll
0x00007ffda1da0000 - 0x00007ffda1e31000 	C:\Users\sm2983\Downloads\jdk-15.0.2_windows-x64_bin\jdk-15.0.2\bin\msvcp140.dll
0x00007ffd4d270000 - 0x00007ffd4ddce000 	C:\Users\sm2983\Downloads\jdk-15.0.2_windows-x64_bin\jdk-15.0.2\bin\server\jvm.dll
0x00007ffdce8d0000 - 0x00007ffdce8d8000 	C:\WINDOWS\System32\PSAPI.DLL
0x00007ffdb7020000 - 0x00007ffdb7029000 	C:\WINDOWS\SYSTEM32\WSOCK32.dll
0x00007ffdcea50000 - 0x00007ffdceabc000 	C:\WINDOWS\System32\WS2_32.dll
0x00007ffdc9400000 - 0x00007ffdc9423000 	C:\WINDOWS\SYSTEM32\WINMM.dll
0x00007ffdc93c0000 - 0x00007ffdc93ea000 	C:\WINDOWS\SYSTEM32\WINMMBASE.dll
0x00007ffdcc450000 - 0x00007ffdcc499000 	C:\WINDOWS\System32\cfgmgr32.dll
0x00007ffdcb3b0000 - 0x00007ffdcb3c1000 	C:\WINDOWS\System32\kernel.appcore.dll
0x00007ffdc7010000 - 0x00007ffdc701a000 	C:\Users\sm2983\Downloads\jdk-15.0.2_windows-x64_bin\jdk-15.0.2\bin\jimage.dll
0x00007ffdb86d0000 - 0x00007ffdb8899000 	C:\WINDOWS\SYSTEM32\DBGHELP.DLL
0x00007ffdb8590000 - 0x00007ffdb85b9000 	C:\WINDOWS\SYSTEM32\dbgcore.DLL
0x00007ffda4290000 - 0x00007ffda42b5000 	C:\Users\sm2983\Downloads\jdk-15.0.2_windows-x64_bin\jdk-15.0.2\bin\java.dll
0x00007ffdcc7b0000 - 0x00007ffdcdbf5000 	C:\WINDOWS\System32\SHELL32.dll
0x00007ffdce940000 - 0x00007ffdce9e8000 	C:\WINDOWS\System32\shcore.dll
0x00007ffdcba10000 - 0x00007ffdcc123000 	C:\WINDOWS\System32\windows.storage.dll
0x00007ffdcc4c0000 - 0x00007ffdcc511000 	C:\WINDOWS\System32\shlwapi.dll
0x00007ffdcb3d0000 - 0x00007ffdcb3ef000 	C:\WINDOWS\System32\profapi.dll
0x00007ffdcb360000 - 0x00007ffdcb3ac000 	C:\WINDOWS\System32\powrprof.dll
0x00007ffdcb350000 - 0x00007ffdcb35a000 	C:\WINDOWS\System32\FLTLIB.DLL
0x00007ffda74a0000 - 0x00007ffda74b9000 	C:\Users\sm2983\Downloads\jdk-15.0.2_windows-x64_bin\jdk-15.0.2\bin\net.dll
0x00007ffdc6980000 - 0x00007ffdc6a5d000 	C:\WINDOWS\SYSTEM32\WINHTTP.dll
0x00007ffdcab50000 - 0x00007ffdcabb6000 	C:\WINDOWS\system32\mswsock.dll
0x00007ffda5220000 - 0x00007ffda5232000 	C:\Users\sm2983\Downloads\jdk-15.0.2_windows-x64_bin\jdk-15.0.2\bin\nio.dll
0x00007ffda3d40000 - 0x00007ffda3d58000 	C:\Users\sm2983\Downloads\jdk-15.0.2_windows-x64_bin\jdk-15.0.2\bin\zip.dll
0x00007ffd7fcb0000 - 0x00007ffd7fe30000 	C:\Users\sm2983\Downloads\jdk-15.0.2_windows-x64_bin\jdk-15.0.2\bin\awt.dll
0x00007ffdce800000 - 0x00007ffdce8c2000 	C:\WINDOWS\System32\OLEAUT32.dll
0x00007ffdc91b0000 - 0x00007ffdc923b000 	C:\WINDOWS\SYSTEM32\apphelp.dll
0x00007ffdc9780000 - 0x00007ffdc9818000 	C:\WINDOWS\system32\uxtheme.dll
0x00007ffdce550000 - 0x00007ffdce6c4000 	C:\WINDOWS\System32\MSCTF.dll
0x00007ffdc9a30000 - 0x00007ffdc9a59000 	C:\WINDOWS\system32\dwmapi.dll
0x00007ffdcc650000 - 0x00007ffdcc7a2000 	C:\WINDOWS\System32\ole32.dll
0x00007ffda12d0000 - 0x00007ffda13f0000 	C:\WINDOWS\system32\opengl32.dll
0x00007ffda35a0000 - 0x00007ffda35cc000 	C:\WINDOWS\SYSTEM32\GLU32.dll
0x00007ffdc31b0000 - 0x00007ffdc31c0000 	C:\Users\sm2983\Downloads\jdk-15.0.2_windows-x64_bin\jdk-15.0.2\bin\verify.dll
0x00007ffd90210000 - 0x00007ffd90295000 	C:\Users\sm2983\Downloads\jdk-15.0.2_windows-x64_bin\jdk-15.0.2\bin\freetype.dll
0x00007ffd89960000 - 0x00007ffd89a09000 	C:\Users\sm2983\Downloads\jdk-15.0.2_windows-x64_bin\jdk-15.0.2\bin\fontmanager.dll
0x00007ffdcdec0000 - 0x00007ffdcdf60000 	C:\WINDOWS\System32\clbcatq.dll
0x00007ffdc6690000 - 0x00007ffdc683e000 	C:\WINDOWS\SYSTEM32\WindowsCodecs.dll
0x00007ffd9af70000 - 0x00007ffd9afc8000 	C:\WINDOWS\system32\dataexchange.dll
0x00007ffdc8340000 - 0x00007ffdc864b000 	C:\WINDOWS\system32\d3d11.dll
0x00007ffdc8670000 - 0x00007ffdc880c000 	C:\WINDOWS\system32\dcomp.dll
0x00007ffdc9e90000 - 0x00007ffdc9f4b000 	C:\WINDOWS\system32\dxgi.dll
0x00007ffdc9860000 - 0x00007ffdc9a17000 	C:\WINDOWS\system32\twinapi.appcore.dll
0x00007ffdc9a90000 - 0x00007ffdc9ab1000 	C:\WINDOWS\system32\RMCLIENT.dll
0x00007ffdb2dc0000 - 0x00007ffdb2e52000 	C:\WINDOWS\System32\TextInputFramework.dll
0x00007ffdc59c0000 - 0x00007ffdc5cde000 	C:\WINDOWS\System32\CoreUIComponents.dll
0x00007ffdc8fb0000 - 0x00007ffdc908a000 	C:\WINDOWS\System32\CoreMessaging.dll
0x00007ffdca190000 - 0x00007ffdca1c1000 	C:\WINDOWS\SYSTEM32\ntmarta.dll
0x00007ffdc5640000 - 0x00007ffdc5787000 	C:\WINDOWS\SYSTEM32\wintypes.dll
0x00007ffdade20000 - 0x00007ffdadec7000 	C:\WINDOWS\WinSxS\amd64_microsoft.windows.common-controls_6595b64144ccf1df_5.82.17134.2026_none_557346232661f5e1\comctl32.dll
0x00007ffdc6350000 - 0x00007ffdc6505000 	C:\WINDOWS\SYSTEM32\PROPSYS.dll
0x00007ffdc4460000 - 0x00007ffdc4afa000 	C:\Windows\System32\OneCoreUAPCommonProxyStub.dll
0x00007ffd3efb0000 - 0x00007ffd3f0d7000 	C:\WINDOWS\system32\NetworkExplorer.dll
0x00007ffda8a10000 - 0x00007ffda8a2a000 	C:\WINDOWS\SYSTEM32\MPR.dll
0x0000000180000000 - 0x0000000180048000 	C:\WINDOWS\system32\cbfsconnectNetRdr2017.dll
0x00007ffdce100000 - 0x00007ffdce54b000 	C:\WINDOWS\System32\SETUPAPI.dll
0x00007ffdc4c00000 - 0x00007ffdc4c17000 	C:\WINDOWS\system32\NETAPI32.dll
0x00007ffdbc130000 - 0x00007ffdbc156000 	C:\WINDOWS\system32\SRVCLI.DLL
0x00007ffdac140000 - 0x00007ffdac14b000 	C:\WINDOWS\System32\drprov.dll
0x00007ffdcaf50000 - 0x00007ffdcafa6000 	C:\WINDOWS\System32\WINSTA.dll
0x00007ffda0e40000 - 0x00007ffda0e56000 	C:\WINDOWS\System32\ntlanman.dll
0x00007ffd99690000 - 0x00007ffd996ad000 	C:\WINDOWS\System32\davclnt.dll
0x00007ffdac030000 - 0x00007ffdac03c000 	C:\WINDOWS\System32\DAVHLPR.dll
0x00007ffdc5d50000 - 0x00007ffdc5d67000 	C:\WINDOWS\System32\wkscli.dll
0x00007ffdcae30000 - 0x00007ffdcae55000 	C:\WINDOWS\System32\bcrypt.dll
0x00007ffdb7310000 - 0x00007ffdb7322000 	C:\WINDOWS\SYSTEM32\cscapi.dll
0x00007ffdca9a0000 - 0x00007ffdca9ae000 	C:\WINDOWS\System32\netutils.dll
0x00007ffd8af80000 - 0x00007ffd8afca000 	C:\Windows\System32\dlnashext.dll
0x00007ffda0cb0000 - 0x00007ffda0cce000 	C:\Windows\System32\DevDispItemProvider.dll
0x00007ffdc3f60000 - 0x00007ffdc3fd6000 	C:\WINDOWS\System32\MMDevApi.dll
0x00007ffdcb140000 - 0x00007ffdcb167000 	C:\WINDOWS\System32\DEVOBJ.dll
0x00007ffdabd40000 - 0x00007ffdabd8a000 	C:\WINDOWS\SYSTEM32\rdpendp.dll
0x00007ffdac150000 - 0x00007ffdac16c000 	C:\WINDOWS\SYSTEM32\MSACM32.dll
0x00007ffdc9240000 - 0x00007ffdc9253000 	C:\WINDOWS\SYSTEM32\WTSAPI32.dll
0x00007ffd86f90000 - 0x00007ffd87171000 	C:\WINDOWS\system32\wpdshext.dll
0x00007ffdba1c0000 - 0x00007ffdba35b000 	C:\WINDOWS\WinSxS\amd64_microsoft.windows.gdiplus_6595b64144ccf1df_1.1.17134.2026_none_04e8ae56d724b5e2\gdiplus.dll
0x00007ffda3a70000 - 0x00007ffda3b0c000 	C:\Windows\System32\PortableDeviceApi.dll
0x00007ffdcb830000 - 0x00007ffdcb887000 	C:\WINDOWS\System32\WINTRUST.dll
0x00007ffdcb330000 - 0x00007ffdcb342000 	C:\WINDOWS\System32\MSASN1.dll
0x00007ffdcb4a0000 - 0x00007ffdcb682000 	C:\WINDOWS\System32\CRYPT32.dll
0x00007ffd97340000 - 0x00007ffd97376000 	C:\Windows\System32\EhStorShell.dll
0x00007ffda1d70000 - 0x00007ffda1d95000 	C:\Windows\System32\EhStorAPI.dll
0x00007ffdacef0000 - 0x00007ffdacefd000 	C:\WINDOWS\SYSTEM32\LINKINFO.dll
0x00007ffd595c0000 - 0x00007ffd59742000 	C:\Program Files\Box\Box\BoxShellExtShim-2.21.202.dll
0x00007ffdcad00000 - 0x00007ffdcad17000 	C:\WINDOWS\System32\CRYPTSP.dll
0x00007ffdca4d0000 - 0x00007ffdca503000 	C:\WINDOWS\system32\rsaenh.dll
0x00007ffdcad20000 - 0x00007ffdcad2b000 	C:\WINDOWS\SYSTEM32\CRYPTBASE.dll
0x00007ffdcea20000 - 0x00007ffdcea3d000 	C:\WINDOWS\System32\imagehlp.dll
0x00007ffdc9e10000 - 0x00007ffdc9e32000 	C:\WINDOWS\SYSTEM32\gpapi.dll
0x00007ffdb37f0000 - 0x00007ffdb381e000 	C:\Windows\System32\cryptnet.dll
0x00007ffd62ff0000 - 0x00007ffd633f2000 	C:\Program Files\Box\Box\BoxShellExt-2.21.202.dll

dbghelp: loaded successfully - version: 4.0.5 - missing functions: none
symbol engine: initialized successfully - sym options: 0x614 - pdb path: .;C:\Users\sm2983\Downloads\jdk-15.0.2_windows-x64_bin\jdk-15.0.2\bin;C:\WINDOWS\SYSTEM32;C:\Program Files\Cylance\Desktop;C:\WINDOWS\WinSxS\amd64_microsoft.windows.common-controls_6595b64144ccf1df_6.0.17134.2026_none_d3fdbb717c923c14;C:\Users\sm2983\Downloads\jdk-15.0.2_windows-x64_bin\jdk-15.0.2\bin\server;C:\WINDOWS\WinSxS\amd64_microsoft.windows.common-controls_6595b64144ccf1df_5.82.17134.2026_none_557346232661f5e1;C:\WINDOWS\WinSxS\amd64_microsoft.windows.gdiplus_6595b64144ccf1df_1.1.17134.2026_none_04e8ae56d724b5e2;C:\Program Files\Box\Box

VM Arguments:
jvm_args: -Dfile.encoding=UTF-8 
java_command: simpleactin.SimpleActin
java_class_path (initial): C:\Users\sm2983\Documents\NetBeansProjects\Intensity\dist\Intensity.jar;C:\Users\sm2983\Downloads\darcula.jar;C:\Users\sm2983\Downloads\commons-math3-3.6.1.jar;C:\Users\sm2983\Documents\NetBeansProjects\SimpleActin\build\classes
Launcher Type: SUN_STANDARD

[Global flags]
     intx CICompilerCount                          = 4                                         {product} {ergonomic}
     uint ConcGCThreads                            = 2                                         {product} {ergonomic}
     uint G1ConcRefinementThreads                  = 8                                         {product} {ergonomic}
   size_t G1HeapRegionSize                         = 8388608                                   {product} {ergonomic}
    uintx GCDrainStackTargetSize                   = 64                                        {product} {ergonomic}
   size_t InitialHeapSize                          = 671088640                                 {product} {ergonomic}
   size_t MarkStackSize                            = 4194304                                   {product} {ergonomic}
   size_t MaxHeapSize                              = 10712252416                               {product} {ergonomic}
   size_t MaxNewSize                               = 6425673728                                {product} {ergonomic}
   size_t MinHeapDeltaBytes                        = 8388608                                   {product} {ergonomic}
   size_t MinHeapSize                              = 8388608                                   {product} {ergonomic}
    uintx NonNMethodCodeHeapSize                   = 5839372                                {pd product} {ergonomic}
    uintx NonProfiledCodeHeapSize                  = 122909434                              {pd product} {ergonomic}
    uintx ProfiledCodeHeapSize                     = 122909434                              {pd product} {ergonomic}
    uintx ReservedCodeCacheSize                    = 251658240                              {pd product} {ergonomic}
     bool SegmentedCodeCache                       = true                                      {product} {ergonomic}
   size_t SoftMaxHeapSize                          = 10712252416                            {manageable} {ergonomic}
     bool UseCompressedClassPointers               = true                                 {lp64_product} {ergonomic}
     bool UseCompressedOops                        = true                                 {lp64_product} {ergonomic}
     bool UseG1GC                                  = true                                      {product} {ergonomic}
     bool UseLargePagesIndividualAllocation        = false                                  {pd product} {ergonomic}

Logging:
Log output configuration:
 #0: stdout all=warning uptime,level,tags
 #1: stderr all=off uptime,level,tags

Environment Variables:
JAVA_HOME=C:\Program Files\Java\jdk-12.0.2\
CLASSPATH=.;.;C:\PROGRA~2\JMF21~1.1E\lib\sound.jar;C:\PROGRA~2\JMF21~1.1E\lib\jmf.jar;C:\PROGRA~2\JMF21~1.1E\lib;
PATH=C:\Program Files (x86)\IntelSWTools\system_studio_2020\OpenCL\sdk\bin\x64;C:\Program Files (x86)\IntelSWTools\system_studio_2020\OpenCL\sdk\bin\x86;C:\Program Files\NVIDIA GPU Computing Toolkit\CUDA\v10.2\bin;C:\Program Files\NVIDIA GPU Computing Toolkit\CUDA\v10.2\libnvvp;C:\ProgramData\Anaconda3;C:\ProgramData\Anaconda3\Library\mingw-w64\bin;C:\ProgramData\Anaconda3\Library\usr\bin;C:\ProgramData\Anaconda3\Library\bin;C:\ProgramData\Anaconda3\Scripts;C:\WINDOWS\system32;C:\WINDOWS;C:\WINDOWS\System32\Wbem;C:\WINDOWS\System32\WindowsPowerShell\v1.0\;C:\oracle\product\11.2.0\client_1\bin;C:\windows\SysWOW64\;C:\windows\SysWOW64\Wbem;C:\windows\SysWOW64\WindowsPowerShell\v1.0;C:\Program Files\Microsoft Application Virtualization\Sequencer;C:\Program Files\MATLAB\R2017b\runtime\win64;C:\Program Files\MATLAB\R2017b\bin;C:\WINDOWS\System32\OpenSSH\;C:\Program Files\NVIDIA Corporation\Nsight Compute 2019.5.0\;C:\Program Files (x86)\NVIDIA Corporation\PhysX\Common;C:\Program Files\dotnet\;C:\Program Files\Microsoft SQL Server\130\Tools\Binn\;C:\Program Files\Microsoft SQL Server\Client SDK\ODBC\170\Tools\Binn\;C:\Python27;C:\Program Files (x86)\IntelSWTools\sw_dev_tools\tools\DAL_1.1942.1019.110\;C:\Program Files\Git\cmd;C:\Users\sm2983\AppData\Local\Microsoft\WindowsApps;C:\Program Files\Java\jdk-12.0.2\bin;C:\Qt\Tools\mingw730_64\bin;
USERNAME=sm2983
OS=Windows_NT
PROCESSOR_IDENTIFIER=Intel64 Family 6 Model 94 Stepping 3, GenuineIntel



---------------  S Y S T E M  ---------------

OS:
 Windows 10 , 64 bit Build 17134 (10.0.17134.1425)
OS uptime: 2 days 20:26 hours

CPU: total 8 (initial active 8) (4 cores per cpu, 2 threads per core) family 6 model 94 stepping 3 microcode 0xc6, cmov, cx8, fxsr, mmx, sse, sse2, sse3, ssse3, sse4.1, sse4.2, popcnt, vzeroupper, avx, avx2, aes, clmul, erms, rtm, 3dnowpref, lzcnt, ht, tsc, tscinvbit, bmi1, bmi2, adx, fma, clflush, clflushopt

Memory: 4k page, system-wide physical 40849M (13326M free)
TotalPageFile size 47170M (AvailPageFile size 222M)
current process WorkingSet (physical memory assigned to process): 114M, peak: 223M
current process commit charge ("private bytes"): 160M, peak: 808M

vm_info: Java HotSpot(TM) 64-Bit Server VM (15.0.2+7-27) for windows-amd64 JRE (15.0.2+7-27), built on Dec  7 2020 20:07:01 by "mach5one" with unknown MS VC++:1925

END.
