#
# There is insufficient memory for the Java Runtime Environment to continue.
# Native memory allocation (mmap) failed to map 1069056 bytes for card table expansion
# Possible reasons:
#   The system is out of physical RAM or swap space
#   In 32 bit mode, the process size limit was hit
# Possible solutions:
#   Reduce memory load on the system
#   Increase physical memory or swap space
#   Check if swap backing store is full
#   Use 64 bit Java on a 64 bit OS
#   Decrease Java heap size (-Xmx/-Xms)
#   Decrease number of Java threads
#   Decrease Java thread stack sizes (-Xss)
#   Set larger code cache with -XX:ReservedCodeCacheSize=
# This output file may be truncated or incomplete.
#
#  Out of Memory Error (os_windows.cpp:3332), pid=17368, tid=0x0000000000001d48
#
# JRE version: Java(TM) SE Runtime Environment (8.0_111-b14) (build 1.8.0_111-b14)
# Java VM: Java HotSpot(TM) 64-Bit Server VM (25.111-b14 mixed mode windows-amd64 compressed oops)
# Failed to write core dump. Minidumps are not enabled by default on client versions of Windows
#

---------------  T H R E A D  ---------------

Current thread (0x000000002a149800):  VMThread [stack: 0x000000002be20000,0x000000002bf20000] [id=7496]

Stack: [0x000000002be20000,0x000000002bf20000]
[error occurred during error reporting (printing stack bounds), id 0xc0000005]

Native frames: (J=compiled Java code, j=interpreted, Vv=VM code, C=native code)

VM_Operation (0x0000000032dbef50): ParallelGCSystemGC, mode: safepoint, requested by thread 0x000000002c086800


---------------  P R O C E S S  ---------------

Java Threads: ( => current thread )
  0x000000002c086800 JavaThread "Thread-6" [_thread_blocked, id=34360, stack(0x0000000032cc0000,0x0000000032dc0000)]
  0x000000002d45f800 JavaThread "Darcula Animations" daemon [_thread_blocked, id=16424, stack(0x000000002f850000,0x000000002f950000)]
  0x000000002d35d000 JavaThread "TimerQueue" daemon [_thread_blocked, id=16044, stack(0x000000002f550000,0x000000002f650000)]
  0x000000000261d800 JavaThread "DestroyJavaVM" [_thread_blocked, id=31012, stack(0x0000000002430000,0x0000000002530000)]
  0x000000002d0d5800 JavaThread "AWT-EventQueue-0" [_thread_blocked, id=34900, stack(0x000000002e1e0000,0x000000002e2e0000)]
  0x000000002cf5d800 JavaThread "AWT-Windows" daemon [_thread_in_native, id=10460, stack(0x000000002d950000,0x000000002da50000)]
  0x000000002cf59800 JavaThread "AWT-Shutdown" [_thread_blocked, id=7812, stack(0x000000002d850000,0x000000002d950000)]
  0x000000002cf75000 JavaThread "Java2D Disposer" daemon [_thread_blocked, id=16192, stack(0x000000002d750000,0x000000002d850000)]
  0x000000002c0ec000 JavaThread "Service Thread" daemon [_thread_blocked, id=5992, stack(0x000000002cc10000,0x000000002cd10000)]
  0x000000002c061000 JavaThread "C1 CompilerThread3" daemon [_thread_blocked, id=24276, stack(0x000000002cb10000,0x000000002cc10000)]
  0x000000002c057800 JavaThread "C2 CompilerThread2" daemon [_thread_blocked, id=12556, stack(0x000000002ca10000,0x000000002cb10000)]
  0x000000002c04e800 JavaThread "C2 CompilerThread1" daemon [_thread_blocked, id=9988, stack(0x000000002c910000,0x000000002ca10000)]
  0x000000002c049800 JavaThread "C2 CompilerThread0" daemon [_thread_blocked, id=25916, stack(0x000000002c810000,0x000000002c910000)]
  0x000000002c048800 JavaThread "Attach Listener" daemon [_thread_blocked, id=40072, stack(0x000000002c710000,0x000000002c810000)]
  0x000000002c047000 JavaThread "Signal Dispatcher" daemon [_thread_blocked, id=32488, stack(0x000000002c610000,0x000000002c710000)]
  0x0000000002719800 JavaThread "Finalizer" daemon [_thread_blocked, id=40540, stack(0x000000002c420000,0x000000002c520000)]
  0x0000000002718000 JavaThread "Reference Handler" daemon [_thread_blocked, id=30920, stack(0x000000002bf20000,0x000000002c020000)]

Other Threads:
=>0x000000002a149800 VMThread [stack: 0x000000002be20000,0x000000002bf20000] [id=7496]
  0x000000002c106000 WatcherThread [stack: 0x000000002cd10000,0x000000002ce10000] [id=29772]

VM state:at safepoint (normal execution)

VM Mutex/Monitor currently owned by a thread:  ([mutex/lock_event])
[0x000000000261cca0] Threads_lock - owner thread: 0x000000002a149800
[0x000000000261ce20] Heap_lock - owner thread: 0x000000002c086800

Heap:
 PSYoungGen      total 2668032K, used 2929K [0x00000006eb380000, 0x00000007aec80000, 0x00000007c0000000)
  eden space 2664960K, 0% used [0x00000006eb380000,0x00000006eb380000,0x000000078de00000)
  from space 3072K, 95% used [0x000000078de00000,0x000000078e0dc780,0x000000078e100000)
  to   space 3072K, 0% used [0x000000078e100000,0x000000078e100000,0x000000078e400000)
 ParOldGen       total 437248K, used 39845K [0x0000000541a00000, 0x000000055c500000, 0x00000006eb380000)
  object space 437248K, 9% used [0x0000000541a00000,0x00000005440e97e0,0x000000055c500000)
 Metaspace       used 15159K, capacity 15343K, committed 15744K, reserved 1062912K
  class space    used 1799K, capacity 1872K, committed 1920K, reserved 1048576K

Card table byte_map: [0x0000000011ae0000,0x0000000012ee0000] byte_map_base: 0x000000000f0d3000

Marking Bits: (ParMarkBitMap*) 0x000000005259a6c0
 Begin Bits: [0x0000000014430000, 0x000000001e3c8000)
 End Bits:   [0x000000001e3c8000, 0x0000000028360000)

Polling page: 0x0000000000bb0000

CodeCache: size=245760Kb used=9431Kb max_used=10214Kb free=236328Kb
 bounds [0x0000000002720000, 0x0000000003170000, 0x0000000011720000]
 total_blobs=2949 nmethods=2427 adapters=433
 compilation: enabled

Compilation events (10 events):
Event: 300.118 Thread 0x000000002c061000 3171       3       java.lang.String::checkBounds (46 bytes)
Event: 300.118 Thread 0x000000002c061000 nmethod 3171 0x0000000002aa3d90 code [0x0000000002aa3f20, 0x0000000002aa4288]
Event: 307.973 Thread 0x000000002c057800 3172       4       sun.awt.AWTAccessor::getEventQueueAccessor (18 bytes)
Event: 307.973 Thread 0x000000002c057800 nmethod 3172 0x0000000002e41390 code [0x0000000002e414c0, 0x0000000002e41538]
Event: 319.364 Thread 0x000000002c057800 3173       4       javax.swing.plaf.IconUIResource::getIconWidth (10 bytes)
Event: 319.365 Thread 0x000000002c057800 nmethod 3173 0x00000000029cb950 code [0x00000000029cbaa0, 0x00000000029cbb38]
Event: 319.493 Thread 0x000000002c049800 3174       4       javax.swing.plaf.basic.BasicButtonUI::getMaximumSize (44 bytes)
Event: 319.493 Thread 0x000000002c04e800 3175       4       javax.swing.plaf.basic.BasicRadioButtonUI::getPreferredSize (353 bytes)
Event: 319.503 Thread 0x000000002c049800 nmethod 3174 0x0000000002d20010 code [0x0000000002d201a0, 0x0000000002d20c18]
Event: 319.512 Thread 0x000000002c04e800 nmethod 3175 0x0000000002bbc4d0 code [0x0000000002bbc700, 0x0000000002bbd280]

GC Heap History (10 events):
Event: 325.633 GC heap after
Heap after GC invocations=11394 (full 5628):
 PSYoungGen      total 2668032K, used 0K [0x00000006eb380000, 0x000000078e400000, 0x00000007c0000000)
  eden space 2664960K, 0% used [0x00000006eb380000,0x00000006eb380000,0x000000078de00000)
  from space 3072K, 0% used [0x000000078e100000,0x000000078e100000,0x000000078e400000)
  to   space 3072K, 0% used [0x000000078de00000,0x000000078de00000,0x000000078e100000)
 ParOldGen       total 437248K, used 39841K [0x0000000541a00000, 0x000000055c500000, 0x00000006eb380000)
  object space 437248K, 9% used [0x0000000541a00000,0x00000005440e8570,0x000000055c500000)
 Metaspace       used 15159K, capacity 15343K, committed 15744K, reserved 1062912K
  class space    used 1799K, capacity 1872K, committed 1920K, reserved 1048576K
}
Event: 325.662 GC heap before
{Heap before GC invocations=11395 (full 5628):
 PSYoungGen      total 2668032K, used 46657K [0x00000006eb380000, 0x000000078e400000, 0x00000007c0000000)
  eden space 2664960K, 1% used [0x00000006eb380000,0x00000006ee1105e0,0x000000078de00000)
  from space 3072K, 0% used [0x000000078e100000,0x000000078e100000,0x000000078e400000)
  to   space 3072K, 0% used [0x000000078de00000,0x000000078de00000,0x000000078e100000)
 ParOldGen       total 437248K, used 39841K [0x0000000541a00000, 0x000000055c500000, 0x00000006eb380000)
  object space 437248K, 9% used [0x0000000541a00000,0x00000005440e8570,0x000000055c500000)
 Metaspace       used 15159K, capacity 15343K, committed 15744K, reserved 1062912K
  class space    used 1799K, capacity 1872K, committed 1920K, reserved 1048576K
Event: 325.663 GC heap after
Heap after GC invocations=11395 (full 5628):
 PSYoungGen      total 2668032K, used 2993K [0x00000006eb380000, 0x000000078e400000, 0x00000007c0000000)
  eden space 2664960K, 0% used [0x00000006eb380000,0x00000006eb380000,0x000000078de00000)
  from space 3072K, 97% used [0x000000078de00000,0x000000078e0ec780,0x000000078e100000)
  to   space 3072K, 0% used [0x000000078e100000,0x000000078e100000,0x000000078e400000)
 ParOldGen       total 437248K, used 39841K [0x0000000541a00000, 0x000000055c500000, 0x00000006eb380000)
  object space 437248K, 9% used [0x0000000541a00000,0x00000005440e8570,0x000000055c500000)
 Metaspace       used 15159K, capacity 15343K, committed 15744K, reserved 1062912K
  class space    used 1799K, capacity 1872K, committed 1920K, reserved 1048576K
}
Event: 325.663 GC heap before
{Heap before GC invocations=11396 (full 5629):
 PSYoungGen      total 2668032K, used 2993K [0x00000006eb380000, 0x000000078e400000, 0x00000007c0000000)
  eden space 2664960K, 0% used [0x00000006eb380000,0x00000006eb380000,0x000000078de00000)
  from space 3072K, 97% used [0x000000078de00000,0x000000078e0ec780,0x000000078e100000)
  to   space 3072K, 0% used [0x000000078e100000,0x000000078e100000,0x000000078e400000)
 ParOldGen       total 437248K, used 39841K [0x0000000541a00000, 0x000000055c500000, 0x00000006eb380000)
  object space 437248K, 9% used [0x0000000541a00000,0x00000005440e8570,0x000000055c500000)
 Metaspace       used 15159K, capacity 15343K, committed 15744K, reserved 1062912K
  class space    used 1799K, capacity 1872K, committed 1920K, reserved 1048576K
Event: 325.673 GC heap after
Heap after GC invocations=11396 (full 5629):
 PSYoungGen      total 2668032K, used 0K [0x00000006eb380000, 0x000000078e400000, 0x00000007c0000000)
  eden space 2664960K, 0% used [0x00000006eb380000,0x00000006eb380000,0x000000078de00000)
  from space 3072K, 0% used [0x000000078de00000,0x000000078de00000,0x000000078e100000)
  to   space 3072K, 0% used [0x000000078e100000,0x000000078e100000,0x000000078e400000)
 ParOldGen       total 437248K, used 39845K [0x0000000541a00000, 0x000000055c500000, 0x00000006eb380000)
  object space 437248K, 9% used [0x0000000541a00000,0x00000005440e9538,0x000000055c500000)
 Metaspace       used 15159K, capacity 15343K, committed 15744K, reserved 1062912K
  class space    used 1799K, capacity 1872K, committed 1920K, reserved 1048576K
}
Event: 325.711 GC heap before
{Heap before GC invocations=11397 (full 5629):
 PSYoungGen      total 2668032K, used 46657K [0x00000006eb380000, 0x000000078e400000, 0x00000007c0000000)
  eden space 2664960K, 1% used [0x00000006eb380000,0x00000006ee110600,0x000000078de00000)
  from space 3072K, 0% used [0x000000078de00000,0x000000078de00000,0x000000078e100000)
  to   space 3072K, 0% used [0x000000078e100000,0x000000078e100000,0x000000078e400000)
 ParOldGen       total 437248K, used 39845K [0x0000000541a00000, 0x000000055c500000, 0x00000006eb380000)
  object space 437248K, 9% used [0x0000000541a00000,0x00000005440e9538,0x000000055c500000)
 Metaspace       used 15159K, capacity 15343K, committed 15744K, reserved 1062912K
  class space    used 1799K, capacity 1872K, committed 1920K, reserved 1048576K
Event: 325.712 GC heap after
Heap after GC invocations=11397 (full 5629):
 PSYoungGen      total 2668032K, used 2961K [0x00000006eb380000, 0x000000078e400000, 0x00000007c0000000)
  eden space 2664960K, 0% used [0x00000006eb380000,0x00000006eb380000,0x000000078de00000)
  from space 3072K, 96% used [0x000000078e100000,0x000000078e3e4780,0x000000078e400000)
  to   space 3072K, 0% used [0x000000078de00000,0x000000078de00000,0x000000078e100000)
 ParOldGen       total 437248K, used 39845K [0x0000000541a00000, 0x000000055c500000, 0x00000006eb380000)
  object space 437248K, 9% used [0x0000000541a00000,0x00000005440e9538,0x000000055c500000)
 Metaspace       used 15159K, capacity 15343K, committed 15744K, reserved 1062912K
  class space    used 1799K, capacity 1872K, committed 1920K, reserved 1048576K
}
Event: 325.712 GC heap before
{Heap before GC invocations=11398 (full 5630):
 PSYoungGen      total 2668032K, used 2961K [0x00000006eb380000, 0x000000078e400000, 0x00000007c0000000)
  eden space 2664960K, 0% used [0x00000006eb380000,0x00000006eb380000,0x000000078de00000)
  from space 3072K, 96% used [0x000000078e100000,0x000000078e3e4780,0x000000078e400000)
  to   space 3072K, 0% used [0x000000078de00000,0x000000078de00000,0x000000078e100000)
 ParOldGen       total 437248K, used 39845K [0x0000000541a00000, 0x000000055c500000, 0x00000006eb380000)
  object space 437248K, 9% used [0x0000000541a00000,0x00000005440e9538,0x000000055c500000)
 Metaspace       used 15159K, capacity 15343K, committed 15744K, reserved 1062912K
  class space    used 1799K, capacity 1872K, committed 1920K, reserved 1048576K
Event: 325.722 GC heap after
Heap after GC invocations=11398 (full 5630):
 PSYoungGen      total 2668032K, used 0K [0x00000006eb380000, 0x000000078e400000, 0x00000007c0000000)
  eden space 2664960K, 0% used [0x00000006eb380000,0x00000006eb380000,0x000000078de00000)
  from space 3072K, 0% used [0x000000078e100000,0x000000078e100000,0x000000078e400000)
  to   space 3072K, 0% used [0x000000078de00000,0x000000078de00000,0x000000078e100000)
 ParOldGen       total 437248K, used 39845K [0x0000000541a00000, 0x000000055c500000, 0x00000006eb380000)
  object space 437248K, 9% used [0x0000000541a00000,0x00000005440e97e0,0x000000055c500000)
 Metaspace       used 15159K, capacity 15343K, committed 15744K, reserved 1062912K
  class space    used 1799K, capacity 1872K, committed 1920K, reserved 1048576K
}
Event: 325.770 GC heap before
{Heap before GC invocations=11399 (full 5630):
 PSYoungGen      total 2668032K, used 46657K [0x00000006eb380000, 0x000000078e400000, 0x00000007c0000000)
  eden space 2664960K, 1% used [0x00000006eb380000,0x00000006ee110600,0x000000078de00000)
  from space 3072K, 0% used [0x000000078e100000,0x000000078e100000,0x000000078e400000)
  to   space 3072K, 0% used [0x000000078de00000,0x000000078de00000,0x000000078e100000)
 ParOldGen       total 437248K, used 39845K [0x0000000541a00000, 0x000000055c500000, 0x00000006eb380000)
  object space 437248K, 9% used [0x0000000541a00000,0x00000005440e97e0,0x000000055c500000)
 Metaspace       used 15159K, capacity 15343K, committed 15744K, reserved 1062912K
  class space    used 1799K, capacity 1872K, committed 1920K, reserved 1048576K

Deoptimization events (10 events):
Event: 135.476 Thread 0x000000002c086800 Uncommon trap: reason=unstable_if action=reinterpret pc=0x0000000002e50ef8 method=sun.misc.FDBigInteger.addAndCmp(Lsun/misc/FDBigInteger;Lsun/misc/FDBigInteger;)I @ 16
Event: 141.179 Thread 0x000000002c086800 Uncommon trap: reason=unstable_if action=reinterpret pc=0x0000000002b0fd14 method=java.util.DualPivotQuicksort.sort([DIIZ)V @ 94
Event: 143.656 Thread 0x000000002c086800 Uncommon trap: reason=unstable_if action=reinterpret pc=0x0000000003025d4c method=sun.misc.FloatingDecimal$BinaryToASCIIBuffer.dtoa(IJIZ)V @ 1213
Event: 188.433 Thread 0x000000002c086800 Uncommon trap: reason=unstable_if action=reinterpret pc=0x0000000002e8b430 method=simpleactin.Protein.update(D)Z @ 518
Event: 250.105 Thread 0x000000002c086800 Uncommon trap: reason=unstable_if action=reinterpret pc=0x0000000002f84d2c method=javax.swing.RepaintManager.addDirtyRegion0(Ljava/awt/Container;IIII)V @ 108
Event: 252.125 Thread 0x000000002d0d5800 Uncommon trap: reason=class_check action=maybe_recompile pc=0x0000000002e4bca8 method=java.awt.Container.validateTree()V @ 21
Event: 252.126 Thread 0x000000002d0d5800 Uncommon trap: reason=class_check action=maybe_recompile pc=0x0000000002e0e2e0 method=sun.java2d.Disposer.add(Ljava/lang/Object;Lsun/java2d/DisposerRecord;)V @ 1
Event: 257.802 Thread 0x000000002d0d5800 Uncommon trap: reason=class_check action=maybe_recompile pc=0x0000000002e4bca8 method=java.awt.Container.validateTree()V @ 21
Event: 257.803 Thread 0x000000002d0d5800 Uncommon trap: reason=class_check action=maybe_recompile pc=0x0000000002e0e2e0 method=sun.java2d.Disposer.add(Ljava/lang/Object;Lsun/java2d/DisposerRecord;)V @ 1
Event: 261.115 Thread 0x000000002c086800 Uncommon trap: reason=unstable_if action=reinterpret pc=0x0000000002d4f200 method=simpleactin.Filament.dynamic(Ljava/util/LinkedList;Lsimpleactin/PolymerizationRate;ZD)I @ 26

Internal exceptions (10 events):
Event: 0.122 Thread 0x000000000261d800 Exception <a 'java/security/PrivilegedActionException'> (0x00000006ebaa8a50) thrown at [C:\re\workspace\8-2-build-windows-amd64-cygwin\jdk8u111\7883\hotspot\src\share\vm\prims\jvm.cpp, line 1386]
Event: 0.127 Thread 0x000000000261d800 Exception <a 'java/io/FileNotFoundException'> (0x00000006ebaaacd8) thrown at [C:\re\workspace\8-2-build-windows-amd64-cygwin\jdk8u111\7883\hotspot\src\share\vm\prims\jni.cpp, line 709]
Event: 0.157 Thread 0x000000000261d800 Exception <a 'java/lang/NoSuchFieldError': method resolution failed> (0x00000006ebb78388) thrown at [C:\re\workspace\8-2-build-windows-amd64-cygwin\jdk8u111\7883\hotspot\src\share\vm\prims\methodHandles.cpp, line 1146]
Event: 0.158 Thread 0x000000000261d800 Exception <a 'java/lang/NoSuchFieldError': method resolution failed> (0x00000006ebb85758) thrown at [C:\re\workspace\8-2-build-windows-amd64-cygwin\jdk8u111\7883\hotspot\src\share\vm\prims\methodHandles.cpp, line 1146]
Event: 0.214 Thread 0x000000000261d800 Exception <a 'java/io/FileNotFoundException'> (0x00000006ebc67c38) thrown at [C:\re\workspace\8-2-build-windows-amd64-cygwin\jdk8u111\7883\hotspot\src\share\vm\prims\jni.cpp, line 709]
Event: 0.263 Thread 0x000000000261d800 Implicit null exception at 0x00000000028a56e6 to 0x00000000028a58cd
Event: 30.779 Thread 0x000000002d0d5800 Implicit null exception at 0x0000000002bea27d to 0x0000000002bea3ab
Event: 34.564 Thread 0x000000002d0d5800 Implicit null exception at 0x00000000029c5370 to 0x00000000029c53cc
Event: 56.372 Thread 0x000000002c086800 Implicit null exception at 0x0000000002e090b0 to 0x0000000002e0927d
Event: 69.507 Thread 0x000000002d0d5800 Implicit null exception at 0x0000000002e1f6cc to 0x0000000002e2143d

Events (10 events):
Event: 325.528 Executing VM operation: ParallelGCSystemGC done
Event: 325.572 Executing VM operation: ParallelGCSystemGC
Event: 325.583 Executing VM operation: ParallelGCSystemGC done
Event: 325.620 Executing VM operation: ParallelGCSystemGC
Event: 325.633 Executing VM operation: ParallelGCSystemGC done
Event: 325.662 Executing VM operation: ParallelGCSystemGC
Event: 325.673 Executing VM operation: ParallelGCSystemGC done
Event: 325.711 Executing VM operation: ParallelGCSystemGC
Event: 325.722 Executing VM operation: ParallelGCSystemGC done
Event: 325.770 Executing VM operation: ParallelGCSystemGC


Dynamic libraries:
0x00007ff708fb0000 - 0x00007ff708fe7000 	C:\Program Files\Java\jdk1.8.0_111\bin\java.exe
0x00007ffe78320000 - 0x00007ffe78501000 	C:\WINDOWS\SYSTEM32\ntdll.dll
0x00007ffe55460000 - 0x00007ffe55487000 	C:\Program Files\Cylance\Desktop\CyMemDef64.dll
0x00007ffe77a20000 - 0x00007ffe77ad1000 	C:\WINDOWS\System32\KERNEL32.DLL
0x00007ffe75340000 - 0x00007ffe755b3000 	C:\WINDOWS\System32\KERNELBASE.dll
0x00007ffe77970000 - 0x00007ffe77a11000 	C:\WINDOWS\System32\ADVAPI32.dll
0x00007ffe75790000 - 0x00007ffe7582e000 	C:\WINDOWS\System32\msvcrt.dll
0x00007ffe75bb0000 - 0x00007ffe75c0b000 	C:\WINDOWS\System32\sechost.dll
0x00007ffe77820000 - 0x00007ffe77944000 	C:\WINDOWS\System32\RPCRT4.dll
0x00007ffe75830000 - 0x00007ffe759c1000 	C:\WINDOWS\System32\USER32.dll
0x00007ffe752c0000 - 0x00007ffe752e0000 	C:\WINDOWS\System32\win32u.dll
0x00007ffe75ce0000 - 0x00007ffe75d08000 	C:\WINDOWS\System32\GDI32.dll
0x00007ffe75120000 - 0x00007ffe752b3000 	C:\WINDOWS\System32\gdi32full.dll
0x00007ffe75080000 - 0x00007ffe7511f000 	C:\WINDOWS\System32\msvcp_win.dll
0x00007ffe75610000 - 0x00007ffe75708000 	C:\WINDOWS\System32\ucrtbase.dll
0x00007ffe645f0000 - 0x00007ffe64859000 	C:\WINDOWS\WinSxS\amd64_microsoft.windows.common-controls_6595b64144ccf1df_6.0.17134.1845_none_d3ffcfc77c905a82\COMCTL32.dll
0x00007ffe77fb0000 - 0x00007ffe782d1000 	C:\WINDOWS\System32\combase.dll
0x00007ffe75710000 - 0x00007ffe75789000 	C:\WINDOWS\System32\bcryptPrimitives.dll
0x00007ffe759e0000 - 0x00007ffe75a0d000 	C:\WINDOWS\System32\IMM32.DLL
0x0000000051ca0000 - 0x0000000051d72000 	C:\Program Files\Java\jdk1.8.0_111\jre\bin\msvcr100.dll
0x0000000051d80000 - 0x000000005261a000 	C:\Program Files\Java\jdk1.8.0_111\jre\bin\server\jvm.dll
0x00007ffe775f0000 - 0x00007ffe775f8000 	C:\WINDOWS\System32\PSAPI.DLL
0x00007ffe643d0000 - 0x00007ffe643d9000 	C:\WINDOWS\SYSTEM32\WSOCK32.dll
0x00007ffe75c70000 - 0x00007ffe75cdc000 	C:\WINDOWS\System32\WS2_32.dll
0x00007ffe65720000 - 0x00007ffe65743000 	C:\WINDOWS\SYSTEM32\WINMM.dll
0x00007ffe6fe90000 - 0x00007ffe6fe9a000 	C:\WINDOWS\SYSTEM32\VERSION.dll
0x00007ffe654f0000 - 0x00007ffe6551a000 	C:\WINDOWS\SYSTEM32\WINMMBASE.dll
0x00007ffe755c0000 - 0x00007ffe75609000 	C:\WINDOWS\System32\cfgmgr32.dll
0x0000000051c50000 - 0x0000000051c5f000 	C:\Program Files\Java\jdk1.8.0_111\jre\bin\verify.dll
0x0000000051c20000 - 0x0000000051c49000 	C:\Program Files\Java\jdk1.8.0_111\jre\bin\java.dll
0x0000000051c00000 - 0x0000000051c16000 	C:\Program Files\Java\jdk1.8.0_111\jre\bin\zip.dll
0x00007ffe75f60000 - 0x00007ffe773a5000 	C:\WINDOWS\System32\SHELL32.dll
0x00007ffe776a0000 - 0x00007ffe77749000 	C:\WINDOWS\System32\shcore.dll
0x00007ffe748b0000 - 0x00007ffe74fc5000 	C:\WINDOWS\System32\windows.storage.dll
0x00007ffe75c10000 - 0x00007ffe75c61000 	C:\WINDOWS\System32\shlwapi.dll
0x00007ffe74650000 - 0x00007ffe74661000 	C:\WINDOWS\System32\kernel.appcore.dll
0x00007ffe74610000 - 0x00007ffe7462f000 	C:\WINDOWS\System32\profapi.dll
0x00007ffe74670000 - 0x00007ffe746bc000 	C:\WINDOWS\System32\powrprof.dll
0x00007ffe74600000 - 0x00007ffe7460a000 	C:\WINDOWS\System32\FLTLIB.DLL
0x0000000051a20000 - 0x0000000051bb8000 	C:\Program Files\Java\jdk1.8.0_111\jre\bin\awt.dll
0x00007ffe77750000 - 0x00007ffe77812000 	C:\WINDOWS\System32\OLEAUT32.dll
0x00007ffe72730000 - 0x00007ffe727bb000 	C:\WINDOWS\SYSTEM32\apphelp.dll
0x00007ffe728e0000 - 0x00007ffe72978000 	C:\WINDOWS\system32\uxtheme.dll
0x00007ffe77470000 - 0x00007ffe775e4000 	C:\WINDOWS\System32\MSCTF.dll
0x00007ffe72d00000 - 0x00007ffe72d29000 	C:\WINDOWS\system32\dwmapi.dll
0x00007ffe75d10000 - 0x00007ffe75e62000 	C:\WINDOWS\System32\ole32.dll
0x00000000519d0000 - 0x0000000051a17000 	C:\Program Files\Java\jdk1.8.0_111\jre\bin\fontmanager.dll
0x0000000051be0000 - 0x0000000051bfa000 	C:\Program Files\Java\jdk1.8.0_111\jre\bin\net.dll
0x00007ffe73e20000 - 0x00007ffe73e86000 	C:\WINDOWS\system32\mswsock.dll
0x0000000051bc0000 - 0x0000000051bd1000 	C:\Program Files\Java\jdk1.8.0_111\jre\bin\nio.dll
0x0000000051980000 - 0x00000000519c2000 	C:\Program Files\Java\jdk1.8.0_111\jre\bin\t2k.dll
0x00007ffe77600000 - 0x00007ffe776a0000 	C:\WINDOWS\System32\clbcatq.dll
0x00007ffe5ec10000 - 0x00007ffe5edbe000 	C:\WINDOWS\SYSTEM32\WindowsCodecs.dll
0x00007ffe5f980000 - 0x00007ffe5f9d8000 	C:\WINDOWS\system32\dataexchange.dll
0x00007ffe716f0000 - 0x00007ffe719fb000 	C:\WINDOWS\system32\d3d11.dll
0x00007ffe71d10000 - 0x00007ffe71eac000 	C:\WINDOWS\system32\dcomp.dll
0x00007ffe73220000 - 0x00007ffe732db000 	C:\WINDOWS\system32\dxgi.dll
0x00007ffe72b40000 - 0x00007ffe72cff000 	C:\WINDOWS\system32\twinapi.appcore.dll
0x00007ffe72d60000 - 0x00007ffe72d81000 	C:\WINDOWS\system32\RMCLIENT.dll
0x00007ffe5e360000 - 0x00007ffe5e3f6000 	C:\WINDOWS\System32\TextInputFramework.dll
0x00007ffe5e040000 - 0x00007ffe5e35e000 	C:\WINDOWS\System32\CoreUIComponents.dll
0x00007ffe72230000 - 0x00007ffe7230a000 	C:\WINDOWS\System32\CoreMessaging.dll
0x00007ffe732e0000 - 0x00007ffe73311000 	C:\WINDOWS\SYSTEM32\ntmarta.dll
0x00007ffe6ea00000 - 0x00007ffe6eb4d000 	C:\WINDOWS\SYSTEM32\wintypes.dll
0x0000000051940000 - 0x000000005196a000 	C:\Program Files\Java\jdk1.8.0_111\jre\bin\dcpr.dll

VM Arguments:
jvm_args: -Dfile.encoding=UTF-8 
java_command: simpleactin.SimpleActin
java_class_path (initial): C:\Users\sm2983\Documents\NetBeansProjects\Intensity\build\classes;C:\Users\sm2983\Downloads\darcula.jar;C:\Users\sm2983\Downloads\commons-math3-3.6.1.jar;C:\Users\sm2983\Documents\NetBeansProjects\SimpleActin\build\classes
Launcher Type: SUN_STANDARD

Environment Variables:
PATH=C:\Program Files\NVIDIA GPU Computing Toolkit\CUDA\v10.2\bin;C:\Program Files\NVIDIA GPU Computing Toolkit\CUDA\v10.2\libnvvp;;C:\Program Files (x86)\Common Files\Oracle\Java\javapath;C:\ProgramData\Oracle\Java\javapath;C:\ProgramData\Anaconda3;C:\ProgramData\Anaconda3\Library\mingw-w64\bin;C:\ProgramData\Anaconda3\Library\usr\bin;C:\ProgramData\Anaconda3\Library\bin;C:\ProgramData\Anaconda3\Scripts;C:\WINDOWS\system32;C:\WINDOWS;C:\WINDOWS\System32\Wbem;C:\WINDOWS\System32\WindowsPowerShell\v1.0\;C:\oracle\product\11.2.0\client_1\bin;C:\windows\SysWOW64\;C:\windows\SysWOW64\Wbem;C:\windows\SysWOW64\WindowsPowerShell\v1.0;C:\Program Files\Microsoft Application Virtualization\Sequencer;C:\Program Files\MATLAB\R2017b\runtime\win64;C:\Program Files\MATLAB\R2017b\bin;C:\WINDOWS\System32\OpenSSH\;C:\Program Files\NVIDIA Corporation\Nsight Compute 2019.5.0\;C:\Program Files (x86)\NVIDIA Corporation\PhysX\Common;C:\Program Files\dotnet\;C:\Program Files\Microsoft SQL Server\130\Tools\Binn\;C:\Program Files\Microsoft SQL Server\Client SDK\ODBC\170\Tools\Binn\;C:\Python27;C:\Program Files (x86)\IntelSWTools\sw_dev_tools\tools\DAL_1.1942.1019.110\;C:\Users\sm2983\AppData\Local\Microsoft\WindowsApps;C:\Program Files\Java\jdk1.8.0_111\bin;C:\Qt\Tools\mingw730_64\bin;
USERNAME=sm2983
OS=Windows_NT
PROCESSOR_IDENTIFIER=Intel64 Family 6 Model 94 Stepping 3, GenuineIntel



---------------  S Y S T E M  ---------------

OS: Windows 10.0 , 64 bit Build 17134 (10.0.17134.1425)

CPU:total 8 (4 cores per cpu, 2 threads per core) family 6 model 94 stepping 3, cmov, cx8, fxsr, mmx, sse, sse2, sse3, ssse3, sse4.1, sse4.2, popcnt, avx, avx2, aes, clmul, erms, rtm, 3dnowpref, lzcnt, ht, tsc, tscinvbit, bmi1, bmi2, adx

Memory: 4k page, physical 41830244k(23314984k free), swap 48913872k(5448k free)

vm_info: Java HotSpot(TM) 64-Bit Server VM (25.111-b14) for windows-amd64 JRE (1.8.0_111-b14), built on Sep 22 2016 19:24:05 by "java_re" with MS VC++ 10.0 (VS2010)

time: Thu Jan 28 15:55:43 2021
elapsed time: 325 seconds (0d 0h 5m 25s)

