#
# There is insufficient memory for the Java Runtime Environment to continue.
# Native memory allocation (malloc) failed to allocate 32744 bytes for ChunkPool::allocate
# Possible reasons:
#   The system is out of physical RAM or swap space
#   In 32 bit mode, the process size limit was hit
# Possible solutions:
#   Reduce memory load on the system
#   Increase physical memory or swap space
#   Check if swap backing store is full
#   Use 64 bit Java on a 64 bit OS
#   Decrease Java heap size (-Xmx/-Xms)
#   Decrease number of Java threads
#   Decrease Java thread stack sizes (-Xss)
#   Set larger code cache with -XX:ReservedCodeCacheSize=
# This output file may be truncated or incomplete.
#
#  Out of Memory Error (allocation.cpp:273), pid=3052, tid=0x0000000000003b60
#
# JRE version: Java(TM) SE Runtime Environment (8.0_111-b14) (build 1.8.0_111-b14)
# Java VM: Java HotSpot(TM) 64-Bit Server VM (25.111-b14 mixed mode windows-amd64 compressed oops)
# Failed to write core dump. Minidumps are not enabled by default on client versions of Windows
#

---------------  T H R E A D  ---------------

Current thread (0x000000002c372000):  JavaThread "C2 CompilerThread0" daemon [_thread_in_native, id=15200, stack(0x000000002cb30000,0x000000002cc30000)]

Stack: [0x000000002cb30000,0x000000002cc30000]
[error occurred during error reporting (printing stack bounds), id 0xc0000005]

Native frames: (J=compiled Java code, j=interpreted, Vv=VM code, C=native code)


Current CompileTask:
C2: 415842 2862       4       org.apache.commons.math3.special.Gamma::regularizedGammaP (202 bytes)


---------------  P R O C E S S  ---------------

Java Threads: ( => current thread )
  0x000000002c412800 JavaThread "Thread-2" [_thread_in_Java, id=10908, stack(0x00000000309d0000,0x0000000030ad0000)]
  0x000000002c4e9000 JavaThread "TimerQueue" daemon [_thread_blocked, id=14436, stack(0x00000000308d0000,0x00000000309d0000)]
  0x000000000294e000 JavaThread "DestroyJavaVM" [_thread_blocked, id=1916, stack(0x00000000025f0000,0x00000000026f0000)]
  0x000000002d43c800 JavaThread "AWT-EventQueue-0" [_thread_blocked, id=17992, stack(0x000000002ddb0000,0x000000002deb0000)]
  0x000000002d304800 JavaThread "AWT-Windows" daemon [_thread_in_native, id=18836, stack(0x000000002dc70000,0x000000002dd70000)]
  0x000000002d2fd800 JavaThread "AWT-Shutdown" [_thread_blocked, id=15368, stack(0x000000002db70000,0x000000002dc70000)]
  0x000000002d2fd000 JavaThread "Java2D Disposer" daemon [_thread_blocked, id=15344, stack(0x000000002da70000,0x000000002db70000)]
  0x000000002c3f5000 JavaThread "Service Thread" daemon [_thread_blocked, id=5404, stack(0x000000002cf30000,0x000000002d030000)]
  0x000000002c37e800 JavaThread "C1 CompilerThread3" daemon [_thread_blocked, id=164, stack(0x000000002ce30000,0x000000002cf30000)]
  0x000000002c379800 JavaThread "C2 CompilerThread2" daemon [_thread_blocked, id=5368, stack(0x000000002cd30000,0x000000002ce30000)]
  0x000000002c377800 JavaThread "C2 CompilerThread1" daemon [_thread_blocked, id=8848, stack(0x000000002cc30000,0x000000002cd30000)]
=>0x000000002c372000 JavaThread "C2 CompilerThread0" daemon [_thread_in_native, id=15200, stack(0x000000002cb30000,0x000000002cc30000)]
  0x000000002c36f000 JavaThread "Attach Listener" daemon [_thread_blocked, id=14096, stack(0x000000002ca30000,0x000000002cb30000)]
  0x000000002c36e000 JavaThread "Signal Dispatcher" daemon [_thread_blocked, id=9740, stack(0x000000002c930000,0x000000002ca30000)]
  0x0000000002879000 JavaThread "Finalizer" daemon [_thread_blocked, id=19248, stack(0x000000002c740000,0x000000002c840000)]
  0x0000000002878000 JavaThread "Reference Handler" daemon [_thread_blocked, id=19064, stack(0x000000002c240000,0x000000002c340000)]

Other Threads:
  0x000000002a448800 VMThread [stack: 0x000000002c140000,0x000000002c240000] [id=16680]
  0x000000002c3fe800 WatcherThread [stack: 0x000000002d030000,0x000000002d130000] [id=920]

VM state:not at safepoint (normal execution)

VM Mutex/Monitor currently owned by a thread: None

Heap:
 PSYoungGen      total 3280384K, used 131071K [0x00000006eb380000, 0x00000007b3a80000, 0x00000007c0000000)
  eden space 3276800K, 3% used [0x00000006eb380000,0x00000006f337ffb8,0x00000007b3380000)
  from space 3584K, 0% used [0x00000007b3700000,0x00000007b3700000,0x00000007b3a80000)
  to   space 3584K, 0% used [0x00000007b3380000,0x00000007b3380000,0x00000007b3700000)
 ParOldGen       total 437248K, used 40751K [0x0000000541a00000, 0x000000055c500000, 0x00000006eb380000)
  object space 437248K, 9% used [0x0000000541a00000,0x00000005441cbe30,0x000000055c500000)
 Metaspace       used 14797K, capacity 15061K, committed 15232K, reserved 1062912K
  class space    used 1750K, capacity 1843K, committed 1920K, reserved 1048576K

Card table byte_map: [0x0000000011d10000,0x0000000013110000] byte_map_base: 0x000000000f303000

Marking Bits: (ParMarkBitMap*) 0x000000007600a6c0
 Begin Bits: [0x0000000014660000, 0x000000001e5f8000)
 End Bits:   [0x000000001e5f8000, 0x0000000028590000)

Polling page: 0x0000000000a60000

CodeCache: size=245760Kb used=8292Kb max_used=8549Kb free=237467Kb
 bounds [0x0000000002950000, 0x00000000031f0000, 0x0000000011950000]
 total_blobs=2796 nmethods=2278 adapters=429
 compilation: enabled

Compilation events (10 events):
Event: 410.636 Thread 0x000000002c379800 nmethod 2857 0x0000000002f5f350 code [0x0000000002f5f4c0, 0x0000000002f5f6b8]
Event: 410.764 Thread 0x000000002c377800 2858       4       java.awt.image.DirectColorModel::<init> (37 bytes)
Event: 410.802 Thread 0x000000002c377800 nmethod 2858 0x0000000003127190 code [0x0000000003127380, 0x0000000003127fd8]
Event: 410.986 Thread 0x000000002c372000 2859       4       sun.java2d.SunGraphics2D::setStroke (60 bytes)
Event: 410.988 Thread 0x000000002c372000 nmethod 2859 0x0000000002fcd550 code [0x0000000002fcd6a0, 0x0000000002fcd7c8]
Event: 411.444 Thread 0x000000002c379800 2860       4       javax.swing.JProgressBar::setValue (49 bytes)
Event: 411.449 Thread 0x000000002c379800 nmethod 2860 0x000000000310e850 code [0x000000000310e9c0, 0x000000000310ee68]
Event: 411.469 Thread 0x000000002c377800 2861       4       simpleactin.MainJFrame::updateHisto (338 bytes)
Event: 411.659 Thread 0x000000002c377800 nmethod 2861 0x00000000030c9310 code [0x00000000030c9b40, 0x00000000030cef90]
Event: 415.824 Thread 0x000000002c372000 2862       4       org.apache.commons.math3.special.Gamma::regularizedGammaP (202 bytes)

GC Heap History (10 events):
Event: 415.551 GC heap before
{Heap before GC invocations=3353 (full 1615):
 PSYoungGen      total 3280384K, used 131071K [0x00000006eb380000, 0x00000007b3a80000, 0x00000007c0000000)
  eden space 3276800K, 3% used [0x00000006eb380000,0x00000006f337ffb8,0x00000007b3380000)
  from space 3584K, 0% used [0x00000007b3380000,0x00000007b3380000,0x00000007b3700000)
  to   space 3584K, 0% used [0x00000007b3700000,0x00000007b3700000,0x00000007b3a80000)
 ParOldGen       total 437248K, used 40752K [0x0000000541a00000, 0x000000055c500000, 0x00000006eb380000)
  object space 437248K, 9% used [0x0000000541a00000,0x00000005441cc2a0,0x000000055c500000)
 Metaspace       used 14797K, capacity 15061K, committed 15232K, reserved 1062912K
  class space    used 1750K, capacity 1843K, committed 1920K, reserved 1048576K
Event: 415.553 GC heap after
Heap after GC invocations=3353 (full 1615):
 PSYoungGen      total 3280384K, used 2929K [0x00000006eb380000, 0x00000007b3a80000, 0x00000007c0000000)
  eden space 3276800K, 0% used [0x00000006eb380000,0x00000006eb380000,0x00000007b3380000)
  from space 3584K, 81% used [0x00000007b3700000,0x00000007b39dc780,0x00000007b3a80000)
  to   space 3584K, 0% used [0x00000007b3380000,0x00000007b3380000,0x00000007b3700000)
 ParOldGen       total 437248K, used 40752K [0x0000000541a00000, 0x000000055c500000, 0x00000006eb380000)
  object space 437248K, 9% used [0x0000000541a00000,0x00000005441cc2a0,0x000000055c500000)
 Metaspace       used 14797K, capacity 15061K, committed 15232K, reserved 1062912K
  class space    used 1750K, capacity 1843K, committed 1920K, reserved 1048576K
}
Event: 415.553 GC heap before
{Heap before GC invocations=3354 (full 1616):
 PSYoungGen      total 3280384K, used 2929K [0x00000006eb380000, 0x00000007b3a80000, 0x00000007c0000000)
  eden space 3276800K, 0% used [0x00000006eb380000,0x00000006eb380000,0x00000007b3380000)
  from space 3584K, 81% used [0x00000007b3700000,0x00000007b39dc780,0x00000007b3a80000)
  to   space 3584K, 0% used [0x00000007b3380000,0x00000007b3380000,0x00000007b3700000)
 ParOldGen       total 437248K, used 40752K [0x0000000541a00000, 0x000000055c500000, 0x00000006eb380000)
  object space 437248K, 9% used [0x0000000541a00000,0x00000005441cc2a0,0x000000055c500000)
 Metaspace       used 14797K, capacity 15061K, committed 15232K, reserved 1062912K
  class space    used 1750K, capacity 1843K, committed 1920K, reserved 1048576K
Event: 415.572 GC heap after
Heap after GC invocations=3354 (full 1616):
 PSYoungGen      total 3280384K, used 0K [0x00000006eb380000, 0x00000007b3a80000, 0x00000007c0000000)
  eden space 3276800K, 0% used [0x00000006eb380000,0x00000006eb380000,0x00000007b3380000)
  from space 3584K, 0% used [0x00000007b3700000,0x00000007b3700000,0x00000007b3a80000)
  to   space 3584K, 0% used [0x00000007b3380000,0x00000007b3380000,0x00000007b3700000)
 ParOldGen       total 437248K, used 40752K [0x0000000541a00000, 0x000000055c500000, 0x00000006eb380000)
  object space 437248K, 9% used [0x0000000541a00000,0x00000005441cc000,0x000000055c500000)
 Metaspace       used 14797K, capacity 15061K, committed 15232K, reserved 1062912K
  class space    used 1750K, capacity 1843K, committed 1920K, reserved 1048576K
}
Event: 415.700 GC heap before
{Heap before GC invocations=3355 (full 1616):
 PSYoungGen      total 3280384K, used 196607K [0x00000006eb380000, 0x00000007b3a80000, 0x00000007c0000000)
  eden space 3276800K, 5% used [0x00000006eb380000,0x00000006f737ffc8,0x00000007b3380000)
  from space 3584K, 0% used [0x00000007b3700000,0x00000007b3700000,0x00000007b3a80000)
  to   space 3584K, 0% used [0x00000007b3380000,0x00000007b3380000,0x00000007b3700000)
 ParOldGen       total 437248K, used 40752K [0x0000000541a00000, 0x000000055c500000, 0x00000006eb380000)
  object space 437248K, 9% used [0x0000000541a00000,0x00000005441cc000,0x000000055c500000)
 Metaspace       used 14797K, capacity 15061K, committed 15232K, reserved 1062912K
  class space    used 1750K, capacity 1843K, committed 1920K, reserved 1048576K
Event: 415.707 GC heap after
Heap after GC invocations=3355 (full 1616):
 PSYoungGen      total 3280384K, used 2993K [0x00000006eb380000, 0x00000007b3a80000, 0x00000007c0000000)
  eden space 3276800K, 0% used [0x00000006eb380000,0x00000006eb380000,0x00000007b3380000)
  from space 3584K, 83% used [0x00000007b3380000,0x00000007b366c780,0x00000007b3700000)
  to   space 3584K, 0% used [0x00000007b3700000,0x00000007b3700000,0x00000007b3a80000)
 ParOldGen       total 437248K, used 40752K [0x0000000541a00000, 0x000000055c500000, 0x00000006eb380000)
  object space 437248K, 9% used [0x0000000541a00000,0x00000005441cc000,0x000000055c500000)
 Metaspace       used 14797K, capacity 15061K, committed 15232K, reserved 1062912K
  class space    used 1750K, capacity 1843K, committed 1920K, reserved 1048576K
}
Event: 415.767 GC heap before
{Heap before GC invocations=3356 (full 1616):
 PSYoungGen      total 3280384K, used 134065K [0x00000006eb380000, 0x00000007b3a80000, 0x00000007c0000000)
  eden space 3276800K, 3% used [0x00000006eb380000,0x00000006f337ffd0,0x00000007b3380000)
  from space 3584K, 83% used [0x00000007b3380000,0x00000007b366c780,0x00000007b3700000)
  to   space 3584K, 0% used [0x00000007b3700000,0x00000007b3700000,0x00000007b3a80000)
 ParOldGen       total 437248K, used 40752K [0x0000000541a00000, 0x000000055c500000, 0x00000006eb380000)
  object space 437248K, 9% used [0x0000000541a00000,0x00000005441cc000,0x000000055c500000)
 Metaspace       used 14797K, capacity 15061K, committed 15232K, reserved 1062912K
  class space    used 1750K, capacity 1843K, committed 1920K, reserved 1048576K
Event: 415.769 GC heap after
Heap after GC invocations=3356 (full 1616):
 PSYoungGen      total 3280384K, used 2897K [0x00000006eb380000, 0x00000007b3a80000, 0x00000007c0000000)
  eden space 3276800K, 0% used [0x00000006eb380000,0x00000006eb380000,0x00000007b3380000)
  from space 3584K, 80% used [0x00000007b3700000,0x00000007b39d4780,0x00000007b3a80000)
  to   space 3584K, 0% used [0x00000007b3380000,0x00000007b3380000,0x00000007b3700000)
 ParOldGen       total 437248K, used 40792K [0x0000000541a00000, 0x000000055c500000, 0x00000006eb380000)
  object space 437248K, 9% used [0x0000000541a00000,0x00000005441d6000,0x000000055c500000)
 Metaspace       used 14797K, capacity 15061K, committed 15232K, reserved 1062912K
  class space    used 1750K, capacity 1843K, committed 1920K, reserved 1048576K
}
Event: 415.769 GC heap before
{Heap before GC invocations=3357 (full 1617):
 PSYoungGen      total 3280384K, used 2897K [0x00000006eb380000, 0x00000007b3a80000, 0x00000007c0000000)
  eden space 3276800K, 0% used [0x00000006eb380000,0x00000006eb380000,0x00000007b3380000)
  from space 3584K, 80% used [0x00000007b3700000,0x00000007b39d4780,0x00000007b3a80000)
  to   space 3584K, 0% used [0x00000007b3380000,0x00000007b3380000,0x00000007b3700000)
 ParOldGen       total 437248K, used 40792K [0x0000000541a00000, 0x000000055c500000, 0x00000006eb380000)
  object space 437248K, 9% used [0x0000000541a00000,0x00000005441d6000,0x000000055c500000)
 Metaspace       used 14797K, capacity 15061K, committed 15232K, reserved 1062912K
  class space    used 1750K, capacity 1843K, committed 1920K, reserved 1048576K
Event: 415.788 GC heap after
Heap after GC invocations=3357 (full 1617):
 PSYoungGen      total 3280384K, used 0K [0x00000006eb380000, 0x00000007b3a80000, 0x00000007c0000000)
  eden space 3276800K, 0% used [0x00000006eb380000,0x00000006eb380000,0x00000007b3380000)
  from space 3584K, 0% used [0x00000007b3700000,0x00000007b3700000,0x00000007b3a80000)
  to   space 3584K, 0% used [0x00000007b3380000,0x00000007b3380000,0x00000007b3700000)
 ParOldGen       total 437248K, used 40751K [0x0000000541a00000, 0x000000055c500000, 0x00000006eb380000)
  object space 437248K, 9% used [0x0000000541a00000,0x00000005441cbe30,0x000000055c500000)
 Metaspace       used 14797K, capacity 15061K, committed 15232K, reserved 1062912K
  class space    used 1750K, capacity 1843K, committed 1920K, reserved 1048576K
}

Deoptimization events (10 events):
Event: 80.322 Thread 0x000000002d43c800 Uncommon trap: reason=null_check action=make_not_entrant pc=0x00000000030a76b8 method=com.bulenkov.darcula.ui.DarculaTextFieldUI.isSearchField(Ljava/awt/Component;)Z @ 18
Event: 81.791 Thread 0x000000002c412800 Uncommon trap: reason=unstable_if action=reinterpret pc=0x0000000002e3be34 method=org.apache.commons.math3.util.FastMath.log(D[D)D @ 141
Event: 82.211 Thread 0x000000002c412800 Uncommon trap: reason=unstable_if action=reinterpret pc=0x0000000002f5a468 method=simpleactin.Filament.update(D)V @ 73
Event: 93.399 Thread 0x000000002c412800 Uncommon trap: reason=unstable_if action=reinterpret pc=0x0000000002fc8568 method=java.util.LinkedList.add(ILjava/lang/Object;)V @ 10
Event: 104.589 Thread 0x000000002c412800 Uncommon trap: reason=unstable_if action=reinterpret pc=0x0000000003129b08 method=sun.misc.FDBigInteger.addAndCmp(Lsun/misc/FDBigInteger;Lsun/misc/FDBigInteger;)I @ 16
Event: 118.539 Thread 0x000000002d43c800 Uncommon trap: reason=null_check action=make_not_entrant pc=0x0000000002c889dc method=com.bulenkov.darcula.ui.DarculaButtonUI.isSquare(Ljava/awt/Component;)Z @ 18
Event: 129.381 Thread 0x000000002c412800 Uncommon trap: reason=unstable_if action=reinterpret pc=0x0000000002e116a0 method=java.util.DualPivotQuicksort.sort([DIIZ)V @ 94
Event: 132.524 Thread 0x000000002c412800 Uncommon trap: reason=unstable_if action=reinterpret pc=0x0000000002ebcb6c method=sun.misc.FloatingDecimal$BinaryToASCIIBuffer.dtoa(IJIZ)V @ 272
Event: 239.961 Thread 0x000000002c412800 Uncommon trap: reason=unstable_if action=reinterpret pc=0x000000000316d2f0 method=sun.misc.FloatingDecimal$BinaryToASCIIBuffer.dtoa(IJIZ)V @ 978
Event: 405.094 Thread 0x000000002d43c800 Uncommon trap: reason=range_check action=make_not_entrant pc=0x0000000002ba1078 method=java.awt.image.DirectColorModel.getRedMask()I @ 5

Internal exceptions (10 events):
Event: 0.047 Thread 0x000000000294e000 Exception <a 'java/lang/NoSuchMethodError': Method sun.misc.Unsafe.prefetchRead(Ljava/lang/Object;J)V name or signature does not match> (0x00000006eb387f60) thrown at [C:\re\workspace\8-2-build-windows-amd64-cygwin\jdk8u111\7883\hotspot\src\share\vm\prims
Event: 0.176 Thread 0x000000000294e000 Exception <a 'java/security/PrivilegedActionException'> (0x00000006eb446c58) thrown at [C:\re\workspace\8-2-build-windows-amd64-cygwin\jdk8u111\7883\hotspot\src\share\vm\prims\jvm.cpp, line 1386]
Event: 0.176 Thread 0x000000000294e000 Exception <a 'java/security/PrivilegedActionException'> (0x00000006eb446e68) thrown at [C:\re\workspace\8-2-build-windows-amd64-cygwin\jdk8u111\7883\hotspot\src\share\vm\prims\jvm.cpp, line 1386]
Event: 0.177 Thread 0x000000000294e000 Exception <a 'java/security/PrivilegedActionException'> (0x00000006eb44ad50) thrown at [C:\re\workspace\8-2-build-windows-amd64-cygwin\jdk8u111\7883\hotspot\src\share\vm\prims\jvm.cpp, line 1386]
Event: 0.177 Thread 0x000000000294e000 Exception <a 'java/security/PrivilegedActionException'> (0x00000006eb44af60) thrown at [C:\re\workspace\8-2-build-windows-amd64-cygwin\jdk8u111\7883\hotspot\src\share\vm\prims\jvm.cpp, line 1386]
Event: 0.183 Thread 0x000000000294e000 Exception <a 'java/io/FileNotFoundException'> (0x00000006eb44d290) thrown at [C:\re\workspace\8-2-build-windows-amd64-cygwin\jdk8u111\7883\hotspot\src\share\vm\prims\jni.cpp, line 709]
Event: 0.231 Thread 0x000000000294e000 Exception <a 'java/lang/NoSuchFieldError': method resolution failed> (0x00000006eb51a8b0) thrown at [C:\re\workspace\8-2-build-windows-amd64-cygwin\jdk8u111\7883\hotspot\src\share\vm\prims\methodHandles.cpp, line 1146]
Event: 0.233 Thread 0x000000000294e000 Exception <a 'java/lang/NoSuchFieldError': method resolution failed> (0x00000006eb527c80) thrown at [C:\re\workspace\8-2-build-windows-amd64-cygwin\jdk8u111\7883\hotspot\src\share\vm\prims\methodHandles.cpp, line 1146]
Event: 0.344 Thread 0x000000000294e000 Exception <a 'java/io/FileNotFoundException'> (0x00000006eb60a7a8) thrown at [C:\re\workspace\8-2-build-windows-amd64-cygwin\jdk8u111\7883\hotspot\src\share\vm\prims\jni.cpp, line 709]
Event: 80.322 Thread 0x000000002d43c800 Implicit null exception at 0x00000000030a6edd to 0x00000000030a76ad

Events (10 events):
Event: 415.468 Executing VM operation: ParallelGCSystemGC
Event: 415.495 Executing VM operation: ParallelGCSystemGC done
Event: 415.551 Executing VM operation: ParallelGCSystemGC
Event: 415.572 Executing VM operation: ParallelGCSystemGC done
Event: 415.700 Executing VM operation: ParallelGCSystemGC
Event: 415.700 Executing VM operation: ParallelGCSystemGC done
Event: 415.700 Executing VM operation: ParallelGCSystemGC
Event: 415.707 Executing VM operation: ParallelGCSystemGC done
Event: 415.767 Executing VM operation: ParallelGCSystemGC
Event: 415.788 Executing VM operation: ParallelGCSystemGC done


Dynamic libraries:
0x00007ff740f40000 - 0x00007ff740f77000 	C:\Program Files\Java\jdk1.8.0_111\bin\java.exe
0x00007fff527e0000 - 0x00007fff529c1000 	C:\WINDOWS\SYSTEM32\ntdll.dll
0x00007fff2d9d0000 - 0x00007fff2d9f7000 	C:\Program Files\Cylance\Desktop\CyMemDef64.dll
0x00007fff50bc0000 - 0x00007fff50c71000 	C:\WINDOWS\System32\KERNEL32.DLL
0x00007fff4f520000 - 0x00007fff4f793000 	C:\WINDOWS\System32\KERNELBASE.dll
0x00007fff50330000 - 0x00007fff503d1000 	C:\WINDOWS\System32\ADVAPI32.dll
0x00007fff507c0000 - 0x00007fff5085e000 	C:\WINDOWS\System32\msvcrt.dll
0x00007fff500c0000 - 0x00007fff5011b000 	C:\WINDOWS\System32\sechost.dll
0x00007fff52100000 - 0x00007fff52224000 	C:\WINDOWS\System32\RPCRT4.dll
0x00007fff50190000 - 0x00007fff50321000 	C:\WINDOWS\System32\USER32.dll
0x00007fff4f840000 - 0x00007fff4f860000 	C:\WINDOWS\System32\win32u.dll
0x00007fff520d0000 - 0x00007fff520f8000 	C:\WINDOWS\System32\GDI32.dll
0x00007fff4fab0000 - 0x00007fff4fc43000 	C:\WINDOWS\System32\gdi32full.dll
0x00007fff4f7a0000 - 0x00007fff4f83f000 	C:\WINDOWS\System32\msvcp_win.dll
0x00007fff4eb80000 - 0x00007fff4ec78000 	C:\WINDOWS\System32\ucrtbase.dll
0x00007fff3a5f0000 - 0x00007fff3a859000 	C:\WINDOWS\WinSxS\amd64_microsoft.windows.common-controls_6595b64144ccf1df_6.0.17134.1726_none_d3fdb88f7c924124\COMCTL32.dll
0x00007fff50890000 - 0x00007fff50bb1000 	C:\WINDOWS\System32\combase.dll
0x00007fff4f3f0000 - 0x00007fff4f469000 	C:\WINDOWS\System32\bcryptPrimitives.dll
0x00007fff50860000 - 0x00007fff5088d000 	C:\WINDOWS\System32\IMM32.DLL
0x0000000075710000 - 0x00000000757e2000 	C:\Program Files\Java\jdk1.8.0_111\jre\bin\msvcr100.dll
0x00000000757f0000 - 0x000000007608a000 	C:\Program Files\Java\jdk1.8.0_111\jre\bin\server\jvm.dll
0x00007fff4fdf0000 - 0x00007fff4fdf8000 	C:\WINDOWS\System32\PSAPI.DLL
0x00007fff38d30000 - 0x00007fff38d39000 	C:\WINDOWS\SYSTEM32\WSOCK32.dll
0x00007fff4fd80000 - 0x00007fff4fdec000 	C:\WINDOWS\System32\WS2_32.dll
0x00007fff4cb90000 - 0x00007fff4cbb3000 	C:\WINDOWS\SYSTEM32\WINMM.dll
0x00007fff49e30000 - 0x00007fff49e3a000 	C:\WINDOWS\SYSTEM32\VERSION.dll
0x00007fff4cb60000 - 0x00007fff4cb8a000 	C:\WINDOWS\SYSTEM32\WINMMBASE.dll
0x00007fff4f3a0000 - 0x00007fff4f3e9000 	C:\WINDOWS\System32\cfgmgr32.dll
0x00000000756c0000 - 0x00000000756cf000 	C:\Program Files\Java\jdk1.8.0_111\jre\bin\verify.dll
0x0000000075690000 - 0x00000000756b9000 	C:\Program Files\Java\jdk1.8.0_111\jre\bin\java.dll
0x0000000075670000 - 0x0000000075686000 	C:\Program Files\Java\jdk1.8.0_111\jre\bin\zip.dll
0x00007fff50c80000 - 0x00007fff520c5000 	C:\WINDOWS\System32\SHELL32.dll
0x00007fff522b0000 - 0x00007fff52359000 	C:\WINDOWS\System32\shcore.dll
0x00007fff4ec80000 - 0x00007fff4f395000 	C:\WINDOWS\System32\windows.storage.dll
0x00007fff50120000 - 0x00007fff50171000 	C:\WINDOWS\System32\shlwapi.dll
0x00007fff4eb40000 - 0x00007fff4eb51000 	C:\WINDOWS\System32\kernel.appcore.dll
0x00007fff4eb20000 - 0x00007fff4eb3f000 	C:\WINDOWS\System32\profapi.dll
0x00007fff4ead0000 - 0x00007fff4eb1c000 	C:\WINDOWS\System32\powrprof.dll
0x00007fff4eac0000 - 0x00007fff4eaca000 	C:\WINDOWS\System32\FLTLIB.DLL
0x0000000075490000 - 0x0000000075628000 	C:\Program Files\Java\jdk1.8.0_111\jre\bin\awt.dll
0x00007fff4fcb0000 - 0x00007fff4fd72000 	C:\WINDOWS\System32\OLEAUT32.dll
0x00007fff4c950000 - 0x00007fff4c9db000 	C:\WINDOWS\SYSTEM32\apphelp.dll
0x00007fff4ce80000 - 0x00007fff4cf18000 	C:\WINDOWS\system32\uxtheme.dll
0x00007fff504d0000 - 0x00007fff50643000 	C:\WINDOWS\System32\MSCTF.dll
0x00007fff2d4a0000 - 0x00007fff2d527000 	C:\Program Files (x86)\TeamViewer\tv_x64.dll
0x00007fff50650000 - 0x00007fff507a2000 	C:\WINDOWS\System32\ole32.dll
0x00007fff4d1c0000 - 0x00007fff4d1e9000 	C:\WINDOWS\system32\dwmapi.dll
0x0000000075440000 - 0x0000000075487000 	C:\Program Files\Java\jdk1.8.0_111\jre\bin\fontmanager.dll
0x0000000075650000 - 0x000000007566a000 	C:\Program Files\Java\jdk1.8.0_111\jre\bin\net.dll
0x00007fff4e340000 - 0x00007fff4e3a6000 	C:\WINDOWS\system32\mswsock.dll
0x0000000075630000 - 0x0000000075641000 	C:\Program Files\Java\jdk1.8.0_111\jre\bin\nio.dll
0x00000000753f0000 - 0x0000000075432000 	C:\Program Files\Java\jdk1.8.0_111\jre\bin\t2k.dll
0x00007fff50020000 - 0x00007fff500c0000 	C:\WINDOWS\System32\clbcatq.dll
0x00007fff49c80000 - 0x00007fff49e2e000 	C:\WINDOWS\SYSTEM32\WindowsCodecs.dll
0x00007fff2cc10000 - 0x00007fff2cc68000 	C:\WINDOWS\system32\dataexchange.dll
0x00007fff4b920000 - 0x00007fff4bc2b000 	C:\WINDOWS\system32\d3d11.dll
0x00007fff4be00000 - 0x00007fff4bf9c000 	C:\WINDOWS\system32\dcomp.dll
0x00007fff4d6f0000 - 0x00007fff4d7ab000 	C:\WINDOWS\system32\dxgi.dll
0x00007fff4d000000 - 0x00007fff4d1bf000 	C:\WINDOWS\system32\twinapi.appcore.dll
0x00007fff4d1f0000 - 0x00007fff4d211000 	C:\WINDOWS\system32\RMCLIENT.dll
0x00007fff356c0000 - 0x00007fff35756000 	C:\WINDOWS\System32\TextInputFramework.dll
0x00007fff491f0000 - 0x00007fff4950e000 	C:\WINDOWS\System32\CoreUIComponents.dll
0x00007fff4c750000 - 0x00007fff4c82a000 	C:\WINDOWS\System32\CoreMessaging.dll
0x00007fff4d920000 - 0x00007fff4d951000 	C:\WINDOWS\SYSTEM32\ntmarta.dll
0x00007fff48ed0000 - 0x00007fff4901d000 	C:\WINDOWS\SYSTEM32\wintypes.dll
0x00000000753b0000 - 0x00000000753da000 	C:\Program Files\Java\jdk1.8.0_111\jre\bin\dcpr.dll

VM Arguments:
jvm_args: -Dfile.encoding=UTF-8 
java_command: simpleactin.SimpleActin
java_class_path (initial): C:\Users\sm2983\Documents\NetBeansProjects\Intensity\build\classes;C:\Users\sm2983\Downloads\darcula.jar;C:\Users\sm2983\Downloads\commons-math3-3.6.1.jar;C:\Users\sm2983\Documents\NetBeansProjects\SimpleActin\build\classes
Launcher Type: SUN_STANDARD

Environment Variables:
PATH=C:\Program Files\Java\jre1.8.0_60\bin;C:\Program Files (x86)\IntelSWTools\sw_dev_tools\OpenCL\sdk\bin\x64;C:\Program Files (x86)\IntelSWTools\sw_dev_tools\OpenCL\sdk\bin\x86;C:\Program Files (x86)\IntelSWTools\sw_dev_tools\OpenCL\sdk\bin\Pin;C:\Program Files (x86)\IntelSWTools\sw_dev_tools\OpenCL\sdk\bin\GTPin;C:\Program Files\NVIDIA GPU Computing Toolkit\CUDA\v10.2\bin;C:\Program Files\NVIDIA GPU Computing Toolkit\CUDA\v10.2\libnvvp;;C:\Program Files (x86)\Common Files\Oracle\Java\javapath;C:\ProgramData\Oracle\Java\javapath;C:\ProgramData\Anaconda3;C:\ProgramData\Anaconda3\Library\mingw-w64\bin;C:\ProgramData\Anaconda3\Library\usr\bin;C:\ProgramData\Anaconda3\Library\bin;C:\ProgramData\Anaconda3\Scripts;C:\WINDOWS\system32;C:\WINDOWS;C:\WINDOWS\System32\Wbem;C:\WINDOWS\System32\WindowsPowerShell\v1.0\;C:\oracle\product\11.2.0\client_1\bin;C:\windows\SysWOW64\;C:\windows\SysWOW64\Wbem;C:\windows\SysWOW64\WindowsPowerShell\v1.0;C:\Program Files\Microsoft Application Virtualization\Sequencer;C:\Program Files\MATLAB\R2017b\runtime\win64;C:\Program Files\MATLAB\R2017b\bin;C:\WINDOWS\System32\OpenSSH\;C:\Program Files\NVIDIA Corporation\Nsight Compute 2019.5.0\;C:\Program Files (x86)\NVIDIA Corporation\PhysX\Common;C:\Program Files\dotnet\;C:\Program Files\Microsoft SQL Server\130\Tools\Binn\;C:\Program Files\Microsoft SQL Server\Client SDK\ODBC\170\Tools\Binn\;C:\Python27;C:\Program Files (x86)\IntelSWTools\sw_dev_tools\tools\DAL_1.1942.1019.110\;C:\Users\sm2983\AppData\Local\Microsoft\WindowsApps;C:\Program Files\Java\jdk1.8.0_111\bin;C:\Qt\Tools\mingw730_64\bin;
USERNAME=sm2983
OS=Windows_NT
PROCESSOR_IDENTIFIER=Intel64 Family 6 Model 94 Stepping 3, GenuineIntel



---------------  S Y S T E M  ---------------

OS: Windows 10.0 , 64 bit Build 17134 (10.0.17134.1425)

CPU:total 8 (4 cores per cpu, 2 threads per core) family 6 model 94 stepping 3, cmov, cx8, fxsr, mmx, sse, sse2, sse3, ssse3, sse4.1, sse4.2, popcnt, avx, avx2, aes, clmul, erms, rtm, 3dnowpref, lzcnt, ht, tsc, tscinvbit, bmi1, bmi2, adx

Memory: 4k page, physical 41830244k(12515612k free), swap 55167660k(2692k free)

vm_info: Java HotSpot(TM) 64-Bit Server VM (25.111-b14) for windows-amd64 JRE (1.8.0_111-b14), built on Sep 22 2016 19:24:05 by "java_re" with MS VC++ 10.0 (VS2010)

time: Thu Oct 22 13:03:49 2020
elapsed time: 415 seconds (0d 0h 6m 55s)

