#
# There is insufficient memory for the Java Runtime Environment to continue.
# Native memory allocation (malloc) failed to allocate 384816 bytes for Chunk::new
# Possible reasons:
#   The system is out of physical RAM or swap space
#   In 32 bit mode, the process size limit was hit
# Possible solutions:
#   Reduce memory load on the system
#   Increase physical memory or swap space
#   Check if swap backing store is full
#   Use 64 bit Java on a 64 bit OS
#   Decrease Java heap size (-Xmx/-Xms)
#   Decrease number of Java threads
#   Decrease Java thread stack sizes (-Xss)
#   Set larger code cache with -XX:ReservedCodeCacheSize=
# This output file may be truncated or incomplete.
#
#  Out of Memory Error (allocation.cpp:390), pid=7824, tid=0x0000000000009a58
#
# JRE version: Java(TM) SE Runtime Environment (8.0_111-b14) (build 1.8.0_111-b14)
# Java VM: Java HotSpot(TM) 64-Bit Server VM (25.111-b14 mixed mode windows-amd64 compressed oops)
# Failed to write core dump. Minidumps are not enabled by default on client versions of Windows
#

---------------  T H R E A D  ---------------

Current thread (0x000000002c189000):  JavaThread "C2 CompilerThread0" daemon [_thread_in_native, id=39512, stack(0x000000002c950000,0x000000002ca50000)]

Stack: [0x000000002c950000,0x000000002ca50000]
[error occurred during error reporting (printing stack bounds), id 0xc0000005]

Native frames: (J=compiled Java code, j=interpreted, Vv=VM code, C=native code)


Current CompileTask:
C2: 132510 3192       4       sun.misc.FloatingDecimal$BinaryToASCIIBuffer::dtoa (1509 bytes)


---------------  P R O C E S S  ---------------

Java Threads: ( => current thread )
  0x000000002d365000 JavaThread "Thread-81" [_thread_in_Java, id=20612, stack(0x0000000038700000,0x0000000038800000)]
  0x000000002d364800 JavaThread "Darcula Animations" daemon [_thread_blocked, id=29564, stack(0x0000000038600000,0x0000000038700000)]
  0x000000002d60f000 JavaThread "TimerQueue" daemon [_thread_blocked, id=28928, stack(0x000000002f5f0000,0x000000002f6f0000)]
  0x000000000267d800 JavaThread "DestroyJavaVM" [_thread_blocked, id=21928, stack(0x00000000024e0000,0x00000000025e0000)]
  0x000000002d225000 JavaThread "AWT-EventQueue-0" [_thread_blocked, id=27788, stack(0x000000002dc50000,0x000000002dd50000)]
  0x000000002d108800 JavaThread "AWT-Windows" daemon [_thread_in_native, id=29296, stack(0x000000002da90000,0x000000002db90000)]
  0x000000002d105000 JavaThread "AWT-Shutdown" [_thread_blocked, id=8596, stack(0x000000002d990000,0x000000002da90000)]
  0x000000002d104000 JavaThread "Java2D Disposer" daemon [_thread_blocked, id=29680, stack(0x000000002d890000,0x000000002d990000)]
  0x000000002c1df000 JavaThread "Service Thread" daemon [_thread_blocked, id=14548, stack(0x000000002cd50000,0x000000002ce50000)]
  0x000000002c198000 JavaThread "C1 CompilerThread3" daemon [_thread_blocked, id=14204, stack(0x000000002cc50000,0x000000002cd50000)]
  0x000000002c193000 JavaThread "C2 CompilerThread2" daemon [_thread_blocked, id=11356, stack(0x000000002cb50000,0x000000002cc50000)]
  0x000000002c18e800 JavaThread "C2 CompilerThread1" daemon [_thread_blocked, id=15296, stack(0x000000002ca50000,0x000000002cb50000)]
=>0x000000002c189000 JavaThread "C2 CompilerThread0" daemon [_thread_in_native, id=39512, stack(0x000000002c950000,0x000000002ca50000)]
  0x000000002c187800 JavaThread "Attach Listener" daemon [_thread_blocked, id=35224, stack(0x000000002c850000,0x000000002c950000)]
  0x000000002a28e800 JavaThread "Signal Dispatcher" daemon [_thread_blocked, id=24616, stack(0x000000002c750000,0x000000002c850000)]
  0x000000000277e000 JavaThread "Finalizer" daemon [_thread_blocked, id=27236, stack(0x000000002c560000,0x000000002c660000)]
  0x0000000002777000 JavaThread "Reference Handler" daemon [_thread_blocked, id=3412, stack(0x000000002c060000,0x000000002c160000)]

Other Threads:
  0x000000002a279000 VMThread [stack: 0x000000002bf60000,0x000000002c060000] [id=35228]
  0x000000002c1e0800 WatcherThread [stack: 0x000000002ce50000,0x000000002cf50000] [id=26868]

VM state:not at safepoint (normal execution)

VM Mutex/Monitor currently owned by a thread: None

Heap:
 PSYoungGen      total 1838080K, used 19325K [0x00000006eb380000, 0x000000075b980000, 0x00000007c0000000)
  eden space 1835008K, 1% used [0x00000006eb380000,0x00000006ec65f4e0,0x000000075b380000)
  from space 3072K, 0% used [0x000000075b380000,0x000000075b380000,0x000000075b680000)
  to   space 3072K, 0% used [0x000000075b680000,0x000000075b680000,0x000000075b980000)
 ParOldGen       total 437248K, used 40069K [0x0000000541a00000, 0x000000055c500000, 0x00000006eb380000)
  object space 437248K, 9% used [0x0000000541a00000,0x0000000544121430,0x000000055c500000)
 Metaspace       used 15080K, capacity 15279K, committed 15488K, reserved 1062912K
  class space    used 1798K, capacity 1872K, committed 1920K, reserved 1048576K

Card table byte_map: [0x0000000011b40000,0x0000000012f40000] byte_map_base: 0x000000000f133000

Marking Bits: (ParMarkBitMap*) 0x000000005259a6c0
 Begin Bits: [0x0000000014490000, 0x000000001e428000)
 End Bits:   [0x000000001e428000, 0x00000000283c0000)

Polling page: 0x00000000005e0000

CodeCache: size=245760Kb used=9323Kb max_used=10453Kb free=236436Kb
 bounds [0x0000000002780000, 0x00000000031d0000, 0x0000000011780000]
 total_blobs=2955 nmethods=2434 adapters=432
 compilation: enabled

Compilation events (10 events):
Event: 132.043 Thread 0x000000002c198000 nmethod 3187 0x0000000002b59310 code [0x0000000002b59460, 0x0000000002b595b0]
Event: 132.044 Thread 0x000000002c198000 3188       3       java.awt.geom.RoundRectangle2D$Double::getArcWidth (5 bytes)
Event: 132.044 Thread 0x000000002c198000 nmethod 3188 0x0000000002d213d0 code [0x0000000002d21520, 0x0000000002d21670]
Event: 132.044 Thread 0x000000002c198000 3189       1       javax.swing.JProgressBar::isBorderPainted (5 bytes)
Event: 132.044 Thread 0x000000002c198000 nmethod 3189 0x0000000002d21110 code [0x0000000002d21260, 0x0000000002d21370]
Event: 132.123 Thread 0x000000002c18e800 3190       4       sun.misc.FDBigInteger::addAndCmp (292 bytes)
Event: 132.127 Thread 0x000000002c18e800 nmethod 3190 0x0000000002c3c590 code [0x0000000002c3c6e0, 0x0000000002c3ca78]
Event: 132.403 Thread 0x000000002c193000 3191       4       javax.swing.DefaultBoundedRangeModel::setRangeProperties (134 bytes)
Event: 132.408 Thread 0x000000002c193000 nmethod 3191 0x0000000002acd510 code [0x0000000002acd680, 0x0000000002acda98]
Event: 132.479 Thread 0x000000002c189000 3192       4       sun.misc.FloatingDecimal$BinaryToASCIIBuffer::dtoa (1509 bytes)

GC Heap History (10 events):
Event: 132.303 GC heap before
{Heap before GC invocations=2294 (full 1131):
 PSYoungGen      total 1838080K, used 2993K [0x00000006eb380000, 0x000000075b980000, 0x00000007c0000000)
  eden space 1835008K, 0% used [0x00000006eb380000,0x00000006eb380000,0x000000075b380000)
  from space 3072K, 97% used [0x000000075b380000,0x000000075b66c780,0x000000075b680000)
  to   space 3072K, 0% used [0x000000075b680000,0x000000075b680000,0x000000075b980000)
 ParOldGen       total 437248K, used 40067K [0x0000000541a00000, 0x000000055c500000, 0x00000006eb380000)
  object space 437248K, 9% used [0x0000000541a00000,0x0000000544120c78,0x000000055c500000)
 Metaspace       used 15080K, capacity 15279K, committed 15488K, reserved 1062912K
  class space    used 1798K, capacity 1872K, committed 1920K, reserved 1048576K
Event: 132.319 GC heap after
Heap after GC invocations=2294 (full 1131):
 PSYoungGen      total 1838080K, used 0K [0x00000006eb380000, 0x000000075b980000, 0x00000007c0000000)
  eden space 1835008K, 0% used [0x00000006eb380000,0x00000006eb380000,0x000000075b380000)
  from space 3072K, 0% used [0x000000075b380000,0x000000075b380000,0x000000075b680000)
  to   space 3072K, 0% used [0x000000075b680000,0x000000075b680000,0x000000075b980000)
 ParOldGen       total 437248K, used 40061K [0x0000000541a00000, 0x000000055c500000, 0x00000006eb380000)
  object space 437248K, 9% used [0x0000000541a00000,0x000000054411f658,0x000000055c500000)
 Metaspace       used 15080K, capacity 15279K, committed 15488K, reserved 1062912K
  class space    used 1798K, capacity 1872K, committed 1920K, reserved 1048576K
}
Event: 132.376 GC heap before
{Heap before GC invocations=2295 (full 1131):
 PSYoungGen      total 1838080K, used 19325K [0x00000006eb380000, 0x000000075b980000, 0x00000007c0000000)
  eden space 1835008K, 1% used [0x00000006eb380000,0x00000006ec65f4e0,0x000000075b380000)
  from space 3072K, 0% used [0x000000075b380000,0x000000075b380000,0x000000075b680000)
  to   space 3072K, 0% used [0x000000075b680000,0x000000075b680000,0x000000075b980000)
 ParOldGen       total 437248K, used 40061K [0x0000000541a00000, 0x000000055c500000, 0x00000006eb380000)
  object space 437248K, 9% used [0x0000000541a00000,0x000000054411f658,0x000000055c500000)
 Metaspace       used 15080K, capacity 15279K, committed 15488K, reserved 1062912K
  class space    used 1798K, capacity 1872K, committed 1920K, reserved 1048576K
Event: 132.377 GC heap after
Heap after GC invocations=2295 (full 1131):
 PSYoungGen      total 1838080K, used 2961K [0x00000006eb380000, 0x000000075b980000, 0x00000007c0000000)
  eden space 1835008K, 0% used [0x00000006eb380000,0x00000006eb380000,0x000000075b380000)
  from space 3072K, 96% used [0x000000075b680000,0x000000075b964780,0x000000075b980000)
  to   space 3072K, 0% used [0x000000075b380000,0x000000075b380000,0x000000075b680000)
 ParOldGen       total 437248K, used 40061K [0x0000000541a00000, 0x000000055c500000, 0x00000006eb380000)
  object space 437248K, 9% used [0x0000000541a00000,0x000000054411f658,0x000000055c500000)
 Metaspace       used 15080K, capacity 15279K, committed 15488K, reserved 1062912K
  class space    used 1798K, capacity 1872K, committed 1920K, reserved 1048576K
}
Event: 132.377 GC heap before
{Heap before GC invocations=2296 (full 1132):
 PSYoungGen      total 1838080K, used 2961K [0x00000006eb380000, 0x000000075b980000, 0x00000007c0000000)
  eden space 1835008K, 0% used [0x00000006eb380000,0x00000006eb380000,0x000000075b380000)
  from space 3072K, 96% used [0x000000075b680000,0x000000075b964780,0x000000075b980000)
  to   space 3072K, 0% used [0x000000075b380000,0x000000075b380000,0x000000075b680000)
 ParOldGen       total 437248K, used 40061K [0x0000000541a00000, 0x000000055c500000, 0x00000006eb380000)
  object space 437248K, 9% used [0x0000000541a00000,0x000000054411f658,0x000000055c500000)
 Metaspace       used 15080K, capacity 15279K, committed 15488K, reserved 1062912K
  class space    used 1798K, capacity 1872K, committed 1920K, reserved 1048576K
Event: 132.388 GC heap after
Heap after GC invocations=2296 (full 1132):
 PSYoungGen      total 1838080K, used 0K [0x00000006eb380000, 0x000000075b980000, 0x00000007c0000000)
  eden space 1835008K, 0% used [0x00000006eb380000,0x00000006eb380000,0x000000075b380000)
  from space 3072K, 0% used [0x000000075b680000,0x000000075b680000,0x000000075b980000)
  to   space 3072K, 0% used [0x000000075b380000,0x000000075b380000,0x000000075b680000)
 ParOldGen       total 437248K, used 40063K [0x0000000541a00000, 0x000000055c500000, 0x00000006eb380000)
  object space 437248K, 9% used [0x0000000541a00000,0x000000054411fdf8,0x000000055c500000)
 Metaspace       used 15080K, capacity 15279K, committed 15488K, reserved 1062912K
  class space    used 1798K, capacity 1872K, committed 1920K, reserved 1048576K
}
Event: 132.447 GC heap before
{Heap before GC invocations=2297 (full 1132):
 PSYoungGen      total 1838080K, used 19325K [0x00000006eb380000, 0x000000075b980000, 0x00000007c0000000)
  eden space 1835008K, 1% used [0x00000006eb380000,0x00000006ec65f4e0,0x000000075b380000)
  from space 3072K, 0% used [0x000000075b680000,0x000000075b680000,0x000000075b980000)
  to   space 3072K, 0% used [0x000000075b380000,0x000000075b380000,0x000000075b680000)
 ParOldGen       total 437248K, used 40063K [0x0000000541a00000, 0x000000055c500000, 0x00000006eb380000)
  object space 437248K, 9% used [0x0000000541a00000,0x000000054411fdf8,0x000000055c500000)
 Metaspace       used 15080K, capacity 15279K, committed 15488K, reserved 1062912K
  class space    used 1798K, capacity 1872K, committed 1920K, reserved 1048576K
Event: 132.448 GC heap after
Heap after GC invocations=2297 (full 1132):
 PSYoungGen      total 1838080K, used 2993K [0x00000006eb380000, 0x000000075b980000, 0x00000007c0000000)
  eden space 1835008K, 0% used [0x00000006eb380000,0x00000006eb380000,0x000000075b380000)
  from space 3072K, 97% used [0x000000075b380000,0x000000075b66c780,0x000000075b680000)
  to   space 3072K, 0% used [0x000000075b680000,0x000000075b680000,0x000000075b980000)
 ParOldGen       total 437248K, used 40063K [0x0000000541a00000, 0x000000055c500000, 0x00000006eb380000)
  object space 437248K, 9% used [0x0000000541a00000,0x000000054411fdf8,0x000000055c500000)
 Metaspace       used 15080K, capacity 15279K, committed 15488K, reserved 1062912K
  class space    used 1798K, capacity 1872K, committed 1920K, reserved 1048576K
}
Event: 132.448 GC heap before
{Heap before GC invocations=2298 (full 1133):
 PSYoungGen      total 1838080K, used 2993K [0x00000006eb380000, 0x000000075b980000, 0x00000007c0000000)
  eden space 1835008K, 0% used [0x00000006eb380000,0x00000006eb380000,0x000000075b380000)
  from space 3072K, 97% used [0x000000075b380000,0x000000075b66c780,0x000000075b680000)
  to   space 3072K, 0% used [0x000000075b680000,0x000000075b680000,0x000000075b980000)
 ParOldGen       total 437248K, used 40063K [0x0000000541a00000, 0x000000055c500000, 0x00000006eb380000)
  object space 437248K, 9% used [0x0000000541a00000,0x000000054411fdf8,0x000000055c500000)
 Metaspace       used 15080K, capacity 15279K, committed 15488K, reserved 1062912K
  class space    used 1798K, capacity 1872K, committed 1920K, reserved 1048576K
Event: 132.461 GC heap after
Heap after GC invocations=2298 (full 1133):
 PSYoungGen      total 1838080K, used 0K [0x00000006eb380000, 0x000000075b980000, 0x00000007c0000000)
  eden space 1835008K, 0% used [0x00000006eb380000,0x00000006eb380000,0x000000075b380000)
  from space 3072K, 0% used [0x000000075b380000,0x000000075b380000,0x000000075b680000)
  to   space 3072K, 0% used [0x000000075b680000,0x000000075b680000,0x000000075b980000)
 ParOldGen       total 437248K, used 40069K [0x0000000541a00000, 0x000000055c500000, 0x00000006eb380000)
  object space 437248K, 9% used [0x0000000541a00000,0x0000000544121430,0x000000055c500000)
 Metaspace       used 15080K, capacity 15279K, committed 15488K, reserved 1062912K
  class space    used 1798K, capacity 1872K, committed 1920K, reserved 1048576K
}

Deoptimization events (10 events):
Event: 84.065 Thread 0x000000002d225000 Uncommon trap: reason=unstable_if action=reinterpret pc=0x0000000002975708 method=sun.font.FileFontStrike.getSlot0GlyphImagePtrs([I[JI)I @ 62
Event: 84.607 Thread 0x000000002d225000 Uncommon trap: reason=unstable_if action=reinterpret pc=0x0000000002ad1be8 method=javax.swing.plaf.basic.BasicComboBoxUI.getDisplaySize()Ljava/awt/Dimension; @ 4
Event: 84.630 Thread 0x000000002d365000 Uncommon trap: reason=unstable_if action=reinterpret pc=0x0000000003133bac method=simpleactin.Filament.update(D)V @ 605
Event: 84.630 Thread 0x000000002d365000 Uncommon trap: reason=unstable_if action=reinterpret pc=0x000000000312d708 method=simpleactin.Filament.remove(DLsimpleactin/SubUnit;)V @ 19
Event: 84.630 Thread 0x000000002d365000 Uncommon trap: reason=unstable_if action=reinterpret pc=0x0000000002ef895c method=simpleactin.Filament.update(D)V @ 605
Event: 90.784 Thread 0x000000002d365000 Uncommon trap: reason=unstable_if action=reinterpret pc=0x0000000002d2f804 method=org.apache.commons.math3.stat.inference.ChiSquareTest.chiSquare([D[J)D @ 99
Event: 95.844 Thread 0x000000002d365000 Uncommon trap: reason=unstable_if action=reinterpret pc=0x0000000002aee7b8 method=simpleactin.Utils.generateHist(Ljava/util/LinkedList;DDD)[Ljava/lang/Object; @ 109
Event: 98.752 Thread 0x000000002d365000 Uncommon trap: reason=unstable_if action=reinterpret pc=0x0000000002e8fca0 method=sun.misc.FloatingDecimal$BinaryToASCIIBuffer.dtoa(IJIZ)V @ 1213
Event: 127.829 Thread 0x000000002d365000 Uncommon trap: reason=unstable_if action=reinterpret pc=0x0000000002d8aa98 method=sun.misc.FDBigInteger.addAndCmp(Lsun/misc/FDBigInteger;Lsun/misc/FDBigInteger;)I @ 16
Event: 127.839 Thread 0x000000002d365000 Uncommon trap: reason=unstable_if action=reinterpret pc=0x0000000002ea0784 method=sun.misc.FDBigInteger.addAndCmp(Lsun/misc/FDBigInteger;Lsun/misc/FDBigInteger;)I @ 16

Internal exceptions (10 events):
Event: 52.043 Thread 0x000000002c4dd000 Implicit null exception at 0x0000000002d9d459 to 0x0000000002d9edb5
Event: 53.156 Thread 0x000000002d225000 Implicit null exception at 0x0000000002f91ea0 to 0x0000000002f9300d
Event: 83.019 Thread 0x000000002d225000 Implicit null exception at 0x0000000002d2acaf to 0x0000000002d2bae5
Event: 83.019 Thread 0x000000002d225000 Implicit null exception at 0x0000000002a0e231 to 0x0000000002a0e79d
Event: 83.019 Thread 0x000000002d225000 Implicit null exception at 0x0000000002a65498 to 0x0000000002a6575d
Event: 83.019 Thread 0x000000002d225000 Implicit null exception at 0x0000000002ca6be7 to 0x0000000002ca7039
Event: 83.019 Thread 0x000000002d225000 Implicit null exception at 0x0000000002ca9590 to 0x0000000002ca9705
Event: 83.020 Thread 0x000000002d225000 Implicit null exception at 0x0000000002f405e9 to 0x0000000002f40850
Event: 83.020 Thread 0x000000002d225000 Implicit null exception at 0x000000000289ae70 to 0x000000000289b0e8
Event: 83.022 Thread 0x000000002d225000 Implicit null exception at 0x0000000002a16cb0 to 0x0000000002a16d0c

Events (10 events):
Event: 132.156 Executing VM operation: ParallelGCSystemGC
Event: 132.167 Executing VM operation: ParallelGCSystemGC done
Event: 132.230 Executing VM operation: ParallelGCSystemGC
Event: 132.247 Executing VM operation: ParallelGCSystemGC done
Event: 132.302 Executing VM operation: ParallelGCSystemGC
Event: 132.319 Executing VM operation: ParallelGCSystemGC done
Event: 132.376 Executing VM operation: ParallelGCSystemGC
Event: 132.388 Executing VM operation: ParallelGCSystemGC done
Event: 132.447 Executing VM operation: ParallelGCSystemGC
Event: 132.461 Executing VM operation: ParallelGCSystemGC done


Dynamic libraries:
0x00007ff708fb0000 - 0x00007ff708fe7000 	C:\Program Files\Java\jdk1.8.0_111\bin\java.exe
0x00007ffe78320000 - 0x00007ffe78501000 	C:\WINDOWS\SYSTEM32\ntdll.dll
0x00007ffe55460000 - 0x00007ffe55487000 	C:\Program Files\Cylance\Desktop\CyMemDef64.dll
0x00007ffe77a20000 - 0x00007ffe77ad1000 	C:\WINDOWS\System32\KERNEL32.DLL
0x00007ffe75340000 - 0x00007ffe755b3000 	C:\WINDOWS\System32\KERNELBASE.dll
0x00007ffe77970000 - 0x00007ffe77a11000 	C:\WINDOWS\System32\ADVAPI32.dll
0x00007ffe75790000 - 0x00007ffe7582e000 	C:\WINDOWS\System32\msvcrt.dll
0x00007ffe75bb0000 - 0x00007ffe75c0b000 	C:\WINDOWS\System32\sechost.dll
0x00007ffe77820000 - 0x00007ffe77944000 	C:\WINDOWS\System32\RPCRT4.dll
0x00007ffe75830000 - 0x00007ffe759c1000 	C:\WINDOWS\System32\USER32.dll
0x00007ffe752c0000 - 0x00007ffe752e0000 	C:\WINDOWS\System32\win32u.dll
0x00007ffe75ce0000 - 0x00007ffe75d08000 	C:\WINDOWS\System32\GDI32.dll
0x00007ffe75120000 - 0x00007ffe752b3000 	C:\WINDOWS\System32\gdi32full.dll
0x00007ffe75080000 - 0x00007ffe7511f000 	C:\WINDOWS\System32\msvcp_win.dll
0x00007ffe75610000 - 0x00007ffe75708000 	C:\WINDOWS\System32\ucrtbase.dll
0x00007ffe645f0000 - 0x00007ffe64859000 	C:\WINDOWS\WinSxS\amd64_microsoft.windows.common-controls_6595b64144ccf1df_6.0.17134.1845_none_d3ffcfc77c905a82\COMCTL32.dll
0x00007ffe77fb0000 - 0x00007ffe782d1000 	C:\WINDOWS\System32\combase.dll
0x00007ffe75710000 - 0x00007ffe75789000 	C:\WINDOWS\System32\bcryptPrimitives.dll
0x00007ffe759e0000 - 0x00007ffe75a0d000 	C:\WINDOWS\System32\IMM32.DLL
0x0000000051ca0000 - 0x0000000051d72000 	C:\Program Files\Java\jdk1.8.0_111\jre\bin\msvcr100.dll
0x0000000051d80000 - 0x000000005261a000 	C:\Program Files\Java\jdk1.8.0_111\jre\bin\server\jvm.dll
0x00007ffe775f0000 - 0x00007ffe775f8000 	C:\WINDOWS\System32\PSAPI.DLL
0x00007ffe643d0000 - 0x00007ffe643d9000 	C:\WINDOWS\SYSTEM32\WSOCK32.dll
0x00007ffe75c70000 - 0x00007ffe75cdc000 	C:\WINDOWS\System32\WS2_32.dll
0x00007ffe65720000 - 0x00007ffe65743000 	C:\WINDOWS\SYSTEM32\WINMM.dll
0x00007ffe6fe90000 - 0x00007ffe6fe9a000 	C:\WINDOWS\SYSTEM32\VERSION.dll
0x00007ffe654f0000 - 0x00007ffe6551a000 	C:\WINDOWS\SYSTEM32\WINMMBASE.dll
0x00007ffe755c0000 - 0x00007ffe75609000 	C:\WINDOWS\System32\cfgmgr32.dll
0x0000000051c50000 - 0x0000000051c5f000 	C:\Program Files\Java\jdk1.8.0_111\jre\bin\verify.dll
0x0000000051c20000 - 0x0000000051c49000 	C:\Program Files\Java\jdk1.8.0_111\jre\bin\java.dll
0x0000000051c00000 - 0x0000000051c16000 	C:\Program Files\Java\jdk1.8.0_111\jre\bin\zip.dll
0x00007ffe75f60000 - 0x00007ffe773a5000 	C:\WINDOWS\System32\SHELL32.dll
0x00007ffe776a0000 - 0x00007ffe77749000 	C:\WINDOWS\System32\shcore.dll
0x00007ffe748b0000 - 0x00007ffe74fc5000 	C:\WINDOWS\System32\windows.storage.dll
0x00007ffe75c10000 - 0x00007ffe75c61000 	C:\WINDOWS\System32\shlwapi.dll
0x00007ffe74650000 - 0x00007ffe74661000 	C:\WINDOWS\System32\kernel.appcore.dll
0x00007ffe74610000 - 0x00007ffe7462f000 	C:\WINDOWS\System32\profapi.dll
0x00007ffe74670000 - 0x00007ffe746bc000 	C:\WINDOWS\System32\powrprof.dll
0x00007ffe74600000 - 0x00007ffe7460a000 	C:\WINDOWS\System32\FLTLIB.DLL
0x0000000051a20000 - 0x0000000051bb8000 	C:\Program Files\Java\jdk1.8.0_111\jre\bin\awt.dll
0x00007ffe77750000 - 0x00007ffe77812000 	C:\WINDOWS\System32\OLEAUT32.dll
0x00007ffe72730000 - 0x00007ffe727bb000 	C:\WINDOWS\SYSTEM32\apphelp.dll
0x00007ffe728e0000 - 0x00007ffe72978000 	C:\WINDOWS\system32\uxtheme.dll
0x00007ffe77470000 - 0x00007ffe775e4000 	C:\WINDOWS\System32\MSCTF.dll
0x00007ffe72d00000 - 0x00007ffe72d29000 	C:\WINDOWS\system32\dwmapi.dll
0x00007ffe75d10000 - 0x00007ffe75e62000 	C:\WINDOWS\System32\ole32.dll
0x00000000519d0000 - 0x0000000051a17000 	C:\Program Files\Java\jdk1.8.0_111\jre\bin\fontmanager.dll
0x0000000051be0000 - 0x0000000051bfa000 	C:\Program Files\Java\jdk1.8.0_111\jre\bin\net.dll
0x00007ffe73e20000 - 0x00007ffe73e86000 	C:\WINDOWS\system32\mswsock.dll
0x0000000051bc0000 - 0x0000000051bd1000 	C:\Program Files\Java\jdk1.8.0_111\jre\bin\nio.dll
0x0000000051980000 - 0x00000000519c2000 	C:\Program Files\Java\jdk1.8.0_111\jre\bin\t2k.dll
0x00007ffe77600000 - 0x00007ffe776a0000 	C:\WINDOWS\System32\clbcatq.dll
0x00007ffe5ec10000 - 0x00007ffe5edbe000 	C:\WINDOWS\SYSTEM32\WindowsCodecs.dll
0x00007ffe5f980000 - 0x00007ffe5f9d8000 	C:\WINDOWS\system32\dataexchange.dll
0x00007ffe716f0000 - 0x00007ffe719fb000 	C:\WINDOWS\system32\d3d11.dll
0x00007ffe71d10000 - 0x00007ffe71eac000 	C:\WINDOWS\system32\dcomp.dll
0x00007ffe73220000 - 0x00007ffe732db000 	C:\WINDOWS\system32\dxgi.dll
0x00007ffe72b40000 - 0x00007ffe72cff000 	C:\WINDOWS\system32\twinapi.appcore.dll
0x00007ffe72d60000 - 0x00007ffe72d81000 	C:\WINDOWS\system32\RMCLIENT.dll
0x00007ffe5e360000 - 0x00007ffe5e3f6000 	C:\WINDOWS\System32\TextInputFramework.dll
0x00007ffe5e040000 - 0x00007ffe5e35e000 	C:\WINDOWS\System32\CoreUIComponents.dll
0x00007ffe72230000 - 0x00007ffe7230a000 	C:\WINDOWS\System32\CoreMessaging.dll
0x00007ffe732e0000 - 0x00007ffe73311000 	C:\WINDOWS\SYSTEM32\ntmarta.dll
0x00007ffe6ea00000 - 0x00007ffe6eb4d000 	C:\WINDOWS\SYSTEM32\wintypes.dll
0x0000000051940000 - 0x000000005196a000 	C:\Program Files\Java\jdk1.8.0_111\jre\bin\dcpr.dll

VM Arguments:
jvm_args: -Dfile.encoding=UTF-8 
java_command: simpleactin.SimpleActin
java_class_path (initial): C:\Users\sm2983\Documents\NetBeansProjects\Intensity\build\classes;C:\Users\sm2983\Downloads\darcula.jar;C:\Users\sm2983\Downloads\commons-math3-3.6.1.jar;C:\Users\sm2983\Documents\NetBeansProjects\SimpleActin\build\classes
Launcher Type: SUN_STANDARD

Environment Variables:
PATH=C:\Program Files\NVIDIA GPU Computing Toolkit\CUDA\v10.2\bin;C:\Program Files\NVIDIA GPU Computing Toolkit\CUDA\v10.2\libnvvp;;C:\Program Files (x86)\Common Files\Oracle\Java\javapath;C:\ProgramData\Oracle\Java\javapath;C:\ProgramData\Anaconda3;C:\ProgramData\Anaconda3\Library\mingw-w64\bin;C:\ProgramData\Anaconda3\Library\usr\bin;C:\ProgramData\Anaconda3\Library\bin;C:\ProgramData\Anaconda3\Scripts;C:\WINDOWS\system32;C:\WINDOWS;C:\WINDOWS\System32\Wbem;C:\WINDOWS\System32\WindowsPowerShell\v1.0\;C:\oracle\product\11.2.0\client_1\bin;C:\windows\SysWOW64\;C:\windows\SysWOW64\Wbem;C:\windows\SysWOW64\WindowsPowerShell\v1.0;C:\Program Files\Microsoft Application Virtualization\Sequencer;C:\Program Files\MATLAB\R2017b\runtime\win64;C:\Program Files\MATLAB\R2017b\bin;C:\WINDOWS\System32\OpenSSH\;C:\Program Files\NVIDIA Corporation\Nsight Compute 2019.5.0\;C:\Program Files (x86)\NVIDIA Corporation\PhysX\Common;C:\Program Files\dotnet\;C:\Program Files\Microsoft SQL Server\130\Tools\Binn\;C:\Program Files\Microsoft SQL Server\Client SDK\ODBC\170\Tools\Binn\;C:\Python27;C:\Program Files (x86)\IntelSWTools\sw_dev_tools\tools\DAL_1.1942.1019.110\;C:\Users\sm2983\AppData\Local\Microsoft\WindowsApps;C:\Program Files\Java\jdk1.8.0_111\bin;C:\Qt\Tools\mingw730_64\bin;
USERNAME=sm2983
OS=Windows_NT
PROCESSOR_IDENTIFIER=Intel64 Family 6 Model 94 Stepping 3, GenuineIntel



---------------  S Y S T E M  ---------------

OS: Windows 10.0 , 64 bit Build 17134 (10.0.17134.1425)

CPU:total 8 (4 cores per cpu, 2 threads per core) family 6 model 94 stepping 3, cmov, cx8, fxsr, mmx, sse, sse2, sse3, ssse3, sse4.1, sse4.2, popcnt, avx, avx2, aes, clmul, erms, rtm, 3dnowpref, lzcnt, ht, tsc, tscinvbit, bmi1, bmi2, adx

Memory: 4k page, physical 41830244k(21465996k free), swap 46724376k(5136k free)

vm_info: Java HotSpot(TM) 64-Bit Server VM (25.111-b14) for windows-amd64 JRE (1.8.0_111-b14), built on Sep 22 2016 19:24:05 by "java_re" with MS VC++ 10.0 (VS2010)

time: Fri Jan 08 09:46:37 2021
elapsed time: 132 seconds (0d 0h 2m 12s)

