#
# There is insufficient memory for the Java Runtime Environment to continue.
# Native memory allocation (mmap) failed to map 318767104 bytes for G1 virtual space
# Possible reasons:
#   The system is out of physical RAM or swap space
#   The process is running with CompressedOops enabled, and the Java Heap may be blocking the growth of the native heap
# Possible solutions:
#   Reduce memory load on the system
#   Increase physical memory or swap space
#   Check if swap backing store is full
#   Decrease Java heap size (-Xmx/-Xms)
#   Decrease number of Java threads
#   Decrease Java thread stack sizes (-Xss)
#   Set larger code cache with -XX:ReservedCodeCacheSize=
#   JVM is running with Zero Based Compressed Oops mode in which the Java heap is
#     placed in the first 32GB address space. The Java Heap base address is the
#     maximum limit for the native heap growth. Please use -XX:HeapBaseMinAddress
#     to set the Java Heap base and to place the Java Heap above 32GB virtual address.
# This output file may be truncated or incomplete.
#
#  Out of Memory Error (./open/src/hotspot/os/windows/os_windows.cpp:3321), pid=23004, tid=16256
#
# JRE version: Java(TM) SE Runtime Environment (15.0.2+7) (build 15.0.2+7-27)
# Java VM: Java HotSpot(TM) 64-Bit Server VM (15.0.2+7-27, mixed mode, sharing, tiered, compressed oops, g1 gc, windows-amd64)
# No core dump will be written. Minidumps are not enabled by default on client versions of Windows
#

---------------  S U M M A R Y ------------

Command Line: -Dfile.encoding=UTF-8 simpleactin.SimpleActin

Host: Intel(R) Core(TM) i7-6700 CPU @ 3.40GHz, 8 cores, 39G,  Windows 10 , 64 bit Build 17134 (10.0.17134.1425)
Time: Sat May 22 02:29:04 2021 Eastern Daylight Time elapsed time: 48856.780140 seconds (0d 13h 34m 16s)

---------------  T H R E A D  ---------------

Current thread (0x0000022a7ccf4040):  VMThread "VM Thread" [stack: 0x000000fff8100000,0x000000fff8200000] [id=16256]

Stack: [0x000000fff8100000,0x000000fff8200000]
[error occurred during error reporting (printing stack bounds), id 0xc0000005, EXCEPTION_ACCESS_VIOLATION (0xc0000005) at pc=0x0000022a534410ad]

Native frames: (J=compiled Java code, j=interpreted, Vv=VM code, C=native code)
V  [jvm.dll+0x62ae9a]
V  [jvm.dll+0x7817a9]
V  [jvm.dll+0x782f03]
V  [jvm.dll+0x7834c5]
V  [jvm.dll+0x78347b]
V  [jvm.dll+0x62a2b9]
V  [jvm.dll+0x62aa88]
C  [ntdll.dll+0x9f7fd]
C  [ntdll.dll+0xd856]
C  [ntdll.dll+0x9e72e]
C  0x0000022a534410ad

VM_Operation (0x000000fff90fea20): G1CollectForAllocation, mode: safepoint, requested by thread 0x0000022a7dc04ad0


---------------  P R O C E S S  ---------------

Threads class SMR info:
_java_thread_list=0x0000022a03a702d0, length=19, elements={
0x0000022a7ccf88e0, 0x0000022a7ccf94b0, 0x0000022a7cd0f660, 0x0000022a7cd12120,
0x0000022a7cd131e0, 0x0000022a7cd206c0, 0x0000022a7cd22870, 0x0000022a7cd28330,
0x0000022a7d6cedd0, 0x0000022a7d6cdf70, 0x0000022a7da93260, 0x0000022a7da95740,
0x0000022a7dada020, 0x0000022a7dc04ad0, 0x0000022a4b2170d0, 0x0000022a7dd9def0,
0x0000022a7d65da00, 0x0000022a00050ec0, 0x0000022a7e18de50
}

Java Threads: ( => current thread )
  0x0000022a7ccf88e0 JavaThread "Reference Handler" daemon [_thread_blocked, id=20528, stack(0x000000fff8200000,0x000000fff8300000)]
  0x0000022a7ccf94b0 JavaThread "Finalizer" daemon [_thread_blocked, id=18860, stack(0x000000fff8300000,0x000000fff8400000)]
  0x0000022a7cd0f660 JavaThread "Signal Dispatcher" daemon [_thread_blocked, id=2668, stack(0x000000fff8400000,0x000000fff8500000)]
  0x0000022a7cd12120 JavaThread "Attach Listener" daemon [_thread_blocked, id=12296, stack(0x000000fff8500000,0x000000fff8600000)]
  0x0000022a7cd131e0 JavaThread "Service Thread" daemon [_thread_blocked, id=15792, stack(0x000000fff8600000,0x000000fff8700000)]
  0x0000022a7cd206c0 JavaThread "C2 CompilerThread0" daemon [_thread_blocked, id=15680, stack(0x000000fff8700000,0x000000fff8800000)]
  0x0000022a7cd22870 JavaThread "C1 CompilerThread0" daemon [_thread_blocked, id=17092, stack(0x000000fff8800000,0x000000fff8900000)]
  0x0000022a7cd28330 JavaThread "Sweeper thread" daemon [_thread_blocked, id=17068, stack(0x000000fff8900000,0x000000fff8a00000)]
  0x0000022a7d6cedd0 JavaThread "Notification Thread" daemon [_thread_blocked, id=19808, stack(0x000000fff8a00000,0x000000fff8b00000)]
  0x0000022a7d6cdf70 JavaThread "Common-Cleaner" daemon [_thread_blocked, id=16816, stack(0x000000fff8c00000,0x000000fff8d00000)]
  0x0000022a7da93260 JavaThread "Java2D Disposer" daemon [_thread_blocked, id=22180, stack(0x000000fff8d00000,0x000000fff8e00000)]
  0x0000022a7da95740 JavaThread "AWT-Shutdown" [_thread_blocked, id=17808, stack(0x000000fff8e00000,0x000000fff8f00000)]
  0x0000022a7dada020 JavaThread "AWT-Windows" daemon [_thread_in_native, id=10300, stack(0x000000fff8f00000,0x000000fff9000000)]
  0x0000022a7dc04ad0 JavaThread "AWT-EventQueue-0" [_thread_blocked, id=17988, stack(0x000000fff9000000,0x000000fff9100000)]
  0x0000022a4b2170d0 JavaThread "DestroyJavaVM" [_thread_blocked, id=2440, stack(0x000000fff7b00000,0x000000fff7c00000)]
  0x0000022a7dd9def0 JavaThread "Darcula Animations" daemon [_thread_blocked, id=14432, stack(0x000000fff9300000,0x000000fff9400000)]
  0x0000022a7d65da00 JavaThread "TimerQueue" daemon [_thread_blocked, id=4368, stack(0x000000fff9400000,0x000000fff9500000)]
  0x0000022a00050ec0 JavaThread "Swing-Shell" daemon [_thread_blocked, id=20876, stack(0x000000fff9700000,0x000000fff9800000)]
  0x0000022a7e18de50 JavaThread "Thread-1" [_thread_blocked, id=12268, stack(0x000000fff9500000,0x000000fff9600000)]

Other Threads:
=>0x0000022a7ccf4040 VMThread "VM Thread" [stack: 0x000000fff8100000,0x000000fff8200000] [id=16256]
  0x0000022a7d6c6010 WatcherThread [stack: 0x000000fff8b00000,0x000000fff8c00000] [id=10096]
  0x0000022a4b295500 GCTaskThread "GC Thread#0" [stack: 0x000000fff7c00000,0x000000fff7d00000] [id=21024]
  0x0000022a0022f270 GCTaskThread "GC Thread#1" [stack: 0x000000fff9c00000,0x000000fff9d00000] [id=9148]
  0x0000022a0022f5a0 GCTaskThread "GC Thread#2" [stack: 0x000000fff9d00000,0x000000fff9e00000] [id=8004]
  0x0000022a0022fc00 GCTaskThread "GC Thread#3" [stack: 0x000000fff9e00000,0x000000fff9f00000] [id=20752]
  0x0000022a0022ff30 GCTaskThread "GC Thread#4" [stack: 0x000000fff9f00000,0x000000fffa000000] [id=18452]
  0x0000022a0022ec10 GCTaskThread "GC Thread#5" [stack: 0x000000fffa000000,0x000000fffa100000] [id=2580]
  0x0000022a0022e5b0 GCTaskThread "GC Thread#6" [stack: 0x000000fffa100000,0x000000fffa200000] [id=21564]
  0x0000022a0022dc20 GCTaskThread "GC Thread#7" [stack: 0x000000fffa200000,0x000000fffa300000] [id=19804]
  0x0000022a4b2a1770 ConcurrentGCThread "G1 Main Marker" [stack: 0x000000fff7d00000,0x000000fff7e00000] [id=20192]
  0x0000022a4b2a3fb0 ConcurrentGCThread "G1 Conc#0" [stack: 0x000000fff7e00000,0x000000fff7f00000] [id=23160]
  0x0000022a0022cf60 ConcurrentGCThread "G1 Conc#1" [stack: 0x000000fff9b00000,0x000000fff9c00000] [id=21540]
  0x0000022a4b2de810 ConcurrentGCThread "G1 Refine#0" [stack: 0x000000fff7f00000,0x000000fff8000000] [id=21740]
  0x0000022a7cbee550 ConcurrentGCThread "G1 Young RemSet Sampling" [stack: 0x000000fff8000000,0x000000fff8100000] [id=404]

Threads with active compile tasks:

VM state: at safepoint (normal execution)

VM Mutex/Monitor currently owned by a thread:  ([mutex/lock_event])
[0x0000022a4b213670] Threads_lock - owner thread: 0x0000022a7ccf4040
[0x0000022a4b214090] Heap_lock - owner thread: 0x0000022a7dc04ad0

Heap address: 0x0000000581800000, size: 10216 MB, Compressed Oops mode: Zero based, Oop shift amount: 3
CDS archive(s) mapped at: [0x0000000800000000-0x0000000800b50000-0x0000000800b50000), size 11862016, SharedBaseAddress: 0x0000000800000000, ArchiveRelocationMode: 0.
Compressed class space mapped at: 0x0000000800b50000-0x0000000840b50000, size: 1073741824
Narrow klass base: 0x0000000800000000, Narrow klass shift: 3, Narrow klass range: 0x100000000

GC Precious Log:
 CPUs: 8 total, 8 available
 Memory: 40849M
 Large Page Support: Disabled
 NUMA Support: Disabled
 Compressed Oops: Enabled (Zero based)
 Heap Region Size: 8M
 Heap Min Capacity: 8M
 Heap Initial Capacity: 640M
 Heap Max Capacity: 10216M
 Pre-touch: Disabled
 Parallel Workers: 8
 Concurrent Workers: 2
 Concurrent Refinement Workers: 8
 Periodic GC: Disabled

Heap:
 garbage-first heap   total 344064K, used 9767K [0x0000000581800000, 0x0000000800000000)
  region size 8192K, 1 young (8192K), 1 survivors (8192K)
 Metaspace       used 15696K, capacity 15866K, committed 16128K, reserved 1062912K
  class space    used 1661K, capacity 1723K, committed 1792K, reserved 1048576K

Heap Regions: E=young(eden), S=young(survivor), O=old, HS=humongous(starts), HC=humongous(continues), CS=collection set, F=free, OA=open archive, CA=closed archive, TAMS=top-at-mark-start (previous, next)
|   0|0x0000000581800000, 0x0000000581fbe0f8, 0x0000000582000000| 96%| O|  |TAMS 0x0000000581800000, 0x0000000581800000| Untracked 
|   1|0x0000000582000000, 0x0000000582000000, 0x0000000582800000|  0%| F|  |TAMS 0x0000000582000000, 0x0000000582000000| Untracked 
|   2|0x0000000582800000, 0x00000005829cbd70, 0x0000000583000000| 22%| S|CS|TAMS 0x0000000582800000, 0x0000000582800000| Complete 
|   3|0x0000000583000000, 0x0000000583000000, 0x0000000583800000|  0%| F|  |TAMS 0x0000000583000000, 0x0000000583000000| Untracked 

Card table byte_map: [0x0000022a63b70000,0x0000022a64f70000] _byte_map_base: 0x0000022a60f64000

Marking Bits (Prev, Next): (CMBitMap*) 0x0000022a4b296d80, (CMBitMap*) 0x0000022a4b296dc0
 Prev Bits: [0x0000022a66370000, 0x0000022a70310000)
 Next Bits: [0x0000022a70310000, 0x0000022a7a2b0000)

Polling page: 0x0000022a48fa0000

Metaspace:

Usage:
  Non-class:     13.81 MB capacity,    13.71 MB (>99%) used,    91.88 KB ( <1%) free+waste,    15.81 KB ( <1%) overhead. 
      Class:      1.68 MB capacity,     1.62 MB ( 96%) used,    55.78 KB (  3%) free+waste,     5.63 KB ( <1%) overhead. 
       Both:     15.49 MB capacity,    15.33 MB ( 99%) used,   147.66 KB ( <1%) free+waste,    21.44 KB ( <1%) overhead. 

Virtual space:
  Non-class space:       14.00 MB reserved,      14.00 MB (100%) committed 
      Class space:        1.00 GB reserved,       1.75 MB ( <1%) committed 
             Both:        1.01 GB reserved,      15.75 MB (  2%) committed 

Chunk freelists:
   Non-Class:  129.00 KB
       Class:  37.00 KB
        Both:  166.00 KB

MaxMetaspaceSize: 17179869184.00 GB
CompressedClassSpaceSize: 1.00 GB

CodeHeap 'non-profiled nmethods': size=120000Kb used=4558Kb max_used=4558Kb free=115441Kb
 bounds [0x0000022a5af10000, 0x0000022a5b390000, 0x0000022a62440000]
CodeHeap 'profiled nmethods': size=120000Kb used=6529Kb max_used=7763Kb free=113470Kb
 bounds [0x0000022a539e0000, 0x0000022a541b0000, 0x0000022a5af10000]
CodeHeap 'non-nmethods': size=5760Kb used=1344Kb max_used=1524Kb free=4415Kb
 bounds [0x0000022a53440000, 0x0000022a536b0000, 0x0000022a539e0000]
 total_blobs=4298 nmethods=3652 adapters=557
 compilation: enabled
              stopped_count=0, restarted_count=0
 full_count=0

Compilation events (20 events):
Event: 46635.042 Thread 0x0000022a7cd22870 4384       3       java.lang.StringLatin1::toChars (16 bytes)
Event: 46635.042 Thread 0x0000022a7cd22870 nmethod 4384 0x0000022a53ed4f10 code [0x0000022a53ed50c0, 0x0000022a53ed5288]
Event: 46635.042 Thread 0x0000022a7cd22870 4385       3       java.lang.String::toCharArray (25 bytes)
Event: 46635.042 Thread 0x0000022a7cd22870 nmethod 4385 0x0000022a53f1de90 code [0x0000022a53f1e060, 0x0000022a53f1e2f8]
Event: 47659.102 Thread 0x0000022a7cd206c0 4386       4       java.io.PrintStream::ensureOpen (18 bytes)
Event: 47659.103 Thread 0x0000022a7cd206c0 nmethod 4386 0x0000022a5b380590 code [0x0000022a5b380700, 0x0000022a5b380778]
Event: 48133.982 Thread 0x0000022a7cd206c0 4387       4       com.bulenkov.iconloader.util.GraphicsUtil::setupAAPainting (36 bytes)
Event: 48134.014 Thread 0x0000022a7cd206c0 nmethod 4387 0x0000022a5b380890 code [0x0000022a5b380a80, 0x0000022a5b381170]
Event: 48433.942 Thread 0x0000022a7cd22870 4388       3       java.util.ComparableTimSort::mergeLo (656 bytes)
Event: 48433.944 Thread 0x0000022a7cd22870 nmethod 4388 0x0000022a53ce7990 code [0x0000022a53ce7d20, 0x0000022a53cea618]
Event: 48684.884 Thread 0x0000022a7cd206c0 4389       4       javax.swing.text.GapContent::length (17 bytes)
Event: 48684.885 Thread 0x0000022a7cd206c0 nmethod 4389 0x0000022a5b381590 code [0x0000022a5b381720, 0x0000022a5b3817d8]
Event: 48684.885 Thread 0x0000022a7cd206c0 4390       4       java.util.Formatter$Conversion::isGeneral (64 bytes)
Event: 48684.887 Thread 0x0000022a7cd206c0 nmethod 4390 0x0000022a5b381890 code [0x0000022a5b381c20, 0x0000022a5b381cd8]
Event: 48684.887 Thread 0x0000022a7cd206c0 4391       4       java.util.Formatter$Conversion::isInteger (48 bytes)
Event: 48684.887 Thread 0x0000022a7cd206c0 nmethod 4391 0x0000022a5b381d90 code [0x0000022a5b381f00, 0x0000022a5b381f98]
Event: 48684.887 Thread 0x0000022a7cd206c0 4392       4       java.util.Formatter$Conversion::isFloat (72 bytes)
Event: 48684.888 Thread 0x0000022a7cd206c0 nmethod 4392 0x0000022a5b382090 code [0x0000022a5b382200, 0x0000022a5b382258]
Event: 48718.496 Thread 0x0000022a7cd206c0 4393       4       javax.swing.JProgressBar$ModelListener::stateChanged (8 bytes)
Event: 48718.507 Thread 0x0000022a7cd206c0 nmethod 4393 0x0000022a5b382390 code [0x0000022a5b3825a0, 0x0000022a5b3831e8]

GC Heap History (20 events):
Event: 48856.028 GC heap after
{Heap after GC invocations=826178 (full 822936):
 garbage-first heap   total 32768K, used 7927K [0x0000000581800000, 0x0000000800000000)
  region size 8192K, 0 young (0K), 0 survivors (0K)
 Metaspace       used 15696K, capacity 15866K, committed 16128K, reserved 1062912K
  class space    used 1661K, capacity 1723K, committed 1792K, reserved 1048576K
}
Event: 48856.037 GC heap before
{Heap before GC invocations=826178 (full 822936):
 garbage-first heap   total 32768K, used 7927K [0x0000000581800000, 0x0000000800000000)
  region size 8192K, 1 young (8192K), 0 survivors (0K)
 Metaspace       used 15696K, capacity 15866K, committed 16128K, reserved 1062912K
  class space    used 1661K, capacity 1723K, committed 1792K, reserved 1048576K
}
Event: 48856.058 GC heap after
{Heap after GC invocations=826179 (full 822937):
 garbage-first heap   total 32768K, used 7927K [0x0000000581800000, 0x0000000800000000)
  region size 8192K, 0 young (0K), 0 survivors (0K)
 Metaspace       used 15696K, capacity 15866K, committed 16128K, reserved 1062912K
  class space    used 1661K, capacity 1723K, committed 1792K, reserved 1048576K
}
Event: 48856.092 GC heap before
{Heap before GC invocations=826179 (full 822937):
 garbage-first heap   total 32768K, used 7927K [0x0000000581800000, 0x0000000800000000)
  region size 8192K, 1 young (8192K), 0 survivors (0K)
 Metaspace       used 15696K, capacity 15866K, committed 16128K, reserved 1062912K
  class space    used 1661K, capacity 1723K, committed 1792K, reserved 1048576K
}
Event: 48856.114 GC heap after
{Heap after GC invocations=826180 (full 822938):
 garbage-first heap   total 32768K, used 7946K [0x0000000581800000, 0x0000000800000000)
  region size 8192K, 0 young (0K), 0 survivors (0K)
 Metaspace       used 15696K, capacity 15866K, committed 16128K, reserved 1062912K
  class space    used 1661K, capacity 1723K, committed 1792K, reserved 1048576K
}
Event: 48856.160 GC heap before
{Heap before GC invocations=826180 (full 822938):
 garbage-first heap   total 32768K, used 7946K [0x0000000581800000, 0x0000000800000000)
  region size 8192K, 1 young (8192K), 0 survivors (0K)
 Metaspace       used 15696K, capacity 15866K, committed 16128K, reserved 1062912K
  class space    used 1661K, capacity 1723K, committed 1792K, reserved 1048576K
}
Event: 48856.184 GC heap after
{Heap after GC invocations=826181 (full 822939):
 garbage-first heap   total 32768K, used 7922K [0x0000000581800000, 0x0000000800000000)
  region size 8192K, 0 young (0K), 0 survivors (0K)
 Metaspace       used 15696K, capacity 15866K, committed 16128K, reserved 1062912K
  class space    used 1661K, capacity 1723K, committed 1792K, reserved 1048576K
}
Event: 48856.209 GC heap before
{Heap before GC invocations=826181 (full 822939):
 garbage-first heap   total 32768K, used 7922K [0x0000000581800000, 0x0000000800000000)
  region size 8192K, 1 young (8192K), 0 survivors (0K)
 Metaspace       used 15696K, capacity 15866K, committed 16128K, reserved 1062912K
  class space    used 1661K, capacity 1723K, committed 1792K, reserved 1048576K
}
Event: 48856.231 GC heap after
{Heap after GC invocations=826182 (full 822940):
 garbage-first heap   total 32768K, used 7928K [0x0000000581800000, 0x0000000800000000)
  region size 8192K, 0 young (0K), 0 survivors (0K)
 Metaspace       used 15696K, capacity 15866K, committed 16128K, reserved 1062912K
  class space    used 1661K, capacity 1723K, committed 1792K, reserved 1048576K
}
Event: 48856.403 GC heap before
{Heap before GC invocations=826182 (full 822940):
 garbage-first heap   total 32768K, used 7928K [0x0000000581800000, 0x0000000800000000)
  region size 8192K, 1 young (8192K), 0 survivors (0K)
 Metaspace       used 15696K, capacity 15866K, committed 16128K, reserved 1062912K
  class space    used 1661K, capacity 1723K, committed 1792K, reserved 1048576K
}
Event: 48856.426 GC heap after
{Heap after GC invocations=826183 (full 822941):
 garbage-first heap   total 32768K, used 7947K [0x0000000581800000, 0x0000000800000000)
  region size 8192K, 0 young (0K), 0 survivors (0K)
 Metaspace       used 15696K, capacity 15866K, committed 16128K, reserved 1062912K
  class space    used 1661K, capacity 1723K, committed 1792K, reserved 1048576K
}
Event: 48856.480 GC heap before
{Heap before GC invocations=826183 (full 822941):
 garbage-first heap   total 32768K, used 7947K [0x0000000581800000, 0x0000000800000000)
  region size 8192K, 1 young (8192K), 0 survivors (0K)
 Metaspace       used 15696K, capacity 15866K, committed 16128K, reserved 1062912K
  class space    used 1661K, capacity 1723K, committed 1792K, reserved 1048576K
}
Event: 48856.505 GC heap after
{Heap after GC invocations=826184 (full 822942):
 garbage-first heap   total 32768K, used 7939K [0x0000000581800000, 0x0000000800000000)
  region size 8192K, 0 young (0K), 0 survivors (0K)
 Metaspace       used 15696K, capacity 15866K, committed 16128K, reserved 1062912K
  class space    used 1661K, capacity 1723K, committed 1792K, reserved 1048576K
}
Event: 48856.558 GC heap before
{Heap before GC invocations=826184 (full 822942):
 garbage-first heap   total 32768K, used 7939K [0x0000000581800000, 0x0000000800000000)
  region size 8192K, 1 young (8192K), 0 survivors (0K)
 Metaspace       used 15696K, capacity 15866K, committed 16128K, reserved 1062912K
  class space    used 1661K, capacity 1723K, committed 1792K, reserved 1048576K
}
Event: 48856.583 GC heap after
{Heap after GC invocations=826185 (full 822943):
 garbage-first heap   total 32768K, used 7929K [0x0000000581800000, 0x0000000800000000)
  region size 8192K, 0 young (0K), 0 survivors (0K)
 Metaspace       used 15696K, capacity 15866K, committed 16128K, reserved 1062912K
  class space    used 1661K, capacity 1723K, committed 1792K, reserved 1048576K
}
Event: 48856.651 GC heap before
{Heap before GC invocations=826185 (full 822943):
 garbage-first heap   total 32768K, used 7929K [0x0000000581800000, 0x0000000800000000)
  region size 8192K, 1 young (8192K), 0 survivors (0K)
 Metaspace       used 15696K, capacity 15866K, committed 16128K, reserved 1062912K
  class space    used 1661K, capacity 1723K, committed 1792K, reserved 1048576K
}
Event: 48856.674 GC heap after
{Heap after GC invocations=826186 (full 822944):
 garbage-first heap   total 32768K, used 7937K [0x0000000581800000, 0x0000000800000000)
  region size 8192K, 0 young (0K), 0 survivors (0K)
 Metaspace       used 15696K, capacity 15866K, committed 16128K, reserved 1062912K
  class space    used 1661K, capacity 1723K, committed 1792K, reserved 1048576K
}
Event: 48856.718 GC heap before
{Heap before GC invocations=826186 (full 822944):
 garbage-first heap   total 32768K, used 7937K [0x0000000581800000, 0x0000000800000000)
  region size 8192K, 1 young (8192K), 0 survivors (0K)
 Metaspace       used 15696K, capacity 15866K, committed 16128K, reserved 1062912K
  class space    used 1661K, capacity 1723K, committed 1792K, reserved 1048576K
}
Event: 48856.753 GC heap after
{Heap after GC invocations=826187 (full 822945):
 garbage-first heap   total 32768K, used 7928K [0x0000000581800000, 0x0000000800000000)
  region size 8192K, 0 young (0K), 0 survivors (0K)
 Metaspace       used 15696K, capacity 15866K, committed 16128K, reserved 1062912K
  class space    used 1661K, capacity 1723K, committed 1792K, reserved 1048576K
}
Event: 48856.776 GC heap before
{Heap before GC invocations=826187 (full 822945):
 garbage-first heap   total 32768K, used 7928K [0x0000000581800000, 0x0000000800000000)
  region size 8192K, 1 young (8192K), 0 survivors (0K)
 Metaspace       used 15696K, capacity 15866K, committed 16128K, reserved 1062912K
  class space    used 1661K, capacity 1723K, committed 1792K, reserved 1048576K
}

Deoptimization events (20 events):
Event: 10386.095 Thread 0x0000022a7da93260 Uncommon trap: trap_request=0xffffff66 fr.pc=0x0000022a5b29add4 relative=0x00000000000005d4
Event: 10386.095 Thread 0x0000022a7da93260 Uncommon trap: reason=speculate_class_check action=maybe_recompile pc=0x0000022a5b29add4 method=sun.java2d.Disposer.run()V @ 11 c2
Event: 10386.095 Thread 0x0000022a7da93260 DEOPT PACKING pc=0x0000022a5b29add4 sp=0x000000fff8dff140
Event: 10386.095 Thread 0x0000022a7da93260 DEOPT UNPACKING pc=0x0000022a5348e42f sp=0x000000fff8dff110 mode 2
Event: 10722.757 Thread 0x0000022a7da93260 Uncommon trap: trap_request=0xffffff66 fr.pc=0x0000022a5b29add4 relative=0x00000000000005d4
Event: 10722.757 Thread 0x0000022a7da93260 Uncommon trap: reason=speculate_class_check action=maybe_recompile pc=0x0000022a5b29add4 method=sun.java2d.Disposer.run()V @ 11 c2
Event: 10722.757 Thread 0x0000022a7da93260 DEOPT PACKING pc=0x0000022a5b29add4 sp=0x000000fff8dff140
Event: 10722.757 Thread 0x0000022a7da93260 DEOPT UNPACKING pc=0x0000022a5348e42f sp=0x000000fff8dff110 mode 2
Event: 23112.264 Thread 0x0000022a7e18de50 Uncommon trap: trap_request=0xffffff45 fr.pc=0x0000022a5b2a1128 relative=0x0000000000000e48
Event: 23112.264 Thread 0x0000022a7e18de50 Uncommon trap: reason=unstable_if action=reinterpret pc=0x0000022a5b2a1128 method=java.util.concurrent.locks.AbstractQueuedSynchronizer.acquire(Ljava/util/concurrent/locks/AbstractQueuedSynchronizer$Node;IZZZJ)I @ 49 c2
Event: 23112.264 Thread 0x0000022a7e18de50 DEOPT PACKING pc=0x0000022a5b2a1128 sp=0x000000fff95fe4e0
Event: 23112.264 Thread 0x0000022a7e18de50 DEOPT UNPACKING pc=0x0000022a5348e42f sp=0x000000fff95fe488 mode 2
Event: 25818.336 Thread 0x0000022a7dc04ad0 Uncommon trap: trap_request=0xffffff45 fr.pc=0x0000022a5b241104 relative=0x0000000000000964
Event: 25818.336 Thread 0x0000022a7dc04ad0 Uncommon trap: reason=unstable_if action=reinterpret pc=0x0000022a5b241104 method=java.util.concurrent.locks.LockSupport.unpark(Ljava/lang/Thread;)V @ 1 c2
Event: 25818.336 Thread 0x0000022a7dc04ad0 DEOPT PACKING pc=0x0000022a5b241104 sp=0x000000fff90ff330
Event: 25818.336 Thread 0x0000022a7dc04ad0 DEOPT UNPACKING pc=0x0000022a5348e42f sp=0x000000fff90ff148 mode 2
Event: 37475.421 Thread 0x0000022a7e18de50 Uncommon trap: trap_request=0xffffff45 fr.pc=0x0000022a5b3746dc relative=0x000000000000125c
Event: 37475.421 Thread 0x0000022a7e18de50 Uncommon trap: reason=unstable_if action=reinterpret pc=0x0000022a5b3746dc method=java.util.concurrent.locks.AbstractQueuedSynchronizer.acquire(Ljava/util/concurrent/locks/AbstractQueuedSynchronizer$Node;IZZZJ)I @ 99 c2
Event: 37475.421 Thread 0x0000022a7e18de50 DEOPT PACKING pc=0x0000022a5b3746dc sp=0x000000fff95fe4e0
Event: 37475.421 Thread 0x0000022a7e18de50 DEOPT UNPACKING pc=0x0000022a5348e42f sp=0x000000fff95fe490 mode 2

Classes unloaded (20 events):
Event: 10206.830 Thread 0x0000022a7ccf4040 Unloading class 0x0000000800bb8040 'java/lang/invoke/LambdaForm$MH+0x0000000800bb8040'
Event: 10206.830 Thread 0x0000022a7ccf4040 Unloading class 0x0000000800bb7c40 'java/lang/invoke/LambdaForm$MH+0x0000000800bb7c40'
Event: 10206.830 Thread 0x0000022a7ccf4040 Unloading class 0x0000000800bb7840 'java/lang/invoke/LambdaForm$MH+0x0000000800bb7840'
Event: 10206.830 Thread 0x0000022a7ccf4040 Unloading class 0x0000000800bb7440 'java/lang/invoke/LambdaForm$MH+0x0000000800bb7440'
Event: 10206.830 Thread 0x0000022a7ccf4040 Unloading class 0x0000000800bb6c40 'java/lang/invoke/LambdaForm$MH+0x0000000800bb6c40'
Event: 10206.830 Thread 0x0000022a7ccf4040 Unloading class 0x0000000800bb5c40 'java/lang/invoke/LambdaForm$MH+0x0000000800bb5c40'
Event: 10206.830 Thread 0x0000022a7ccf4040 Unloading class 0x0000000800bb5840 'java/lang/invoke/LambdaForm$MH+0x0000000800bb5840'
Event: 10206.830 Thread 0x0000022a7ccf4040 Unloading class 0x0000000800bb5440 'java/lang/invoke/LambdaForm$MH+0x0000000800bb5440'
Event: 10206.830 Thread 0x0000022a7ccf4040 Unloading class 0x0000000800bb5040 'java/lang/invoke/LambdaForm$MH+0x0000000800bb5040'
Event: 10206.830 Thread 0x0000022a7ccf4040 Unloading class 0x0000000800bb4c40 'java/lang/invoke/LambdaForm$MH+0x0000000800bb4c40'
Event: 10206.830 Thread 0x0000022a7ccf4040 Unloading class 0x0000000800bb4840 'java/lang/invoke/LambdaForm$MH+0x0000000800bb4840'
Event: 10206.830 Thread 0x0000022a7ccf4040 Unloading class 0x0000000800bb4440 'java/lang/invoke/LambdaForm$MH+0x0000000800bb4440'
Event: 10206.830 Thread 0x0000022a7ccf4040 Unloading class 0x0000000800bb4040 'java/lang/invoke/LambdaForm$MH+0x0000000800bb4040'
Event: 10206.830 Thread 0x0000022a7ccf4040 Unloading class 0x0000000800bb3840 'java/lang/invoke/LambdaForm$MH+0x0000000800bb3840'
Event: 10206.830 Thread 0x0000022a7ccf4040 Unloading class 0x0000000800bb3040 'java/lang/invoke/LambdaForm$MH+0x0000000800bb3040'
Event: 10206.830 Thread 0x0000022a7ccf4040 Unloading class 0x0000000800bb2c40 'java/lang/invoke/LambdaForm$MH+0x0000000800bb2c40'
Event: 10206.830 Thread 0x0000022a7ccf4040 Unloading class 0x0000000800bb2440 'java/lang/invoke/LambdaForm$MH+0x0000000800bb2440'
Event: 10206.830 Thread 0x0000022a7ccf4040 Unloading class 0x0000000800bb2040 'java/lang/invoke/LambdaForm$MH+0x0000000800bb2040'
Event: 10206.830 Thread 0x0000022a7ccf4040 Unloading class 0x0000000800bb1840 'java/lang/invoke/LambdaForm$MH+0x0000000800bb1840'
Event: 10446.563 Thread 0x0000022a7ccf4040 Unloading class 0x0000000800be9040 'jdk/internal/reflect/GeneratedSerializationConstructorAccessor1'

Classes redefined (0 events):
No events

Internal exceptions (20 events):
Event: 0.269 Thread 0x0000022a4b2170d0 Exception <a 'java/lang/NoSuchMethodError'{0x00000005a9563e68}: 'java.lang.Object java.lang.invoke.DirectMethodHandle$Holder.newInvokeSpecial(java.lang.Object, java.lang.Object, java.lang.Object, java.lang.Object, java.lang.Object)'> (0x00000005a9563e68) 
thrown [./open/src/hotspot/share/interpreter/linkResolver.cpp, line 782]
Event: 0.271 Thread 0x0000022a4b2170d0 Exception <a 'java/lang/NoSuchMethodError'{0x00000005a956f8f8}: 'java.lang.Object java.lang.invoke.DirectMethodHandle$Holder.invokeStatic(java.lang.Object, int, java.lang.Object, java.lang.Object, java.lang.Object, java.lang.Object)'> (0x00000005a956f8f8) 
thrown [./open/src/hotspot/share/interpreter/linkResolver.cpp, line 782]
Event: 0.276 Thread 0x0000022a4b2170d0 Exception <a 'java/lang/NoSuchMethodError'{0x00000005a9595a00}: 'java.lang.Object java.lang.invoke.DirectMethodHandle$Holder.invokeStatic(java.lang.Object, int, java.lang.Object)'> (0x00000005a9595a00) 
thrown [./open/src/hotspot/share/interpreter/linkResolver.cpp, line 782]
Event: 0.370 Thread 0x0000022a4b2170d0 Exception <a 'java/lang/ClassNotFoundException'{0x00000005a97544d8}: com/sun/swing/internal/plaf/metal/resources/spi/metalProvider> (0x00000005a97544d8) 
thrown [./open/src/hotspot/share/classfile/systemDictionary.cpp, line 295]
Event: 0.371 Thread 0x0000022a4b2170d0 Exception <a 'java/lang/ClassNotFoundException'{0x00000005a97584f0}: com/sun/swing/internal/plaf/basic/resources/spi/basicProvider> (0x00000005a97584f0) 
thrown [./open/src/hotspot/share/classfile/systemDictionary.cpp, line 295]
Event: 0.400 Thread 0x0000022a4b2170d0 Exception <a 'java/lang/NoSuchMethodError'{0x00000005a97ad1d8}: 'int java.lang.invoke.DirectMethodHandle$Holder.invokeStaticInit(java.lang.Object, java.lang.Object, java.lang.Object, java.lang.Object)'> (0x00000005a97ad1d8) 
thrown [./open/src/hotspot/share/interpreter/linkResolver.cpp, line 782]
Event: 0.401 Thread 0x0000022a4b2170d0 Exception <a 'java/lang/NoSuchMethodError'{0x00000005a97b76b8}: 'java.lang.Object java.lang.invoke.DirectMethodHandle$Holder.invokeInterface(java.lang.Object, java.lang.Object)'> (0x00000005a97b76b8) 
thrown [./open/src/hotspot/share/interpreter/linkResolver.cpp, line 782]
Event: 0.401 Thread 0x0000022a4b2170d0 Exception <a 'java/lang/IncompatibleClassChangeError'{0x00000005a97baea8}: Found class java.lang.Object, but interface was expected> (0x00000005a97baea8) 
thrown [./open/src/hotspot/share/interpreter/linkResolver.cpp, line 848]
Event: 0.401 Thread 0x0000022a4b2170d0 Exception <a 'java/lang/NoSuchMethodError'{0x00000005a97be018}: 'void java.lang.invoke.DirectMethodHandle$Holder.invokeStatic(java.lang.Object, java.lang.Object)'> (0x00000005a97be018) 
thrown [./open/src/hotspot/share/interpreter/linkResolver.cpp, line 782]
Event: 0.402 Thread 0x0000022a4b2170d0 Exception <a 'java/lang/NoSuchMethodError'{0x00000005a97c1778}: 'void java.lang.invoke.DirectMethodHandle$Holder.invokeStaticInit(java.lang.Object, java.lang.Object)'> (0x00000005a97c1778) 
thrown [./open/src/hotspot/share/interpreter/linkResolver.cpp, line 782]
Event: 0.403 Thread 0x0000022a4b2170d0 Exception <a 'java/lang/NoSuchMethodError'{0x00000005a97c7eb0}: 'int java.lang.invoke.DirectMethodHandle$Holder.invokeStaticInit(java.lang.Object, java.lang.Object)'> (0x00000005a97c7eb0) 
thrown [./open/src/hotspot/share/interpreter/linkResolver.cpp, line 782]
Event: 0.670 Thread 0x0000022a4b2170d0 Exception <a 'java/lang/NoSuchMethodError'{0x00000005a8af05b0}: 'void java.lang.invoke.DirectMethodHandle$Holder.invokeStaticInit(java.lang.Object)'> (0x00000005a8af05b0) 
thrown [./open/src/hotspot/share/interpreter/linkResolver.cpp, line 782]
Event: 4.860 Thread 0x0000022a7dc04ad0 Implicit null exception at 0x0000022a5af5a830 to 0x0000022a5af5a890
Event: 18.145 Thread 0x0000022a7dc04ad0 Exception <a 'java/lang/NoSuchMethodError'{0x00000005a845b2e8}: 'void java.lang.invoke.DirectMethodHandle$Holder.invokeSpecial(java.lang.Object, java.lang.Object, java.lang.Object, java.lang.Object, java.lang.Object)'> (0x00000005a845b2e8) 
thrown [./open/src/hotspot/share/interpreter/linkResolver.cpp, line 782]
Event: 55.068 Thread 0x0000022a7dc04ad0 Exception <a 'java/lang/NoSuchMethodError'{0x00000005a78cad50}: 'void java.lang.invoke.DirectMethodHandle$Holder.invokeStatic(java.lang.Object, java.lang.Object, java.lang.Object)'> (0x00000005a78cad50) 
thrown [./open/src/hotspot/share/interpreter/linkResolver.cpp, line 782]
Event: 55.530 Thread 0x0000022a7dc04ad0 Exception <a 'java/lang/NoSuchMethodError'{0x00000005a793e968}: 'int java.lang.invoke.DirectMethodHandle$Holder.invokeStatic(java.lang.Object)'> (0x00000005a793e968) 
thrown [./open/src/hotspot/share/interpreter/linkResolver.cpp, line 782]
Event: 88.212 Thread 0x0000022a7dc04ad0 Implicit null exception at 0x0000022a5afbc3c0 to 0x0000022a5afbd63c
Event: 95.378 Thread 0x0000022a7e18c640 Implicit null exception at 0x0000022a5b0e3774 to 0x0000022a5b0e3980
Event: 177.446 Thread 0x0000022a7dc04ad0 Implicit null exception at 0x0000022a5b18aa27 to 0x0000022a5b18ce44
Event: 328.056 Thread 0x0000022a7d6cdf70 Implicit null exception at 0x0000022a5b23fa43 to 0x0000022a5b240258

Events (20 events):
Event: 48856.059 Executing VM operation: G1CollectFull done
Event: 48856.091 Executing VM operation: G1CollectFull
Event: 48856.114 Executing VM operation: G1CollectFull done
Event: 48856.160 Executing VM operation: G1CollectFull
Event: 48856.184 Executing VM operation: G1CollectFull done
Event: 48856.209 Executing VM operation: G1CollectFull
Event: 48856.231 Executing VM operation: G1CollectFull done
Event: 48856.402 Executing VM operation: G1CollectFull
Event: 48856.427 Executing VM operation: G1CollectFull done
Event: 48856.480 Executing VM operation: G1CollectFull
Event: 48856.505 Executing VM operation: G1CollectFull done
Event: 48856.558 Executing VM operation: G1CollectFull
Event: 48856.583 Executing VM operation: G1CollectFull done
Event: 48856.651 Executing VM operation: G1CollectFull
Event: 48856.675 Executing VM operation: G1CollectFull done
Event: 48856.718 Executing VM operation: G1CollectFull
Event: 48856.753 Executing VM operation: G1CollectFull done
Event: 48856.775 Executing VM operation: G1CollectFull
Event: 48856.775 Executing VM operation: G1CollectFull done
Event: 48856.775 Executing VM operation: G1CollectForAllocation


Dynamic libraries:
0x00007ff746b80000 - 0x00007ff746b8f000 	C:\Users\sm2983\Downloads\jdk-15.0.2_windows-x64_bin\jdk-15.0.2\bin\java.exe
0x00007ffdcf040000 - 0x00007ffdcf221000 	C:\WINDOWS\SYSTEM32\ntdll.dll
0x00007ffdb7360000 - 0x00007ffdb7387000 	C:\Program Files\Cylance\Desktop\CyMemDef64.dll
0x00007ffdcee50000 - 0x00007ffdcef01000 	C:\WINDOWS\System32\KERNEL32.DLL
0x00007ffdcc130000 - 0x00007ffdcc3a3000 	C:\WINDOWS\System32\KERNELBASE.dll
0x00007ffdcb910000 - 0x00007ffdcba08000 	C:\WINDOWS\System32\ucrtbase.dll
0x00007ffdac720000 - 0x00007ffdac738000 	C:\Users\sm2983\Downloads\jdk-15.0.2_windows-x64_bin\jdk-15.0.2\bin\jli.dll
0x00007ffdcc520000 - 0x00007ffdcc5c1000 	C:\WINDOWS\System32\ADVAPI32.dll
0x00007ffdce730000 - 0x00007ffdce7ce000 	C:\WINDOWS\System32\msvcrt.dll
0x00007ffdce6d0000 - 0x00007ffdce72b000 	C:\WINDOWS\System32\sechost.dll
0x00007ffdcdd90000 - 0x00007ffdcdeb3000 	C:\WINDOWS\System32\RPCRT4.dll
0x00007ffdcdc00000 - 0x00007ffdcdd90000 	C:\WINDOWS\System32\USER32.dll
0x00007ffdcc4a0000 - 0x00007ffdcc4c0000 	C:\WINDOWS\System32\win32u.dll
0x00007ffdce7d0000 - 0x00007ffdce7f8000 	C:\WINDOWS\System32\GDI32.dll
0x00007ffdcb690000 - 0x00007ffdcb824000 	C:\WINDOWS\System32\gdi32full.dll
0x00007ffdcc3b0000 - 0x00007ffdcc44f000 	C:\WINDOWS\System32\msvcp_win.dll
0x00007ffdaff50000 - 0x00007ffdaff69000 	C:\Users\sm2983\Downloads\jdk-15.0.2_windows-x64_bin\jdk-15.0.2\bin\VCRUNTIME140.dll
0x00007ffdb73b0000 - 0x00007ffdb7619000 	C:\WINDOWS\WinSxS\amd64_microsoft.windows.common-controls_6595b64144ccf1df_6.0.17134.2026_none_d3fdbb717c923c14\COMCTL32.dll
0x00007ffdceb20000 - 0x00007ffdcee42000 	C:\WINDOWS\System32\combase.dll
0x00007ffdcb890000 - 0x00007ffdcb909000 	C:\WINDOWS\System32\bcryptPrimitives.dll
0x00007ffdc60a0000 - 0x00007ffdc60aa000 	C:\WINDOWS\SYSTEM32\VERSION.dll
0x00007ffdce9f0000 - 0x00007ffdcea1d000 	C:\WINDOWS\System32\IMM32.DLL
0x00007ffdc8a90000 - 0x00007ffdc8a9c000 	C:\Users\sm2983\Downloads\jdk-15.0.2_windows-x64_bin\jdk-15.0.2\bin\vcruntime140_1.dll
0x00007ffda1da0000 - 0x00007ffda1e31000 	C:\Users\sm2983\Downloads\jdk-15.0.2_windows-x64_bin\jdk-15.0.2\bin\msvcp140.dll
0x00007ffd4d270000 - 0x00007ffd4ddce000 	C:\Users\sm2983\Downloads\jdk-15.0.2_windows-x64_bin\jdk-15.0.2\bin\server\jvm.dll
0x00007ffdce8d0000 - 0x00007ffdce8d8000 	C:\WINDOWS\System32\PSAPI.DLL
0x00007ffdb7020000 - 0x00007ffdb7029000 	C:\WINDOWS\SYSTEM32\WSOCK32.dll
0x00007ffdcea50000 - 0x00007ffdceabc000 	C:\WINDOWS\System32\WS2_32.dll
0x00007ffdc9400000 - 0x00007ffdc9423000 	C:\WINDOWS\SYSTEM32\WINMM.dll
0x00007ffdc93c0000 - 0x00007ffdc93ea000 	C:\WINDOWS\SYSTEM32\WINMMBASE.dll
0x00007ffdcc450000 - 0x00007ffdcc499000 	C:\WINDOWS\System32\cfgmgr32.dll
0x00007ffdcb3b0000 - 0x00007ffdcb3c1000 	C:\WINDOWS\System32\kernel.appcore.dll
0x00007ffdc7010000 - 0x00007ffdc701a000 	C:\Users\sm2983\Downloads\jdk-15.0.2_windows-x64_bin\jdk-15.0.2\bin\jimage.dll
0x00007ffdb86d0000 - 0x00007ffdb8899000 	C:\WINDOWS\SYSTEM32\DBGHELP.DLL
0x00007ffdb8590000 - 0x00007ffdb85b9000 	C:\WINDOWS\SYSTEM32\dbgcore.DLL
0x00007ffda4290000 - 0x00007ffda42b5000 	C:\Users\sm2983\Downloads\jdk-15.0.2_windows-x64_bin\jdk-15.0.2\bin\java.dll
0x00007ffdcc7b0000 - 0x00007ffdcdbf5000 	C:\WINDOWS\System32\SHELL32.dll
0x00007ffdce940000 - 0x00007ffdce9e8000 	C:\WINDOWS\System32\shcore.dll
0x00007ffdcba10000 - 0x00007ffdcc123000 	C:\WINDOWS\System32\windows.storage.dll
0x00007ffdcc4c0000 - 0x00007ffdcc511000 	C:\WINDOWS\System32\shlwapi.dll
0x00007ffdcb3d0000 - 0x00007ffdcb3ef000 	C:\WINDOWS\System32\profapi.dll
0x00007ffdcb360000 - 0x00007ffdcb3ac000 	C:\WINDOWS\System32\powrprof.dll
0x00007ffdcb350000 - 0x00007ffdcb35a000 	C:\WINDOWS\System32\FLTLIB.DLL
0x00007ffda74a0000 - 0x00007ffda74b9000 	C:\Users\sm2983\Downloads\jdk-15.0.2_windows-x64_bin\jdk-15.0.2\bin\net.dll
0x00007ffdc6980000 - 0x00007ffdc6a5d000 	C:\WINDOWS\SYSTEM32\WINHTTP.dll
0x00007ffdcab50000 - 0x00007ffdcabb6000 	C:\WINDOWS\system32\mswsock.dll
0x00007ffda5220000 - 0x00007ffda5232000 	C:\Users\sm2983\Downloads\jdk-15.0.2_windows-x64_bin\jdk-15.0.2\bin\nio.dll
0x00007ffda3d40000 - 0x00007ffda3d58000 	C:\Users\sm2983\Downloads\jdk-15.0.2_windows-x64_bin\jdk-15.0.2\bin\zip.dll
0x00007ffd7fcb0000 - 0x00007ffd7fe30000 	C:\Users\sm2983\Downloads\jdk-15.0.2_windows-x64_bin\jdk-15.0.2\bin\awt.dll
0x00007ffdce800000 - 0x00007ffdce8c2000 	C:\WINDOWS\System32\OLEAUT32.dll
0x00007ffdc91b0000 - 0x00007ffdc923b000 	C:\WINDOWS\SYSTEM32\apphelp.dll
0x00007ffdc9780000 - 0x00007ffdc9818000 	C:\WINDOWS\system32\uxtheme.dll
0x00007ffdce550000 - 0x00007ffdce6c4000 	C:\WINDOWS\System32\MSCTF.dll
0x00007ffdc9a30000 - 0x00007ffdc9a59000 	C:\WINDOWS\system32\dwmapi.dll
0x00007ffdcc650000 - 0x00007ffdcc7a2000 	C:\WINDOWS\System32\ole32.dll
0x00007ffda12d0000 - 0x00007ffda13f0000 	C:\WINDOWS\system32\opengl32.dll
0x00007ffda35a0000 - 0x00007ffda35cc000 	C:\WINDOWS\SYSTEM32\GLU32.dll
0x00007ffdc31b0000 - 0x00007ffdc31c0000 	C:\Users\sm2983\Downloads\jdk-15.0.2_windows-x64_bin\jdk-15.0.2\bin\verify.dll
0x00007ffd90210000 - 0x00007ffd90295000 	C:\Users\sm2983\Downloads\jdk-15.0.2_windows-x64_bin\jdk-15.0.2\bin\freetype.dll
0x00007ffd89960000 - 0x00007ffd89a09000 	C:\Users\sm2983\Downloads\jdk-15.0.2_windows-x64_bin\jdk-15.0.2\bin\fontmanager.dll
0x00007ffdcdec0000 - 0x00007ffdcdf60000 	C:\WINDOWS\System32\clbcatq.dll
0x00007ffdc6690000 - 0x00007ffdc683e000 	C:\WINDOWS\SYSTEM32\WindowsCodecs.dll
0x00007ffd9af70000 - 0x00007ffd9afc8000 	C:\WINDOWS\system32\dataexchange.dll
0x00007ffdc8340000 - 0x00007ffdc864b000 	C:\WINDOWS\system32\d3d11.dll
0x00007ffdc8670000 - 0x00007ffdc880c000 	C:\WINDOWS\system32\dcomp.dll
0x00007ffdc9e90000 - 0x00007ffdc9f4b000 	C:\WINDOWS\system32\dxgi.dll
0x00007ffdc9860000 - 0x00007ffdc9a17000 	C:\WINDOWS\system32\twinapi.appcore.dll
0x00007ffdc9a90000 - 0x00007ffdc9ab1000 	C:\WINDOWS\system32\RMCLIENT.dll
0x00007ffdb2dc0000 - 0x00007ffdb2e52000 	C:\WINDOWS\System32\TextInputFramework.dll
0x00007ffdc59c0000 - 0x00007ffdc5cde000 	C:\WINDOWS\System32\CoreUIComponents.dll
0x00007ffdc8fb0000 - 0x00007ffdc908a000 	C:\WINDOWS\System32\CoreMessaging.dll
0x00007ffdca190000 - 0x00007ffdca1c1000 	C:\WINDOWS\SYSTEM32\ntmarta.dll
0x00007ffdc5640000 - 0x00007ffdc5787000 	C:\WINDOWS\SYSTEM32\wintypes.dll
0x00007ffdade20000 - 0x00007ffdadec7000 	C:\WINDOWS\WinSxS\amd64_microsoft.windows.common-controls_6595b64144ccf1df_5.82.17134.2026_none_557346232661f5e1\comctl32.dll
0x00007ffdc6350000 - 0x00007ffdc6505000 	C:\WINDOWS\SYSTEM32\PROPSYS.dll
0x00007ffdc4460000 - 0x00007ffdc4afa000 	C:\Windows\System32\OneCoreUAPCommonProxyStub.dll
0x00007ffd3efb0000 - 0x00007ffd3f0d7000 	C:\WINDOWS\system32\NetworkExplorer.dll
0x00007ffda8a10000 - 0x00007ffda8a2a000 	C:\WINDOWS\SYSTEM32\MPR.dll
0x0000000180000000 - 0x0000000180048000 	C:\WINDOWS\system32\cbfsconnectNetRdr2017.dll
0x00007ffdce100000 - 0x00007ffdce54b000 	C:\WINDOWS\System32\SETUPAPI.dll
0x00007ffdc4c00000 - 0x00007ffdc4c17000 	C:\WINDOWS\system32\NETAPI32.dll
0x00007ffdbc130000 - 0x00007ffdbc156000 	C:\WINDOWS\system32\SRVCLI.DLL
0x00007ffdac140000 - 0x00007ffdac14b000 	C:\WINDOWS\System32\drprov.dll
0x00007ffdcaf50000 - 0x00007ffdcafa6000 	C:\WINDOWS\System32\WINSTA.dll
0x00007ffda0e40000 - 0x00007ffda0e56000 	C:\WINDOWS\System32\ntlanman.dll
0x00007ffd99690000 - 0x00007ffd996ad000 	C:\WINDOWS\System32\davclnt.dll
0x00007ffdac030000 - 0x00007ffdac03c000 	C:\WINDOWS\System32\DAVHLPR.dll
0x00007ffdc5d50000 - 0x00007ffdc5d67000 	C:\WINDOWS\System32\wkscli.dll
0x00007ffdcae30000 - 0x00007ffdcae55000 	C:\WINDOWS\System32\bcrypt.dll
0x00007ffdb7310000 - 0x00007ffdb7322000 	C:\WINDOWS\SYSTEM32\cscapi.dll
0x00007ffdca9a0000 - 0x00007ffdca9ae000 	C:\WINDOWS\System32\netutils.dll
0x00007ffd8af80000 - 0x00007ffd8afca000 	C:\Windows\System32\dlnashext.dll
0x00007ffda0cb0000 - 0x00007ffda0cce000 	C:\Windows\System32\DevDispItemProvider.dll
0x00007ffdc3f60000 - 0x00007ffdc3fd6000 	C:\WINDOWS\System32\MMDevApi.dll
0x00007ffdcb140000 - 0x00007ffdcb167000 	C:\WINDOWS\System32\DEVOBJ.dll
0x00007ffdabd40000 - 0x00007ffdabd8a000 	C:\WINDOWS\SYSTEM32\rdpendp.dll
0x00007ffdac150000 - 0x00007ffdac16c000 	C:\WINDOWS\SYSTEM32\MSACM32.dll
0x00007ffdc9240000 - 0x00007ffdc9253000 	C:\WINDOWS\SYSTEM32\WTSAPI32.dll
0x00007ffd86f90000 - 0x00007ffd87171000 	C:\WINDOWS\system32\wpdshext.dll
0x00007ffdba1c0000 - 0x00007ffdba35b000 	C:\WINDOWS\WinSxS\amd64_microsoft.windows.gdiplus_6595b64144ccf1df_1.1.17134.2026_none_04e8ae56d724b5e2\gdiplus.dll
0x00007ffda3a70000 - 0x00007ffda3b0c000 	C:\Windows\System32\PortableDeviceApi.dll
0x00007ffdcb830000 - 0x00007ffdcb887000 	C:\WINDOWS\System32\WINTRUST.dll
0x00007ffdcb330000 - 0x00007ffdcb342000 	C:\WINDOWS\System32\MSASN1.dll
0x00007ffdcb4a0000 - 0x00007ffdcb682000 	C:\WINDOWS\System32\CRYPT32.dll
0x00007ffd97340000 - 0x00007ffd97376000 	C:\Windows\System32\EhStorShell.dll
0x00007ffda1d70000 - 0x00007ffda1d95000 	C:\Windows\System32\EhStorAPI.dll
0x00007ffdacef0000 - 0x00007ffdacefd000 	C:\WINDOWS\SYSTEM32\LINKINFO.dll
0x00007ffd595c0000 - 0x00007ffd59742000 	C:\Program Files\Box\Box\BoxShellExtShim-2.21.202.dll
0x00007ffdcad00000 - 0x00007ffdcad17000 	C:\WINDOWS\System32\CRYPTSP.dll
0x00007ffdca4d0000 - 0x00007ffdca503000 	C:\WINDOWS\system32\rsaenh.dll
0x00007ffdcad20000 - 0x00007ffdcad2b000 	C:\WINDOWS\SYSTEM32\CRYPTBASE.dll
0x00007ffdcea20000 - 0x00007ffdcea3d000 	C:\WINDOWS\System32\imagehlp.dll
0x00007ffdc9e10000 - 0x00007ffdc9e32000 	C:\WINDOWS\SYSTEM32\gpapi.dll
0x00007ffdb37f0000 - 0x00007ffdb381e000 	C:\Windows\System32\cryptnet.dll
0x00007ffd62ff0000 - 0x00007ffd633f2000 	C:\Program Files\Box\Box\BoxShellExt-2.21.202.dll

dbghelp: loaded successfully - version: 4.0.5 - missing functions: none
symbol engine: initialized successfully - sym options: 0x614 - pdb path: .;C:\Users\sm2983\Downloads\jdk-15.0.2_windows-x64_bin\jdk-15.0.2\bin;C:\WINDOWS\SYSTEM32;C:\Program Files\Cylance\Desktop;C:\WINDOWS\WinSxS\amd64_microsoft.windows.common-controls_6595b64144ccf1df_6.0.17134.2026_none_d3fdbb717c923c14;C:\Users\sm2983\Downloads\jdk-15.0.2_windows-x64_bin\jdk-15.0.2\bin\server;C:\WINDOWS\WinSxS\amd64_microsoft.windows.common-controls_6595b64144ccf1df_5.82.17134.2026_none_557346232661f5e1;C:\WINDOWS\WinSxS\amd64_microsoft.windows.gdiplus_6595b64144ccf1df_1.1.17134.2026_none_04e8ae56d724b5e2;C:\Program Files\Box\Box

VM Arguments:
jvm_args: -Dfile.encoding=UTF-8 
java_command: simpleactin.SimpleActin
java_class_path (initial): C:\Users\sm2983\Documents\NetBeansProjects\Intensity\dist\Intensity.jar;C:\Users\sm2983\Downloads\darcula.jar;C:\Users\sm2983\Downloads\commons-math3-3.6.1.jar;C:\Users\sm2983\Documents\NetBeansProjects\SimpleActin\build\classes
Launcher Type: SUN_STANDARD

[Global flags]
     intx CICompilerCount                          = 4                                         {product} {ergonomic}
     uint ConcGCThreads                            = 2                                         {product} {ergonomic}
     uint G1ConcRefinementThreads                  = 8                                         {product} {ergonomic}
   size_t G1HeapRegionSize                         = 8388608                                   {product} {ergonomic}
    uintx GCDrainStackTargetSize                   = 64                                        {product} {ergonomic}
   size_t InitialHeapSize                          = 671088640                                 {product} {ergonomic}
   size_t MarkStackSize                            = 4194304                                   {product} {ergonomic}
   size_t MaxHeapSize                              = 10712252416                               {product} {ergonomic}
   size_t MaxNewSize                               = 6425673728                                {product} {ergonomic}
   size_t MinHeapDeltaBytes                        = 8388608                                   {product} {ergonomic}
   size_t MinHeapSize                              = 8388608                                   {product} {ergonomic}
    uintx NonNMethodCodeHeapSize                   = 5839372                                {pd product} {ergonomic}
    uintx NonProfiledCodeHeapSize                  = 122909434                              {pd product} {ergonomic}
    uintx ProfiledCodeHeapSize                     = 122909434                              {pd product} {ergonomic}
    uintx ReservedCodeCacheSize                    = 251658240                              {pd product} {ergonomic}
     bool SegmentedCodeCache                       = true                                      {product} {ergonomic}
   size_t SoftMaxHeapSize                          = 10712252416                            {manageable} {ergonomic}
     bool UseCompressedClassPointers               = true                                 {lp64_product} {ergonomic}
     bool UseCompressedOops                        = true                                 {lp64_product} {ergonomic}
     bool UseG1GC                                  = true                                      {product} {ergonomic}
     bool UseLargePagesIndividualAllocation        = false                                  {pd product} {ergonomic}

Logging:
Log output configuration:
 #0: stdout all=warning uptime,level,tags
 #1: stderr all=off uptime,level,tags

Environment Variables:
JAVA_HOME=C:\Program Files\Java\jdk-12.0.2\
CLASSPATH=.;.;C:\PROGRA~2\JMF21~1.1E\lib\sound.jar;C:\PROGRA~2\JMF21~1.1E\lib\jmf.jar;C:\PROGRA~2\JMF21~1.1E\lib;
PATH=C:\Program Files (x86)\IntelSWTools\system_studio_2020\OpenCL\sdk\bin\x64;C:\Program Files (x86)\IntelSWTools\system_studio_2020\OpenCL\sdk\bin\x86;C:\Program Files\NVIDIA GPU Computing Toolkit\CUDA\v10.2\bin;C:\Program Files\NVIDIA GPU Computing Toolkit\CUDA\v10.2\libnvvp;C:\ProgramData\Anaconda3;C:\ProgramData\Anaconda3\Library\mingw-w64\bin;C:\ProgramData\Anaconda3\Library\usr\bin;C:\ProgramData\Anaconda3\Library\bin;C:\ProgramData\Anaconda3\Scripts;C:\WINDOWS\system32;C:\WINDOWS;C:\WINDOWS\System32\Wbem;C:\WINDOWS\System32\WindowsPowerShell\v1.0\;C:\oracle\product\11.2.0\client_1\bin;C:\windows\SysWOW64\;C:\windows\SysWOW64\Wbem;C:\windows\SysWOW64\WindowsPowerShell\v1.0;C:\Program Files\Microsoft Application Virtualization\Sequencer;C:\Program Files\MATLAB\R2017b\runtime\win64;C:\Program Files\MATLAB\R2017b\bin;C:\WINDOWS\System32\OpenSSH\;C:\Program Files\NVIDIA Corporation\Nsight Compute 2019.5.0\;C:\Program Files (x86)\NVIDIA Corporation\PhysX\Common;C:\Program Files\dotnet\;C:\Program Files\Microsoft SQL Server\130\Tools\Binn\;C:\Program Files\Microsoft SQL Server\Client SDK\ODBC\170\Tools\Binn\;C:\Python27;C:\Program Files (x86)\IntelSWTools\sw_dev_tools\tools\DAL_1.1942.1019.110\;C:\Program Files\Git\cmd;C:\Users\sm2983\AppData\Local\Microsoft\WindowsApps;C:\Program Files\Java\jdk-12.0.2\bin;C:\Qt\Tools\mingw730_64\bin;
USERNAME=sm2983
OS=Windows_NT
PROCESSOR_IDENTIFIER=Intel64 Family 6 Model 94 Stepping 3, GenuineIntel



---------------  S Y S T E M  ---------------

OS:
 Windows 10 , 64 bit Build 17134 (10.0.17134.1425)
OS uptime: 2 days 20:07 hours

CPU: total 8 (initial active 8) (4 cores per cpu, 2 threads per core) family 6 model 94 stepping 3 microcode 0xc6, cmov, cx8, fxsr, mmx, sse, sse2, sse3, ssse3, sse4.1, sse4.2, popcnt, vzeroupper, avx, avx2, aes, clmul, erms, rtm, 3dnowpref, lzcnt, ht, tsc, tscinvbit, bmi1, bmi2, adx, fma, clflush, clflushopt

Memory: 4k page, system-wide physical 40849M (13149M free)
TotalPageFile size 47170M (AvailPageFile size 270M)
current process WorkingSet (physical memory assigned to process): 138M, peak: 222M
current process commit charge ("private bytes"): 180M, peak: 816M

vm_info: Java HotSpot(TM) 64-Bit Server VM (15.0.2+7-27) for windows-amd64 JRE (15.0.2+7-27), built on Dec  7 2020 20:07:01 by "mach5one" with unknown MS VC++:1925

END.
