#
# There is insufficient memory for the Java Runtime Environment to continue.
# Native memory allocation (malloc) failed to allocate 346896 bytes for Chunk::new
# Possible reasons:
#   The system is out of physical RAM or swap space
#   In 32 bit mode, the process size limit was hit
# Possible solutions:
#   Reduce memory load on the system
#   Increase physical memory or swap space
#   Check if swap backing store is full
#   Use 64 bit Java on a 64 bit OS
#   Decrease Java heap size (-Xmx/-Xms)
#   Decrease number of Java threads
#   Decrease Java thread stack sizes (-Xss)
#   Set larger code cache with -XX:ReservedCodeCacheSize=
# This output file may be truncated or incomplete.
#
#  Out of Memory Error (allocation.cpp:390), pid=14132, tid=0x0000000000005328
#
# JRE version: Java(TM) SE Runtime Environment (8.0_111-b14) (build 1.8.0_111-b14)
# Java VM: Java HotSpot(TM) 64-Bit Server VM (25.111-b14 mixed mode windows-amd64 compressed oops)
# Failed to write core dump. Minidumps are not enabled by default on client versions of Windows
#

---------------  T H R E A D  ---------------

Current thread (0x000000002c15a000):  JavaThread "C2 CompilerThread0" daemon [_thread_in_native, id=21288, stack(0x000000002c920000,0x000000002ca20000)]

Stack: [0x000000002c920000,0x000000002ca20000]
[error occurred during error reporting (printing stack bounds), id 0xc0000005]

Native frames: (J=compiled Java code, j=interpreted, Vv=VM code, C=native code)


Current CompileTask:
C2:3369574 2855       4       sun.misc.FloatingDecimal$BinaryToASCIIBuffer::dtoa (1509 bytes)


---------------  P R O C E S S  ---------------

Java Threads: ( => current thread )
  0x00000000321b7800 JavaThread "Thread-3" [_thread_in_Java, id=34896, stack(0x0000000031870000,0x0000000031970000)]
  0x0000000030b93000 JavaThread "Darcula Animations" daemon [_thread_blocked, id=24288, stack(0x0000000031770000,0x0000000031870000)]
  0x000000002d657000 JavaThread "TimerQueue" daemon [_thread_blocked, id=38728, stack(0x000000002f5d0000,0x000000002f6d0000)]
  0x000000000249d800 JavaThread "DestroyJavaVM" [_thread_blocked, id=13928, stack(0x0000000002540000,0x0000000002640000)]
  0x000000002c52e000 JavaThread "AWT-EventQueue-0" [_thread_blocked, id=29068, stack(0x000000002e290000,0x000000002e390000)]
  0x000000002d114800 JavaThread "AWT-Windows" daemon [_thread_in_native, id=3960, stack(0x000000002da60000,0x000000002db60000)]
  0x000000002d111000 JavaThread "AWT-Shutdown" [_thread_blocked, id=16880, stack(0x000000002d960000,0x000000002da60000)]
  0x000000002d110000 JavaThread "Java2D Disposer" daemon [_thread_blocked, id=17968, stack(0x000000002d860000,0x000000002d960000)]
  0x000000002c1f5000 JavaThread "Service Thread" daemon [_thread_blocked, id=17212, stack(0x000000002cd20000,0x000000002ce20000)]
  0x000000002c164800 JavaThread "C1 CompilerThread3" daemon [_thread_blocked, id=17588, stack(0x000000002cc20000,0x000000002cd20000)]
  0x000000002c160000 JavaThread "C2 CompilerThread2" daemon [_thread_blocked, id=6568, stack(0x000000002cb20000,0x000000002cc20000)]
  0x000000002c15e800 JavaThread "C2 CompilerThread1" daemon [_thread_blocked, id=8768, stack(0x000000002ca20000,0x000000002cb20000)]
=>0x000000002c15a000 JavaThread "C2 CompilerThread0" daemon [_thread_in_native, id=21288, stack(0x000000002c920000,0x000000002ca20000)]
  0x000000002c158800 JavaThread "Attach Listener" daemon [_thread_blocked, id=18512, stack(0x000000002c820000,0x000000002c920000)]
  0x000000002a24e800 JavaThread "Signal Dispatcher" daemon [_thread_blocked, id=34228, stack(0x000000002c720000,0x000000002c820000)]
  0x000000002c150800 JavaThread "Finalizer" daemon [_thread_blocked, id=21308, stack(0x000000002c530000,0x000000002c630000)]
  0x000000002a23d800 JavaThread "Reference Handler" daemon [_thread_blocked, id=18468, stack(0x000000002c030000,0x000000002c130000)]

Other Threads:
  0x000000002a238800 VMThread [stack: 0x000000002bf30000,0x000000002c030000] [id=31668]
  0x000000002c20e800 WatcherThread [stack: 0x000000002ce20000,0x000000002cf20000] [id=7056]

VM state:not at safepoint (normal execution)

VM Mutex/Monitor currently owned by a thread: None

Heap:
 PSYoungGen      total 3482112K, used 92774K [0x00000006eb380000, 0x00000007bff00000, 0x00000007c0000000)
  eden space 3479040K, 2% used [0x00000006eb380000,0x00000006f0e19988,0x00000007bf900000)
  from space 3072K, 0% used [0x00000007bf900000,0x00000007bf900000,0x00000007bfc00000)
  to   space 3072K, 0% used [0x00000007bfc00000,0x00000007bfc00000,0x00000007bff00000)
 ParOldGen       total 437248K, used 39801K [0x0000000541a00000, 0x000000055c500000, 0x00000006eb380000)
  object space 437248K, 9% used [0x0000000541a00000,0x00000005440de688,0x000000055c500000)
 Metaspace       used 14816K, capacity 15001K, committed 15232K, reserved 1062912K
  class space    used 1771K, capacity 1843K, committed 1920K, reserved 1048576K

Card table byte_map: [0x0000000011b00000,0x0000000012f00000] byte_map_base: 0x000000000f0f3000

Marking Bits: (ParMarkBitMap*) 0x000000005259a6c0
 Begin Bits: [0x0000000014450000, 0x000000001e3e8000)
 End Bits:   [0x000000001e3e8000, 0x0000000028380000)

Polling page: 0x00000000008b0000

CodeCache: size=245760Kb used=8582Kb max_used=8594Kb free=237177Kb
 bounds [0x0000000002740000, 0x0000000002ff0000, 0x0000000011740000]
 total_blobs=2706 nmethods=2184 adapters=433
 compilation: enabled

Compilation events (10 events):
Event: 3260.388 Thread 0x000000002c164800 nmethod 2849 0x000000000298d1d0 code [0x000000000298d400, 0x000000000298e028]
Event: 3260.388 Thread 0x000000002c164800 2850       3       sun.dc.pr.PathFiller::writeAlpha (10 bytes)
Event: 3260.388 Thread 0x000000002c164800 nmethod 2850 0x0000000002bdb550 code [0x0000000002bdb6c0, 0x0000000002bdb848]
Event: 3331.437 Thread 0x000000002c164800 2852       3       java.util.concurrent.locks.AbstractQueuedSynchronizer::acquire (27 bytes)
Event: 3331.438 Thread 0x000000002c164800 nmethod 2852 0x0000000002e11110 code [0x0000000002e112c0, 0x0000000002e11778]
Event: 3363.856 Thread 0x000000002c164800 2853       3       sun.misc.FloatingDecimal$BinaryToASCIIBuffer::dtoa (1509 bytes)
Event: 3363.860 Thread 0x000000002c164800 nmethod 2853 0x0000000002b97790 code [0x0000000002b97bc0, 0x0000000002b9a2d8]
Event: 3366.515 Thread 0x000000002c160000 2854       4       sun.misc.FDBigInteger::multBy10 (178 bytes)
Event: 3366.521 Thread 0x000000002c160000 nmethod 2854 0x0000000002edd510 code [0x0000000002edd680, 0x0000000002eddbb8]
Event: 3369.391 Thread 0x000000002c15a000 2855       4       sun.misc.FloatingDecimal$BinaryToASCIIBuffer::dtoa (1509 bytes)

GC Heap History (10 events):
Event: 3369.298 GC heap before
{Heap before GC invocations=110103 (full 54878):
 PSYoungGen      total 3482112K, used 2929K [0x00000006eb380000, 0x00000007bff00000, 0x00000007c0000000)
  eden space 3479040K, 0% used [0x00000006eb380000,0x00000006eb380000,0x00000007bf900000)
  from space 3072K, 95% used [0x00000007bf900000,0x00000007bfbdc780,0x00000007bfc00000)
  to   space 3072K, 0% used [0x00000007bfc00000,0x00000007bfc00000,0x00000007bff00000)
 ParOldGen       total 437248K, used 39803K [0x0000000541a00000, 0x000000055c500000, 0x00000006eb380000)
  object space 437248K, 9% used [0x0000000541a00000,0x00000005440dec60,0x000000055c500000)
 Metaspace       used 14816K, capacity 15001K, committed 15232K, reserved 1062912K
  class space    used 1771K, capacity 1843K, committed 1920K, reserved 1048576K
Event: 3369.310 GC heap after
Heap after GC invocations=110103 (full 54878):
 PSYoungGen      total 3482112K, used 0K [0x00000006eb380000, 0x00000007bff00000, 0x00000007c0000000)
  eden space 3479040K, 0% used [0x00000006eb380000,0x00000006eb380000,0x00000007bf900000)
  from space 3072K, 0% used [0x00000007bf900000,0x00000007bf900000,0x00000007bfc00000)
  to   space 3072K, 0% used [0x00000007bfc00000,0x00000007bfc00000,0x00000007bff00000)
 ParOldGen       total 437248K, used 39801K [0x0000000541a00000, 0x000000055c500000, 0x00000006eb380000)
  object space 437248K, 9% used [0x0000000541a00000,0x00000005440de710,0x000000055c500000)
 Metaspace       used 14816K, capacity 15001K, committed 15232K, reserved 1062912K
  class space    used 1771K, capacity 1843K, committed 1920K, reserved 1048576K
}
Event: 3369.360 GC heap before
{Heap before GC invocations=110104 (full 54878):
 PSYoungGen      total 3482112K, used 92774K [0x00000006eb380000, 0x00000007bff00000, 0x00000007c0000000)
  eden space 3479040K, 2% used [0x00000006eb380000,0x00000006f0e19988,0x00000007bf900000)
  from space 3072K, 0% used [0x00000007bf900000,0x00000007bf900000,0x00000007bfc00000)
  to   space 3072K, 0% used [0x00000007bfc00000,0x00000007bfc00000,0x00000007bff00000)
 ParOldGen       total 437248K, used 39801K [0x0000000541a00000, 0x000000055c500000, 0x00000006eb380000)
  object space 437248K, 9% used [0x0000000541a00000,0x00000005440de710,0x000000055c500000)
 Metaspace       used 14816K, capacity 15001K, committed 15232K, reserved 1062912K
  class space    used 1771K, capacity 1843K, committed 1920K, reserved 1048576K
Event: 3369.361 GC heap after
Heap after GC invocations=110104 (full 54878):
 PSYoungGen      total 3482112K, used 2929K [0x00000006eb380000, 0x00000007bff00000, 0x00000007c0000000)
  eden space 3479040K, 0% used [0x00000006eb380000,0x00000006eb380000,0x00000007bf900000)
  from space 3072K, 95% used [0x00000007bfc00000,0x00000007bfedc780,0x00000007bff00000)
  to   space 3072K, 0% used [0x00000007bf900000,0x00000007bf900000,0x00000007bfc00000)
 ParOldGen       total 437248K, used 39801K [0x0000000541a00000, 0x000000055c500000, 0x00000006eb380000)
  object space 437248K, 9% used [0x0000000541a00000,0x00000005440de710,0x000000055c500000)
 Metaspace       used 14816K, capacity 15001K, committed 15232K, reserved 1062912K
  class space    used 1771K, capacity 1843K, committed 1920K, reserved 1048576K
}
Event: 3369.361 GC heap before
{Heap before GC invocations=110105 (full 54879):
 PSYoungGen      total 3482112K, used 2929K [0x00000006eb380000, 0x00000007bff00000, 0x00000007c0000000)
  eden space 3479040K, 0% used [0x00000006eb380000,0x00000006eb380000,0x00000007bf900000)
  from space 3072K, 95% used [0x00000007bfc00000,0x00000007bfedc780,0x00000007bff00000)
  to   space 3072K, 0% used [0x00000007bf900000,0x00000007bf900000,0x00000007bfc00000)
 ParOldGen       total 437248K, used 39801K [0x0000000541a00000, 0x000000055c500000, 0x00000006eb380000)
  object space 437248K, 9% used [0x0000000541a00000,0x00000005440de710,0x000000055c500000)
 Metaspace       used 14816K, capacity 15001K, committed 15232K, reserved 1062912K
  class space    used 1771K, capacity 1843K, committed 1920K, reserved 1048576K
Event: 3369.372 GC heap after
Heap after GC invocations=110105 (full 54879):
 PSYoungGen      total 3482112K, used 0K [0x00000006eb380000, 0x00000007bff00000, 0x00000007c0000000)
  eden space 3479040K, 0% used [0x00000006eb380000,0x00000006eb380000,0x00000007bf900000)
  from space 3072K, 0% used [0x00000007bfc00000,0x00000007bfc00000,0x00000007bff00000)
  to   space 3072K, 0% used [0x00000007bf900000,0x00000007bf900000,0x00000007bfc00000)
 ParOldGen       total 437248K, used 39802K [0x0000000541a00000, 0x000000055c500000, 0x00000006eb380000)
  object space 437248K, 9% used [0x0000000541a00000,0x00000005440debd8,0x000000055c500000)
 Metaspace       used 14816K, capacity 15001K, committed 15232K, reserved 1062912K
  class space    used 1771K, capacity 1843K, committed 1920K, reserved 1048576K
}
Event: 3369.420 GC heap before
{Heap before GC invocations=110106 (full 54879):
 PSYoungGen      total 3482112K, used 92774K [0x00000006eb380000, 0x00000007bff00000, 0x00000007c0000000)
  eden space 3479040K, 2% used [0x00000006eb380000,0x00000006f0e19988,0x00000007bf900000)
  from space 3072K, 0% used [0x00000007bfc00000,0x00000007bfc00000,0x00000007bff00000)
  to   space 3072K, 0% used [0x00000007bf900000,0x00000007bf900000,0x00000007bfc00000)
 ParOldGen       total 437248K, used 39802K [0x0000000541a00000, 0x000000055c500000, 0x00000006eb380000)
  object space 437248K, 9% used [0x0000000541a00000,0x00000005440debd8,0x000000055c500000)
 Metaspace       used 14816K, capacity 15001K, committed 15232K, reserved 1062912K
  class space    used 1771K, capacity 1843K, committed 1920K, reserved 1048576K
Event: 3369.421 GC heap after
Heap after GC invocations=110106 (full 54879):
 PSYoungGen      total 3482112K, used 2961K [0x00000006eb380000, 0x00000007bff00000, 0x00000007c0000000)
  eden space 3479040K, 0% used [0x00000006eb380000,0x00000006eb380000,0x00000007bf900000)
  from space 3072K, 96% used [0x00000007bf900000,0x00000007bfbe4780,0x00000007bfc00000)
  to   space 3072K, 0% used [0x00000007bfc00000,0x00000007bfc00000,0x00000007bff00000)
 ParOldGen       total 437248K, used 39802K [0x0000000541a00000, 0x000000055c500000, 0x00000006eb380000)
  object space 437248K, 9% used [0x0000000541a00000,0x00000005440debd8,0x000000055c500000)
 Metaspace       used 14816K, capacity 15001K, committed 15232K, reserved 1062912K
  class space    used 1771K, capacity 1843K, committed 1920K, reserved 1048576K
}
Event: 3369.421 GC heap before
{Heap before GC invocations=110107 (full 54880):
 PSYoungGen      total 3482112K, used 2961K [0x00000006eb380000, 0x00000007bff00000, 0x00000007c0000000)
  eden space 3479040K, 0% used [0x00000006eb380000,0x00000006eb380000,0x00000007bf900000)
  from space 3072K, 96% used [0x00000007bf900000,0x00000007bfbe4780,0x00000007bfc00000)
  to   space 3072K, 0% used [0x00000007bfc00000,0x00000007bfc00000,0x00000007bff00000)
 ParOldGen       total 437248K, used 39802K [0x0000000541a00000, 0x000000055c500000, 0x00000006eb380000)
  object space 437248K, 9% used [0x0000000541a00000,0x00000005440debd8,0x000000055c500000)
 Metaspace       used 14816K, capacity 15001K, committed 15232K, reserved 1062912K
  class space    used 1771K, capacity 1843K, committed 1920K, reserved 1048576K
Event: 3369.433 GC heap after
Heap after GC invocations=110107 (full 54880):
 PSYoungGen      total 3482112K, used 0K [0x00000006eb380000, 0x00000007bff00000, 0x00000007c0000000)
  eden space 3479040K, 0% used [0x00000006eb380000,0x00000006eb380000,0x00000007bf900000)
  from space 3072K, 0% used [0x00000007bf900000,0x00000007bf900000,0x00000007bfc00000)
  to   space 3072K, 0% used [0x00000007bfc00000,0x00000007bfc00000,0x00000007bff00000)
 ParOldGen       total 437248K, used 39801K [0x0000000541a00000, 0x000000055c500000, 0x00000006eb380000)
  object space 437248K, 9% used [0x0000000541a00000,0x00000005440de688,0x000000055c500000)
 Metaspace       used 14816K, capacity 15001K, committed 15232K, reserved 1062912K
  class space    used 1771K, capacity 1843K, committed 1920K, reserved 1048576K
}

Deoptimization events (10 events):
Event: 1065.977 Thread 0x000000002c52e000 Uncommon trap: reason=class_check action=maybe_recompile pc=0x0000000002f239b8 method=javax.swing.JComponent.paintBorder(Ljava/awt/Graphics;)V @ 22
Event: 1388.874 Thread 0x000000002c52e000 Uncommon trap: reason=class_check action=maybe_recompile pc=0x0000000002f239b8 method=javax.swing.JComponent.paintBorder(Ljava/awt/Graphics;)V @ 22
Event: 1709.523 Thread 0x00000000321b7800 Uncommon trap: reason=unstable_if action=reinterpret pc=0x0000000002e19650 method=java.util.DualPivotQuicksort.sort([DIIZ)V @ 94
Event: 1848.969 Thread 0x000000002c52e000 Uncommon trap: reason=class_check action=maybe_recompile pc=0x0000000002f239b8 method=javax.swing.JComponent.paintBorder(Ljava/awt/Graphics;)V @ 22
Event: 1976.067 Thread 0x00000000321b7800 Uncommon trap: reason=unstable_if action=reinterpret pc=0x0000000002950f74 method=org.apache.commons.math3.special.Gamma.regularizedGammaP(DDDI)D @ 51
Event: 3116.905 Thread 0x000000002c52e000 Uncommon trap: reason=class_check action=maybe_recompile pc=0x0000000002882a74 method=java.awt.EventQueue.setCurrentEventAndMostRecentTimeImpl(Ljava/awt/AWTEvent;)V @ 53
Event: 3116.906 Thread 0x000000002c52e000 Uncommon trap: reason=class_check action=maybe_recompile pc=0x0000000002882a74 method=java.awt.EventQueue.setCurrentEventAndMostRecentTimeImpl(Ljava/awt/AWTEvent;)V @ 53
Event: 3116.906 Thread 0x000000002c52e000 Uncommon trap: reason=class_check action=maybe_recompile pc=0x0000000002882a74 method=java.awt.EventQueue.setCurrentEventAndMostRecentTimeImpl(Ljava/awt/AWTEvent;)V @ 53
Event: 3116.906 Thread 0x000000002c52e000 Uncommon trap: reason=class_check action=maybe_recompile pc=0x0000000002882a74 method=java.awt.EventQueue.setCurrentEventAndMostRecentTimeImpl(Ljava/awt/AWTEvent;)V @ 53
Event: 3363.825 Thread 0x00000000321b7800 Uncommon trap: reason=unstable_if action=reinterpret pc=0x0000000002daf6c0 method=sun.misc.FloatingDecimal$BinaryToASCIIBuffer.dtoa(IJIZ)V @ 88

Internal exceptions (10 events):
Event: 0.124 Thread 0x000000000249d800 Exception <a 'java/security/PrivilegedActionException'> (0x00000006ebaa8a50) thrown at [C:\re\workspace\8-2-build-windows-amd64-cygwin\jdk8u111\7883\hotspot\src\share\vm\prims\jvm.cpp, line 1386]
Event: 0.129 Thread 0x000000000249d800 Exception <a 'java/io/FileNotFoundException'> (0x00000006ebaaacd8) thrown at [C:\re\workspace\8-2-build-windows-amd64-cygwin\jdk8u111\7883\hotspot\src\share\vm\prims\jni.cpp, line 709]
Event: 0.163 Thread 0x000000000249d800 Exception <a 'java/lang/NoSuchFieldError': method resolution failed> (0x00000006ebb780b0) thrown at [C:\re\workspace\8-2-build-windows-amd64-cygwin\jdk8u111\7883\hotspot\src\share\vm\prims\methodHandles.cpp, line 1146]
Event: 0.165 Thread 0x000000000249d800 Exception <a 'java/lang/NoSuchFieldError': method resolution failed> (0x00000006ebb85480) thrown at [C:\re\workspace\8-2-build-windows-amd64-cygwin\jdk8u111\7883\hotspot\src\share\vm\prims\methodHandles.cpp, line 1146]
Event: 0.223 Thread 0x000000000249d800 Exception <a 'java/io/FileNotFoundException'> (0x00000006ebc67960) thrown at [C:\re\workspace\8-2-build-windows-amd64-cygwin\jdk8u111\7883\hotspot\src\share\vm\prims\jni.cpp, line 709]
Event: 0.272 Thread 0x000000000249d800 Implicit null exception at 0x00000000028c4da6 to 0x00000000028c4f8d
Event: 6.710 Thread 0x000000002c52e000 Implicit null exception at 0x0000000002da6a89 to 0x0000000002da6b7d
Event: 6.712 Thread 0x000000002c52e000 Implicit null exception at 0x00000000029dd7f0 to 0x00000000029dd84c
Event: 6.717 Thread 0x000000002c52e000 Implicit null exception at 0x0000000002e6b662 to 0x0000000002e6c085
Event: 77.060 Thread 0x00000000321b7800 Implicit null exception at 0x0000000002d49bb0 to 0x0000000002d49d7d

Events (10 events):
Event: 3369.174 Executing VM operation: ParallelGCSystemGC
Event: 3369.185 Executing VM operation: ParallelGCSystemGC done
Event: 3369.241 Executing VM operation: ParallelGCSystemGC
Event: 3369.252 Executing VM operation: ParallelGCSystemGC done
Event: 3369.297 Executing VM operation: ParallelGCSystemGC
Event: 3369.310 Executing VM operation: ParallelGCSystemGC done
Event: 3369.360 Executing VM operation: ParallelGCSystemGC
Event: 3369.372 Executing VM operation: ParallelGCSystemGC done
Event: 3369.420 Executing VM operation: ParallelGCSystemGC
Event: 3369.433 Executing VM operation: ParallelGCSystemGC done


Dynamic libraries:
0x00007ff708fb0000 - 0x00007ff708fe7000 	C:\Program Files\Java\jdk1.8.0_111\bin\java.exe
0x00007ffe78320000 - 0x00007ffe78501000 	C:\WINDOWS\SYSTEM32\ntdll.dll
0x00007ffe55460000 - 0x00007ffe55487000 	C:\Program Files\Cylance\Desktop\CyMemDef64.dll
0x00007ffe77a20000 - 0x00007ffe77ad1000 	C:\WINDOWS\System32\KERNEL32.DLL
0x00007ffe75340000 - 0x00007ffe755b3000 	C:\WINDOWS\System32\KERNELBASE.dll
0x00007ffe77970000 - 0x00007ffe77a11000 	C:\WINDOWS\System32\ADVAPI32.dll
0x00007ffe75790000 - 0x00007ffe7582e000 	C:\WINDOWS\System32\msvcrt.dll
0x00007ffe75bb0000 - 0x00007ffe75c0b000 	C:\WINDOWS\System32\sechost.dll
0x00007ffe77820000 - 0x00007ffe77944000 	C:\WINDOWS\System32\RPCRT4.dll
0x00007ffe75830000 - 0x00007ffe759c1000 	C:\WINDOWS\System32\USER32.dll
0x00007ffe752c0000 - 0x00007ffe752e0000 	C:\WINDOWS\System32\win32u.dll
0x00007ffe75ce0000 - 0x00007ffe75d08000 	C:\WINDOWS\System32\GDI32.dll
0x00007ffe75120000 - 0x00007ffe752b3000 	C:\WINDOWS\System32\gdi32full.dll
0x00007ffe75080000 - 0x00007ffe7511f000 	C:\WINDOWS\System32\msvcp_win.dll
0x00007ffe75610000 - 0x00007ffe75708000 	C:\WINDOWS\System32\ucrtbase.dll
0x00007ffe645f0000 - 0x00007ffe64859000 	C:\WINDOWS\WinSxS\amd64_microsoft.windows.common-controls_6595b64144ccf1df_6.0.17134.1845_none_d3ffcfc77c905a82\COMCTL32.dll
0x00007ffe77fb0000 - 0x00007ffe782d1000 	C:\WINDOWS\System32\combase.dll
0x00007ffe75710000 - 0x00007ffe75789000 	C:\WINDOWS\System32\bcryptPrimitives.dll
0x00007ffe759e0000 - 0x00007ffe75a0d000 	C:\WINDOWS\System32\IMM32.DLL
0x0000000051ca0000 - 0x0000000051d72000 	C:\Program Files\Java\jdk1.8.0_111\jre\bin\msvcr100.dll
0x0000000051d80000 - 0x000000005261a000 	C:\Program Files\Java\jdk1.8.0_111\jre\bin\server\jvm.dll
0x00007ffe775f0000 - 0x00007ffe775f8000 	C:\WINDOWS\System32\PSAPI.DLL
0x00007ffe643d0000 - 0x00007ffe643d9000 	C:\WINDOWS\SYSTEM32\WSOCK32.dll
0x00007ffe75c70000 - 0x00007ffe75cdc000 	C:\WINDOWS\System32\WS2_32.dll
0x00007ffe65720000 - 0x00007ffe65743000 	C:\WINDOWS\SYSTEM32\WINMM.dll
0x00007ffe6fe90000 - 0x00007ffe6fe9a000 	C:\WINDOWS\SYSTEM32\VERSION.dll
0x00007ffe654f0000 - 0x00007ffe6551a000 	C:\WINDOWS\SYSTEM32\WINMMBASE.dll
0x00007ffe755c0000 - 0x00007ffe75609000 	C:\WINDOWS\System32\cfgmgr32.dll
0x0000000051c50000 - 0x0000000051c5f000 	C:\Program Files\Java\jdk1.8.0_111\jre\bin\verify.dll
0x0000000051c20000 - 0x0000000051c49000 	C:\Program Files\Java\jdk1.8.0_111\jre\bin\java.dll
0x0000000051c00000 - 0x0000000051c16000 	C:\Program Files\Java\jdk1.8.0_111\jre\bin\zip.dll
0x00007ffe75f60000 - 0x00007ffe773a5000 	C:\WINDOWS\System32\SHELL32.dll
0x00007ffe776a0000 - 0x00007ffe77749000 	C:\WINDOWS\System32\shcore.dll
0x00007ffe748b0000 - 0x00007ffe74fc5000 	C:\WINDOWS\System32\windows.storage.dll
0x00007ffe75c10000 - 0x00007ffe75c61000 	C:\WINDOWS\System32\shlwapi.dll
0x00007ffe74650000 - 0x00007ffe74661000 	C:\WINDOWS\System32\kernel.appcore.dll
0x00007ffe74610000 - 0x00007ffe7462f000 	C:\WINDOWS\System32\profapi.dll
0x00007ffe74670000 - 0x00007ffe746bc000 	C:\WINDOWS\System32\powrprof.dll
0x00007ffe74600000 - 0x00007ffe7460a000 	C:\WINDOWS\System32\FLTLIB.DLL
0x0000000051a20000 - 0x0000000051bb8000 	C:\Program Files\Java\jdk1.8.0_111\jre\bin\awt.dll
0x00007ffe77750000 - 0x00007ffe77812000 	C:\WINDOWS\System32\OLEAUT32.dll
0x00007ffe72730000 - 0x00007ffe727bb000 	C:\WINDOWS\SYSTEM32\apphelp.dll
0x00007ffe728e0000 - 0x00007ffe72978000 	C:\WINDOWS\system32\uxtheme.dll
0x00007ffe77470000 - 0x00007ffe775e4000 	C:\WINDOWS\System32\MSCTF.dll
0x00007ffe72d00000 - 0x00007ffe72d29000 	C:\WINDOWS\system32\dwmapi.dll
0x00007ffe75d10000 - 0x00007ffe75e62000 	C:\WINDOWS\System32\ole32.dll
0x00000000519d0000 - 0x0000000051a17000 	C:\Program Files\Java\jdk1.8.0_111\jre\bin\fontmanager.dll
0x0000000051be0000 - 0x0000000051bfa000 	C:\Program Files\Java\jdk1.8.0_111\jre\bin\net.dll
0x00007ffe73e20000 - 0x00007ffe73e86000 	C:\WINDOWS\system32\mswsock.dll
0x0000000051bc0000 - 0x0000000051bd1000 	C:\Program Files\Java\jdk1.8.0_111\jre\bin\nio.dll
0x0000000051980000 - 0x00000000519c2000 	C:\Program Files\Java\jdk1.8.0_111\jre\bin\t2k.dll
0x00007ffe77600000 - 0x00007ffe776a0000 	C:\WINDOWS\System32\clbcatq.dll
0x00007ffe5ec10000 - 0x00007ffe5edbe000 	C:\WINDOWS\SYSTEM32\WindowsCodecs.dll
0x00007ffe5f980000 - 0x00007ffe5f9d8000 	C:\WINDOWS\system32\dataexchange.dll
0x00007ffe716f0000 - 0x00007ffe719fb000 	C:\WINDOWS\system32\d3d11.dll
0x00007ffe71d10000 - 0x00007ffe71eac000 	C:\WINDOWS\system32\dcomp.dll
0x00007ffe73220000 - 0x00007ffe732db000 	C:\WINDOWS\system32\dxgi.dll
0x00007ffe72b40000 - 0x00007ffe72cff000 	C:\WINDOWS\system32\twinapi.appcore.dll
0x00007ffe72d60000 - 0x00007ffe72d81000 	C:\WINDOWS\system32\RMCLIENT.dll
0x00007ffe5e360000 - 0x00007ffe5e3f6000 	C:\WINDOWS\System32\TextInputFramework.dll
0x00007ffe5e040000 - 0x00007ffe5e35e000 	C:\WINDOWS\System32\CoreUIComponents.dll
0x00007ffe72230000 - 0x00007ffe7230a000 	C:\WINDOWS\System32\CoreMessaging.dll
0x00007ffe732e0000 - 0x00007ffe73311000 	C:\WINDOWS\SYSTEM32\ntmarta.dll
0x00007ffe6ea00000 - 0x00007ffe6eb4d000 	C:\WINDOWS\SYSTEM32\wintypes.dll
0x0000000051940000 - 0x000000005196a000 	C:\Program Files\Java\jdk1.8.0_111\jre\bin\dcpr.dll

VM Arguments:
jvm_args: -Dfile.encoding=UTF-8 
java_command: simpleactin.SimpleActin
java_class_path (initial): C:\Users\sm2983\Documents\NetBeansProjects\Intensity\build\classes;C:\Users\sm2983\Downloads\darcula.jar;C:\Users\sm2983\Downloads\commons-math3-3.6.1.jar;C:\Users\sm2983\Documents\NetBeansProjects\SimpleActin\build\classes
Launcher Type: SUN_STANDARD

Environment Variables:
PATH=C:\Program Files\NVIDIA GPU Computing Toolkit\CUDA\v10.2\bin;C:\Program Files\NVIDIA GPU Computing Toolkit\CUDA\v10.2\libnvvp;;C:\Program Files (x86)\Common Files\Oracle\Java\javapath;C:\ProgramData\Oracle\Java\javapath;C:\ProgramData\Anaconda3;C:\ProgramData\Anaconda3\Library\mingw-w64\bin;C:\ProgramData\Anaconda3\Library\usr\bin;C:\ProgramData\Anaconda3\Library\bin;C:\ProgramData\Anaconda3\Scripts;C:\WINDOWS\system32;C:\WINDOWS;C:\WINDOWS\System32\Wbem;C:\WINDOWS\System32\WindowsPowerShell\v1.0\;C:\oracle\product\11.2.0\client_1\bin;C:\windows\SysWOW64\;C:\windows\SysWOW64\Wbem;C:\windows\SysWOW64\WindowsPowerShell\v1.0;C:\Program Files\Microsoft Application Virtualization\Sequencer;C:\Program Files\MATLAB\R2017b\runtime\win64;C:\Program Files\MATLAB\R2017b\bin;C:\WINDOWS\System32\OpenSSH\;C:\Program Files\NVIDIA Corporation\Nsight Compute 2019.5.0\;C:\Program Files (x86)\NVIDIA Corporation\PhysX\Common;C:\Program Files\dotnet\;C:\Program Files\Microsoft SQL Server\130\Tools\Binn\;C:\Program Files\Microsoft SQL Server\Client SDK\ODBC\170\Tools\Binn\;C:\Python27;C:\Program Files (x86)\IntelSWTools\sw_dev_tools\tools\DAL_1.1942.1019.110\;C:\Users\sm2983\AppData\Local\Microsoft\WindowsApps;C:\Program Files\Java\jdk1.8.0_111\bin;C:\Qt\Tools\mingw730_64\bin;
USERNAME=sm2983
OS=Windows_NT
PROCESSOR_IDENTIFIER=Intel64 Family 6 Model 94 Stepping 3, GenuineIntel



---------------  S Y S T E M  ---------------

OS: Windows 10.0 , 64 bit Build 17134 (10.0.17134.1425)

CPU:total 8 (4 cores per cpu, 2 threads per core) family 6 model 94 stepping 3, cmov, cx8, fxsr, mmx, sse, sse2, sse3, ssse3, sse4.1, sse4.2, popcnt, avx, avx2, aes, clmul, erms, rtm, 3dnowpref, lzcnt, ht, tsc, tscinvbit, bmi1, bmi2, adx

Memory: 4k page, physical 41830244k(22931500k free), swap 48851020k(4152k free)

vm_info: Java HotSpot(TM) 64-Bit Server VM (25.111-b14) for windows-amd64 JRE (1.8.0_111-b14), built on Sep 22 2016 19:24:05 by "java_re" with MS VC++ 10.0 (VS2010)

time: Tue Jan 19 14:36:27 2021
elapsed time: 3369 seconds (0d 0h 56m 9s)

