#
# There is insufficient memory for the Java Runtime Environment to continue.
# Native memory allocation (malloc) failed to allocate 716976 bytes for Chunk::new
# Possible reasons:
#   The system is out of physical RAM or swap space
#   In 32 bit mode, the process size limit was hit
# Possible solutions:
#   Reduce memory load on the system
#   Increase physical memory or swap space
#   Check if swap backing store is full
#   Use 64 bit Java on a 64 bit OS
#   Decrease Java heap size (-Xmx/-Xms)
#   Decrease number of Java threads
#   Decrease Java thread stack sizes (-Xss)
#   Set larger code cache with -XX:ReservedCodeCacheSize=
# This output file may be truncated or incomplete.
#
#  Out of Memory Error (allocation.cpp:390), pid=25756, tid=0x0000000000005e38
#
# JRE version: Java(TM) SE Runtime Environment (8.0_111-b14) (build 1.8.0_111-b14)
# Java VM: Java HotSpot(TM) 64-Bit Server VM (25.111-b14 mixed mode windows-amd64 compressed oops)
# Failed to write core dump. Minidumps are not enabled by default on client versions of Windows
#

---------------  T H R E A D  ---------------

Current thread (0x000000002c5da000):  JavaThread "C2 CompilerThread0" daemon [_thread_in_native, id=24120, stack(0x000000002cda0000,0x000000002cea0000)]

Stack: [0x000000002cda0000,0x000000002cea0000]
[error occurred during error reporting (printing stack bounds), id 0xc0000005]

Native frames: (J=compiled Java code, j=interpreted, Vv=VM code, C=native code)


Current CompileTask:
C2:  99571 2669       4       sun.java2d.SunGraphics2D::drawImage (11 bytes)


---------------  P R O C E S S  ---------------

Java Threads: ( => current thread )
  0x000000002dcc9800 JavaThread "Thread-2" [_thread_in_Java, id=2040, stack(0x0000000030b30000,0x0000000030c30000)]
  0x000000002d919800 JavaThread "TimerQueue" daemon [_thread_blocked, id=30640, stack(0x0000000030a30000,0x0000000030b30000)]
  0x00000000029bd800 JavaThread "DestroyJavaVM" [_thread_blocked, id=25896, stack(0x00000000029e0000,0x0000000002ae0000)]
  0x000000002d634800 JavaThread "AWT-EventQueue-0" [_thread_blocked, id=27944, stack(0x000000002e6f0000,0x000000002e7f0000)]
  0x000000002d573800 JavaThread "AWT-Windows" daemon [_thread_in_native, id=22408, stack(0x000000002dee0000,0x000000002dfe0000)]
  0x000000002d51f000 JavaThread "AWT-Shutdown" [_thread_blocked, id=16348, stack(0x000000002dde0000,0x000000002dee0000)]
  0x000000002d51e800 JavaThread "Java2D Disposer" daemon [_thread_blocked, id=37244, stack(0x000000002dce0000,0x000000002dde0000)]
  0x000000002c678800 JavaThread "Service Thread" daemon [_thread_blocked, id=13628, stack(0x000000002d1a0000,0x000000002d2a0000)]
  0x000000002c5e6800 JavaThread "C1 CompilerThread3" daemon [_thread_blocked, id=33788, stack(0x000000002d0a0000,0x000000002d1a0000)]
  0x000000002c5e8000 JavaThread "C2 CompilerThread2" daemon [_thread_in_native, id=17124, stack(0x000000002cfa0000,0x000000002d0a0000)]
  0x000000002c5e1000 JavaThread "C2 CompilerThread1" daemon [_thread_in_native, id=26124, stack(0x000000002cea0000,0x000000002cfa0000)]
=>0x000000002c5da000 JavaThread "C2 CompilerThread0" daemon [_thread_in_native, id=24120, stack(0x000000002cda0000,0x000000002cea0000)]
  0x000000002c5d8800 JavaThread "Attach Listener" daemon [_thread_blocked, id=10296, stack(0x000000002cca0000,0x000000002cda0000)]
  0x000000002c5d1000 JavaThread "Signal Dispatcher" daemon [_thread_blocked, id=35768, stack(0x000000002cba0000,0x000000002cca0000)]
  0x0000000002bde000 JavaThread "Finalizer" daemon [_thread_blocked, id=28932, stack(0x000000002c9b0000,0x000000002cab0000)]
  0x0000000002bd7000 JavaThread "Reference Handler" daemon [_thread_blocked, id=32356, stack(0x000000002c4b0000,0x000000002c5b0000)]

Other Threads:
  0x000000002a6d9000 VMThread [stack: 0x000000002c3b0000,0x000000002c4b0000] [id=3620]
  0x000000002c693000 WatcherThread [stack: 0x000000002d2a0000,0x000000002d3a0000] [id=33332]

VM state:not at safepoint (normal execution)

VM Mutex/Monitor currently owned by a thread: None

Heap:
 PSYoungGen      total 3479040K, used 141032K [0x00000006eb380000, 0x00000007bff00000, 0x00000007c0000000)
  eden space 3476992K, 3% used [0x00000006eb380000,0x00000006f3b51e48,0x00000007bf700000)
  from space 2048K, 95% used [0x00000007bf700000,0x00000007bf8e8500,0x00000007bf900000)
  to   space 4096K, 0% used [0x00000007bfb00000,0x00000007bfb00000,0x00000007bff00000)
 ParOldGen       total 437248K, used 39862K [0x0000000541a00000, 0x000000055c500000, 0x00000006eb380000)
  object space 437248K, 9% used [0x0000000541a00000,0x00000005440eda40,0x000000055c500000)
 Metaspace       used 14754K, capacity 14991K, committed 15232K, reserved 1062912K
  class space    used 1761K, capacity 1840K, committed 1920K, reserved 1048576K

Card table byte_map: [0x0000000011fa0000,0x00000000133a0000] byte_map_base: 0x000000000f593000

Marking Bits: (ParMarkBitMap*) 0x000000005259a6c0
 Begin Bits: [0x00000000148f0000, 0x000000001e888000)
 End Bits:   [0x000000001e888000, 0x0000000028820000)

Polling page: 0x00000000009a0000

CodeCache: size=245760Kb used=8278Kb max_used=8506Kb free=237481Kb
 bounds [0x0000000002be0000, 0x0000000003470000, 0x0000000011be0000]
 total_blobs=2668 nmethods=2150 adapters=430
 compilation: enabled

Compilation events (10 events):
Event: 98.676 Thread 0x000000002c5da000 2666       4       java.awt.image.BufferedImage::isStandard (44 bytes)
Event: 98.679 Thread 0x000000002c5da000 nmethod 2666 0x0000000002f3e3d0 code [0x0000000002f3e520, 0x0000000002f3e688]
Event: 98.713 Thread 0x000000002c5e8000 nmethod 2665 0x00000000033a7bd0 code [0x00000000033a7d80, 0x00000000033a85a8]
Event: 99.023 Thread 0x000000002c5e1000 2667       4       java.util.EventObject::<init> (24 bytes)
Event: 99.023 Thread 0x000000002c5e6800 2668       1       sun.util.locale.StringTokenIterator::current (5 bytes)
Event: 99.023 Thread 0x000000002c5e6800 nmethod 2668 0x00000000032bcfd0 code [0x00000000032bd120, 0x00000000032bd230]
Event: 99.024 Thread 0x000000002c5e1000 nmethod 2667 0x0000000002ecb210 code [0x0000000002ecb340, 0x0000000002ecb3d8]
Event: 99.490 Thread 0x000000002c5da000 2669       4       sun.java2d.SunGraphics2D::drawImage (11 bytes)
Event: 99.490 Thread 0x000000002c5e8000 2670       4       sun.java2d.pipe.DrawImage::copyImage (105 bytes)
Event: 99.520 Thread 0x000000002c5e1000 2671   !   4       javax.swing.JComponent::_paintImmediately (891 bytes)

GC Heap History (10 events):
Event: 99.218 GC heap before
{Heap before GC invocations=1747 (full 862):
 PSYoungGen      total 3480576K, used 139059K [0x00000006eb380000, 0x00000007c0000000, 0x00000007c0000000)
  eden space 3476480K, 3% used [0x00000006eb380000,0x00000006f3b4cc80,0x00000007bf680000)
  from space 4096K, 0% used [0x00000007bfb00000,0x00000007bfb00000,0x00000007bff00000)
  to   space 4608K, 0% used [0x00000007bf680000,0x00000007bf680000,0x00000007bfb00000)
 ParOldGen       total 437248K, used 39863K [0x0000000541a00000, 0x000000055c500000, 0x00000006eb380000)
  object space 437248K, 9% used [0x0000000541a00000,0x00000005440edd80,0x000000055c500000)
 Metaspace       used 14754K, capacity 14991K, committed 15232K, reserved 1062912K
  class space    used 1761K, capacity 1840K, committed 1920K, reserved 1048576K
Event: 99.223 GC heap after
Heap after GC invocations=1747 (full 862):
 PSYoungGen      total 3481088K, used 1008K [0x00000006eb380000, 0x00000007c0000000, 0x00000007c0000000)
  eden space 3476480K, 0% used [0x00000006eb380000,0x00000006eb380000,0x00000007bf680000)
  from space 4608K, 21% used [0x00000007bf680000,0x00000007bf77c280,0x00000007bfb00000)
  to   space 4608K, 0% used [0x00000007bfb80000,0x00000007bfb80000,0x00000007c0000000)
 ParOldGen       total 437248K, used 39863K [0x0000000541a00000, 0x000000055c500000, 0x00000006eb380000)
  object space 437248K, 9% used [0x0000000541a00000,0x00000005440edd80,0x000000055c500000)
 Metaspace       used 14754K, capacity 14991K, committed 15232K, reserved 1062912K
  class space    used 1761K, capacity 1840K, committed 1920K, reserved 1048576K
}
Event: 99.223 GC heap before
{Heap before GC invocations=1748 (full 863):
 PSYoungGen      total 3481088K, used 1008K [0x00000006eb380000, 0x00000007c0000000, 0x00000007c0000000)
  eden space 3476480K, 0% used [0x00000006eb380000,0x00000006eb380000,0x00000007bf680000)
  from space 4608K, 21% used [0x00000007bf680000,0x00000007bf77c280,0x00000007bfb00000)
  to   space 4608K, 0% used [0x00000007bfb80000,0x00000007bfb80000,0x00000007c0000000)
 ParOldGen       total 437248K, used 39863K [0x0000000541a00000, 0x000000055c500000, 0x00000006eb380000)
  object space 437248K, 9% used [0x0000000541a00000,0x00000005440edd80,0x000000055c500000)
 Metaspace       used 14754K, capacity 14991K, committed 15232K, reserved 1062912K
  class space    used 1761K, capacity 1840K, committed 1920K, reserved 1048576K
Event: 99.248 GC heap after
Heap after GC invocations=1748 (full 863):
 PSYoungGen      total 3481088K, used 0K [0x00000006eb380000, 0x00000007c0000000, 0x00000007c0000000)
  eden space 3476480K, 0% used [0x00000006eb380000,0x00000006eb380000,0x00000007bf680000)
  from space 4608K, 0% used [0x00000007bf680000,0x00000007bf680000,0x00000007bfb00000)
  to   space 4608K, 0% used [0x00000007bfb80000,0x00000007bfb80000,0x00000007c0000000)
 ParOldGen       total 437248K, used 39863K [0x0000000541a00000, 0x000000055c500000, 0x00000006eb380000)
  object space 437248K, 9% used [0x0000000541a00000,0x00000005440edc60,0x000000055c500000)
 Metaspace       used 14754K, capacity 14991K, committed 15232K, reserved 1062912K
  class space    used 1761K, capacity 1840K, committed 1920K, reserved 1048576K
}
Event: 99.350 GC heap before
{Heap before GC invocations=1749 (full 863):
 PSYoungGen      total 3481088K, used 139059K [0x00000006eb380000, 0x00000007c0000000, 0x00000007c0000000)
  eden space 3476480K, 3% used [0x00000006eb380000,0x00000006f3b4cc80,0x00000007bf680000)
  from space 4608K, 0% used [0x00000007bf680000,0x00000007bf680000,0x00000007bfb00000)
  to   space 4608K, 0% used [0x00000007bfb80000,0x00000007bfb80000,0x00000007c0000000)
 ParOldGen       total 437248K, used 39863K [0x0000000541a00000, 0x000000055c500000, 0x00000006eb380000)
  object space 437248K, 9% used [0x0000000541a00000,0x00000005440edc60,0x000000055c500000)
 Metaspace       used 14754K, capacity 14991K, committed 15232K, reserved 1062912K
  class space    used 1761K, capacity 1840K, committed 1920K, reserved 1048576K
Event: 99.359 GC heap after
Heap after GC invocations=1749 (full 863):
 PSYoungGen      total 3481600K, used 1008K [0x00000006eb380000, 0x00000007c0000000, 0x00000007c0000000)
  eden space 3476992K, 0% used [0x00000006eb380000,0x00000006eb380000,0x00000007bf700000)
  from space 4608K, 21% used [0x00000007bfb80000,0x00000007bfc7c280,0x00000007c0000000)
  to   space 4608K, 0% used [0x00000007bf700000,0x00000007bf700000,0x00000007bfb80000)
 ParOldGen       total 437248K, used 39863K [0x0000000541a00000, 0x000000055c500000, 0x00000006eb380000)
  object space 437248K, 9% used [0x0000000541a00000,0x00000005440edc60,0x000000055c500000)
 Metaspace       used 14754K, capacity 14991K, committed 15232K, reserved 1062912K
  class space    used 1761K, capacity 1840K, committed 1920K, reserved 1048576K
}
Event: 99.359 GC heap before
{Heap before GC invocations=1750 (full 864):
 PSYoungGen      total 3481600K, used 1008K [0x00000006eb380000, 0x00000007c0000000, 0x00000007c0000000)
  eden space 3476992K, 0% used [0x00000006eb380000,0x00000006eb380000,0x00000007bf700000)
  from space 4608K, 21% used [0x00000007bfb80000,0x00000007bfc7c280,0x00000007c0000000)
  to   space 4608K, 0% used [0x00000007bf700000,0x00000007bf700000,0x00000007bfb80000)
 ParOldGen       total 437248K, used 39863K [0x0000000541a00000, 0x000000055c500000, 0x00000006eb380000)
  object space 437248K, 9% used [0x0000000541a00000,0x00000005440edc60,0x000000055c500000)
 Metaspace       used 14754K, capacity 14991K, committed 15232K, reserved 1062912K
  class space    used 1761K, capacity 1840K, committed 1920K, reserved 1048576K
Event: 99.386 GC heap after
Heap after GC invocations=1750 (full 864):
 PSYoungGen      total 3481600K, used 0K [0x00000006eb380000, 0x00000007c0000000, 0x00000007c0000000)
  eden space 3476992K, 0% used [0x00000006eb380000,0x00000006eb380000,0x00000007bf700000)
  from space 4608K, 0% used [0x00000007bfb80000,0x00000007bfb80000,0x00000007c0000000)
  to   space 4608K, 0% used [0x00000007bf700000,0x00000007bf700000,0x00000007bfb80000)
 ParOldGen       total 437248K, used 39862K [0x0000000541a00000, 0x000000055c500000, 0x00000006eb380000)
  object space 437248K, 9% used [0x0000000541a00000,0x00000005440eda40,0x000000055c500000)
 Metaspace       used 14754K, capacity 14991K, committed 15232K, reserved 1062912K
  class space    used 1761K, capacity 1840K, committed 1920K, reserved 1048576K
}
Event: 99.491 GC heap before
{Heap before GC invocations=1751 (full 864):
 PSYoungGen      total 3481600K, used 139079K [0x00000006eb380000, 0x00000007c0000000, 0x00000007c0000000)
  eden space 3476992K, 3% used [0x00000006eb380000,0x00000006f3b51e80,0x00000007bf700000)
  from space 4608K, 0% used [0x00000007bfb80000,0x00000007bfb80000,0x00000007c0000000)
  to   space 4608K, 0% used [0x00000007bf700000,0x00000007bf700000,0x00000007bfb80000)
 ParOldGen       total 437248K, used 39862K [0x0000000541a00000, 0x000000055c500000, 0x00000006eb380000)
  object space 437248K, 9% used [0x0000000541a00000,0x00000005440eda40,0x000000055c500000)
 Metaspace       used 14754K, capacity 14991K, committed 15232K, reserved 1062912K
  class space    used 1761K, capacity 1840K, committed 1920K, reserved 1048576K
Event: 99.492 GC heap after
Heap after GC invocations=1751 (full 864):
 PSYoungGen      total 3479040K, used 1953K [0x00000006eb380000, 0x00000007bff00000, 0x00000007c0000000)
  eden space 3476992K, 0% used [0x00000006eb380000,0x00000006eb380000,0x00000007bf700000)
  from space 2048K, 95% used [0x00000007bf700000,0x00000007bf8e8500,0x00000007bf900000)
  to   space 4096K, 0% used [0x00000007bfb00000,0x00000007bfb00000,0x00000007bff00000)
 ParOldGen       total 437248K, used 39862K [0x0000000541a00000, 0x000000055c500000, 0x00000006eb380000)
  object space 437248K, 9% used [0x0000000541a00000,0x00000005440eda40,0x000000055c500000)
 Metaspace       used 14754K, capacity 14991K, committed 15232K, reserved 1062912K
  class space    used 1761K, capacity 1840K, committed 1920K, reserved 1048576K
}

Deoptimization events (10 events):
Event: 11.005 Thread 0x000000002d634800 Uncommon trap: reason=unstable_if action=reinterpret pc=0x00000000033b5884 method=java.awt.Component.reshape(IIII)V @ 18
Event: 11.005 Thread 0x000000002d634800 Uncommon trap: reason=unstable_if action=reinterpret pc=0x00000000033b5fc4 method=java.awt.Component.reshape(IIII)V @ 18
Event: 11.012 Thread 0x000000002d634800 Uncommon trap: reason=unstable_if action=reinterpret pc=0x00000000030e1cdc method=sun.java2d.pipe.PixelToParallelogramConverter.drawLine(Lsun/java2d/SunGraphics2D;IIII)V @ 15
Event: 11.075 Thread 0x000000002dcc9800 Uncommon trap: reason=unstable_if action=reinterpret pc=0x00000000033b91d0 method=org.apache.commons.math3.stat.inference.KolmogorovSmirnovTest.integralKolmogorovSmirnovStatistic([D[D)J @ 117
Event: 11.118 Thread 0x000000002dcc9800 Uncommon trap: reason=unstable_if action=reinterpret pc=0x0000000003387970 method=org.apache.commons.math3.stat.inference.KolmogorovSmirnovTest.integralKolmogorovSmirnovStatistic([D[D)J @ 117
Event: 12.242 Thread 0x000000002d634800 Uncommon trap: reason=class_check action=maybe_recompile pc=0x0000000003397898 method=java.awt.Container.validate()V @ 35
Event: 14.937 Thread 0x000000002dcc9800 Uncommon trap: reason=unstable_if action=reinterpret pc=0x000000000335e0f8 method=java.util.DualPivotQuicksort.sort([DIIZ)V @ 94
Event: 29.521 Thread 0x000000002d634800 Uncommon trap: reason=null_check action=make_not_entrant pc=0x00000000033b5a9c method=com.bulenkov.darcula.ui.DarculaButtonUI.isSquare(Ljava/awt/Component;)Z @ 18
Event: 50.723 Thread 0x000000002d634800 Uncommon trap: reason=class_check action=maybe_recompile pc=0x0000000003397898 method=java.awt.Container.validate()V @ 35
Event: 96.806 Thread 0x000000002d634800 Uncommon trap: reason=range_check action=make_not_entrant pc=0x00000000031a54f8 method=java.awt.image.DirectColorModel.getRedMask()I @ 5

Internal exceptions (10 events):
Event: 0.038 Thread 0x00000000029bd800 Exception <a 'java/lang/NoSuchMethodError': Method sun.misc.Unsafe.prefetchRead(Ljava/lang/Object;J)V name or signature does not match> (0x00000006eb387f60) thrown at [C:\re\workspace\8-2-build-windows-amd64-cygwin\jdk8u111\7883\hotspot\src\share\vm\prims
Event: 0.120 Thread 0x00000000029bd800 Exception <a 'java/security/PrivilegedActionException'> (0x00000006ebaa4748) thrown at [C:\re\workspace\8-2-build-windows-amd64-cygwin\jdk8u111\7883\hotspot\src\share\vm\prims\jvm.cpp, line 1386]
Event: 0.120 Thread 0x00000000029bd800 Exception <a 'java/security/PrivilegedActionException'> (0x00000006ebaa4958) thrown at [C:\re\workspace\8-2-build-windows-amd64-cygwin\jdk8u111\7883\hotspot\src\share\vm\prims\jvm.cpp, line 1386]
Event: 0.120 Thread 0x00000000029bd800 Exception <a 'java/security/PrivilegedActionException'> (0x00000006ebaa8840) thrown at [C:\re\workspace\8-2-build-windows-amd64-cygwin\jdk8u111\7883\hotspot\src\share\vm\prims\jvm.cpp, line 1386]
Event: 0.120 Thread 0x00000000029bd800 Exception <a 'java/security/PrivilegedActionException'> (0x00000006ebaa8a50) thrown at [C:\re\workspace\8-2-build-windows-amd64-cygwin\jdk8u111\7883\hotspot\src\share\vm\prims\jvm.cpp, line 1386]
Event: 0.124 Thread 0x00000000029bd800 Exception <a 'java/io/FileNotFoundException'> (0x00000006ebaaacd8) thrown at [C:\re\workspace\8-2-build-windows-amd64-cygwin\jdk8u111\7883\hotspot\src\share\vm\prims\jni.cpp, line 709]
Event: 0.155 Thread 0x00000000029bd800 Exception <a 'java/lang/NoSuchFieldError': method resolution failed> (0x00000006ebb78388) thrown at [C:\re\workspace\8-2-build-windows-amd64-cygwin\jdk8u111\7883\hotspot\src\share\vm\prims\methodHandles.cpp, line 1146]
Event: 0.157 Thread 0x00000000029bd800 Exception <a 'java/lang/NoSuchFieldError': method resolution failed> (0x00000006ebb85758) thrown at [C:\re\workspace\8-2-build-windows-amd64-cygwin\jdk8u111\7883\hotspot\src\share\vm\prims\methodHandles.cpp, line 1146]
Event: 0.231 Thread 0x00000000029bd800 Exception <a 'java/io/FileNotFoundException'> (0x00000006ebc67c38) thrown at [C:\re\workspace\8-2-build-windows-amd64-cygwin\jdk8u111\7883\hotspot\src\share\vm\prims\jni.cpp, line 709]
Event: 7.181 Thread 0x000000002d634800 Implicit null exception at 0x000000000331c69d to 0x000000000331ce6d

Events (10 events):
Event: 99.046 Executing VM operation: ParallelGCSystemGC
Event: 99.074 Executing VM operation: ParallelGCSystemGC done
Event: 99.218 Executing VM operation: ParallelGCSystemGC
Event: 99.248 Executing VM operation: ParallelGCSystemGC done
Event: 99.350 Executing VM operation: ParallelGCSystemGC
Event: 99.386 Executing VM operation: ParallelGCSystemGC done
Event: 99.490 Executing VM operation: ParallelGCSystemGC
Event: 99.490 Executing VM operation: ParallelGCSystemGC done
Event: 99.491 Executing VM operation: ParallelGCSystemGC
Event: 99.492 Executing VM operation: ParallelGCSystemGC done


Dynamic libraries:
0x00007ff708fb0000 - 0x00007ff708fe7000 	C:\Program Files\Java\jdk1.8.0_111\bin\java.exe
0x00007ffe78320000 - 0x00007ffe78501000 	C:\WINDOWS\SYSTEM32\ntdll.dll
0x00007ffe55460000 - 0x00007ffe55487000 	C:\Program Files\Cylance\Desktop\CyMemDef64.dll
0x00007ffe77a20000 - 0x00007ffe77ad1000 	C:\WINDOWS\System32\KERNEL32.DLL
0x00007ffe75340000 - 0x00007ffe755b3000 	C:\WINDOWS\System32\KERNELBASE.dll
0x00007ffe77970000 - 0x00007ffe77a11000 	C:\WINDOWS\System32\ADVAPI32.dll
0x00007ffe75790000 - 0x00007ffe7582e000 	C:\WINDOWS\System32\msvcrt.dll
0x00007ffe75bb0000 - 0x00007ffe75c0b000 	C:\WINDOWS\System32\sechost.dll
0x00007ffe77820000 - 0x00007ffe77944000 	C:\WINDOWS\System32\RPCRT4.dll
0x00007ffe75830000 - 0x00007ffe759c1000 	C:\WINDOWS\System32\USER32.dll
0x00007ffe752c0000 - 0x00007ffe752e0000 	C:\WINDOWS\System32\win32u.dll
0x00007ffe75ce0000 - 0x00007ffe75d08000 	C:\WINDOWS\System32\GDI32.dll
0x00007ffe75120000 - 0x00007ffe752b3000 	C:\WINDOWS\System32\gdi32full.dll
0x00007ffe75080000 - 0x00007ffe7511f000 	C:\WINDOWS\System32\msvcp_win.dll
0x00007ffe75610000 - 0x00007ffe75708000 	C:\WINDOWS\System32\ucrtbase.dll
0x00007ffe645f0000 - 0x00007ffe64859000 	C:\WINDOWS\WinSxS\amd64_microsoft.windows.common-controls_6595b64144ccf1df_6.0.17134.1845_none_d3ffcfc77c905a82\COMCTL32.dll
0x00007ffe77fb0000 - 0x00007ffe782d1000 	C:\WINDOWS\System32\combase.dll
0x00007ffe75710000 - 0x00007ffe75789000 	C:\WINDOWS\System32\bcryptPrimitives.dll
0x00007ffe759e0000 - 0x00007ffe75a0d000 	C:\WINDOWS\System32\IMM32.DLL
0x0000000051ca0000 - 0x0000000051d72000 	C:\Program Files\Java\jdk1.8.0_111\jre\bin\msvcr100.dll
0x0000000051d80000 - 0x000000005261a000 	C:\Program Files\Java\jdk1.8.0_111\jre\bin\server\jvm.dll
0x00007ffe775f0000 - 0x00007ffe775f8000 	C:\WINDOWS\System32\PSAPI.DLL
0x00007ffe643d0000 - 0x00007ffe643d9000 	C:\WINDOWS\SYSTEM32\WSOCK32.dll
0x00007ffe75c70000 - 0x00007ffe75cdc000 	C:\WINDOWS\System32\WS2_32.dll
0x00007ffe65720000 - 0x00007ffe65743000 	C:\WINDOWS\SYSTEM32\WINMM.dll
0x00007ffe6fe90000 - 0x00007ffe6fe9a000 	C:\WINDOWS\SYSTEM32\VERSION.dll
0x00007ffe654f0000 - 0x00007ffe6551a000 	C:\WINDOWS\SYSTEM32\WINMMBASE.dll
0x00007ffe755c0000 - 0x00007ffe75609000 	C:\WINDOWS\System32\cfgmgr32.dll
0x0000000051c50000 - 0x0000000051c5f000 	C:\Program Files\Java\jdk1.8.0_111\jre\bin\verify.dll
0x0000000051c20000 - 0x0000000051c49000 	C:\Program Files\Java\jdk1.8.0_111\jre\bin\java.dll
0x0000000051c00000 - 0x0000000051c16000 	C:\Program Files\Java\jdk1.8.0_111\jre\bin\zip.dll
0x00007ffe75f60000 - 0x00007ffe773a5000 	C:\WINDOWS\System32\SHELL32.dll
0x00007ffe776a0000 - 0x00007ffe77749000 	C:\WINDOWS\System32\shcore.dll
0x00007ffe748b0000 - 0x00007ffe74fc5000 	C:\WINDOWS\System32\windows.storage.dll
0x00007ffe75c10000 - 0x00007ffe75c61000 	C:\WINDOWS\System32\shlwapi.dll
0x00007ffe74650000 - 0x00007ffe74661000 	C:\WINDOWS\System32\kernel.appcore.dll
0x00007ffe74610000 - 0x00007ffe7462f000 	C:\WINDOWS\System32\profapi.dll
0x00007ffe74670000 - 0x00007ffe746bc000 	C:\WINDOWS\System32\powrprof.dll
0x00007ffe74600000 - 0x00007ffe7460a000 	C:\WINDOWS\System32\FLTLIB.DLL
0x0000000051a20000 - 0x0000000051bb8000 	C:\Program Files\Java\jdk1.8.0_111\jre\bin\awt.dll
0x00007ffe77750000 - 0x00007ffe77812000 	C:\WINDOWS\System32\OLEAUT32.dll
0x00007ffe72730000 - 0x00007ffe727bb000 	C:\WINDOWS\SYSTEM32\apphelp.dll
0x00007ffe728e0000 - 0x00007ffe72978000 	C:\WINDOWS\system32\uxtheme.dll
0x00007ffe77470000 - 0x00007ffe775e4000 	C:\WINDOWS\System32\MSCTF.dll
0x00007ffe72d00000 - 0x00007ffe72d29000 	C:\WINDOWS\system32\dwmapi.dll
0x00007ffe75d10000 - 0x00007ffe75e62000 	C:\WINDOWS\System32\ole32.dll
0x00000000519d0000 - 0x0000000051a17000 	C:\Program Files\Java\jdk1.8.0_111\jre\bin\fontmanager.dll
0x0000000051be0000 - 0x0000000051bfa000 	C:\Program Files\Java\jdk1.8.0_111\jre\bin\net.dll
0x00007ffe73e20000 - 0x00007ffe73e86000 	C:\WINDOWS\system32\mswsock.dll
0x0000000051bc0000 - 0x0000000051bd1000 	C:\Program Files\Java\jdk1.8.0_111\jre\bin\nio.dll
0x0000000051980000 - 0x00000000519c2000 	C:\Program Files\Java\jdk1.8.0_111\jre\bin\t2k.dll
0x00007ffe77600000 - 0x00007ffe776a0000 	C:\WINDOWS\System32\clbcatq.dll
0x00007ffe5ec10000 - 0x00007ffe5edbe000 	C:\WINDOWS\SYSTEM32\WindowsCodecs.dll
0x00007ffe5f980000 - 0x00007ffe5f9d8000 	C:\WINDOWS\system32\dataexchange.dll
0x00007ffe716f0000 - 0x00007ffe719fb000 	C:\WINDOWS\system32\d3d11.dll
0x00007ffe71d10000 - 0x00007ffe71eac000 	C:\WINDOWS\system32\dcomp.dll
0x00007ffe73220000 - 0x00007ffe732db000 	C:\WINDOWS\system32\dxgi.dll
0x00007ffe72b40000 - 0x00007ffe72cff000 	C:\WINDOWS\system32\twinapi.appcore.dll
0x00007ffe72d60000 - 0x00007ffe72d81000 	C:\WINDOWS\system32\RMCLIENT.dll
0x00007ffe5e360000 - 0x00007ffe5e3f6000 	C:\WINDOWS\System32\TextInputFramework.dll
0x00007ffe5e040000 - 0x00007ffe5e35e000 	C:\WINDOWS\System32\CoreUIComponents.dll
0x00007ffe72230000 - 0x00007ffe7230a000 	C:\WINDOWS\System32\CoreMessaging.dll
0x00007ffe732e0000 - 0x00007ffe73311000 	C:\WINDOWS\SYSTEM32\ntmarta.dll
0x00007ffe6ea00000 - 0x00007ffe6eb4d000 	C:\WINDOWS\SYSTEM32\wintypes.dll
0x0000000051940000 - 0x000000005196a000 	C:\Program Files\Java\jdk1.8.0_111\jre\bin\dcpr.dll

VM Arguments:
jvm_args: -Dfile.encoding=UTF-8 
java_command: simpleactin.SimpleActin
java_class_path (initial): C:\Users\sm2983\Documents\NetBeansProjects\Intensity\build\classes;C:\Users\sm2983\Downloads\darcula.jar;C:\Users\sm2983\Downloads\commons-math3-3.6.1.jar;C:\Users\sm2983\Documents\NetBeansProjects\SimpleActin\build\classes
Launcher Type: SUN_STANDARD

Environment Variables:
PATH=C:\Program Files\NVIDIA GPU Computing Toolkit\CUDA\v10.2\bin;C:\Program Files\NVIDIA GPU Computing Toolkit\CUDA\v10.2\libnvvp;;C:\Program Files (x86)\Common Files\Oracle\Java\javapath;C:\ProgramData\Oracle\Java\javapath;C:\ProgramData\Anaconda3;C:\ProgramData\Anaconda3\Library\mingw-w64\bin;C:\ProgramData\Anaconda3\Library\usr\bin;C:\ProgramData\Anaconda3\Library\bin;C:\ProgramData\Anaconda3\Scripts;C:\WINDOWS\system32;C:\WINDOWS;C:\WINDOWS\System32\Wbem;C:\WINDOWS\System32\WindowsPowerShell\v1.0\;C:\oracle\product\11.2.0\client_1\bin;C:\windows\SysWOW64\;C:\windows\SysWOW64\Wbem;C:\windows\SysWOW64\WindowsPowerShell\v1.0;C:\Program Files\Microsoft Application Virtualization\Sequencer;C:\Program Files\MATLAB\R2017b\runtime\win64;C:\Program Files\MATLAB\R2017b\bin;C:\WINDOWS\System32\OpenSSH\;C:\Program Files\NVIDIA Corporation\Nsight Compute 2019.5.0\;C:\Program Files (x86)\NVIDIA Corporation\PhysX\Common;C:\Program Files\dotnet\;C:\Program Files\Microsoft SQL Server\130\Tools\Binn\;C:\Program Files\Microsoft SQL Server\Client SDK\ODBC\170\Tools\Binn\;C:\Python27;C:\Program Files (x86)\IntelSWTools\sw_dev_tools\tools\DAL_1.1942.1019.110\;C:\Users\sm2983\AppData\Local\Microsoft\WindowsApps;C:\Program Files\Java\jdk1.8.0_111\bin;C:\Qt\Tools\mingw730_64\bin;
USERNAME=sm2983
OS=Windows_NT
PROCESSOR_IDENTIFIER=Intel64 Family 6 Model 94 Stepping 3, GenuineIntel



---------------  S Y S T E M  ---------------

OS: Windows 10.0 , 64 bit Build 17134 (10.0.17134.1425)

CPU:total 8 (4 cores per cpu, 2 threads per core) family 6 model 94 stepping 3, cmov, cx8, fxsr, mmx, sse, sse2, sse3, ssse3, sse4.1, sse4.2, popcnt, avx, avx2, aes, clmul, erms, rtm, 3dnowpref, lzcnt, ht, tsc, tscinvbit, bmi1, bmi2, adx

Memory: 4k page, physical 41830244k(27321172k free), swap 48259048k(5388k free)

vm_info: Java HotSpot(TM) 64-Bit Server VM (25.111-b14) for windows-amd64 JRE (1.8.0_111-b14), built on Sep 22 2016 19:24:05 by "java_re" with MS VC++ 10.0 (VS2010)

time: Fri Jan 29 09:39:29 2021
elapsed time: 99 seconds (0d 0h 1m 39s)

