#
# There is insufficient memory for the Java Runtime Environment to continue.
# Native memory allocation (malloc) failed to allocate 2097152 bytes for AllocateHeap
# Possible reasons:
#   The system is out of physical RAM or swap space
#   The process is running with CompressedOops enabled, and the Java Heap may be blocking the growth of the native heap
# Possible solutions:
#   Reduce memory load on the system
#   Increase physical memory or swap space
#   Check if swap backing store is full
#   Decrease Java heap size (-Xmx/-Xms)
#   Decrease number of Java threads
#   Decrease Java thread stack sizes (-Xss)
#   Set larger code cache with -XX:ReservedCodeCacheSize=
#   JVM is running with Zero Based Compressed Oops mode in which the Java heap is
#     placed in the first 32GB address space. The Java Heap base address is the
#     maximum limit for the native heap growth. Please use -XX:HeapBaseMinAddress
#     to set the Java Heap base and to place the Java Heap above 32GB virtual address.
# This output file may be truncated or incomplete.
#
#  Out of Memory Error (./open/src/hotspot/share/memory/allocation.cpp:44), pid=9104, tid=13272
#
# JRE version: Java(TM) SE Runtime Environment (15.0.2+7) (build 15.0.2+7-27)
# Java VM: Java HotSpot(TM) 64-Bit Server VM (15.0.2+7-27, mixed mode, sharing, tiered, compressed oops, g1 gc, windows-amd64)
# No core dump will be written. Minidumps are not enabled by default on client versions of Windows
#

---------------  S U M M A R Y ------------

Command Line: -Dfile.encoding=UTF-8 simpleactin.SimpleActin

Host: Intel(R) Core(TM) i7-6700 CPU @ 3.40GHz, 8 cores, 39G,  Windows 10 , 64 bit Build 17134 (10.0.17134.1425)
Time: Sun Apr 11 10:26:53 2021 Eastern Daylight Time elapsed time: 143715.188532 seconds (1d 15h 55m 15s)

---------------  T H R E A D  ---------------

Current thread (0x0000028fb73911b0):  VMThread "VM Thread" [stack: 0x000000faf0000000,0x000000faf0100000] [id=13272]

Stack: [0x000000faf0000000,0x000000faf0100000]
[error occurred during error reporting (printing stack bounds), id 0xc0000005, EXCEPTION_ACCESS_VIOLATION (0xc0000005) at pc=0x0000028f8d3510ad]

Native frames: (J=compiled Java code, j=interpreted, Vv=VM code, C=native code)
V  [jvm.dll+0x62ae9a]
V  [jvm.dll+0x7817a9]
V  [jvm.dll+0x782f03]
V  [jvm.dll+0x7834c5]
V  [jvm.dll+0x78347b]
V  [jvm.dll+0x62a2b9]
V  [jvm.dll+0x62aa88]
C  [ntdll.dll+0x9f7fd]
C  [ntdll.dll+0xd856]
C  [ntdll.dll+0x9e72e]
C  0x0000028f8d3510ad

VM_Operation (0x000000faf16fef30): G1CollectFull, mode: safepoint, requested by thread 0x0000028fb7cfdb40


---------------  P R O C E S S  ---------------

Threads class SMR info:
_java_thread_list=0x0000028fb88066f0, length=18, elements={
0x0000028fb73941e0, 0x0000028fb7395550, 0x0000028fb73abf20, 0x0000028fb73ae9e0,
0x0000028fb73af490, 0x0000028fb73b1190, 0x0000028fb73c3b00, 0x0000028fb7c73f50,
0x0000028fb7d58140, 0x0000028fb7d76f20, 0x0000028fb8131dd0, 0x0000028fb81326a0,
0x0000028fb81355b0, 0x0000028fb828c960, 0x0000028f839270d0, 0x0000028fb8428060,
0x0000028fb839a080, 0x0000028fb7cfdb40
}

Java Threads: ( => current thread )
  0x0000028fb73941e0 JavaThread "Reference Handler" daemon [_thread_blocked, id=11308, stack(0x000000faf0100000,0x000000faf0200000)]
  0x0000028fb7395550 JavaThread "Finalizer" daemon [_thread_blocked, id=15536, stack(0x000000faf0200000,0x000000faf0300000)]
  0x0000028fb73abf20 JavaThread "Signal Dispatcher" daemon [_thread_blocked, id=4380, stack(0x000000faf0300000,0x000000faf0400000)]
  0x0000028fb73ae9e0 JavaThread "Attach Listener" daemon [_thread_blocked, id=10200, stack(0x000000faf0400000,0x000000faf0500000)]
  0x0000028fb73af490 JavaThread "Service Thread" daemon [_thread_blocked, id=6704, stack(0x000000faf0500000,0x000000faf0600000)]
  0x0000028fb73b1190 JavaThread "C2 CompilerThread0" daemon [_thread_blocked, id=15484, stack(0x000000faf0600000,0x000000faf0700000)]
  0x0000028fb73c3b00 JavaThread "C1 CompilerThread0" daemon [_thread_blocked, id=3420, stack(0x000000faf0700000,0x000000faf0800000)]
  0x0000028fb7c73f50 JavaThread "Sweeper thread" daemon [_thread_blocked, id=10872, stack(0x000000faf0800000,0x000000faf0900000)]
  0x0000028fb7d58140 JavaThread "Notification Thread" daemon [_thread_blocked, id=11728, stack(0x000000faf0900000,0x000000faf0a00000)]
  0x0000028fb7d76f20 JavaThread "Common-Cleaner" daemon [_thread_blocked, id=13740, stack(0x000000faf0b00000,0x000000faf0c00000)]
  0x0000028fb8131dd0 JavaThread "Java2D Disposer" daemon [_thread_blocked, id=8908, stack(0x000000faf0c00000,0x000000faf0d00000)]
  0x0000028fb81326a0 JavaThread "AWT-Shutdown" [_thread_blocked, id=6416, stack(0x000000faf0d00000,0x000000faf0e00000)]
  0x0000028fb81355b0 JavaThread "AWT-Windows" daemon [_thread_in_native, id=13712, stack(0x000000faf0e00000,0x000000faf0f00000)]
  0x0000028fb828c960 JavaThread "AWT-EventQueue-0" [_thread_blocked, id=11316, stack(0x000000faf0f00000,0x000000faf1000000)]
  0x0000028f839270d0 JavaThread "DestroyJavaVM" [_thread_blocked, id=1340, stack(0x000000faefa00000,0x000000faefb00000)]
  0x0000028fb8428060 JavaThread "Darcula Animations" daemon [_thread_blocked, id=2800, stack(0x000000faf1200000,0x000000faf1300000)]
  0x0000028fb839a080 JavaThread "TimerQueue" daemon [_thread_blocked, id=3864, stack(0x000000faf1300000,0x000000faf1400000)]
  0x0000028fb7cfdb40 JavaThread "Thread-0" [_thread_blocked, id=3600, stack(0x000000faf1600000,0x000000faf1700000)]

Other Threads:
=>0x0000028fb73911b0 VMThread "VM Thread" [stack: 0x000000faf0000000,0x000000faf0100000] [id=13272]
  0x0000028fb7d64630 WatcherThread [stack: 0x000000faf0a00000,0x000000faf0b00000] [id=3192]
  0x0000028f839a5500 GCTaskThread "GC Thread#0" [stack: 0x000000faefb00000,0x000000faefc00000] [id=16892]
  0x0000028fb85daa70 GCTaskThread "GC Thread#1" [stack: 0x000000faf1700000,0x000000faf1800000] [id=11448]
  0x0000028fb85d8430 GCTaskThread "GC Thread#2" [stack: 0x000000faf1800000,0x000000faf1900000] [id=7592]
  0x0000028fb85d9420 GCTaskThread "GC Thread#3" [stack: 0x000000faf1900000,0x000000faf1a00000] [id=14864]
  0x0000028fb85d90f0 GCTaskThread "GC Thread#4" [stack: 0x000000faf1a00000,0x000000faf1b00000] [id=10712]
  0x0000028fb85d8760 GCTaskThread "GC Thread#5" [stack: 0x000000faf1b00000,0x000000faf1c00000] [id=10060]
  0x0000028fb85d7770 GCTaskThread "GC Thread#6" [stack: 0x000000faf1c00000,0x000000faf1d00000] [id=9644]
  0x0000028fb85d8dc0 GCTaskThread "GC Thread#7" [stack: 0x000000faf1d00000,0x000000faf1e00000] [id=8080]
  0x0000028f839b2330 ConcurrentGCThread "G1 Main Marker" [stack: 0x000000faefc00000,0x000000faefd00000] [id=4820]
  0x0000028f839b3fb0 ConcurrentGCThread "G1 Conc#0" [stack: 0x000000faefd00000,0x000000faefe00000] [id=7392]
  0x0000028fb85d9a80 ConcurrentGCThread "G1 Conc#1" [stack: 0x000000faf1400000,0x000000faf1500000] [id=4320]
  0x0000028f839eea20 ConcurrentGCThread "G1 Refine#0" [stack: 0x000000faefe00000,0x000000faeff00000] [id=9896]
  0x0000028fb728e760 ConcurrentGCThread "G1 Young RemSet Sampling" [stack: 0x000000faeff00000,0x000000faf0000000] [id=7900]

Threads with active compile tasks:

VM state: at safepoint (normal execution)

VM Mutex/Monitor currently owned by a thread:  ([mutex/lock_event])
[0x0000028f83923ee0] Threads_lock - owner thread: 0x0000028fb73911b0
[0x0000028f83924510] Heap_lock - owner thread: 0x0000028fb7cfdb40

Heap address: 0x0000000581800000, size: 10216 MB, Compressed Oops mode: Zero based, Oop shift amount: 3
CDS archive(s) mapped at: [0x0000000800000000-0x0000000800b50000-0x0000000800b50000), size 11862016, SharedBaseAddress: 0x0000000800000000, ArchiveRelocationMode: 0.
Compressed class space mapped at: 0x0000000800b50000-0x0000000840b50000, size: 1073741824
Narrow klass base: 0x0000000800000000, Narrow klass shift: 3, Narrow klass range: 0x100000000

GC Precious Log:
 CPUs: 8 total, 8 available
 Memory: 40849M
 Large Page Support: Disabled
 NUMA Support: Disabled
 Compressed Oops: Enabled (Zero based)
 Heap Region Size: 8M
 Heap Min Capacity: 8M
 Heap Initial Capacity: 640M
 Heap Max Capacity: 10216M
 Pre-touch: Disabled
 Parallel Workers: 8
 Concurrent Workers: 2
 Concurrent Refinement Workers: 8
 Periodic GC: Disabled

Heap:
 garbage-first heap   total 237568K, used 97122K [0x0000000581800000, 0x0000000800000000)
  region size 8192K, 2 young (16384K), 1 survivors (8192K)
 Metaspace       used 14346K, capacity 14503K, committed 14848K, reserved 1062912K
  class space    used 1445K, capacity 1493K, committed 1536K, reserved 1048576K

Heap Regions: E=young(eden), S=young(survivor), O=old, HS=humongous(starts), HC=humongous(continues), CS=collection set, F=free, OA=open archive, CA=closed archive, TAMS=top-at-mark-start (previous, next)
|   0|0x0000000581800000, 0x0000000581fffa50, 0x0000000582000000| 99%| O|  |TAMS 0x0000000581800000, 0x0000000581800000| Untracked 
|   1|0x0000000582000000, 0x00000005827fffc8, 0x0000000582800000| 99%| O|  |TAMS 0x0000000582000000, 0x0000000582000000| Untracked 
|   2|0x0000000582800000, 0x0000000582fffe70, 0x0000000583000000| 99%| O|  |TAMS 0x0000000582800000, 0x0000000582800000| Untracked 
|   3|0x0000000583000000, 0x00000005837ff8f0, 0x0000000583800000| 99%| O|  |TAMS 0x0000000583000000, 0x0000000583000000| Untracked 
|   4|0x0000000583800000, 0x0000000583fff770, 0x0000000584000000| 99%| O|  |TAMS 0x0000000583800000, 0x0000000583800000| Untracked 
|   5|0x0000000584000000, 0x000000058444bd08, 0x0000000584800000| 53%| O|  |TAMS 0x0000000584000000, 0x0000000584000000| Untracked 
|   6|0x0000000584800000, 0x0000000585000000, 0x0000000585000000|100%| O|  |TAMS 0x0000000584800000, 0x0000000584800000| Untracked 
|   7|0x0000000585000000, 0x0000000585800000, 0x0000000585800000|100%| O|  |TAMS 0x0000000585000000, 0x0000000585000000| Untracked 
|   8|0x0000000585800000, 0x0000000586000000, 0x0000000586000000|100%| O|  |TAMS 0x0000000585800000, 0x0000000585800000| Untracked 
|   9|0x0000000586000000, 0x0000000586369518, 0x0000000586800000| 42%| O|  |TAMS 0x0000000586000000, 0x0000000586000000| Untracked 
|  10|0x0000000586800000, 0x0000000587000000, 0x0000000587000000|100%| O|  |TAMS 0x0000000586800000, 0x0000000586800000| Untracked 
|  11|0x0000000587000000, 0x0000000587725000, 0x0000000587800000| 89%| O|  |TAMS 0x0000000587000000, 0x0000000587000000| Untracked 
|  12|0x0000000587800000, 0x0000000587800000, 0x0000000588000000|  0%| F|  |TAMS 0x0000000587800000, 0x0000000587800000| Untracked 
|  13|0x0000000588000000, 0x0000000588000000, 0x0000000588800000|  0%| F|  |TAMS 0x0000000588000000, 0x0000000588000000| Untracked 
|  14|0x0000000588800000, 0x0000000588800000, 0x0000000589000000|  0%| F|  |TAMS 0x0000000588800000, 0x0000000588800000| Untracked 
|  15|0x0000000589000000, 0x0000000589000000, 0x0000000589800000|  0%| F|  |TAMS 0x0000000589000000, 0x0000000589000000| Untracked 
|  16|0x0000000589800000, 0x0000000589800000, 0x000000058a000000|  0%| F|  |TAMS 0x0000000589800000, 0x0000000589800000| Untracked 
|  17|0x000000058a000000, 0x000000058a000000, 0x000000058a800000|  0%| F|  |TAMS 0x000000058a000000, 0x000000058a000000| Untracked 
|  18|0x000000058a800000, 0x000000058a800000, 0x000000058b000000|  0%| F|  |TAMS 0x000000058a800000, 0x000000058a800000| Untracked 
|  19|0x000000058b000000, 0x000000058b800000, 0x000000058b800000|100%| S|CS|TAMS 0x000000058b000000, 0x000000058b000000| Complete 
|  20|0x000000058b800000, 0x000000058b800000, 0x000000058c000000|  0%| F|  |TAMS 0x000000058b800000, 0x000000058b800000| Untracked 
|  21|0x000000058c000000, 0x000000058c000000, 0x000000058c800000|  0%| F|  |TAMS 0x000000058c000000, 0x000000058c000000| Untracked 
|  22|0x000000058c800000, 0x000000058c800000, 0x000000058d000000|  0%| F|  |TAMS 0x000000058c800000, 0x000000058c800000| Untracked 
|  23|0x000000058d000000, 0x000000058d000000, 0x000000058d800000|  0%| F|  |TAMS 0x000000058d000000, 0x000000058d000000| Untracked 
|  24|0x000000058d800000, 0x000000058d800000, 0x000000058e000000|  0%| F|  |TAMS 0x000000058d800000, 0x000000058d800000| Untracked 
|  25|0x000000058e000000, 0x000000058e000000, 0x000000058e800000|  0%| F|  |TAMS 0x000000058e000000, 0x000000058e000000| Untracked 
|  26|0x000000058e800000, 0x000000058e800000, 0x000000058f000000|  0%| F|  |TAMS 0x000000058e800000, 0x000000058e800000| Untracked 
|  27|0x000000058f000000, 0x000000058f000000, 0x000000058f800000|  0%| F|  |TAMS 0x000000058f000000, 0x000000058f000000| Untracked 
|  28|0x000000058f800000, 0x000000058fc131c8, 0x0000000590000000| 50%| E|  |TAMS 0x000000058f800000, 0x000000058f800000| Complete 

Card table byte_map: [0x0000028f9e1b0000,0x0000028f9f5b0000] _byte_map_base: 0x0000028f9b5a4000

Marking Bits (Prev, Next): (CMBitMap*) 0x0000028f839a6dc0, (CMBitMap*) 0x0000028f839a6d80
 Prev Bits: [0x0000028faa950000, 0x0000028fb48f0000)
 Next Bits: [0x0000028fa09b0000, 0x0000028faa950000)

Polling page: 0x0000028f83570000

Metaspace:

Usage:
  Non-class:     12.71 MB capacity,    12.60 MB (>99%) used,    94.77 KB ( <1%) free+waste,    13.63 KB ( <1%) overhead. 
      Class:      1.46 MB capacity,     1.41 MB ( 97%) used,    43.07 KB (  3%) free+waste,     4.81 KB ( <1%) overhead. 
       Both:     14.16 MB capacity,    14.01 MB ( 99%) used,   137.84 KB ( <1%) free+waste,    18.44 KB ( <1%) overhead. 

Virtual space:
  Non-class space:       14.00 MB reserved,      13.00 MB ( 93%) committed 
      Class space:        1.00 GB reserved,       1.50 MB ( <1%) committed 
             Both:        1.01 GB reserved,      14.50 MB (  1%) committed 

Chunk freelists:
   Non-Class:  110.00 KB
       Class:  43.00 KB
        Both:  153.00 KB

MaxMetaspaceSize: 17179869184.00 GB
CompressedClassSpaceSize: 1.00 GB

CodeHeap 'non-profiled nmethods': size=120000Kb used=3755Kb max_used=3755Kb free=116244Kb
 bounds [0x0000028f94e20000, 0x0000028f951d0000, 0x0000028f9c350000]
CodeHeap 'profiled nmethods': size=120000Kb used=5472Kb max_used=6050Kb free=114527Kb
 bounds [0x0000028f8d8f0000, 0x0000028f8dee0000, 0x0000028f94e20000]
CodeHeap 'non-nmethods': size=5760Kb used=1354Kb max_used=1431Kb free=4405Kb
 bounds [0x0000028f8d350000, 0x0000028f8d5c0000, 0x0000028f8d8f0000]
 total_blobs=4019 nmethods=3362 adapters=567
 compilation: enabled
              stopped_count=0, restarted_count=0
 full_count=0

Compilation events (20 events):
Event: 122500.292 Thread 0x0000028fb73b1190 3979       4       javax.swing.plaf.basic.BasicButtonUI::getMaximumSize (44 bytes)
Event: 122500.296 Thread 0x0000028fb73b1190 nmethod 3979 0x0000028f951ba090 code [0x0000028f951ba260, 0x0000028f951ba7a8]
Event: 124304.619 Thread 0x0000028fb73b1190 3980       4       javax.swing.plaf.IconUIResource::getIconHeight (10 bytes)
Event: 124304.619 Thread 0x0000028fb73b1190 nmethod 3980 0x0000028f951bab10 code [0x0000028f951baca0, 0x0000028f951bad38]
Event: 125399.321 Thread 0x0000028fb73c3b00 3981       3       jdk.internal.math.FloatingDecimal$BinaryToASCIIBuffer::dtoa (1509 bytes)
Event: 125399.324 Thread 0x0000028fb73c3b00 nmethod 3981 0x0000028f8d915510 code [0x0000028f8d915980, 0x0000028f8d9180d8]
Event: 125432.901 Thread 0x0000028fb73b1190 3982       4       jdk.internal.math.FloatingDecimal$BinaryToASCIIBuffer::dtoa (1509 bytes)
Event: 125432.990 Thread 0x0000028fb73b1190 nmethod 3982 0x0000028f951bae10 code [0x0000028f951bb1e0, 0x0000028f951bf820]
Event: 127184.670 Thread 0x0000028fb73b1190 3983       4       java.awt.Color::<init> (11 bytes)
Event: 127184.671 Thread 0x0000028fb73b1190 nmethod 3983 0x0000028f951c2990 code [0x0000028f951c2b00, 0x0000028f951c2d38]
Event: 133698.800 Thread 0x0000028fb73b1190 3984   !   4       javax.swing.JComponent::putClientProperty (120 bytes)
Event: 133698.803 Thread 0x0000028fb73b1190 nmethod 3984 0x0000028f951c2e90 code [0x0000028f951c3060, 0x0000028f951c3510]
Event: 134739.381 Thread 0x0000028fb73b1190 3985       4       java.awt.Component::bounds (24 bytes)
Event: 134739.382 Thread 0x0000028fb73b1190 nmethod 3985 0x0000028f951c3810 code [0x0000028f951c39a0, 0x0000028f951c3a78]
Event: 138105.031 Thread 0x0000028fb73b1190 3986  s    4       sun.awt.windows.WDesktopProperties::setColorProperty (91 bytes)
Event: 138105.036 Thread 0x0000028fb73b1190 nmethod 3986 0x0000028f951c3b10 code [0x0000028f951c3ce0, 0x0000028f951c4398]
Event: 140874.101 Thread 0x0000028fb73b1190 3987       4       javax.swing.JComponent::revalidate (53 bytes)
Event: 140874.145 Thread 0x0000028fb73b1190 nmethod 3987 0x0000028f951c4b90 code [0x0000028f951c4f80, 0x0000028f951c8d50]
Event: 140997.316 Thread 0x0000028fb73b1190 3989       4       javax.swing.JRootPane$RootLayout::invalidateLayout (1 bytes)
Event: 140997.316 Thread 0x0000028fb73b1190 nmethod 3989 0x0000028f951caa90 code [0x0000028f951cac00, 0x0000028f951cac58]

GC Heap History (20 events):
Event: 143713.591 GC heap before
{Heap before GC invocations=849357 (full 272619):
 garbage-first heap   total 196608K, used 96881K [0x0000000581800000, 0x0000000800000000)
  region size 8192K, 4 young (32768K), 1 survivors (8192K)
 Metaspace       used 14346K, capacity 14503K, committed 14848K, reserved 1062912K
  class space    used 1445K, capacity 1493K, committed 1536K, reserved 1048576K
}
Event: 143713.594 GC heap after
{Heap after GC invocations=849358 (full 272619):
 garbage-first heap   total 196608K, used 96355K [0x0000000581800000, 0x0000000800000000)
  region size 8192K, 1 young (8192K), 1 survivors (8192K)
 Metaspace       used 14346K, capacity 14503K, committed 14848K, reserved 1062912K
  class space    used 1445K, capacity 1493K, committed 1536K, reserved 1048576K
}
Event: 143713.747 GC heap before
{Heap before GC invocations=849358 (full 272619):
 garbage-first heap   total 196608K, used 96355K [0x0000000581800000, 0x0000000800000000)
  region size 8192K, 2 young (16384K), 1 survivors (8192K)
 Metaspace       used 14346K, capacity 14503K, committed 14848K, reserved 1062912K
  class space    used 1445K, capacity 1493K, committed 1536K, reserved 1048576K
}
Event: 143713.762 GC heap after
{Heap after GC invocations=849359 (full 272620):
 garbage-first heap   total 196608K, used 48812K [0x0000000581800000, 0x0000000800000000)
  region size 8192K, 0 young (0K), 0 survivors (0K)
 Metaspace       used 14346K, capacity 14503K, committed 14848K, reserved 1062912K
  class space    used 1445K, capacity 1493K, committed 1536K, reserved 1048576K
}
Event: 143713.974 GC heap before
{Heap before GC invocations=849359 (full 272620):
 garbage-first heap   total 196608K, used 73388K [0x0000000581800000, 0x0000000800000000)
  region size 8192K, 3 young (24576K), 0 survivors (0K)
 Metaspace       used 14346K, capacity 14503K, committed 14848K, reserved 1062912K
  class space    used 1445K, capacity 1493K, committed 1536K, reserved 1048576K
}
Event: 143713.977 GC heap after
{Heap after GC invocations=849360 (full 272620):
 garbage-first heap   total 196608K, used 72769K [0x0000000581800000, 0x0000000800000000)
  region size 8192K, 1 young (8192K), 1 survivors (8192K)
 Metaspace       used 14346K, capacity 14503K, committed 14848K, reserved 1062912K
  class space    used 1445K, capacity 1493K, committed 1536K, reserved 1048576K
}
Event: 143714.061 GC heap before
{Heap before GC invocations=849360 (full 272620):
 garbage-first heap   total 196608K, used 97345K [0x0000000581800000, 0x0000000800000000)
  region size 8192K, 4 young (32768K), 1 survivors (8192K)
 Metaspace       used 14346K, capacity 14503K, committed 14848K, reserved 1062912K
  class space    used 1445K, capacity 1493K, committed 1536K, reserved 1048576K
}
Event: 143714.065 GC heap after
{Heap after GC invocations=849361 (full 272620):
 garbage-first heap   total 237568K, used 95965K [0x0000000581800000, 0x0000000800000000)
  region size 8192K, 1 young (8192K), 1 survivors (8192K)
 Metaspace       used 14346K, capacity 14503K, committed 14848K, reserved 1062912K
  class space    used 1445K, capacity 1493K, committed 1536K, reserved 1048576K
}
Event: 143714.218 GC heap before
{Heap before GC invocations=849361 (full 272620):
 garbage-first heap   total 237568K, used 95965K [0x0000000581800000, 0x0000000800000000)
  region size 8192K, 2 young (16384K), 1 survivors (8192K)
 Metaspace       used 14346K, capacity 14503K, committed 14848K, reserved 1062912K
  class space    used 1445K, capacity 1493K, committed 1536K, reserved 1048576K
}
Event: 143714.235 GC heap after
{Heap after GC invocations=849362 (full 272621):
 garbage-first heap   total 196608K, used 48785K [0x0000000581800000, 0x0000000800000000)
  region size 8192K, 0 young (0K), 0 survivors (0K)
 Metaspace       used 14346K, capacity 14503K, committed 14848K, reserved 1062912K
  class space    used 1445K, capacity 1493K, committed 1536K, reserved 1048576K
}
Event: 143714.439 GC heap before
{Heap before GC invocations=849362 (full 272621):
 garbage-first heap   total 196608K, used 73361K [0x0000000581800000, 0x0000000800000000)
  region size 8192K, 3 young (24576K), 0 survivors (0K)
 Metaspace       used 14346K, capacity 14503K, committed 14848K, reserved 1062912K
  class space    used 1445K, capacity 1493K, committed 1536K, reserved 1048576K
}
Event: 143714.442 GC heap after
{Heap after GC invocations=849363 (full 272621):
 garbage-first heap   total 196608K, used 72256K [0x0000000581800000, 0x0000000800000000)
  region size 8192K, 1 young (8192K), 1 survivors (8192K)
 Metaspace       used 14346K, capacity 14503K, committed 14848K, reserved 1062912K
  class space    used 1445K, capacity 1493K, committed 1536K, reserved 1048576K
}
Event: 143714.528 GC heap before
{Heap before GC invocations=849363 (full 272621):
 garbage-first heap   total 196608K, used 96832K [0x0000000581800000, 0x0000000800000000)
  region size 8192K, 4 young (32768K), 1 survivors (8192K)
 Metaspace       used 14346K, capacity 14503K, committed 14848K, reserved 1062912K
  class space    used 1445K, capacity 1493K, committed 1536K, reserved 1048576K
}
Event: 143714.532 GC heap after
{Heap after GC invocations=849364 (full 272621):
 garbage-first heap   total 196608K, used 95934K [0x0000000581800000, 0x0000000800000000)
  region size 8192K, 1 young (8192K), 1 survivors (8192K)
 Metaspace       used 14346K, capacity 14503K, committed 14848K, reserved 1062912K
  class space    used 1445K, capacity 1493K, committed 1536K, reserved 1048576K
}
Event: 143714.700 GC heap before
{Heap before GC invocations=849364 (full 272621):
 garbage-first heap   total 196608K, used 95934K [0x0000000581800000, 0x0000000800000000)
  region size 8192K, 2 young (16384K), 1 survivors (8192K)
 Metaspace       used 14346K, capacity 14503K, committed 14848K, reserved 1062912K
  class space    used 1445K, capacity 1493K, committed 1536K, reserved 1048576K
}
Event: 143714.716 GC heap after
{Heap after GC invocations=849365 (full 272622):
 garbage-first heap   total 196608K, used 48846K [0x0000000581800000, 0x0000000800000000)
  region size 8192K, 0 young (0K), 0 survivors (0K)
 Metaspace       used 14346K, capacity 14503K, committed 14848K, reserved 1062912K
  class space    used 1445K, capacity 1493K, committed 1536K, reserved 1048576K
}
Event: 143714.934 GC heap before
{Heap before GC invocations=849365 (full 272622):
 garbage-first heap   total 196608K, used 73422K [0x0000000581800000, 0x0000000800000000)
  region size 8192K, 3 young (24576K), 0 survivors (0K)
 Metaspace       used 14346K, capacity 14503K, committed 14848K, reserved 1062912K
  class space    used 1445K, capacity 1493K, committed 1536K, reserved 1048576K
}
Event: 143714.936 GC heap after
{Heap after GC invocations=849366 (full 272622):
 garbage-first heap   total 196608K, used 73316K [0x0000000581800000, 0x0000000800000000)
  region size 8192K, 1 young (8192K), 1 survivors (8192K)
 Metaspace       used 14346K, capacity 14503K, committed 14848K, reserved 1062912K
  class space    used 1445K, capacity 1493K, committed 1536K, reserved 1048576K
}
Event: 143715.015 GC heap before
{Heap before GC invocations=849366 (full 272622):
 garbage-first heap   total 196608K, used 97892K [0x0000000581800000, 0x0000000800000000)
  region size 8192K, 4 young (32768K), 1 survivors (8192K)
 Metaspace       used 14346K, capacity 14503K, committed 14848K, reserved 1062912K
  class space    used 1445K, capacity 1493K, committed 1536K, reserved 1048576K
}
Event: 143715.018 GC heap after
{Heap after GC invocations=849367 (full 272622):
 garbage-first heap   total 237568K, used 97122K [0x0000000581800000, 0x0000000800000000)
  region size 8192K, 1 young (8192K), 1 survivors (8192K)
 Metaspace       used 14346K, capacity 14503K, committed 14848K, reserved 1062912K
  class space    used 1445K, capacity 1493K, committed 1536K, reserved 1048576K
}

Deoptimization events (20 events):
Event: 90259.228 Thread 0x0000028fb81355b0 Uncommon trap: trap_request=0xffffffd6 fr.pc=0x0000028f951a4f44 relative=0x0000000000000964
Event: 90259.228 Thread 0x0000028fb81355b0 Uncommon trap: reason=array_check action=maybe_recompile pc=0x0000028f951a4f44 method=java.util.ComparableTimSort.binarySort([Ljava/lang/Object;III)V @ 215 c2
Event: 90259.228 Thread 0x0000028fb81355b0 DEOPT PACKING pc=0x0000028f951a4f44 sp=0x000000faf0efdf80
Event: 90259.228 Thread 0x0000028fb81355b0 DEOPT UNPACKING pc=0x0000028f8d39e42f sp=0x000000faf0efdf20 mode 2
Event: 90359.181 Thread 0x0000028fb7cfdb40 DEOPT PACKING pc=0x0000028f8dac1d0f sp=0x000000faf16fea30
Event: 90359.181 Thread 0x0000028fb7cfdb40 DEOPT UNPACKING pc=0x0000028f8d39e23f sp=0x000000faf16fdfa8 mode 0
Event: 90359.266 Thread 0x0000028fb7cfdb40 Uncommon trap: trap_request=0xffffff45 fr.pc=0x0000028f950e94d4 relative=0x0000000000002cd4
Event: 90359.266 Thread 0x0000028fb7cfdb40 Uncommon trap: reason=unstable_if action=reinterpret pc=0x0000028f950e94d4 method=jdk.internal.math.FormattedFloatingDecimal.applyPrecision(I[CII)I @ 90 c2
Event: 90359.266 Thread 0x0000028fb7cfdb40 DEOPT PACKING pc=0x0000028f950e94d4 sp=0x000000faf16fee90
Event: 90359.266 Thread 0x0000028fb7cfdb40 DEOPT UNPACKING pc=0x0000028f8d39e42f sp=0x000000faf16feca8 mode 2
Event: 110187.285 Thread 0x0000028fb828c960 DEOPT PACKING pc=0x0000028f8dbe67da sp=0x000000faf0ffe7b0
Event: 110187.285 Thread 0x0000028fb828c960 DEOPT UNPACKING pc=0x0000028f8d39e23f sp=0x000000faf0ffdbf0 mode 0
Event: 125398.783 Thread 0x0000028fb7cfdb40 Uncommon trap: trap_request=0xffffff45 fr.pc=0x0000028f95193dcc relative=0x00000000000041ec
Event: 125398.783 Thread 0x0000028fb7cfdb40 Uncommon trap: reason=unstable_if action=reinterpret pc=0x0000028f95193dcc method=jdk.internal.math.FloatingDecimal$BinaryToASCIIBuffer.dtoa(IJIZ)V @ 1245 c2
Event: 125398.783 Thread 0x0000028fb7cfdb40 DEOPT PACKING pc=0x0000028f95193dcc sp=0x000000faf16feeb0
Event: 125398.783 Thread 0x0000028fb7cfdb40 DEOPT UNPACKING pc=0x0000028f8d39e42f sp=0x000000faf16fedd8 mode 2
Event: 125405.485 Thread 0x0000028fb7cfdb40 DEOPT PACKING pc=0x0000028f8d917e19 sp=0x000000faf16fed10
Event: 125405.485 Thread 0x0000028fb7cfdb40 DEOPT UNPACKING pc=0x0000028f8d39e23f sp=0x000000faf16fe1f0 mode 0
Event: 125423.000 Thread 0x0000028fb7cfdb40 DEOPT PACKING pc=0x0000028f8d917e19 sp=0x000000faf16fed10
Event: 125423.000 Thread 0x0000028fb7cfdb40 DEOPT UNPACKING pc=0x0000028f8d39e23f sp=0x000000faf16fe1f0 mode 0

Classes unloaded (20 events):
Event: 10122.229 Thread 0x0000028fb73911b0 Unloading class 0x0000000800bb9040 'java/lang/invoke/LambdaForm$MH+0x0000000800bb9040'
Event: 10122.229 Thread 0x0000028fb73911b0 Unloading class 0x0000000800bb8040 'java/lang/invoke/LambdaForm$MH+0x0000000800bb8040'
Event: 10122.229 Thread 0x0000028fb73911b0 Unloading class 0x0000000800bb7c40 'java/lang/invoke/LambdaForm$MH+0x0000000800bb7c40'
Event: 10122.229 Thread 0x0000028fb73911b0 Unloading class 0x0000000800bb7840 'java/lang/invoke/LambdaForm$MH+0x0000000800bb7840'
Event: 10122.229 Thread 0x0000028fb73911b0 Unloading class 0x0000000800bb7440 'java/lang/invoke/LambdaForm$MH+0x0000000800bb7440'
Event: 10122.229 Thread 0x0000028fb73911b0 Unloading class 0x0000000800bb6c40 'java/lang/invoke/LambdaForm$MH+0x0000000800bb6c40'
Event: 10122.229 Thread 0x0000028fb73911b0 Unloading class 0x0000000800bb5c40 'java/lang/invoke/LambdaForm$MH+0x0000000800bb5c40'
Event: 10122.229 Thread 0x0000028fb73911b0 Unloading class 0x0000000800bb5840 'java/lang/invoke/LambdaForm$MH+0x0000000800bb5840'
Event: 10122.229 Thread 0x0000028fb73911b0 Unloading class 0x0000000800bb5440 'java/lang/invoke/LambdaForm$MH+0x0000000800bb5440'
Event: 10122.229 Thread 0x0000028fb73911b0 Unloading class 0x0000000800bb5040 'java/lang/invoke/LambdaForm$MH+0x0000000800bb5040'
Event: 10122.229 Thread 0x0000028fb73911b0 Unloading class 0x0000000800bb4c40 'java/lang/invoke/LambdaForm$MH+0x0000000800bb4c40'
Event: 10122.229 Thread 0x0000028fb73911b0 Unloading class 0x0000000800bb4840 'java/lang/invoke/LambdaForm$MH+0x0000000800bb4840'
Event: 10122.229 Thread 0x0000028fb73911b0 Unloading class 0x0000000800bb4440 'java/lang/invoke/LambdaForm$MH+0x0000000800bb4440'
Event: 10122.229 Thread 0x0000028fb73911b0 Unloading class 0x0000000800bb4040 'java/lang/invoke/LambdaForm$MH+0x0000000800bb4040'
Event: 10122.229 Thread 0x0000028fb73911b0 Unloading class 0x0000000800bb3840 'java/lang/invoke/LambdaForm$MH+0x0000000800bb3840'
Event: 10122.229 Thread 0x0000028fb73911b0 Unloading class 0x0000000800bb3040 'java/lang/invoke/LambdaForm$MH+0x0000000800bb3040'
Event: 10122.229 Thread 0x0000028fb73911b0 Unloading class 0x0000000800bb2c40 'java/lang/invoke/LambdaForm$MH+0x0000000800bb2c40'
Event: 10122.229 Thread 0x0000028fb73911b0 Unloading class 0x0000000800bb2440 'java/lang/invoke/LambdaForm$MH+0x0000000800bb2440'
Event: 10122.229 Thread 0x0000028fb73911b0 Unloading class 0x0000000800bb2040 'java/lang/invoke/LambdaForm$MH+0x0000000800bb2040'
Event: 10122.229 Thread 0x0000028fb73911b0 Unloading class 0x0000000800bb1840 'java/lang/invoke/LambdaForm$MH+0x0000000800bb1840'

Classes redefined (0 events):
No events

Internal exceptions (20 events):
Event: 0.208 Thread 0x0000028f839270d0 Exception <a 'java/lang/NoSuchMethodError'{0x00000005a93ffeb8}: 'java.lang.Object java.lang.invoke.DirectMethodHandle$Holder.invokeStatic(java.lang.Object)'> (0x00000005a93ffeb8) 
thrown [./open/src/hotspot/share/interpreter/linkResolver.cpp, line 782]
Event: 0.223 Thread 0x0000028f839270d0 Exception <a 'java/lang/NoSuchMethodError'{0x00000005a94323e0}: 'void java.lang.invoke.DirectMethodHandle$Holder.invokeSpecial(java.lang.Object, java.lang.Object, java.lang.Object)'> (0x00000005a94323e0) 
thrown [./open/src/hotspot/share/interpreter/linkResolver.cpp, line 782]
Event: 0.288 Thread 0x0000028f839270d0 Exception <a 'java/lang/NoSuchMethodError'{0x00000005a946a7c8}: 'java.lang.Object java.lang.invoke.DirectMethodHandle$Holder.invokeStaticInit(java.lang.Object)'> (0x00000005a946a7c8) 
thrown [./open/src/hotspot/share/interpreter/linkResolver.cpp, line 782]
Event: 0.322 Thread 0x0000028f839270d0 Exception <a 'java/lang/NoSuchMethodError'{0x00000005a9563e68}: 'java.lang.Object java.lang.invoke.DirectMethodHandle$Holder.newInvokeSpecial(java.lang.Object, java.lang.Object, java.lang.Object, java.lang.Object, java.lang.Object)'> (0x00000005a9563e68) 
thrown [./open/src/hotspot/share/interpreter/linkResolver.cpp, line 782]
Event: 0.324 Thread 0x0000028f839270d0 Exception <a 'java/lang/NoSuchMethodError'{0x00000005a956f8f8}: 'java.lang.Object java.lang.invoke.DirectMethodHandle$Holder.invokeStatic(java.lang.Object, int, java.lang.Object, java.lang.Object, java.lang.Object, java.lang.Object)'> (0x00000005a956f8f8) 
thrown [./open/src/hotspot/share/interpreter/linkResolver.cpp, line 782]
Event: 0.329 Thread 0x0000028f839270d0 Exception <a 'java/lang/NoSuchMethodError'{0x00000005a9595a00}: 'java.lang.Object java.lang.invoke.DirectMethodHandle$Holder.invokeStatic(java.lang.Object, int, java.lang.Object)'> (0x00000005a9595a00) 
thrown [./open/src/hotspot/share/interpreter/linkResolver.cpp, line 782]
Event: 0.419 Thread 0x0000028f839270d0 Exception <a 'java/lang/ClassNotFoundException'{0x00000005a9754158}: com/sun/swing/internal/plaf/metal/resources/spi/metalProvider> (0x00000005a9754158) 
thrown [./open/src/hotspot/share/classfile/systemDictionary.cpp, line 295]
Event: 0.422 Thread 0x0000028f839270d0 Exception <a 'java/lang/ClassNotFoundException'{0x00000005a9758170}: com/sun/swing/internal/plaf/basic/resources/spi/basicProvider> (0x00000005a9758170) 
thrown [./open/src/hotspot/share/classfile/systemDictionary.cpp, line 295]
Event: 0.452 Thread 0x0000028f839270d0 Exception <a 'java/lang/NoSuchMethodError'{0x00000005a97ad0c8}: 'int java.lang.invoke.DirectMethodHandle$Holder.invokeStaticInit(java.lang.Object, java.lang.Object, java.lang.Object, java.lang.Object)'> (0x00000005a97ad0c8) 
thrown [./open/src/hotspot/share/interpreter/linkResolver.cpp, line 782]
Event: 0.453 Thread 0x0000028f839270d0 Exception <a 'java/lang/NoSuchMethodError'{0x00000005a97b75a8}: 'java.lang.Object java.lang.invoke.DirectMethodHandle$Holder.invokeInterface(java.lang.Object, java.lang.Object)'> (0x00000005a97b75a8) 
thrown [./open/src/hotspot/share/interpreter/linkResolver.cpp, line 782]
Event: 0.453 Thread 0x0000028f839270d0 Exception <a 'java/lang/IncompatibleClassChangeError'{0x00000005a97bad98}: Found class java.lang.Object, but interface was expected> (0x00000005a97bad98) 
thrown [./open/src/hotspot/share/interpreter/linkResolver.cpp, line 848]
Event: 0.453 Thread 0x0000028f839270d0 Exception <a 'java/lang/NoSuchMethodError'{0x00000005a97bdf08}: 'void java.lang.invoke.DirectMethodHandle$Holder.invokeStatic(java.lang.Object, java.lang.Object)'> (0x00000005a97bdf08) 
thrown [./open/src/hotspot/share/interpreter/linkResolver.cpp, line 782]
Event: 0.454 Thread 0x0000028f839270d0 Exception <a 'java/lang/NoSuchMethodError'{0x00000005a97c1668}: 'void java.lang.invoke.DirectMethodHandle$Holder.invokeStaticInit(java.lang.Object, java.lang.Object)'> (0x00000005a97c1668) 
thrown [./open/src/hotspot/share/interpreter/linkResolver.cpp, line 782]
Event: 0.454 Thread 0x0000028f839270d0 Exception <a 'java/lang/NoSuchMethodError'{0x00000005a97c7b80}: 'int java.lang.invoke.DirectMethodHandle$Holder.invokeStaticInit(java.lang.Object, java.lang.Object)'> (0x00000005a97c7b80) 
thrown [./open/src/hotspot/share/interpreter/linkResolver.cpp, line 782]
Event: 0.684 Thread 0x0000028f839270d0 Exception <a 'java/lang/NoSuchMethodError'{0x00000005a8ae0e08}: 'void java.lang.invoke.DirectMethodHandle$Holder.invokeStaticInit(java.lang.Object)'> (0x00000005a8ae0e08) 
thrown [./open/src/hotspot/share/interpreter/linkResolver.cpp, line 782]
Event: 1.731 Thread 0x0000028fb828c960 Implicit null exception at 0x0000028f94e68730 to 0x0000028f94e68790
Event: 187.421 Thread 0x0000028fb7d76f20 Implicit null exception at 0x0000028f9500ff6f to 0x0000028f95010833
Event: 8578.385 Thread 0x0000028fb7cfdb40 Implicit null exception at 0x0000028f950c974f to 0x0000028f950ca3fb
Event: 15088.798 Thread 0x0000028fb828c960 Exception <a 'java/lang/NoSuchMethodError'{0x000000058e16e3c8}: 'void java.lang.invoke.DirectMethodHandle$Holder.invokeVirtual(java.lang.Object, java.lang.Object)'> (0x000000058e16e3c8) 
thrown [./open/src/hotspot/share/interpreter/linkResolver.cpp, line 782]
Event: 22584.320 Thread 0x0000028fb7cfdb40 Implicit null exception at 0x0000028f94f43df4 to 0x0000028f94f44000

Events (20 events):
Event: 143713.594 Executing VM operation: G1CollectForAllocation done
Event: 143713.747 Executing VM operation: G1CollectFull
Event: 143713.762 Executing VM operation: G1CollectFull done
Event: 143713.974 Executing VM operation: G1CollectForAllocation
Event: 143713.977 Executing VM operation: G1CollectForAllocation done
Event: 143714.061 Executing VM operation: G1CollectForAllocation
Event: 143714.065 Executing VM operation: G1CollectForAllocation done
Event: 143714.218 Executing VM operation: G1CollectFull
Event: 143714.235 Executing VM operation: G1CollectFull done
Event: 143714.439 Executing VM operation: G1CollectForAllocation
Event: 143714.442 Executing VM operation: G1CollectForAllocation done
Event: 143714.528 Executing VM operation: G1CollectForAllocation
Event: 143714.532 Executing VM operation: G1CollectForAllocation done
Event: 143714.700 Executing VM operation: G1CollectFull
Event: 143714.716 Executing VM operation: G1CollectFull done
Event: 143714.934 Executing VM operation: G1CollectForAllocation
Event: 143714.936 Executing VM operation: G1CollectForAllocation done
Event: 143715.015 Executing VM operation: G1CollectForAllocation
Event: 143715.018 Executing VM operation: G1CollectForAllocation done
Event: 143715.185 Executing VM operation: G1CollectFull


Dynamic libraries:
0x00007ff6d4650000 - 0x00007ff6d465f000 	C:\Users\sm2983\Downloads\jdk-15.0.2_windows-x64_bin\jdk-15.0.2\bin\java.exe
0x00007ffd41c20000 - 0x00007ffd41e01000 	C:\WINDOWS\SYSTEM32\ntdll.dll
0x00007ffd1eea0000 - 0x00007ffd1eec7000 	C:\Program Files\Cylance\Desktop\CyMemDef64.dll
0x00007ffd41740000 - 0x00007ffd417f1000 	C:\WINDOWS\System32\KERNEL32.DLL
0x00007ffd3dfd0000 - 0x00007ffd3e243000 	C:\WINDOWS\System32\KERNELBASE.dll
0x00007ffd3e250000 - 0x00007ffd3e348000 	C:\WINDOWS\System32\ucrtbase.dll
0x00007ffd075e0000 - 0x00007ffd075f8000 	C:\Users\sm2983\Downloads\jdk-15.0.2_windows-x64_bin\jdk-15.0.2\bin\jli.dll
0x00007ffd41690000 - 0x00007ffd41731000 	C:\WINDOWS\System32\ADVAPI32.dll
0x00007ffd3f9f0000 - 0x00007ffd3fa8e000 	C:\WINDOWS\System32\msvcrt.dll
0x00007ffd3fde0000 - 0x00007ffd3fe3b000 	C:\WINDOWS\System32\sechost.dll
0x00007ffd3ff10000 - 0x00007ffd40033000 	C:\WINDOWS\System32\RPCRT4.dll
0x00007ffd3faf0000 - 0x00007ffd3fc80000 	C:\WINDOWS\System32\USER32.dll
0x00007ffd3f080000 - 0x00007ffd3f0a0000 	C:\WINDOWS\System32\win32u.dll
0x00007ffd3f590000 - 0x00007ffd3f5b8000 	C:\WINDOWS\System32\GDI32.dll
0x00007ffd3eca0000 - 0x00007ffd3ee34000 	C:\WINDOWS\System32\gdi32full.dll
0x00007ffd3e400000 - 0x00007ffd3e49f000 	C:\WINDOWS\System32\msvcp_win.dll
0x00007ffd087d0000 - 0x00007ffd087e9000 	C:\Users\sm2983\Downloads\jdk-15.0.2_windows-x64_bin\jdk-15.0.2\bin\VCRUNTIME140.dll
0x00007ffd29f20000 - 0x00007ffd2a189000 	C:\WINDOWS\WinSxS\amd64_microsoft.windows.common-controls_6595b64144ccf1df_6.0.17134.2026_none_d3fdbb717c923c14\COMCTL32.dll
0x00007ffd418c0000 - 0x00007ffd41be2000 	C:\WINDOWS\System32\combase.dll
0x00007ffd3e4a0000 - 0x00007ffd3e519000 	C:\WINDOWS\System32\bcryptPrimitives.dll
0x00007ffd39100000 - 0x00007ffd3910a000 	C:\WINDOWS\SYSTEM32\VERSION.dll
0x00007ffd3f6d0000 - 0x00007ffd3f6fd000 	C:\WINDOWS\System32\IMM32.DLL
0x00007ffd1bbb0000 - 0x00007ffd1bbbc000 	C:\Users\sm2983\Downloads\jdk-15.0.2_windows-x64_bin\jdk-15.0.2\bin\vcruntime140_1.dll
0x00007ffcfc060000 - 0x00007ffcfc0f1000 	C:\Users\sm2983\Downloads\jdk-15.0.2_windows-x64_bin\jdk-15.0.2\bin\msvcp140.dll
0x00007ffcf3740000 - 0x00007ffcf429e000 	C:\Users\sm2983\Downloads\jdk-15.0.2_windows-x64_bin\jdk-15.0.2\bin\server\jvm.dll
0x00007ffd3f6c0000 - 0x00007ffd3f6c8000 	C:\WINDOWS\System32\PSAPI.DLL
0x00007ffd28c60000 - 0x00007ffd28c69000 	C:\WINDOWS\SYSTEM32\WSOCK32.dll
0x00007ffd3f900000 - 0x00007ffd3f96c000 	C:\WINDOWS\System32\WS2_32.dll
0x00007ffd3c000000 - 0x00007ffd3c023000 	C:\WINDOWS\SYSTEM32\WINMM.dll
0x00007ffd3bfb0000 - 0x00007ffd3bfda000 	C:\WINDOWS\SYSTEM32\WINMMBASE.dll
0x00007ffd3ee40000 - 0x00007ffd3ee89000 	C:\WINDOWS\System32\cfgmgr32.dll
0x00007ffd3df70000 - 0x00007ffd3df81000 	C:\WINDOWS\System32\kernel.appcore.dll
0x00007ffd0c3b0000 - 0x00007ffd0c3ba000 	C:\Users\sm2983\Downloads\jdk-15.0.2_windows-x64_bin\jdk-15.0.2\bin\jimage.dll
0x00007ffd2c700000 - 0x00007ffd2c8c9000 	C:\WINDOWS\SYSTEM32\DBGHELP.DLL
0x00007ffd2c2e0000 - 0x00007ffd2c309000 	C:\WINDOWS\SYSTEM32\dbgcore.DLL
0x00007ffd08760000 - 0x00007ffd08785000 	C:\Users\sm2983\Downloads\jdk-15.0.2_windows-x64_bin\jdk-15.0.2\bin\java.dll
0x00007ffd40240000 - 0x00007ffd41685000 	C:\WINDOWS\System32\SHELL32.dll
0x00007ffd41800000 - 0x00007ffd418a8000 	C:\WINDOWS\System32\shcore.dll
0x00007ffd3e580000 - 0x00007ffd3ec93000 	C:\WINDOWS\System32\windows.storage.dll
0x00007ffd40040000 - 0x00007ffd40091000 	C:\WINDOWS\System32\shlwapi.dll
0x00007ffd3df90000 - 0x00007ffd3dfaf000 	C:\WINDOWS\System32\profapi.dll
0x00007ffd3df10000 - 0x00007ffd3df5c000 	C:\WINDOWS\System32\powrprof.dll
0x00007ffd3df60000 - 0x00007ffd3df6a000 	C:\WINDOWS\System32\FLTLIB.DLL
0x00007ffd04d30000 - 0x00007ffd04d49000 	C:\Users\sm2983\Downloads\jdk-15.0.2_windows-x64_bin\jdk-15.0.2\bin\net.dll
0x00007ffd39780000 - 0x00007ffd3985d000 	C:\WINDOWS\SYSTEM32\WINHTTP.dll
0x00007ffd3d790000 - 0x00007ffd3d7f6000 	C:\WINDOWS\system32\mswsock.dll
0x00007ffd04d10000 - 0x00007ffd04d22000 	C:\Users\sm2983\Downloads\jdk-15.0.2_windows-x64_bin\jdk-15.0.2\bin\nio.dll
0x00007ffd04cf0000 - 0x00007ffd04d08000 	C:\Users\sm2983\Downloads\jdk-15.0.2_windows-x64_bin\jdk-15.0.2\bin\zip.dll
0x00007ffcfc100000 - 0x00007ffcfc280000 	C:\Users\sm2983\Downloads\jdk-15.0.2_windows-x64_bin\jdk-15.0.2\bin\awt.dll
0x00007ffd3fe40000 - 0x00007ffd3ff02000 	C:\WINDOWS\System32\OLEAUT32.dll
0x00007ffd3bd90000 - 0x00007ffd3be1b000 	C:\WINDOWS\SYSTEM32\apphelp.dll
0x00007ffd3c380000 - 0x00007ffd3c418000 	C:\WINDOWS\system32\uxtheme.dll
0x00007ffd400c0000 - 0x00007ffd40234000 	C:\WINDOWS\System32\MSCTF.dll
0x00007ffd3c610000 - 0x00007ffd3c639000 	C:\WINDOWS\system32\dwmapi.dll
0x00007ffd3fc80000 - 0x00007ffd3fdd2000 	C:\WINDOWS\System32\ole32.dll
0x00007ffd0d210000 - 0x00007ffd0d330000 	C:\WINDOWS\system32\opengl32.dll
0x00007ffd197f0000 - 0x00007ffd1981c000 	C:\WINDOWS\SYSTEM32\GLU32.dll
0x00007ffd08750000 - 0x00007ffd08760000 	C:\Users\sm2983\Downloads\jdk-15.0.2_windows-x64_bin\jdk-15.0.2\bin\verify.dll
0x00007ffcfcad0000 - 0x00007ffcfcb55000 	C:\Users\sm2983\Downloads\jdk-15.0.2_windows-x64_bin\jdk-15.0.2\bin\freetype.dll
0x00007ffcfbfb0000 - 0x00007ffcfc059000 	C:\Users\sm2983\Downloads\jdk-15.0.2_windows-x64_bin\jdk-15.0.2\bin\fontmanager.dll
0x00007ffd3f0a0000 - 0x00007ffd3f140000 	C:\WINDOWS\System32\clbcatq.dll
0x00007ffd38f50000 - 0x00007ffd390fe000 	C:\WINDOWS\SYSTEM32\WindowsCodecs.dll
0x00007ffd149e0000 - 0x00007ffd14a38000 	C:\WINDOWS\system32\dataexchange.dll
0x00007ffd3af40000 - 0x00007ffd3b24b000 	C:\WINDOWS\system32\d3d11.dll
0x00007ffd3b620000 - 0x00007ffd3b7bc000 	C:\WINDOWS\system32\dcomp.dll
0x00007ffd3ca70000 - 0x00007ffd3cb2b000 	C:\WINDOWS\system32\dxgi.dll
0x00007ffd3c440000 - 0x00007ffd3c5f7000 	C:\WINDOWS\system32\twinapi.appcore.dll
0x00007ffd3c670000 - 0x00007ffd3c691000 	C:\WINDOWS\system32\RMCLIENT.dll
0x00007ffd27d90000 - 0x00007ffd27e22000 	C:\WINDOWS\System32\TextInputFramework.dll
0x00007ffd38450000 - 0x00007ffd3876e000 	C:\WINDOWS\System32\CoreUIComponents.dll
0x00007ffd3bb90000 - 0x00007ffd3bc6a000 	C:\WINDOWS\System32\CoreMessaging.dll
0x00007ffd3cd70000 - 0x00007ffd3cda1000 	C:\WINDOWS\SYSTEM32\ntmarta.dll
0x00007ffd38300000 - 0x00007ffd38447000 	C:\WINDOWS\SYSTEM32\wintypes.dll

dbghelp: loaded successfully - version: 4.0.5 - missing functions: none
symbol engine: initialized successfully - sym options: 0x614 - pdb path: .;C:\Users\sm2983\Downloads\jdk-15.0.2_windows-x64_bin\jdk-15.0.2\bin;C:\WINDOWS\SYSTEM32;C:\Program Files\Cylance\Desktop;C:\WINDOWS\WinSxS\amd64_microsoft.windows.common-controls_6595b64144ccf1df_6.0.17134.2026_none_d3fdbb717c923c14;C:\Users\sm2983\Downloads\jdk-15.0.2_windows-x64_bin\jdk-15.0.2\bin\server

VM Arguments:
jvm_args: -Dfile.encoding=UTF-8 
java_command: simpleactin.SimpleActin
java_class_path (initial): C:\Users\sm2983\Documents\NetBeansProjects\Intensity\dist\Intensity.jar;C:\Users\sm2983\Downloads\darcula.jar;C:\Users\sm2983\Downloads\commons-math3-3.6.1.jar;C:\Users\sm2983\Documents\NetBeansProjects\SimpleActin\build\classes
Launcher Type: SUN_STANDARD

[Global flags]
     intx CICompilerCount                          = 4                                         {product} {ergonomic}
     uint ConcGCThreads                            = 2                                         {product} {ergonomic}
     uint G1ConcRefinementThreads                  = 8                                         {product} {ergonomic}
   size_t G1HeapRegionSize                         = 8388608                                   {product} {ergonomic}
    uintx GCDrainStackTargetSize                   = 64                                        {product} {ergonomic}
   size_t InitialHeapSize                          = 671088640                                 {product} {ergonomic}
   size_t MarkStackSize                            = 4194304                                   {product} {ergonomic}
   size_t MaxHeapSize                              = 10712252416                               {product} {ergonomic}
   size_t MaxNewSize                               = 6425673728                                {product} {ergonomic}
   size_t MinHeapDeltaBytes                        = 8388608                                   {product} {ergonomic}
   size_t MinHeapSize                              = 8388608                                   {product} {ergonomic}
    uintx NonNMethodCodeHeapSize                   = 5839372                                {pd product} {ergonomic}
    uintx NonProfiledCodeHeapSize                  = 122909434                              {pd product} {ergonomic}
    uintx ProfiledCodeHeapSize                     = 122909434                              {pd product} {ergonomic}
    uintx ReservedCodeCacheSize                    = 251658240                              {pd product} {ergonomic}
     bool SegmentedCodeCache                       = true                                      {product} {ergonomic}
   size_t SoftMaxHeapSize                          = 10712252416                            {manageable} {ergonomic}
     bool UseCompressedClassPointers               = true                                 {lp64_product} {ergonomic}
     bool UseCompressedOops                        = true                                 {lp64_product} {ergonomic}
     bool UseG1GC                                  = true                                      {product} {ergonomic}
     bool UseLargePagesIndividualAllocation        = false                                  {pd product} {ergonomic}

Logging:
Log output configuration:
 #0: stdout all=warning uptime,level,tags
 #1: stderr all=off uptime,level,tags

Environment Variables:
JAVA_HOME=C:\Program Files\Java\jdk-12.0.2\
CLASSPATH=.;.;C:\PROGRA~2\JMF21~1.1E\lib\sound.jar;C:\PROGRA~2\JMF21~1.1E\lib\jmf.jar;C:\PROGRA~2\JMF21~1.1E\lib;
PATH=C:\Program Files (x86)\IntelSWTools\system_studio_2020\OpenCL\sdk\bin\x64;C:\Program Files (x86)\IntelSWTools\system_studio_2020\OpenCL\sdk\bin\x86;C:\Program Files\NVIDIA GPU Computing Toolkit\CUDA\v10.2\bin;C:\Program Files\NVIDIA GPU Computing Toolkit\CUDA\v10.2\libnvvp;C:\ProgramData\Anaconda3;C:\ProgramData\Anaconda3\Library\mingw-w64\bin;C:\ProgramData\Anaconda3\Library\usr\bin;C:\ProgramData\Anaconda3\Library\bin;C:\ProgramData\Anaconda3\Scripts;C:\WINDOWS\system32;C:\WINDOWS;C:\WINDOWS\System32\Wbem;C:\WINDOWS\System32\WindowsPowerShell\v1.0\;C:\oracle\product\11.2.0\client_1\bin;C:\windows\SysWOW64\;C:\windows\SysWOW64\Wbem;C:\windows\SysWOW64\WindowsPowerShell\v1.0;C:\Program Files\Microsoft Application Virtualization\Sequencer;C:\Program Files\MATLAB\R2017b\runtime\win64;C:\Program Files\MATLAB\R2017b\bin;C:\WINDOWS\System32\OpenSSH\;C:\Program Files\NVIDIA Corporation\Nsight Compute 2019.5.0\;C:\Program Files (x86)\NVIDIA Corporation\PhysX\Common;C:\Program Files\dotnet\;C:\Program Files\Microsoft SQL Server\130\Tools\Binn\;C:\Program Files\Microsoft SQL Server\Client SDK\ODBC\170\Tools\Binn\;C:\Python27;C:\Program Files (x86)\IntelSWTools\sw_dev_tools\tools\DAL_1.1942.1019.110\;C:\Program Files\Git\cmd;C:\Users\sm2983\AppData\Local\Microsoft\WindowsApps;C:\Program Files\Java\jdk-12.0.2\bin;C:\Qt\Tools\mingw730_64\bin;
USERNAME=sm2983
OS=Windows_NT
PROCESSOR_IDENTIFIER=Intel64 Family 6 Model 94 Stepping 3, GenuineIntel



---------------  S Y S T E M  ---------------

OS:
 Windows 10 , 64 bit Build 17134 (10.0.17134.1425)
OS uptime: 2 days 11:48 hours

CPU: total 8 (initial active 8) (4 cores per cpu, 2 threads per core) family 6 model 94 stepping 3 microcode 0xc6, cmov, cx8, fxsr, mmx, sse, sse2, sse3, ssse3, sse4.1, sse4.2, popcnt, vzeroupper, avx, avx2, aes, clmul, erms, rtm, 3dnowpref, lzcnt, ht, tsc, tscinvbit, bmi1, bmi2, adx, fma, clflush, clflushopt

Memory: 4k page, system-wide physical 40849M (1084M free)
TotalPageFile size 46363M (AvailPageFile size 6M)
current process WorkingSet (physical memory assigned to process): 301M, peak: 364M
current process commit charge ("private bytes"): 371M, peak: 809M

vm_info: Java HotSpot(TM) 64-Bit Server VM (15.0.2+7-27) for windows-amd64 JRE (15.0.2+7-27), built on Dec  7 2020 20:07:01 by "mach5one" with unknown MS VC++:1925

END.
